2024-10-12 15:32:10.230 +02:00 [INF] User profile is available. Using '/Users/axel/.aspnet/DataProtection-Keys' as key repository; keys will not be encrypted at rest.
2024-10-12 15:32:10.805 +02:00 [INF] Executed DbCommand (4ms) [Parameters=[], CommandType='"Text"', CommandTimeout='30']
PRAGMA journal_mode = 'wal';
2024-10-12 15:32:10.851 +02:00 [INF] Executed DbCommand (0ms) [Parameters=[], CommandType='"Text"', CommandTimeout='30']
CREATE TABLE "AspNetRoles" (
    "Id" TEXT NOT NULL CONSTRAINT "PK_AspNetRoles" PRIMARY KEY,
    "Name" TEXT NULL,
    "NormalizedName" TEXT NULL,
    "ConcurrencyStamp" TEXT NULL
);
2024-10-12 15:32:10.851 +02:00 [INF] Executed DbCommand (0ms) [Parameters=[], CommandType='"Text"', CommandTimeout='30']
CREATE TABLE "AspNetUsers" (
    "Id" TEXT NOT NULL CONSTRAINT "PK_AspNetUsers" PRIMARY KEY,
    "FirstName" TEXT NULL,
    "LastName" TEXT NULL,
    "ProfileImageUrl" TEXT NULL,
    "UserName" TEXT NULL,
    "NormalizedUserName" TEXT NULL,
    "Email" TEXT NULL,
    "NormalizedEmail" TEXT NULL,
    "EmailConfirmed" INTEGER NOT NULL,
    "PasswordHash" TEXT NULL,
    "SecurityStamp" TEXT NULL,
    "ConcurrencyStamp" TEXT NULL,
    "PhoneNumber" TEXT NULL,
    "PhoneNumberConfirmed" INTEGER NOT NULL,
    "TwoFactorEnabled" INTEGER NOT NULL,
    "LockoutEnd" TEXT NULL,
    "LockoutEnabled" INTEGER NOT NULL,
    "AccessFailedCount" INTEGER NOT NULL
);
2024-10-12 15:32:10.851 +02:00 [INF] Executed DbCommand (0ms) [Parameters=[], CommandType='"Text"', CommandTimeout='30']
CREATE TABLE "AspNetRoleClaims" (
    "Id" INTEGER NOT NULL CONSTRAINT "PK_AspNetRoleClaims" PRIMARY KEY AUTOINCREMENT,
    "RoleId" TEXT NOT NULL,
    "ClaimType" TEXT NULL,
    "ClaimValue" TEXT NULL,
    CONSTRAINT "FK_AspNetRoleClaims_AspNetRoles_RoleId" FOREIGN KEY ("RoleId") REFERENCES "AspNetRoles" ("Id") ON DELETE CASCADE
);
2024-10-12 15:32:10.851 +02:00 [INF] Executed DbCommand (0ms) [Parameters=[], CommandType='"Text"', CommandTimeout='30']
CREATE TABLE "AspNetUserClaims" (
    "Id" INTEGER NOT NULL CONSTRAINT "PK_AspNetUserClaims" PRIMARY KEY AUTOINCREMENT,
    "UserId" TEXT NOT NULL,
    "ClaimType" TEXT NULL,
    "ClaimValue" TEXT NULL,
    CONSTRAINT "FK_AspNetUserClaims_AspNetUsers_UserId" FOREIGN KEY ("UserId") REFERENCES "AspNetUsers" ("Id") ON DELETE CASCADE
);
2024-10-12 15:32:10.851 +02:00 [INF] Executed DbCommand (0ms) [Parameters=[], CommandType='"Text"', CommandTimeout='30']
CREATE TABLE "AspNetUserLogins" (
    "LoginProvider" TEXT NOT NULL,
    "ProviderKey" TEXT NOT NULL,
    "ProviderDisplayName" TEXT NULL,
    "UserId" TEXT NOT NULL,
    CONSTRAINT "PK_AspNetUserLogins" PRIMARY KEY ("LoginProvider", "ProviderKey"),
    CONSTRAINT "FK_AspNetUserLogins_AspNetUsers_UserId" FOREIGN KEY ("UserId") REFERENCES "AspNetUsers" ("Id") ON DELETE CASCADE
);
2024-10-12 15:32:10.851 +02:00 [INF] Executed DbCommand (0ms) [Parameters=[], CommandType='"Text"', CommandTimeout='30']
CREATE TABLE "AspNetUserRoles" (
    "UserId" TEXT NOT NULL,
    "RoleId" TEXT NOT NULL,
    CONSTRAINT "PK_AspNetUserRoles" PRIMARY KEY ("UserId", "RoleId"),
    CONSTRAINT "FK_AspNetUserRoles_AspNetRoles_RoleId" FOREIGN KEY ("RoleId") REFERENCES "AspNetRoles" ("Id") ON DELETE CASCADE,
    CONSTRAINT "FK_AspNetUserRoles_AspNetUsers_UserId" FOREIGN KEY ("UserId") REFERENCES "AspNetUsers" ("Id") ON DELETE CASCADE
);
2024-10-12 15:32:10.851 +02:00 [INF] Executed DbCommand (0ms) [Parameters=[], CommandType='"Text"', CommandTimeout='30']
CREATE TABLE "AspNetUserTokens" (
    "UserId" TEXT NOT NULL,
    "LoginProvider" TEXT NOT NULL,
    "Name" TEXT NOT NULL,
    "Value" TEXT NULL,
    CONSTRAINT "PK_AspNetUserTokens" PRIMARY KEY ("UserId", "LoginProvider", "Name"),
    CONSTRAINT "FK_AspNetUserTokens_AspNetUsers_UserId" FOREIGN KEY ("UserId") REFERENCES "AspNetUsers" ("Id") ON DELETE CASCADE
);
2024-10-12 15:32:10.851 +02:00 [INF] Executed DbCommand (0ms) [Parameters=[], CommandType='"Text"', CommandTimeout='30']
CREATE TABLE "Posts" (
    "PostId" INTEGER NOT NULL CONSTRAINT "PK_Posts" PRIMARY KEY AUTOINCREMENT,
    "PostImagePath" TEXT NULL,
    "Caption" TEXT NOT NULL,
    "PostDate" TEXT NULL,
    "UserId" TEXT NULL,
    CONSTRAINT "FK_Posts_AspNetUsers_UserId" FOREIGN KEY ("UserId") REFERENCES "AspNetUsers" ("Id")
);
2024-10-12 15:32:10.851 +02:00 [INF] Executed DbCommand (0ms) [Parameters=[], CommandType='"Text"', CommandTimeout='30']
CREATE TABLE "Comments" (
    "CommentId" INTEGER NOT NULL CONSTRAINT "PK_Comments" PRIMARY KEY AUTOINCREMENT,
    "CommentText" TEXT NULL,
    "CommentDate" TEXT NULL,
    "UserId" TEXT NULL,
    "PostId" INTEGER NOT NULL,
    CONSTRAINT "FK_Comments_AspNetUsers_UserId" FOREIGN KEY ("UserId") REFERENCES "AspNetUsers" ("Id"),
    CONSTRAINT "FK_Comments_Posts_PostId" FOREIGN KEY ("PostId") REFERENCES "Posts" ("PostId") ON DELETE CASCADE
);
2024-10-12 15:32:10.851 +02:00 [INF] Executed DbCommand (0ms) [Parameters=[], CommandType='"Text"', CommandTimeout='30']
CREATE INDEX "IX_AspNetRoleClaims_RoleId" ON "AspNetRoleClaims" ("RoleId");
2024-10-12 15:32:10.852 +02:00 [INF] Executed DbCommand (0ms) [Parameters=[], CommandType='"Text"', CommandTimeout='30']
CREATE UNIQUE INDEX "RoleNameIndex" ON "AspNetRoles" ("NormalizedName");
2024-10-12 15:32:10.852 +02:00 [INF] Executed DbCommand (0ms) [Parameters=[], CommandType='"Text"', CommandTimeout='30']
CREATE INDEX "IX_AspNetUserClaims_UserId" ON "AspNetUserClaims" ("UserId");
2024-10-12 15:32:10.852 +02:00 [INF] Executed DbCommand (0ms) [Parameters=[], CommandType='"Text"', CommandTimeout='30']
CREATE INDEX "IX_AspNetUserLogins_UserId" ON "AspNetUserLogins" ("UserId");
2024-10-12 15:32:10.852 +02:00 [INF] Executed DbCommand (0ms) [Parameters=[], CommandType='"Text"', CommandTimeout='30']
CREATE INDEX "IX_AspNetUserRoles_RoleId" ON "AspNetUserRoles" ("RoleId");
2024-10-12 15:32:10.852 +02:00 [INF] Executed DbCommand (0ms) [Parameters=[], CommandType='"Text"', CommandTimeout='30']
CREATE INDEX "EmailIndex" ON "AspNetUsers" ("NormalizedEmail");
2024-10-12 15:32:10.852 +02:00 [INF] Executed DbCommand (0ms) [Parameters=[], CommandType='"Text"', CommandTimeout='30']
CREATE UNIQUE INDEX "UserNameIndex" ON "AspNetUsers" ("NormalizedUserName");
2024-10-12 15:32:10.852 +02:00 [INF] Executed DbCommand (0ms) [Parameters=[], CommandType='"Text"', CommandTimeout='30']
CREATE INDEX "IX_Comments_PostId" ON "Comments" ("PostId");
2024-10-12 15:32:10.852 +02:00 [INF] Executed DbCommand (0ms) [Parameters=[], CommandType='"Text"', CommandTimeout='30']
CREATE INDEX "IX_Comments_UserId" ON "Comments" ("UserId");
2024-10-12 15:32:10.852 +02:00 [INF] Executed DbCommand (0ms) [Parameters=[], CommandType='"Text"', CommandTimeout='30']
CREATE INDEX "IX_Posts_UserId" ON "Posts" ("UserId");
2024-10-12 15:32:10.970 +02:00 [INF] Executed DbCommand (2ms) [Parameters=[@__normalizedName_0='?' (Size = 5)], CommandType='"Text"', CommandTimeout='30']
SELECT "a"."Id", "a"."ConcurrencyStamp", "a"."Name", "a"."NormalizedName"
FROM "AspNetRoles" AS "a"
WHERE "a"."NormalizedName" = @__normalizedName_0
LIMIT 1
2024-10-12 15:32:10.975 +02:00 [INF] Executed DbCommand (0ms) [Parameters=[@__normalizedName_0='?' (Size = 5)], CommandType='"Text"', CommandTimeout='30']
SELECT "a"."Id", "a"."ConcurrencyStamp", "a"."Name", "a"."NormalizedName"
FROM "AspNetRoles" AS "a"
WHERE "a"."NormalizedName" = @__normalizedName_0
LIMIT 1
2024-10-12 15:32:11.019 +02:00 [INF] Executed DbCommand (1ms) [Parameters=[@p0='?' (Size = 36), @p1='?', @p2='?' (Size = 5), @p3='?' (Size = 5)], CommandType='"Text"', CommandTimeout='30']
INSERT INTO "AspNetRoles" ("Id", "ConcurrencyStamp", "Name", "NormalizedName")
VALUES (@p0, @p1, @p2, @p3);
2024-10-12 15:32:11.021 +02:00 [INF] Executed DbCommand (0ms) [Parameters=[@__normalizedName_0='?' (Size = 4)], CommandType='"Text"', CommandTimeout='30']
SELECT "a"."Id", "a"."ConcurrencyStamp", "a"."Name", "a"."NormalizedName"
FROM "AspNetRoles" AS "a"
WHERE "a"."NormalizedName" = @__normalizedName_0
LIMIT 1
2024-10-12 15:32:11.022 +02:00 [INF] Executed DbCommand (0ms) [Parameters=[@__normalizedName_0='?' (Size = 4)], CommandType='"Text"', CommandTimeout='30']
SELECT "a"."Id", "a"."ConcurrencyStamp", "a"."Name", "a"."NormalizedName"
FROM "AspNetRoles" AS "a"
WHERE "a"."NormalizedName" = @__normalizedName_0
LIMIT 1
2024-10-12 15:32:11.023 +02:00 [INF] Executed DbCommand (0ms) [Parameters=[@p0='?' (Size = 36), @p1='?', @p2='?' (Size = 4), @p3='?' (Size = 4)], CommandType='"Text"', CommandTimeout='30']
INSERT INTO "AspNetRoles" ("Id", "ConcurrencyStamp", "Name", "NormalizedName")
VALUES (@p0, @p1, @p2, @p3);
2024-10-12 15:32:11.027 +02:00 [INF] Executed DbCommand (0ms) [Parameters=[], CommandType='"Text"', CommandTimeout='30']
SELECT EXISTS (
    SELECT 1
    FROM "AspNetUsers" AS "a")
2024-10-12 15:32:11.077 +02:00 [INF] Executed DbCommand (0ms) [Parameters=[@__normalizedUserName_0='?' (Size = 10)], CommandType='"Text"', CommandTimeout='30']
SELECT "a"."Id", "a"."AccessFailedCount", "a"."ConcurrencyStamp", "a"."Email", "a"."EmailConfirmed", "a"."FirstName", "a"."LastName", "a"."LockoutEnabled", "a"."LockoutEnd", "a"."NormalizedEmail", "a"."NormalizedUserName", "a"."PasswordHash", "a"."PhoneNumber", "a"."PhoneNumberConfirmed", "a"."ProfileImageUrl", "a"."SecurityStamp", "a"."TwoFactorEnabled", "a"."UserName"
FROM "AspNetUsers" AS "a"
WHERE "a"."NormalizedUserName" = @__normalizedUserName_0
LIMIT 1
2024-10-12 15:32:11.081 +02:00 [INF] Executed DbCommand (0ms) [Parameters=[@__normalizedEmail_0='?' (Size = 20)], CommandType='"Text"', CommandTimeout='30']
SELECT "a"."Id", "a"."AccessFailedCount", "a"."ConcurrencyStamp", "a"."Email", "a"."EmailConfirmed", "a"."FirstName", "a"."LastName", "a"."LockoutEnabled", "a"."LockoutEnd", "a"."NormalizedEmail", "a"."NormalizedUserName", "a"."PasswordHash", "a"."PhoneNumber", "a"."PhoneNumberConfirmed", "a"."ProfileImageUrl", "a"."SecurityStamp", "a"."TwoFactorEnabled", "a"."UserName"
FROM "AspNetUsers" AS "a"
WHERE "a"."NormalizedEmail" = @__normalizedEmail_0
LIMIT 2
2024-10-12 15:32:11.101 +02:00 [INF] Executed DbCommand (0ms) [Parameters=[@p0='?' (Size = 36), @p1='?' (DbType = Int32), @p2='?' (Size = 36), @p3='?' (Size = 20), @p4='?' (DbType = Boolean), @p5='?' (Size = 4), @p6='?' (Size = 5), @p7='?' (DbType = Boolean), @p8='?' (DbType = DateTimeOffset), @p9='?' (Size = 20), @p10='?' (Size = 10), @p11='?' (Size = 84), @p12='?' (Size = 12), @p13='?' (DbType = Boolean), @p14='?' (Size = 41), @p15='?' (Size = 32), @p16='?' (DbType = Boolean), @p17='?' (Size = 10)], CommandType='"Text"', CommandTimeout='30']
INSERT INTO "AspNetUsers" ("Id", "AccessFailedCount", "ConcurrencyStamp", "Email", "EmailConfirmed", "FirstName", "LastName", "LockoutEnabled", "LockoutEnd", "NormalizedEmail", "NormalizedUserName", "PasswordHash", "PhoneNumber", "PhoneNumberConfirmed", "ProfileImageUrl", "SecurityStamp", "TwoFactorEnabled", "UserName")
VALUES (@p0, @p1, @p2, @p3, @p4, @p5, @p6, @p7, @p8, @p9, @p10, @p11, @p12, @p13, @p14, @p15, @p16, @p17);
2024-10-12 15:32:11.104 +02:00 [INF] Executed DbCommand (0ms) [Parameters=[@__normalizedRoleName_0='?' (Size = 4)], CommandType='"Text"', CommandTimeout='30']
SELECT "a"."Id", "a"."ConcurrencyStamp", "a"."Name", "a"."NormalizedName"
FROM "AspNetRoles" AS "a"
WHERE "a"."NormalizedName" = @__normalizedRoleName_0
LIMIT 2
2024-10-12 15:32:11.113 +02:00 [INF] Executed DbCommand (0ms) [Parameters=[@__p_0='?' (Size = 36), @__p_1='?' (Size = 36)], CommandType='"Text"', CommandTimeout='30']
SELECT "a"."UserId", "a"."RoleId"
FROM "AspNetUserRoles" AS "a"
WHERE "a"."UserId" = @__p_0 AND "a"."RoleId" = @__p_1
LIMIT 1
2024-10-12 15:32:11.114 +02:00 [INF] Executed DbCommand (0ms) [Parameters=[@__normalizedRoleName_0='?' (Size = 4)], CommandType='"Text"', CommandTimeout='30']
SELECT "a"."Id", "a"."ConcurrencyStamp", "a"."Name", "a"."NormalizedName"
FROM "AspNetRoles" AS "a"
WHERE "a"."NormalizedName" = @__normalizedRoleName_0
LIMIT 2
2024-10-12 15:32:11.118 +02:00 [INF] Executed DbCommand (0ms) [Parameters=[@__normalizedUserName_0='?' (Size = 10)], CommandType='"Text"', CommandTimeout='30']
SELECT "a"."Id", "a"."AccessFailedCount", "a"."ConcurrencyStamp", "a"."Email", "a"."EmailConfirmed", "a"."FirstName", "a"."LastName", "a"."LockoutEnabled", "a"."LockoutEnd", "a"."NormalizedEmail", "a"."NormalizedUserName", "a"."PasswordHash", "a"."PhoneNumber", "a"."PhoneNumberConfirmed", "a"."ProfileImageUrl", "a"."SecurityStamp", "a"."TwoFactorEnabled", "a"."UserName"
FROM "AspNetUsers" AS "a"
WHERE "a"."NormalizedUserName" = @__normalizedUserName_0
LIMIT 1
2024-10-12 15:32:11.119 +02:00 [INF] Executed DbCommand (0ms) [Parameters=[@__normalizedEmail_0='?' (Size = 20)], CommandType='"Text"', CommandTimeout='30']
SELECT "a"."Id", "a"."AccessFailedCount", "a"."ConcurrencyStamp", "a"."Email", "a"."EmailConfirmed", "a"."FirstName", "a"."LastName", "a"."LockoutEnabled", "a"."LockoutEnd", "a"."NormalizedEmail", "a"."NormalizedUserName", "a"."PasswordHash", "a"."PhoneNumber", "a"."PhoneNumberConfirmed", "a"."ProfileImageUrl", "a"."SecurityStamp", "a"."TwoFactorEnabled", "a"."UserName"
FROM "AspNetUsers" AS "a"
WHERE "a"."NormalizedEmail" = @__normalizedEmail_0
LIMIT 2
2024-10-12 15:32:11.123 +02:00 [INF] Executed DbCommand (0ms) [Parameters=[@p0='?' (Size = 36), @p1='?' (Size = 36)], CommandType='"Text"', CommandTimeout='30']
INSERT INTO "AspNetUserRoles" ("RoleId", "UserId")
VALUES (@p0, @p1);
2024-10-12 15:32:11.124 +02:00 [INF] Executed DbCommand (0ms) [Parameters=[@p17='?' (Size = 36), @p0='?' (DbType = Int32), @p1='?' (Size = 36), @p18='?' (Size = 36), @p2='?' (Size = 20), @p3='?' (DbType = Boolean), @p4='?' (Size = 4), @p5='?' (Size = 5), @p6='?' (DbType = Boolean), @p7='?' (DbType = DateTimeOffset), @p8='?' (Size = 20), @p9='?' (Size = 10), @p10='?' (Size = 84), @p11='?' (Size = 12), @p12='?' (DbType = Boolean), @p13='?' (Size = 41), @p14='?' (Size = 32), @p15='?' (DbType = Boolean), @p16='?' (Size = 10)], CommandType='"Text"', CommandTimeout='30']
UPDATE "AspNetUsers" SET "AccessFailedCount" = @p0, "ConcurrencyStamp" = @p1, "Email" = @p2, "EmailConfirmed" = @p3, "FirstName" = @p4, "LastName" = @p5, "LockoutEnabled" = @p6, "LockoutEnd" = @p7, "NormalizedEmail" = @p8, "NormalizedUserName" = @p9, "PasswordHash" = @p10, "PhoneNumber" = @p11, "PhoneNumberConfirmed" = @p12, "ProfileImageUrl" = @p13, "SecurityStamp" = @p14, "TwoFactorEnabled" = @p15, "UserName" = @p16
WHERE "Id" = @p17 AND "ConcurrencyStamp" = @p18
RETURNING 1;
2024-10-12 15:32:11.166 +02:00 [INF] Executed DbCommand (0ms) [Parameters=[@__normalizedUserName_0='?' (Size = 6)], CommandType='"Text"', CommandTimeout='30']
SELECT "a"."Id", "a"."AccessFailedCount", "a"."ConcurrencyStamp", "a"."Email", "a"."EmailConfirmed", "a"."FirstName", "a"."LastName", "a"."LockoutEnabled", "a"."LockoutEnd", "a"."NormalizedEmail", "a"."NormalizedUserName", "a"."PasswordHash", "a"."PhoneNumber", "a"."PhoneNumberConfirmed", "a"."ProfileImageUrl", "a"."SecurityStamp", "a"."TwoFactorEnabled", "a"."UserName"
FROM "AspNetUsers" AS "a"
WHERE "a"."NormalizedUserName" = @__normalizedUserName_0
LIMIT 1
2024-10-12 15:32:11.166 +02:00 [INF] Executed DbCommand (0ms) [Parameters=[@__normalizedEmail_0='?' (Size = 16)], CommandType='"Text"', CommandTimeout='30']
SELECT "a"."Id", "a"."AccessFailedCount", "a"."ConcurrencyStamp", "a"."Email", "a"."EmailConfirmed", "a"."FirstName", "a"."LastName", "a"."LockoutEnabled", "a"."LockoutEnd", "a"."NormalizedEmail", "a"."NormalizedUserName", "a"."PasswordHash", "a"."PhoneNumber", "a"."PhoneNumberConfirmed", "a"."ProfileImageUrl", "a"."SecurityStamp", "a"."TwoFactorEnabled", "a"."UserName"
FROM "AspNetUsers" AS "a"
WHERE "a"."NormalizedEmail" = @__normalizedEmail_0
LIMIT 2
2024-10-12 15:32:11.168 +02:00 [INF] Executed DbCommand (0ms) [Parameters=[@p0='?' (Size = 36), @p1='?' (DbType = Int32), @p2='?' (Size = 36), @p3='?' (Size = 16), @p4='?' (DbType = Boolean), @p5='?' (Size = 10), @p6='?' (Size = 4), @p7='?' (DbType = Boolean), @p8='?' (DbType = DateTimeOffset), @p9='?' (Size = 16), @p10='?' (Size = 6), @p11='?' (Size = 84), @p12='?' (Size = 12), @p13='?' (DbType = Boolean), @p14='?' (Size = 41), @p15='?' (Size = 32), @p16='?' (DbType = Boolean), @p17='?' (Size = 6)], CommandType='"Text"', CommandTimeout='30']
INSERT INTO "AspNetUsers" ("Id", "AccessFailedCount", "ConcurrencyStamp", "Email", "EmailConfirmed", "FirstName", "LastName", "LockoutEnabled", "LockoutEnd", "NormalizedEmail", "NormalizedUserName", "PasswordHash", "PhoneNumber", "PhoneNumberConfirmed", "ProfileImageUrl", "SecurityStamp", "TwoFactorEnabled", "UserName")
VALUES (@p0, @p1, @p2, @p3, @p4, @p5, @p6, @p7, @p8, @p9, @p10, @p11, @p12, @p13, @p14, @p15, @p16, @p17);
2024-10-12 15:32:11.169 +02:00 [INF] Executed DbCommand (0ms) [Parameters=[@__normalizedRoleName_0='?' (Size = 4)], CommandType='"Text"', CommandTimeout='30']
SELECT "a"."Id", "a"."ConcurrencyStamp", "a"."Name", "a"."NormalizedName"
FROM "AspNetRoles" AS "a"
WHERE "a"."NormalizedName" = @__normalizedRoleName_0
LIMIT 2
2024-10-12 15:32:11.169 +02:00 [INF] Executed DbCommand (0ms) [Parameters=[@__p_0='?' (Size = 36), @__p_1='?' (Size = 36)], CommandType='"Text"', CommandTimeout='30']
SELECT "a"."UserId", "a"."RoleId"
FROM "AspNetUserRoles" AS "a"
WHERE "a"."UserId" = @__p_0 AND "a"."RoleId" = @__p_1
LIMIT 1
2024-10-12 15:32:11.170 +02:00 [INF] Executed DbCommand (0ms) [Parameters=[@__normalizedRoleName_0='?' (Size = 4)], CommandType='"Text"', CommandTimeout='30']
SELECT "a"."Id", "a"."ConcurrencyStamp", "a"."Name", "a"."NormalizedName"
FROM "AspNetRoles" AS "a"
WHERE "a"."NormalizedName" = @__normalizedRoleName_0
LIMIT 2
2024-10-12 15:32:11.170 +02:00 [INF] Executed DbCommand (0ms) [Parameters=[@__normalizedUserName_0='?' (Size = 6)], CommandType='"Text"', CommandTimeout='30']
SELECT "a"."Id", "a"."AccessFailedCount", "a"."ConcurrencyStamp", "a"."Email", "a"."EmailConfirmed", "a"."FirstName", "a"."LastName", "a"."LockoutEnabled", "a"."LockoutEnd", "a"."NormalizedEmail", "a"."NormalizedUserName", "a"."PasswordHash", "a"."PhoneNumber", "a"."PhoneNumberConfirmed", "a"."ProfileImageUrl", "a"."SecurityStamp", "a"."TwoFactorEnabled", "a"."UserName"
FROM "AspNetUsers" AS "a"
WHERE "a"."NormalizedUserName" = @__normalizedUserName_0
LIMIT 1
2024-10-12 15:32:11.170 +02:00 [INF] Executed DbCommand (0ms) [Parameters=[@__normalizedEmail_0='?' (Size = 16)], CommandType='"Text"', CommandTimeout='30']
SELECT "a"."Id", "a"."AccessFailedCount", "a"."ConcurrencyStamp", "a"."Email", "a"."EmailConfirmed", "a"."FirstName", "a"."LastName", "a"."LockoutEnabled", "a"."LockoutEnd", "a"."NormalizedEmail", "a"."NormalizedUserName", "a"."PasswordHash", "a"."PhoneNumber", "a"."PhoneNumberConfirmed", "a"."ProfileImageUrl", "a"."SecurityStamp", "a"."TwoFactorEnabled", "a"."UserName"
FROM "AspNetUsers" AS "a"
WHERE "a"."NormalizedEmail" = @__normalizedEmail_0
LIMIT 2
2024-10-12 15:32:11.171 +02:00 [INF] Executed DbCommand (0ms) [Parameters=[@p0='?' (Size = 36), @p1='?' (Size = 36)], CommandType='"Text"', CommandTimeout='30']
INSERT INTO "AspNetUserRoles" ("RoleId", "UserId")
VALUES (@p0, @p1);
2024-10-12 15:32:11.171 +02:00 [INF] Executed DbCommand (0ms) [Parameters=[@p17='?' (Size = 36), @p0='?' (DbType = Int32), @p1='?' (Size = 36), @p18='?' (Size = 36), @p2='?' (Size = 16), @p3='?' (DbType = Boolean), @p4='?' (Size = 10), @p5='?' (Size = 4), @p6='?' (DbType = Boolean), @p7='?' (DbType = DateTimeOffset), @p8='?' (Size = 16), @p9='?' (Size = 6), @p10='?' (Size = 84), @p11='?' (Size = 12), @p12='?' (DbType = Boolean), @p13='?' (Size = 41), @p14='?' (Size = 32), @p15='?' (DbType = Boolean), @p16='?' (Size = 6)], CommandType='"Text"', CommandTimeout='30']
UPDATE "AspNetUsers" SET "AccessFailedCount" = @p0, "ConcurrencyStamp" = @p1, "Email" = @p2, "EmailConfirmed" = @p3, "FirstName" = @p4, "LastName" = @p5, "LockoutEnabled" = @p6, "LockoutEnd" = @p7, "NormalizedEmail" = @p8, "NormalizedUserName" = @p9, "PasswordHash" = @p10, "PhoneNumber" = @p11, "PhoneNumberConfirmed" = @p12, "ProfileImageUrl" = @p13, "SecurityStamp" = @p14, "TwoFactorEnabled" = @p15, "UserName" = @p16
WHERE "Id" = @p17 AND "ConcurrencyStamp" = @p18
RETURNING 1;
2024-10-12 15:32:11.210 +02:00 [INF] Executed DbCommand (0ms) [Parameters=[@__normalizedUserName_0='?' (Size = 6)], CommandType='"Text"', CommandTimeout='30']
SELECT "a"."Id", "a"."AccessFailedCount", "a"."ConcurrencyStamp", "a"."Email", "a"."EmailConfirmed", "a"."FirstName", "a"."LastName", "a"."LockoutEnabled", "a"."LockoutEnd", "a"."NormalizedEmail", "a"."NormalizedUserName", "a"."PasswordHash", "a"."PhoneNumber", "a"."PhoneNumberConfirmed", "a"."ProfileImageUrl", "a"."SecurityStamp", "a"."TwoFactorEnabled", "a"."UserName"
FROM "AspNetUsers" AS "a"
WHERE "a"."NormalizedUserName" = @__normalizedUserName_0
LIMIT 1
2024-10-12 15:32:11.211 +02:00 [INF] Executed DbCommand (0ms) [Parameters=[@__normalizedEmail_0='?' (Size = 22)], CommandType='"Text"', CommandTimeout='30']
SELECT "a"."Id", "a"."AccessFailedCount", "a"."ConcurrencyStamp", "a"."Email", "a"."EmailConfirmed", "a"."FirstName", "a"."LastName", "a"."LockoutEnabled", "a"."LockoutEnd", "a"."NormalizedEmail", "a"."NormalizedUserName", "a"."PasswordHash", "a"."PhoneNumber", "a"."PhoneNumberConfirmed", "a"."ProfileImageUrl", "a"."SecurityStamp", "a"."TwoFactorEnabled", "a"."UserName"
FROM "AspNetUsers" AS "a"
WHERE "a"."NormalizedEmail" = @__normalizedEmail_0
LIMIT 2
2024-10-12 15:32:11.211 +02:00 [INF] Executed DbCommand (0ms) [Parameters=[@p0='?' (Size = 36), @p1='?' (DbType = Int32), @p2='?' (Size = 36), @p3='?' (Size = 22), @p4='?' (DbType = Boolean), @p5='?' (Size = 5), @p6='?' (Size = 5), @p7='?' (DbType = Boolean), @p8='?' (DbType = DateTimeOffset), @p9='?' (Size = 22), @p10='?' (Size = 6), @p11='?' (Size = 84), @p12='?', @p13='?' (DbType = Boolean), @p14='?' (Size = 41), @p15='?' (Size = 32), @p16='?' (DbType = Boolean), @p17='?' (Size = 6)], CommandType='"Text"', CommandTimeout='30']
INSERT INTO "AspNetUsers" ("Id", "AccessFailedCount", "ConcurrencyStamp", "Email", "EmailConfirmed", "FirstName", "LastName", "LockoutEnabled", "LockoutEnd", "NormalizedEmail", "NormalizedUserName", "PasswordHash", "PhoneNumber", "PhoneNumberConfirmed", "ProfileImageUrl", "SecurityStamp", "TwoFactorEnabled", "UserName")
VALUES (@p0, @p1, @p2, @p3, @p4, @p5, @p6, @p7, @p8, @p9, @p10, @p11, @p12, @p13, @p14, @p15, @p16, @p17);
2024-10-12 15:32:11.211 +02:00 [INF] Executed DbCommand (0ms) [Parameters=[@__normalizedRoleName_0='?' (Size = 4)], CommandType='"Text"', CommandTimeout='30']
SELECT "a"."Id", "a"."ConcurrencyStamp", "a"."Name", "a"."NormalizedName"
FROM "AspNetRoles" AS "a"
WHERE "a"."NormalizedName" = @__normalizedRoleName_0
LIMIT 2
2024-10-12 15:32:11.212 +02:00 [INF] Executed DbCommand (0ms) [Parameters=[@__p_0='?' (Size = 36), @__p_1='?' (Size = 36)], CommandType='"Text"', CommandTimeout='30']
SELECT "a"."UserId", "a"."RoleId"
FROM "AspNetUserRoles" AS "a"
WHERE "a"."UserId" = @__p_0 AND "a"."RoleId" = @__p_1
LIMIT 1
2024-10-12 15:32:11.212 +02:00 [INF] Executed DbCommand (0ms) [Parameters=[@__normalizedRoleName_0='?' (Size = 4)], CommandType='"Text"', CommandTimeout='30']
SELECT "a"."Id", "a"."ConcurrencyStamp", "a"."Name", "a"."NormalizedName"
FROM "AspNetRoles" AS "a"
WHERE "a"."NormalizedName" = @__normalizedRoleName_0
LIMIT 2
2024-10-12 15:32:11.212 +02:00 [INF] Executed DbCommand (0ms) [Parameters=[@__normalizedUserName_0='?' (Size = 6)], CommandType='"Text"', CommandTimeout='30']
SELECT "a"."Id", "a"."AccessFailedCount", "a"."ConcurrencyStamp", "a"."Email", "a"."EmailConfirmed", "a"."FirstName", "a"."LastName", "a"."LockoutEnabled", "a"."LockoutEnd", "a"."NormalizedEmail", "a"."NormalizedUserName", "a"."PasswordHash", "a"."PhoneNumber", "a"."PhoneNumberConfirmed", "a"."ProfileImageUrl", "a"."SecurityStamp", "a"."TwoFactorEnabled", "a"."UserName"
FROM "AspNetUsers" AS "a"
WHERE "a"."NormalizedUserName" = @__normalizedUserName_0
LIMIT 1
2024-10-12 15:32:11.212 +02:00 [INF] Executed DbCommand (0ms) [Parameters=[@__normalizedEmail_0='?' (Size = 22)], CommandType='"Text"', CommandTimeout='30']
SELECT "a"."Id", "a"."AccessFailedCount", "a"."ConcurrencyStamp", "a"."Email", "a"."EmailConfirmed", "a"."FirstName", "a"."LastName", "a"."LockoutEnabled", "a"."LockoutEnd", "a"."NormalizedEmail", "a"."NormalizedUserName", "a"."PasswordHash", "a"."PhoneNumber", "a"."PhoneNumberConfirmed", "a"."ProfileImageUrl", "a"."SecurityStamp", "a"."TwoFactorEnabled", "a"."UserName"
FROM "AspNetUsers" AS "a"
WHERE "a"."NormalizedEmail" = @__normalizedEmail_0
LIMIT 2
2024-10-12 15:32:11.212 +02:00 [INF] Executed DbCommand (0ms) [Parameters=[@p0='?' (Size = 36), @p1='?' (Size = 36)], CommandType='"Text"', CommandTimeout='30']
INSERT INTO "AspNetUserRoles" ("RoleId", "UserId")
VALUES (@p0, @p1);
2024-10-12 15:32:11.213 +02:00 [INF] Executed DbCommand (0ms) [Parameters=[@p17='?' (Size = 36), @p0='?' (DbType = Int32), @p1='?' (Size = 36), @p18='?' (Size = 36), @p2='?' (Size = 22), @p3='?' (DbType = Boolean), @p4='?' (Size = 5), @p5='?' (Size = 5), @p6='?' (DbType = Boolean), @p7='?' (DbType = DateTimeOffset), @p8='?' (Size = 22), @p9='?' (Size = 6), @p10='?' (Size = 84), @p11='?', @p12='?' (DbType = Boolean), @p13='?' (Size = 41), @p14='?' (Size = 32), @p15='?' (DbType = Boolean), @p16='?' (Size = 6)], CommandType='"Text"', CommandTimeout='30']
UPDATE "AspNetUsers" SET "AccessFailedCount" = @p0, "ConcurrencyStamp" = @p1, "Email" = @p2, "EmailConfirmed" = @p3, "FirstName" = @p4, "LastName" = @p5, "LockoutEnabled" = @p6, "LockoutEnd" = @p7, "NormalizedEmail" = @p8, "NormalizedUserName" = @p9, "PasswordHash" = @p10, "PhoneNumber" = @p11, "PhoneNumberConfirmed" = @p12, "ProfileImageUrl" = @p13, "SecurityStamp" = @p14, "TwoFactorEnabled" = @p15, "UserName" = @p16
WHERE "Id" = @p17 AND "ConcurrencyStamp" = @p18
RETURNING 1;
2024-10-12 15:32:11.252 +02:00 [INF] Executed DbCommand (0ms) [Parameters=[@__normalizedUserName_0='?' (Size = 6)], CommandType='"Text"', CommandTimeout='30']
SELECT "a"."Id", "a"."AccessFailedCount", "a"."ConcurrencyStamp", "a"."Email", "a"."EmailConfirmed", "a"."FirstName", "a"."LastName", "a"."LockoutEnabled", "a"."LockoutEnd", "a"."NormalizedEmail", "a"."NormalizedUserName", "a"."PasswordHash", "a"."PhoneNumber", "a"."PhoneNumberConfirmed", "a"."ProfileImageUrl", "a"."SecurityStamp", "a"."TwoFactorEnabled", "a"."UserName"
FROM "AspNetUsers" AS "a"
WHERE "a"."NormalizedUserName" = @__normalizedUserName_0
LIMIT 1
2024-10-12 15:32:11.252 +02:00 [INF] Executed DbCommand (0ms) [Parameters=[@__normalizedEmail_0='?' (Size = 17)], CommandType='"Text"', CommandTimeout='30']
SELECT "a"."Id", "a"."AccessFailedCount", "a"."ConcurrencyStamp", "a"."Email", "a"."EmailConfirmed", "a"."FirstName", "a"."LastName", "a"."LockoutEnabled", "a"."LockoutEnd", "a"."NormalizedEmail", "a"."NormalizedUserName", "a"."PasswordHash", "a"."PhoneNumber", "a"."PhoneNumberConfirmed", "a"."ProfileImageUrl", "a"."SecurityStamp", "a"."TwoFactorEnabled", "a"."UserName"
FROM "AspNetUsers" AS "a"
WHERE "a"."NormalizedEmail" = @__normalizedEmail_0
LIMIT 2
2024-10-12 15:32:11.253 +02:00 [INF] Executed DbCommand (0ms) [Parameters=[@p0='?' (Size = 36), @p1='?' (DbType = Int32), @p2='?' (Size = 36), @p3='?' (Size = 17), @p4='?' (DbType = Boolean), @p5='?' (Size = 5), @p6='?' (Size = 4), @p7='?' (DbType = Boolean), @p8='?' (DbType = DateTimeOffset), @p9='?' (Size = 17), @p10='?' (Size = 6), @p11='?' (Size = 84), @p12='?', @p13='?' (DbType = Boolean), @p14='?' (Size = 41), @p15='?' (Size = 32), @p16='?' (DbType = Boolean), @p17='?' (Size = 6)], CommandType='"Text"', CommandTimeout='30']
INSERT INTO "AspNetUsers" ("Id", "AccessFailedCount", "ConcurrencyStamp", "Email", "EmailConfirmed", "FirstName", "LastName", "LockoutEnabled", "LockoutEnd", "NormalizedEmail", "NormalizedUserName", "PasswordHash", "PhoneNumber", "PhoneNumberConfirmed", "ProfileImageUrl", "SecurityStamp", "TwoFactorEnabled", "UserName")
VALUES (@p0, @p1, @p2, @p3, @p4, @p5, @p6, @p7, @p8, @p9, @p10, @p11, @p12, @p13, @p14, @p15, @p16, @p17);
2024-10-12 15:32:11.253 +02:00 [INF] Executed DbCommand (0ms) [Parameters=[@__normalizedRoleName_0='?' (Size = 4)], CommandType='"Text"', CommandTimeout='30']
SELECT "a"."Id", "a"."ConcurrencyStamp", "a"."Name", "a"."NormalizedName"
FROM "AspNetRoles" AS "a"
WHERE "a"."NormalizedName" = @__normalizedRoleName_0
LIMIT 2
2024-10-12 15:32:11.253 +02:00 [INF] Executed DbCommand (0ms) [Parameters=[@__p_0='?' (Size = 36), @__p_1='?' (Size = 36)], CommandType='"Text"', CommandTimeout='30']
SELECT "a"."UserId", "a"."RoleId"
FROM "AspNetUserRoles" AS "a"
WHERE "a"."UserId" = @__p_0 AND "a"."RoleId" = @__p_1
LIMIT 1
2024-10-12 15:32:11.254 +02:00 [INF] Executed DbCommand (0ms) [Parameters=[@__normalizedRoleName_0='?' (Size = 4)], CommandType='"Text"', CommandTimeout='30']
SELECT "a"."Id", "a"."ConcurrencyStamp", "a"."Name", "a"."NormalizedName"
FROM "AspNetRoles" AS "a"
WHERE "a"."NormalizedName" = @__normalizedRoleName_0
LIMIT 2
2024-10-12 15:32:11.254 +02:00 [INF] Executed DbCommand (0ms) [Parameters=[@__normalizedUserName_0='?' (Size = 6)], CommandType='"Text"', CommandTimeout='30']
SELECT "a"."Id", "a"."AccessFailedCount", "a"."ConcurrencyStamp", "a"."Email", "a"."EmailConfirmed", "a"."FirstName", "a"."LastName", "a"."LockoutEnabled", "a"."LockoutEnd", "a"."NormalizedEmail", "a"."NormalizedUserName", "a"."PasswordHash", "a"."PhoneNumber", "a"."PhoneNumberConfirmed", "a"."ProfileImageUrl", "a"."SecurityStamp", "a"."TwoFactorEnabled", "a"."UserName"
FROM "AspNetUsers" AS "a"
WHERE "a"."NormalizedUserName" = @__normalizedUserName_0
LIMIT 1
2024-10-12 15:32:11.254 +02:00 [INF] Executed DbCommand (0ms) [Parameters=[@__normalizedEmail_0='?' (Size = 17)], CommandType='"Text"', CommandTimeout='30']
SELECT "a"."Id", "a"."AccessFailedCount", "a"."ConcurrencyStamp", "a"."Email", "a"."EmailConfirmed", "a"."FirstName", "a"."LastName", "a"."LockoutEnabled", "a"."LockoutEnd", "a"."NormalizedEmail", "a"."NormalizedUserName", "a"."PasswordHash", "a"."PhoneNumber", "a"."PhoneNumberConfirmed", "a"."ProfileImageUrl", "a"."SecurityStamp", "a"."TwoFactorEnabled", "a"."UserName"
FROM "AspNetUsers" AS "a"
WHERE "a"."NormalizedEmail" = @__normalizedEmail_0
LIMIT 2
2024-10-12 15:32:11.254 +02:00 [INF] Executed DbCommand (0ms) [Parameters=[@p0='?' (Size = 36), @p1='?' (Size = 36)], CommandType='"Text"', CommandTimeout='30']
INSERT INTO "AspNetUserRoles" ("RoleId", "UserId")
VALUES (@p0, @p1);
2024-10-12 15:32:11.254 +02:00 [INF] Executed DbCommand (0ms) [Parameters=[@p17='?' (Size = 36), @p0='?' (DbType = Int32), @p1='?' (Size = 36), @p18='?' (Size = 36), @p2='?' (Size = 17), @p3='?' (DbType = Boolean), @p4='?' (Size = 5), @p5='?' (Size = 4), @p6='?' (DbType = Boolean), @p7='?' (DbType = DateTimeOffset), @p8='?' (Size = 17), @p9='?' (Size = 6), @p10='?' (Size = 84), @p11='?', @p12='?' (DbType = Boolean), @p13='?' (Size = 41), @p14='?' (Size = 32), @p15='?' (DbType = Boolean), @p16='?' (Size = 6)], CommandType='"Text"', CommandTimeout='30']
UPDATE "AspNetUsers" SET "AccessFailedCount" = @p0, "ConcurrencyStamp" = @p1, "Email" = @p2, "EmailConfirmed" = @p3, "FirstName" = @p4, "LastName" = @p5, "LockoutEnabled" = @p6, "LockoutEnd" = @p7, "NormalizedEmail" = @p8, "NormalizedUserName" = @p9, "PasswordHash" = @p10, "PhoneNumber" = @p11, "PhoneNumberConfirmed" = @p12, "ProfileImageUrl" = @p13, "SecurityStamp" = @p14, "TwoFactorEnabled" = @p15, "UserName" = @p16
WHERE "Id" = @p17 AND "ConcurrencyStamp" = @p18
RETURNING 1;
2024-10-12 15:32:11.255 +02:00 [INF] Executed DbCommand (0ms) [Parameters=[@__normalizedEmail_0='?' (Size = 20)], CommandType='"Text"', CommandTimeout='30']
SELECT "a"."Id", "a"."AccessFailedCount", "a"."ConcurrencyStamp", "a"."Email", "a"."EmailConfirmed", "a"."FirstName", "a"."LastName", "a"."LockoutEnabled", "a"."LockoutEnd", "a"."NormalizedEmail", "a"."NormalizedUserName", "a"."PasswordHash", "a"."PhoneNumber", "a"."PhoneNumberConfirmed", "a"."ProfileImageUrl", "a"."SecurityStamp", "a"."TwoFactorEnabled", "a"."UserName"
FROM "AspNetUsers" AS "a"
WHERE "a"."NormalizedEmail" = @__normalizedEmail_0
LIMIT 2
2024-10-12 15:32:11.255 +02:00 [INF] Executed DbCommand (0ms) [Parameters=[@__normalizedEmail_0='?' (Size = 16)], CommandType='"Text"', CommandTimeout='30']
SELECT "a"."Id", "a"."AccessFailedCount", "a"."ConcurrencyStamp", "a"."Email", "a"."EmailConfirmed", "a"."FirstName", "a"."LastName", "a"."LockoutEnabled", "a"."LockoutEnd", "a"."NormalizedEmail", "a"."NormalizedUserName", "a"."PasswordHash", "a"."PhoneNumber", "a"."PhoneNumberConfirmed", "a"."ProfileImageUrl", "a"."SecurityStamp", "a"."TwoFactorEnabled", "a"."UserName"
FROM "AspNetUsers" AS "a"
WHERE "a"."NormalizedEmail" = @__normalizedEmail_0
LIMIT 2
2024-10-12 15:32:11.255 +02:00 [INF] Executed DbCommand (0ms) [Parameters=[@__normalizedEmail_0='?' (Size = 22)], CommandType='"Text"', CommandTimeout='30']
SELECT "a"."Id", "a"."AccessFailedCount", "a"."ConcurrencyStamp", "a"."Email", "a"."EmailConfirmed", "a"."FirstName", "a"."LastName", "a"."LockoutEnabled", "a"."LockoutEnd", "a"."NormalizedEmail", "a"."NormalizedUserName", "a"."PasswordHash", "a"."PhoneNumber", "a"."PhoneNumberConfirmed", "a"."ProfileImageUrl", "a"."SecurityStamp", "a"."TwoFactorEnabled", "a"."UserName"
FROM "AspNetUsers" AS "a"
WHERE "a"."NormalizedEmail" = @__normalizedEmail_0
LIMIT 2
2024-10-12 15:32:11.255 +02:00 [INF] Executed DbCommand (0ms) [Parameters=[@__normalizedEmail_0='?' (Size = 17)], CommandType='"Text"', CommandTimeout='30']
SELECT "a"."Id", "a"."AccessFailedCount", "a"."ConcurrencyStamp", "a"."Email", "a"."EmailConfirmed", "a"."FirstName", "a"."LastName", "a"."LockoutEnabled", "a"."LockoutEnd", "a"."NormalizedEmail", "a"."NormalizedUserName", "a"."PasswordHash", "a"."PhoneNumber", "a"."PhoneNumberConfirmed", "a"."ProfileImageUrl", "a"."SecurityStamp", "a"."TwoFactorEnabled", "a"."UserName"
FROM "AspNetUsers" AS "a"
WHERE "a"."NormalizedEmail" = @__normalizedEmail_0
LIMIT 2
2024-10-12 15:32:11.256 +02:00 [INF] Executed DbCommand (0ms) [Parameters=[], CommandType='"Text"', CommandTimeout='30']
SELECT EXISTS (
    SELECT 1
    FROM "Posts" AS "p")
2024-10-12 15:32:11.273 +02:00 [INF] Executed DbCommand (0ms) [Parameters=[@p0='?' (Size = 22), @p1='?' (Size = 21), @p2='?' (Size = 22), @p3='?' (Size = 36)], CommandType='"Text"', CommandTimeout='30']
INSERT INTO "Posts" ("Caption", "PostDate", "PostImagePath", "UserId")
VALUES (@p0, @p1, @p2, @p3)
RETURNING "PostId";
2024-10-12 15:32:11.277 +02:00 [INF] Executed DbCommand (0ms) [Parameters=[@p0='?' (Size = 19), @p1='?' (Size = 21), @p2='?' (Size = 17), @p3='?' (Size = 36)], CommandType='"Text"', CommandTimeout='30']
INSERT INTO "Posts" ("Caption", "PostDate", "PostImagePath", "UserId")
VALUES (@p0, @p1, @p2, @p3)
RETURNING "PostId";
2024-10-12 15:32:11.277 +02:00 [INF] Executed DbCommand (0ms) [Parameters=[@p0='?' (Size = 17), @p1='?' (Size = 21), @p2='?' (Size = 18), @p3='?' (Size = 36)], CommandType='"Text"', CommandTimeout='30']
INSERT INTO "Posts" ("Caption", "PostDate", "PostImagePath", "UserId")
VALUES (@p0, @p1, @p2, @p3)
RETURNING "PostId";
2024-10-12 15:32:11.282 +02:00 [INF] Executed DbCommand (0ms) [Parameters=[], CommandType='"Text"', CommandTimeout='30']
SELECT "p"."PostId", "p"."Caption", "p"."PostDate", "p"."PostImagePath", "p"."UserId"
FROM "Posts" AS "p"
2024-10-12 15:32:11.283 +02:00 [INF] Executed DbCommand (0ms) [Parameters=[], CommandType='"Text"', CommandTimeout='30']
SELECT EXISTS (
    SELECT 1
    FROM "Comments" AS "c")
2024-10-12 15:32:11.289 +02:00 [INF] Executed DbCommand (0ms) [Parameters=[@p0='?' (Size = 21), @p1='?' (Size = 8), @p2='?' (DbType = Int32), @p3='?' (Size = 36)], CommandType='"Text"', CommandTimeout='30']
INSERT INTO "Comments" ("CommentDate", "CommentText", "PostId", "UserId")
VALUES (@p0, @p1, @p2, @p3)
RETURNING "CommentId";
2024-10-12 15:32:11.290 +02:00 [INF] Executed DbCommand (0ms) [Parameters=[@p0='?' (Size = 21), @p1='?' (Size = 15), @p2='?' (DbType = Int32), @p3='?' (Size = 36)], CommandType='"Text"', CommandTimeout='30']
INSERT INTO "Comments" ("CommentDate", "CommentText", "PostId", "UserId")
VALUES (@p0, @p1, @p2, @p3)
RETURNING "CommentId";
2024-10-12 15:32:11.290 +02:00 [INF] Executed DbCommand (0ms) [Parameters=[@p0='?' (Size = 21), @p1='?' (Size = 33), @p2='?' (DbType = Int32), @p3='?' (Size = 36)], CommandType='"Text"', CommandTimeout='30']
INSERT INTO "Comments" ("CommentDate", "CommentText", "PostId", "UserId")
VALUES (@p0, @p1, @p2, @p3)
RETURNING "CommentId";
2024-10-12 15:32:11.347 +02:00 [INF] Now listening on: http://localhost:5127
2024-10-12 15:32:11.349 +02:00 [INF] Application started. Press Ctrl+C to shut down.
2024-10-12 15:32:11.349 +02:00 [INF] Hosting environment: Development
2024-10-12 15:32:11.349 +02:00 [INF] Content root path: /Users/axel/Documents/Skole/friendly
2024-10-12 15:32:11.529 +02:00 [INF] Request starting HTTP/1.1 GET http://localhost:5127/Identity/Account/Manage - null null
2024-10-12 15:32:11.546 +02:00 [INF] Executing endpoint '/Account/Manage/Index'
2024-10-12 15:32:11.555 +02:00 [INF] Route matched with {page = "/Account/Manage/Index", area = "Identity", action = "", controller = ""}. Executing page /Account/Manage/Index
2024-10-12 15:32:11.561 +02:00 [INF] Executing handler method friendly.Areas.Identity.Pages.Account.Manage.IndexModel.OnGetAsync - ModelState is "Valid"
2024-10-12 15:32:11.571 +02:00 [INF] Executed DbCommand (0ms) [Parameters=[@__p_0='?' (Size = 36)], CommandType='"Text"', CommandTimeout='30']
SELECT "a"."Id", "a"."AccessFailedCount", "a"."ConcurrencyStamp", "a"."Email", "a"."EmailConfirmed", "a"."FirstName", "a"."LastName", "a"."LockoutEnabled", "a"."LockoutEnd", "a"."NormalizedEmail", "a"."NormalizedUserName", "a"."PasswordHash", "a"."PhoneNumber", "a"."PhoneNumberConfirmed", "a"."ProfileImageUrl", "a"."SecurityStamp", "a"."TwoFactorEnabled", "a"."UserName"
FROM "AspNetUsers" AS "a"
WHERE "a"."Id" = @__p_0
LIMIT 1
2024-10-12 15:32:11.572 +02:00 [INF] Executed handler method OnGetAsync, returned result Microsoft.AspNetCore.Mvc.NotFoundObjectResult.
2024-10-12 15:32:11.577 +02:00 [INF] Executing NotFoundObjectResult, writing value of type 'System.String'.
2024-10-12 15:32:11.582 +02:00 [INF] Executed page /Account/Manage/Index in 24.2972ms
2024-10-12 15:32:11.583 +02:00 [INF] Executed endpoint '/Account/Manage/Index'
2024-10-12 15:32:11.584 +02:00 [INF] Request finished HTTP/1.1 GET http://localhost:5127/Identity/Account/Manage - 404 null text/plain; charset=utf-8 56.2023ms
2024-10-12 15:32:11.586 +02:00 [INF] Request starting HTTP/1.1 GET http://localhost:5127/lib/jquery-validate/jquery.validate.js - null null
2024-10-12 15:32:11.586 +02:00 [INF] Request starting HTTP/1.1 GET http://localhost:5127/lib/jquery-validation-unobtrusive/jquery.validate.unobtrusive.js - null null
2024-10-12 15:32:11.586 +02:00 [INF] Request starting HTTP/1.1 GET http://localhost:5127/lib/jquery-validation-unobtrusive/jquery.validate.unobtrusive.min.js - null null
2024-10-12 15:32:11.586 +02:00 [INF] Request starting HTTP/1.1 GET http://localhost:5127/lib/jquery-validation/dist/jquery.validate.min.js - null null
2024-10-12 15:32:11.588 +02:00 [INF] Request finished HTTP/1.1 GET http://localhost:5127/lib/jquery-validation-unobtrusive/jquery.validate.unobtrusive.js - 404 0 null 1.6747ms
2024-10-12 15:32:11.588 +02:00 [INF] Request finished HTTP/1.1 GET http://localhost:5127/lib/jquery-validate/jquery.validate.js - 404 0 null 1.7089ms
2024-10-12 15:32:11.588 +02:00 [INF] Request finished HTTP/1.1 GET http://localhost:5127/lib/jquery-validation/dist/jquery.validate.min.js - 404 0 null 1.6511ms
2024-10-12 15:32:11.588 +02:00 [INF] Request finished HTTP/1.1 GET http://localhost:5127/lib/jquery-validation-unobtrusive/jquery.validate.unobtrusive.min.js - 404 0 null 1.845ms
2024-10-12 15:32:11.589 +02:00 [INF] Request reached the end of the middleware pipeline without being handled by application code. Request path: GET http://localhost:5127/lib/jquery-validate/jquery.validate.js, Response status code: 404
2024-10-12 15:32:11.589 +02:00 [INF] Request reached the end of the middleware pipeline without being handled by application code. Request path: GET http://localhost:5127/lib/jquery-validation-unobtrusive/jquery.validate.unobtrusive.js, Response status code: 404
2024-10-12 15:32:11.589 +02:00 [INF] Request reached the end of the middleware pipeline without being handled by application code. Request path: GET http://localhost:5127/lib/jquery-validation/dist/jquery.validate.min.js, Response status code: 404
2024-10-12 15:32:11.589 +02:00 [INF] Request reached the end of the middleware pipeline without being handled by application code. Request path: GET http://localhost:5127/lib/jquery-validation-unobtrusive/jquery.validate.unobtrusive.min.js, Response status code: 404
2024-10-12 15:32:14.465 +02:00 [INF] Request starting HTTP/1.1 GET http://localhost:5127/lib/jquery-validate/jquery.validate.js - null null
2024-10-12 15:32:14.465 +02:00 [INF] Request starting HTTP/1.1 GET http://localhost:5127/lib/jquery-validation/dist/jquery.validate.min.js - null null
2024-10-12 15:32:14.465 +02:00 [INF] Request starting HTTP/1.1 GET http://localhost:5127/lib/jquery-validation-unobtrusive/jquery.validate.unobtrusive.js - null null
2024-10-12 15:32:14.465 +02:00 [INF] Request starting HTTP/1.1 GET http://localhost:5127/lib/jquery-validation-unobtrusive/jquery.validate.unobtrusive.min.js - null null
2024-10-12 15:32:14.467 +02:00 [INF] Request finished HTTP/1.1 GET http://localhost:5127/lib/jquery-validation/dist/jquery.validate.min.js - 404 0 null 2.1115ms
2024-10-12 15:32:14.467 +02:00 [INF] Request finished HTTP/1.1 GET http://localhost:5127/lib/jquery-validate/jquery.validate.js - 404 0 null 2.1253ms
2024-10-12 15:32:14.467 +02:00 [INF] Request finished HTTP/1.1 GET http://localhost:5127/lib/jquery-validation-unobtrusive/jquery.validate.unobtrusive.min.js - 404 0 null 2.1546ms
2024-10-12 15:32:14.467 +02:00 [INF] Request reached the end of the middleware pipeline without being handled by application code. Request path: GET http://localhost:5127/lib/jquery-validate/jquery.validate.js, Response status code: 404
2024-10-12 15:32:14.467 +02:00 [INF] Request reached the end of the middleware pipeline without being handled by application code. Request path: GET http://localhost:5127/lib/jquery-validation/dist/jquery.validate.min.js, Response status code: 404
2024-10-12 15:32:14.467 +02:00 [INF] Request reached the end of the middleware pipeline without being handled by application code. Request path: GET http://localhost:5127/lib/jquery-validation-unobtrusive/jquery.validate.unobtrusive.min.js, Response status code: 404
2024-10-12 15:32:14.467 +02:00 [INF] Request finished HTTP/1.1 GET http://localhost:5127/lib/jquery-validation-unobtrusive/jquery.validate.unobtrusive.js - 404 0 null 2.1129ms
2024-10-12 15:32:14.467 +02:00 [INF] Request reached the end of the middleware pipeline without being handled by application code. Request path: GET http://localhost:5127/lib/jquery-validation-unobtrusive/jquery.validate.unobtrusive.js, Response status code: 404
2024-10-12 15:32:15.074 +02:00 [INF] Request starting HTTP/1.1 GET http://localhost:5127/Post/Create - null null
2024-10-12 15:32:15.082 +02:00 [INF] Executing endpoint 'friendly.Controllers.PostController.Create (friendly)'
2024-10-12 15:32:15.090 +02:00 [INF] Route matched with {action = "Create", controller = "Post", page = "", area = ""}. Executing controller action with signature Microsoft.AspNetCore.Mvc.IActionResult Create() on controller friendly.Controllers.PostController (friendly).
2024-10-12 15:32:15.096 +02:00 [INF] Executing ViewResult, running view Create.
2024-10-12 15:32:15.142 +02:00 [INF] Executed ViewResult - view Create executed in 47.2254ms.
2024-10-12 15:32:15.142 +02:00 [INF] Executed action friendly.Controllers.PostController.Create (friendly) in 51.2913ms
2024-10-12 15:32:15.142 +02:00 [INF] Executed endpoint 'friendly.Controllers.PostController.Create (friendly)'
2024-10-12 15:32:15.143 +02:00 [INF] Request finished HTTP/1.1 GET http://localhost:5127/Post/Create - 200 null text/html; charset=utf-8 69.0271ms
2024-10-12 15:32:15.144 +02:00 [INF] Request starting HTTP/1.1 GET http://localhost:5127/lib/jquery-validation-unobtrusive/jquery.validate.unobtrusive.min.js - null null
2024-10-12 15:32:15.144 +02:00 [INF] Request starting HTTP/1.1 GET http://localhost:5127/lib/jquery-validation-unobtrusive/jquery.validate.unobtrusive.js - null null
2024-10-12 15:32:15.144 +02:00 [INF] Request starting HTTP/1.1 GET http://localhost:5127/lib/jquery-validate/jquery.validate.js - null null
2024-10-12 15:32:15.144 +02:00 [INF] Request starting HTTP/1.1 GET http://localhost:5127/lib/jquery-validation/dist/jquery.validate.min.js - null null
2024-10-12 15:32:15.144 +02:00 [INF] Request finished HTTP/1.1 GET http://localhost:5127/lib/jquery-validation-unobtrusive/jquery.validate.unobtrusive.js - 404 0 null 0.3568ms
2024-10-12 15:32:15.144 +02:00 [INF] Request finished HTTP/1.1 GET http://localhost:5127/lib/jquery-validate/jquery.validate.js - 404 0 null 0.3655ms
2024-10-12 15:32:15.144 +02:00 [INF] Request finished HTTP/1.1 GET http://localhost:5127/lib/jquery-validation/dist/jquery.validate.min.js - 404 0 null 0.4607ms
2024-10-12 15:32:15.144 +02:00 [INF] Request reached the end of the middleware pipeline without being handled by application code. Request path: GET http://localhost:5127/lib/jquery-validation-unobtrusive/jquery.validate.unobtrusive.js, Response status code: 404
2024-10-12 15:32:15.144 +02:00 [INF] Request finished HTTP/1.1 GET http://localhost:5127/lib/jquery-validation-unobtrusive/jquery.validate.unobtrusive.min.js - 404 0 null 0.3654ms
2024-10-12 15:32:15.144 +02:00 [INF] Request reached the end of the middleware pipeline without being handled by application code. Request path: GET http://localhost:5127/lib/jquery-validation/dist/jquery.validate.min.js, Response status code: 404
2024-10-12 15:32:15.144 +02:00 [INF] Request reached the end of the middleware pipeline without being handled by application code. Request path: GET http://localhost:5127/lib/jquery-validation-unobtrusive/jquery.validate.unobtrusive.min.js, Response status code: 404
2024-10-12 15:32:15.144 +02:00 [INF] Request reached the end of the middleware pipeline without being handled by application code. Request path: GET http://localhost:5127/lib/jquery-validate/jquery.validate.js, Response status code: 404
2024-10-12 15:32:15.147 +02:00 [INF] Request starting HTTP/1.1 GET http://localhost:5127/lib/jquery-validate/jquery.validate.js - null null
2024-10-12 15:32:15.147 +02:00 [INF] Request starting HTTP/1.1 GET http://localhost:5127/lib/jquery-validation-unobtrusive/jquery.validate.unobtrusive.js - null null
2024-10-12 15:32:15.154 +02:00 [INF] Request finished HTTP/1.1 GET http://localhost:5127/lib/jquery-validation-unobtrusive/jquery.validate.unobtrusive.js - 404 0 null 7.3069ms
2024-10-12 15:32:15.154 +02:00 [INF] Request finished HTTP/1.1 GET http://localhost:5127/lib/jquery-validate/jquery.validate.js - 404 0 null 7.4303ms
2024-10-12 15:32:15.154 +02:00 [INF] Request reached the end of the middleware pipeline without being handled by application code. Request path: GET http://localhost:5127/lib/jquery-validate/jquery.validate.js, Response status code: 404
2024-10-12 15:32:15.155 +02:00 [INF] Request reached the end of the middleware pipeline without being handled by application code. Request path: GET http://localhost:5127/lib/jquery-validation-unobtrusive/jquery.validate.unobtrusive.js, Response status code: 404
2024-10-12 15:32:16.415 +02:00 [INF] Request starting HTTP/1.1 POST http://localhost:5127/Identity/Account/Logout?returnUrl=%2F - application/x-www-form-urlencoded 225
2024-10-12 15:32:16.417 +02:00 [INF] Executing endpoint '/Account/Logout'
2024-10-12 15:32:16.422 +02:00 [INF] Route matched with {page = "/Account/Logout", area = "Identity", action = "", controller = ""}. Executing page /Account/Logout
2024-10-12 15:32:16.437 +02:00 [INF] Executing handler method friendly.Areas.Identity.Pages.Account.LogoutModel.OnPost - ModelState is "Valid"
2024-10-12 15:32:16.439 +02:00 [INF] AuthenticationScheme: Identity.Application signed out.
2024-10-12 15:32:16.440 +02:00 [INF] AuthenticationScheme: Identity.External signed out.
2024-10-12 15:32:16.440 +02:00 [INF] AuthenticationScheme: Identity.TwoFactorUserId signed out.
2024-10-12 15:32:16.440 +02:00 [INF] User logged out.
2024-10-12 15:32:16.440 +02:00 [INF] Executed handler method OnPost, returned result Microsoft.AspNetCore.Mvc.LocalRedirectResult.
2024-10-12 15:32:16.440 +02:00 [INF] Executing LocalRedirectResult, redirecting to /.
2024-10-12 15:32:16.441 +02:00 [INF] Executed page /Account/Logout in 18.8281ms
2024-10-12 15:32:16.441 +02:00 [INF] Executed endpoint '/Account/Logout'
2024-10-12 15:32:16.441 +02:00 [INF] Request finished HTTP/1.1 POST http://localhost:5127/Identity/Account/Logout?returnUrl=%2F - 302 0 null 25.8586ms
2024-10-12 15:32:16.445 +02:00 [INF] Request starting HTTP/1.1 GET http://localhost:5127/ - null null
2024-10-12 15:32:16.445 +02:00 [INF] Executing endpoint 'friendly.Controllers.HomeController.Index (friendly)'
2024-10-12 15:32:16.446 +02:00 [INF] Route matched with {action = "Index", controller = "Home", page = "", area = ""}. Executing controller action with signature Microsoft.AspNetCore.Mvc.IActionResult Index() on controller friendly.Controllers.HomeController (friendly).
2024-10-12 15:32:16.446 +02:00 [INF] Executing ViewResult, running view Index.
2024-10-12 15:32:16.455 +02:00 [INF] Executed ViewResult - view Index executed in 9.1882ms.
2024-10-12 15:32:16.455 +02:00 [INF] Executed action friendly.Controllers.HomeController.Index (friendly) in 9.513ms
2024-10-12 15:32:16.455 +02:00 [INF] Executed endpoint 'friendly.Controllers.HomeController.Index (friendly)'
2024-10-12 15:32:16.455 +02:00 [INF] Request finished HTTP/1.1 GET http://localhost:5127/ - 200 null text/html; charset=utf-8 10.8727ms
2024-10-12 15:32:16.466 +02:00 [INF] Request starting HTTP/1.1 GET http://localhost:5127/lib/jquery-validate/jquery.validate.js - null null
2024-10-12 15:32:16.466 +02:00 [INF] Request starting HTTP/1.1 GET http://localhost:5127/lib/jquery-validation-unobtrusive/jquery.validate.unobtrusive.js - null null
2024-10-12 15:32:16.466 +02:00 [INF] Request finished HTTP/1.1 GET http://localhost:5127/lib/jquery-validate/jquery.validate.js - 404 0 null 0.5107ms
2024-10-12 15:32:16.466 +02:00 [INF] Request reached the end of the middleware pipeline without being handled by application code. Request path: GET http://localhost:5127/lib/jquery-validate/jquery.validate.js, Response status code: 404
2024-10-12 15:32:16.466 +02:00 [INF] Request finished HTTP/1.1 GET http://localhost:5127/lib/jquery-validation-unobtrusive/jquery.validate.unobtrusive.js - 404 0 null 0.5551ms
2024-10-12 15:32:16.466 +02:00 [INF] Request reached the end of the middleware pipeline without being handled by application code. Request path: GET http://localhost:5127/lib/jquery-validation-unobtrusive/jquery.validate.unobtrusive.js, Response status code: 404
2024-10-12 15:32:17.163 +02:00 [INF] Request starting HTTP/1.1 GET http://localhost:5127/Identity/Account/Register - null null
2024-10-12 15:32:17.164 +02:00 [INF] Executing endpoint '/Account/Register'
2024-10-12 15:32:17.171 +02:00 [INF] Route matched with {page = "/Account/Register", area = "Identity", action = "", controller = ""}. Executing page /Account/Register
2024-10-12 15:32:17.173 +02:00 [INF] Executing handler method friendly.Areas.Identity.Pages.Account.RegisterModel.OnGetAsync - ModelState is "Valid"
2024-10-12 15:32:17.176 +02:00 [INF] Executed handler method OnGetAsync, returned result .
2024-10-12 15:32:17.184 +02:00 [INF] Executing an implicit handler method - ModelState is "Valid"
2024-10-12 15:32:17.184 +02:00 [INF] Executed an implicit handler method, returned result Microsoft.AspNetCore.Mvc.RazorPages.PageResult.
2024-10-12 15:32:17.200 +02:00 [INF] Executed page /Account/Register in 28.509ms
2024-10-12 15:32:17.200 +02:00 [INF] Executed endpoint '/Account/Register'
2024-10-12 15:32:17.200 +02:00 [INF] Request finished HTTP/1.1 GET http://localhost:5127/Identity/Account/Register - 200 null text/html; charset=utf-8 36.8962ms
2024-10-12 15:32:17.201 +02:00 [INF] Request starting HTTP/1.1 GET http://localhost:5127/lib/jquery-validate/jquery.validate.js - null null
2024-10-12 15:32:17.202 +02:00 [INF] Request starting HTTP/1.1 GET http://localhost:5127/lib/jquery-validation-unobtrusive/jquery.validate.unobtrusive.js - null null
2024-10-12 15:32:17.202 +02:00 [INF] Request finished HTTP/1.1 GET http://localhost:5127/lib/jquery-validation-unobtrusive/jquery.validate.unobtrusive.js - 404 0 null 0.2682ms
2024-10-12 15:32:17.202 +02:00 [INF] Request reached the end of the middleware pipeline without being handled by application code. Request path: GET http://localhost:5127/lib/jquery-validation-unobtrusive/jquery.validate.unobtrusive.js, Response status code: 404
2024-10-12 15:32:17.202 +02:00 [INF] Request starting HTTP/1.1 GET http://localhost:5127/lib/jquery-validation-unobtrusive/jquery.validate.unobtrusive.min.js - null null
2024-10-12 15:32:17.202 +02:00 [INF] Request finished HTTP/1.1 GET http://localhost:5127/lib/jquery-validation-unobtrusive/jquery.validate.unobtrusive.min.js - 404 0 null 0.0901ms
2024-10-12 15:32:17.202 +02:00 [INF] Request reached the end of the middleware pipeline without being handled by application code. Request path: GET http://localhost:5127/lib/jquery-validation-unobtrusive/jquery.validate.unobtrusive.min.js, Response status code: 404
2024-10-12 15:32:17.202 +02:00 [INF] Request finished HTTP/1.1 GET http://localhost:5127/lib/jquery-validate/jquery.validate.js - 404 0 null 0.6703ms
2024-10-12 15:32:17.202 +02:00 [INF] Request reached the end of the middleware pipeline without being handled by application code. Request path: GET http://localhost:5127/lib/jquery-validate/jquery.validate.js, Response status code: 404
2024-10-12 15:32:17.202 +02:00 [INF] Request starting HTTP/1.1 GET http://localhost:5127/lib/jquery-validation/dist/jquery.validate.min.js - null null
2024-10-12 15:32:17.203 +02:00 [INF] Request finished HTTP/1.1 GET http://localhost:5127/lib/jquery-validation/dist/jquery.validate.min.js - 404 0 null 0.1627ms
2024-10-12 15:32:17.203 +02:00 [INF] Request reached the end of the middleware pipeline without being handled by application code. Request path: GET http://localhost:5127/lib/jquery-validation/dist/jquery.validate.min.js, Response status code: 404
2024-10-12 15:32:17.209 +02:00 [INF] Request starting HTTP/1.1 GET http://localhost:5127/lib/jquery-validation-unobtrusive/jquery.validate.unobtrusive.js - null null
2024-10-12 15:32:17.209 +02:00 [INF] Request starting HTTP/1.1 GET http://localhost:5127/lib/jquery-validation-unobtrusive/jquery.validate.unobtrusive.min.js - null null
2024-10-12 15:32:17.209 +02:00 [INF] Request starting HTTP/1.1 GET http://localhost:5127/lib/jquery-validation/dist/jquery.validate.min.js - null null
2024-10-12 15:32:17.209 +02:00 [INF] Request starting HTTP/1.1 GET http://localhost:5127/lib/jquery-validate/jquery.validate.js - null null
2024-10-12 15:32:17.209 +02:00 [INF] Request finished HTTP/1.1 GET http://localhost:5127/lib/jquery-validation-unobtrusive/jquery.validate.unobtrusive.min.js - 404 0 null 0.3253ms
2024-10-12 15:32:17.209 +02:00 [INF] Request reached the end of the middleware pipeline without being handled by application code. Request path: GET http://localhost:5127/lib/jquery-validation-unobtrusive/jquery.validate.unobtrusive.min.js, Response status code: 404
2024-10-12 15:32:17.209 +02:00 [INF] Request finished HTTP/1.1 GET http://localhost:5127/lib/jquery-validation-unobtrusive/jquery.validate.unobtrusive.js - 404 0 null 0.4545ms
2024-10-12 15:32:17.209 +02:00 [INF] Request reached the end of the middleware pipeline without being handled by application code. Request path: GET http://localhost:5127/lib/jquery-validation-unobtrusive/jquery.validate.unobtrusive.js, Response status code: 404
2024-10-12 15:32:17.209 +02:00 [INF] Request finished HTTP/1.1 GET http://localhost:5127/lib/jquery-validation/dist/jquery.validate.min.js - 404 0 null 0.3559ms
2024-10-12 15:32:17.209 +02:00 [INF] Request finished HTTP/1.1 GET http://localhost:5127/lib/jquery-validate/jquery.validate.js - 404 0 null 0.3992ms
2024-10-12 15:32:17.209 +02:00 [INF] Request reached the end of the middleware pipeline without being handled by application code. Request path: GET http://localhost:5127/lib/jquery-validation/dist/jquery.validate.min.js, Response status code: 404
2024-10-12 15:32:17.210 +02:00 [INF] Request reached the end of the middleware pipeline without being handled by application code. Request path: GET http://localhost:5127/lib/jquery-validate/jquery.validate.js, Response status code: 404
2024-10-12 15:32:26.464 +02:00 [INF] Request starting HTTP/1.1 POST http://localhost:5127/Identity/Account/Register - application/x-www-form-urlencoded 297
2024-10-12 15:32:26.465 +02:00 [INF] Executing endpoint '/Account/Register'
2024-10-12 15:32:26.466 +02:00 [INF] Route matched with {page = "/Account/Register", area = "Identity", action = "", controller = ""}. Executing page /Account/Register
2024-10-12 15:32:26.479 +02:00 [INF] Executing handler method friendly.Areas.Identity.Pages.Account.RegisterModel.OnPostAsync - ModelState is "Valid"
2024-10-12 15:32:26.565 +02:00 [INF] Executed DbCommand (0ms) [Parameters=[@__normalizedUserName_0='?' (Size = 5)], CommandType='"Text"', CommandTimeout='30']
SELECT "a"."Id", "a"."AccessFailedCount", "a"."ConcurrencyStamp", "a"."Email", "a"."EmailConfirmed", "a"."FirstName", "a"."LastName", "a"."LockoutEnabled", "a"."LockoutEnd", "a"."NormalizedEmail", "a"."NormalizedUserName", "a"."PasswordHash", "a"."PhoneNumber", "a"."PhoneNumberConfirmed", "a"."ProfileImageUrl", "a"."SecurityStamp", "a"."TwoFactorEnabled", "a"."UserName"
FROM "AspNetUsers" AS "a"
WHERE "a"."NormalizedUserName" = @__normalizedUserName_0
LIMIT 1
2024-10-12 15:32:26.565 +02:00 [INF] Executed DbCommand (0ms) [Parameters=[@__normalizedEmail_0='?' (Size = 16)], CommandType='"Text"', CommandTimeout='30']
SELECT "a"."Id", "a"."AccessFailedCount", "a"."ConcurrencyStamp", "a"."Email", "a"."EmailConfirmed", "a"."FirstName", "a"."LastName", "a"."LockoutEnabled", "a"."LockoutEnd", "a"."NormalizedEmail", "a"."NormalizedUserName", "a"."PasswordHash", "a"."PhoneNumber", "a"."PhoneNumberConfirmed", "a"."ProfileImageUrl", "a"."SecurityStamp", "a"."TwoFactorEnabled", "a"."UserName"
FROM "AspNetUsers" AS "a"
WHERE "a"."NormalizedEmail" = @__normalizedEmail_0
LIMIT 2
2024-10-12 15:32:26.567 +02:00 [INF] Executed DbCommand (0ms) [Parameters=[@p0='?' (Size = 36), @p1='?' (DbType = Int32), @p2='?' (Size = 36), @p3='?' (Size = 16), @p4='?' (DbType = Boolean), @p5='?', @p6='?', @p7='?' (DbType = Boolean), @p8='?' (DbType = DateTimeOffset), @p9='?' (Size = 16), @p10='?' (Size = 5), @p11='?' (Size = 84), @p12='?', @p13='?' (DbType = Boolean), @p14='?', @p15='?' (Size = 32), @p16='?' (DbType = Boolean), @p17='?' (Size = 5)], CommandType='"Text"', CommandTimeout='30']
INSERT INTO "AspNetUsers" ("Id", "AccessFailedCount", "ConcurrencyStamp", "Email", "EmailConfirmed", "FirstName", "LastName", "LockoutEnabled", "LockoutEnd", "NormalizedEmail", "NormalizedUserName", "PasswordHash", "PhoneNumber", "PhoneNumberConfirmed", "ProfileImageUrl", "SecurityStamp", "TwoFactorEnabled", "UserName")
VALUES (@p0, @p1, @p2, @p3, @p4, @p5, @p6, @p7, @p8, @p9, @p10, @p11, @p12, @p13, @p14, @p15, @p16, @p17);
2024-10-12 15:32:26.567 +02:00 [INF] User created a new account with password.
2024-10-12 15:32:26.582 +02:00 [INF] Executed DbCommand (0ms) [Parameters=[@__user_Id_0='?' (Size = 36)], CommandType='"Text"', CommandTimeout='30']
SELECT "a"."Id", "a"."ClaimType", "a"."ClaimValue", "a"."UserId"
FROM "AspNetUserClaims" AS "a"
WHERE "a"."UserId" = @__user_Id_0
2024-10-12 15:32:26.589 +02:00 [INF] Executed DbCommand (0ms) [Parameters=[@__userId_0='?' (Size = 36)], CommandType='"Text"', CommandTimeout='30']
SELECT "a0"."Name"
FROM "AspNetUserRoles" AS "a"
INNER JOIN "AspNetRoles" AS "a0" ON "a"."RoleId" = "a0"."Id"
WHERE "a"."UserId" = @__userId_0
2024-10-12 15:32:26.590 +02:00 [INF] AuthenticationScheme: Identity.Application signed in.
2024-10-12 15:32:26.590 +02:00 [INF] Executed handler method OnPostAsync, returned result Microsoft.AspNetCore.Mvc.LocalRedirectResult.
2024-10-12 15:32:26.590 +02:00 [INF] Executing LocalRedirectResult, redirecting to /.
2024-10-12 15:32:26.590 +02:00 [INF] Executed page /Account/Register in 124.1434ms
2024-10-12 15:32:26.590 +02:00 [INF] Executed endpoint '/Account/Register'
2024-10-12 15:32:26.590 +02:00 [INF] Request finished HTTP/1.1 POST http://localhost:5127/Identity/Account/Register - 302 0 null 126.85ms
2024-10-12 15:32:26.596 +02:00 [INF] Request starting HTTP/1.1 GET http://localhost:5127/ - null null
2024-10-12 15:32:26.596 +02:00 [INF] Executing endpoint 'friendly.Controllers.HomeController.Index (friendly)'
2024-10-12 15:32:26.596 +02:00 [INF] Route matched with {action = "Index", controller = "Home", page = "", area = ""}. Executing controller action with signature Microsoft.AspNetCore.Mvc.IActionResult Index() on controller friendly.Controllers.HomeController (friendly).
2024-10-12 15:32:26.597 +02:00 [INF] Executing ViewResult, running view Index.
2024-10-12 15:32:26.597 +02:00 [INF] Executed ViewResult - view Index executed in 0.807ms.
2024-10-12 15:32:26.597 +02:00 [INF] Executed action friendly.Controllers.HomeController.Index (friendly) in 0.9061ms
2024-10-12 15:32:26.597 +02:00 [INF] Executed endpoint 'friendly.Controllers.HomeController.Index (friendly)'
2024-10-12 15:32:26.597 +02:00 [INF] Request finished HTTP/1.1 GET http://localhost:5127/ - 200 null text/html; charset=utf-8 1.515ms
2024-10-12 15:32:26.608 +02:00 [INF] Request starting HTTP/1.1 GET http://localhost:5127/lib/jquery-validate/jquery.validate.js - null null
2024-10-12 15:32:26.608 +02:00 [INF] Request starting HTTP/1.1 GET http://localhost:5127/lib/jquery-validation-unobtrusive/jquery.validate.unobtrusive.js - null null
2024-10-12 15:32:26.609 +02:00 [INF] Request finished HTTP/1.1 GET http://localhost:5127/lib/jquery-validation-unobtrusive/jquery.validate.unobtrusive.js - 404 0 null 0.4122ms
2024-10-12 15:32:26.609 +02:00 [INF] Request finished HTTP/1.1 GET http://localhost:5127/lib/jquery-validate/jquery.validate.js - 404 0 null 0.6486ms
2024-10-12 15:32:26.609 +02:00 [INF] Request reached the end of the middleware pipeline without being handled by application code. Request path: GET http://localhost:5127/lib/jquery-validation-unobtrusive/jquery.validate.unobtrusive.js, Response status code: 404
2024-10-12 15:32:26.609 +02:00 [INF] Request reached the end of the middleware pipeline without being handled by application code. Request path: GET http://localhost:5127/lib/jquery-validate/jquery.validate.js, Response status code: 404
2024-10-12 15:32:28.442 +02:00 [INF] Request starting HTTP/1.1 GET http://localhost:5127/Identity/Account/Manage - null null
2024-10-12 15:32:28.444 +02:00 [INF] Executing endpoint '/Account/Manage/Index'
2024-10-12 15:32:28.444 +02:00 [INF] Route matched with {page = "/Account/Manage/Index", area = "Identity", action = "", controller = ""}. Executing page /Account/Manage/Index
2024-10-12 15:32:28.445 +02:00 [INF] Executing handler method friendly.Areas.Identity.Pages.Account.Manage.IndexModel.OnGetAsync - ModelState is "Valid"
2024-10-12 15:32:28.447 +02:00 [INF] Executed DbCommand (0ms) [Parameters=[@__p_0='?' (Size = 36)], CommandType='"Text"', CommandTimeout='30']
SELECT "a"."Id", "a"."AccessFailedCount", "a"."ConcurrencyStamp", "a"."Email", "a"."EmailConfirmed", "a"."FirstName", "a"."LastName", "a"."LockoutEnabled", "a"."LockoutEnd", "a"."NormalizedEmail", "a"."NormalizedUserName", "a"."PasswordHash", "a"."PhoneNumber", "a"."PhoneNumberConfirmed", "a"."ProfileImageUrl", "a"."SecurityStamp", "a"."TwoFactorEnabled", "a"."UserName"
FROM "AspNetUsers" AS "a"
WHERE "a"."Id" = @__p_0
LIMIT 1
2024-10-12 15:32:28.474 +02:00 [INF] Executed DbCommand (0ms) [Parameters=[@__p_0='?' (Size = 36)], CommandType='"Text"', CommandTimeout='30']
SELECT "p"."PostId", "p"."Caption", "p"."PostDate", "p"."PostImagePath", "p"."UserId"
FROM "Posts" AS "p"
WHERE "p"."UserId" = @__p_0
2024-10-12 15:32:28.476 +02:00 [INF] Executed handler method OnGetAsync, returned result Microsoft.AspNetCore.Mvc.RazorPages.PageResult.
2024-10-12 15:32:28.495 +02:00 [INF] Executed page /Account/Manage/Index in 51.045ms
2024-10-12 15:32:28.496 +02:00 [INF] Executed endpoint '/Account/Manage/Index'
2024-10-12 15:32:28.496 +02:00 [INF] Request finished HTTP/1.1 GET http://localhost:5127/Identity/Account/Manage - 200 null text/html; charset=utf-8 53.4284ms
2024-10-12 15:32:28.497 +02:00 [INF] Request starting HTTP/1.1 GET http://localhost:5127/lib/jquery-validate/jquery.validate.js - null null
2024-10-12 15:32:28.497 +02:00 [INF] Request starting HTTP/1.1 GET http://localhost:5127/lib/jquery-validation-unobtrusive/jquery.validate.unobtrusive.js - null null
2024-10-12 15:32:28.498 +02:00 [INF] Request finished HTTP/1.1 GET http://localhost:5127/lib/jquery-validate/jquery.validate.js - 404 0 null 0.4372ms
2024-10-12 15:32:28.498 +02:00 [INF] Request finished HTTP/1.1 GET http://localhost:5127/lib/jquery-validation-unobtrusive/jquery.validate.unobtrusive.js - 404 0 null 0.4301ms
2024-10-12 15:32:28.498 +02:00 [INF] Request reached the end of the middleware pipeline without being handled by application code. Request path: GET http://localhost:5127/lib/jquery-validate/jquery.validate.js, Response status code: 404
2024-10-12 15:32:28.498 +02:00 [INF] Request reached the end of the middleware pipeline without being handled by application code. Request path: GET http://localhost:5127/lib/jquery-validation-unobtrusive/jquery.validate.unobtrusive.js, Response status code: 404
2024-10-12 15:32:28.512 +02:00 [INF] Request starting HTTP/1.1 GET http://localhost:5127/lib/jquery-validation-unobtrusive/jquery.validate.unobtrusive.js - null null
2024-10-12 15:32:28.513 +02:00 [INF] Request starting HTTP/1.1 GET http://localhost:5127/lib/jquery-validation-unobtrusive/jquery.validate.unobtrusive.min.js - null null
2024-10-12 15:32:28.513 +02:00 [INF] Request starting HTTP/1.1 GET http://localhost:5127/lib/jquery-validation/dist/jquery.validate.min.js - null null
2024-10-12 15:32:28.513 +02:00 [INF] Request starting HTTP/1.1 GET http://localhost:5127/lib/jquery-validate/jquery.validate.js - null null
2024-10-12 15:32:28.514 +02:00 [INF] Request finished HTTP/1.1 GET http://localhost:5127/lib/jquery-validation-unobtrusive/jquery.validate.unobtrusive.js - 404 0 null 1.173ms
2024-10-12 15:32:28.514 +02:00 [INF] Request finished HTTP/1.1 GET http://localhost:5127/lib/jquery-validation/dist/jquery.validate.min.js - 404 0 null 0.4051ms
2024-10-12 15:32:28.514 +02:00 [INF] Request reached the end of the middleware pipeline without being handled by application code. Request path: GET http://localhost:5127/lib/jquery-validation-unobtrusive/jquery.validate.unobtrusive.js, Response status code: 404
2024-10-12 15:32:28.514 +02:00 [INF] Request reached the end of the middleware pipeline without being handled by application code. Request path: GET http://localhost:5127/lib/jquery-validation/dist/jquery.validate.min.js, Response status code: 404
2024-10-12 15:32:28.514 +02:00 [INF] Request finished HTTP/1.1 GET http://localhost:5127/lib/jquery-validation-unobtrusive/jquery.validate.unobtrusive.min.js - 404 0 null 0.5182ms
2024-10-12 15:32:28.514 +02:00 [INF] Request reached the end of the middleware pipeline without being handled by application code. Request path: GET http://localhost:5127/lib/jquery-validation-unobtrusive/jquery.validate.unobtrusive.min.js, Response status code: 404
2024-10-12 15:32:28.514 +02:00 [INF] Request finished HTTP/1.1 GET http://localhost:5127/lib/jquery-validate/jquery.validate.js - 404 0 null 1.3875ms
2024-10-12 15:32:28.514 +02:00 [INF] Request reached the end of the middleware pipeline without being handled by application code. Request path: GET http://localhost:5127/lib/jquery-validate/jquery.validate.js, Response status code: 404
2024-10-12 15:33:44.896 +02:00 [INF] Application is shutting down...
