2024-10-06 11:41:18.829 +02:00 [INF] User profile is available. Using '/Users/axel/.aspnet/DataProtection-Keys' as key repository; keys will not be encrypted at rest.
2024-10-06 11:41:19.368 +02:00 [INF] Executed DbCommand (4ms) [Parameters=[], CommandType='"Text"', CommandTimeout='30']
PRAGMA journal_mode = 'wal';
2024-10-06 11:41:19.426 +02:00 [INF] Executed DbCommand (0ms) [Parameters=[], CommandType='"Text"', CommandTimeout='30']
CREATE TABLE "AspNetRoles" (
    "Id" TEXT NOT NULL CONSTRAINT "PK_AspNetRoles" PRIMARY KEY,
    "Name" TEXT NULL,
    "NormalizedName" TEXT NULL,
    "ConcurrencyStamp" TEXT NULL
);
2024-10-06 11:41:19.427 +02:00 [INF] Executed DbCommand (0ms) [Parameters=[], CommandType='"Text"', CommandTimeout='30']
CREATE TABLE "AspNetUsers" (
    "Id" TEXT NOT NULL CONSTRAINT "PK_AspNetUsers" PRIMARY KEY,
    "FirstName" TEXT NULL,
    "LastName" TEXT NULL,
    "ProfileImageUrl" TEXT NULL,
    "UserName" TEXT NULL,
    "NormalizedUserName" TEXT NULL,
    "Email" TEXT NULL,
    "NormalizedEmail" TEXT NULL,
    "EmailConfirmed" INTEGER NOT NULL,
    "PasswordHash" TEXT NULL,
    "SecurityStamp" TEXT NULL,
    "ConcurrencyStamp" TEXT NULL,
    "PhoneNumber" TEXT NULL,
    "PhoneNumberConfirmed" INTEGER NOT NULL,
    "TwoFactorEnabled" INTEGER NOT NULL,
    "LockoutEnd" TEXT NULL,
    "LockoutEnabled" INTEGER NOT NULL,
    "AccessFailedCount" INTEGER NOT NULL
);
2024-10-06 11:41:19.427 +02:00 [INF] Executed DbCommand (0ms) [Parameters=[], CommandType='"Text"', CommandTimeout='30']
CREATE TABLE "AspNetRoleClaims" (
    "Id" INTEGER NOT NULL CONSTRAINT "PK_AspNetRoleClaims" PRIMARY KEY AUTOINCREMENT,
    "RoleId" TEXT NOT NULL,
    "ClaimType" TEXT NULL,
    "ClaimValue" TEXT NULL,
    CONSTRAINT "FK_AspNetRoleClaims_AspNetRoles_RoleId" FOREIGN KEY ("RoleId") REFERENCES "AspNetRoles" ("Id") ON DELETE CASCADE
);
2024-10-06 11:41:19.427 +02:00 [INF] Executed DbCommand (0ms) [Parameters=[], CommandType='"Text"', CommandTimeout='30']
CREATE TABLE "AspNetUserClaims" (
    "Id" INTEGER NOT NULL CONSTRAINT "PK_AspNetUserClaims" PRIMARY KEY AUTOINCREMENT,
    "UserId" TEXT NOT NULL,
    "ClaimType" TEXT NULL,
    "ClaimValue" TEXT NULL,
    CONSTRAINT "FK_AspNetUserClaims_AspNetUsers_UserId" FOREIGN KEY ("UserId") REFERENCES "AspNetUsers" ("Id") ON DELETE CASCADE
);
2024-10-06 11:41:19.427 +02:00 [INF] Executed DbCommand (0ms) [Parameters=[], CommandType='"Text"', CommandTimeout='30']
CREATE TABLE "AspNetUserLogins" (
    "LoginProvider" TEXT NOT NULL,
    "ProviderKey" TEXT NOT NULL,
    "ProviderDisplayName" TEXT NULL,
    "UserId" TEXT NOT NULL,
    CONSTRAINT "PK_AspNetUserLogins" PRIMARY KEY ("LoginProvider", "ProviderKey"),
    CONSTRAINT "FK_AspNetUserLogins_AspNetUsers_UserId" FOREIGN KEY ("UserId") REFERENCES "AspNetUsers" ("Id") ON DELETE CASCADE
);
2024-10-06 11:41:19.427 +02:00 [INF] Executed DbCommand (0ms) [Parameters=[], CommandType='"Text"', CommandTimeout='30']
CREATE TABLE "AspNetUserRoles" (
    "UserId" TEXT NOT NULL,
    "RoleId" TEXT NOT NULL,
    CONSTRAINT "PK_AspNetUserRoles" PRIMARY KEY ("UserId", "RoleId"),
    CONSTRAINT "FK_AspNetUserRoles_AspNetRoles_RoleId" FOREIGN KEY ("RoleId") REFERENCES "AspNetRoles" ("Id") ON DELETE CASCADE,
    CONSTRAINT "FK_AspNetUserRoles_AspNetUsers_UserId" FOREIGN KEY ("UserId") REFERENCES "AspNetUsers" ("Id") ON DELETE CASCADE
);
2024-10-06 11:41:19.427 +02:00 [INF] Executed DbCommand (0ms) [Parameters=[], CommandType='"Text"', CommandTimeout='30']
CREATE TABLE "AspNetUserTokens" (
    "UserId" TEXT NOT NULL,
    "LoginProvider" TEXT NOT NULL,
    "Name" TEXT NOT NULL,
    "Value" TEXT NULL,
    CONSTRAINT "PK_AspNetUserTokens" PRIMARY KEY ("UserId", "LoginProvider", "Name"),
    CONSTRAINT "FK_AspNetUserTokens_AspNetUsers_UserId" FOREIGN KEY ("UserId") REFERENCES "AspNetUsers" ("Id") ON DELETE CASCADE
);
2024-10-06 11:41:19.427 +02:00 [INF] Executed DbCommand (0ms) [Parameters=[], CommandType='"Text"', CommandTimeout='30']
CREATE TABLE "Posts" (
    "PostId" INTEGER NOT NULL CONSTRAINT "PK_Posts" PRIMARY KEY AUTOINCREMENT,
    "PostImagePath" TEXT NOT NULL,
    "Caption" TEXT NOT NULL,
    "PostDate" TEXT NOT NULL,
    "UserId" TEXT NOT NULL,
    CONSTRAINT "FK_Posts_AspNetUsers_UserId" FOREIGN KEY ("UserId") REFERENCES "AspNetUsers" ("Id") ON DELETE CASCADE
);
2024-10-06 11:41:19.427 +02:00 [INF] Executed DbCommand (0ms) [Parameters=[], CommandType='"Text"', CommandTimeout='30']
CREATE TABLE "Comments" (
    "CommentId" INTEGER NOT NULL CONSTRAINT "PK_Comments" PRIMARY KEY AUTOINCREMENT,
    "CommentText" TEXT NOT NULL,
    "CommentDate" TEXT NOT NULL,
    "UserId" TEXT NOT NULL,
    "PostId" INTEGER NOT NULL,
    CONSTRAINT "FK_Comments_AspNetUsers_UserId" FOREIGN KEY ("UserId") REFERENCES "AspNetUsers" ("Id") ON DELETE CASCADE,
    CONSTRAINT "FK_Comments_Posts_PostId" FOREIGN KEY ("PostId") REFERENCES "Posts" ("PostId") ON DELETE CASCADE
);
2024-10-06 11:41:19.427 +02:00 [INF] Executed DbCommand (0ms) [Parameters=[], CommandType='"Text"', CommandTimeout='30']
CREATE INDEX "IX_AspNetRoleClaims_RoleId" ON "AspNetRoleClaims" ("RoleId");
2024-10-06 11:41:19.427 +02:00 [INF] Executed DbCommand (0ms) [Parameters=[], CommandType='"Text"', CommandTimeout='30']
CREATE UNIQUE INDEX "RoleNameIndex" ON "AspNetRoles" ("NormalizedName");
2024-10-06 11:41:19.427 +02:00 [INF] Executed DbCommand (0ms) [Parameters=[], CommandType='"Text"', CommandTimeout='30']
CREATE INDEX "IX_AspNetUserClaims_UserId" ON "AspNetUserClaims" ("UserId");
2024-10-06 11:41:19.427 +02:00 [INF] Executed DbCommand (0ms) [Parameters=[], CommandType='"Text"', CommandTimeout='30']
CREATE INDEX "IX_AspNetUserLogins_UserId" ON "AspNetUserLogins" ("UserId");
2024-10-06 11:41:19.427 +02:00 [INF] Executed DbCommand (0ms) [Parameters=[], CommandType='"Text"', CommandTimeout='30']
CREATE INDEX "IX_AspNetUserRoles_RoleId" ON "AspNetUserRoles" ("RoleId");
2024-10-06 11:41:19.427 +02:00 [INF] Executed DbCommand (0ms) [Parameters=[], CommandType='"Text"', CommandTimeout='30']
CREATE INDEX "EmailIndex" ON "AspNetUsers" ("NormalizedEmail");
2024-10-06 11:41:19.427 +02:00 [INF] Executed DbCommand (0ms) [Parameters=[], CommandType='"Text"', CommandTimeout='30']
CREATE UNIQUE INDEX "UserNameIndex" ON "AspNetUsers" ("NormalizedUserName");
2024-10-06 11:41:19.427 +02:00 [INF] Executed DbCommand (0ms) [Parameters=[], CommandType='"Text"', CommandTimeout='30']
CREATE INDEX "IX_Comments_PostId" ON "Comments" ("PostId");
2024-10-06 11:41:19.427 +02:00 [INF] Executed DbCommand (0ms) [Parameters=[], CommandType='"Text"', CommandTimeout='30']
CREATE INDEX "IX_Comments_UserId" ON "Comments" ("UserId");
2024-10-06 11:41:19.427 +02:00 [INF] Executed DbCommand (0ms) [Parameters=[], CommandType='"Text"', CommandTimeout='30']
CREATE INDEX "IX_Posts_UserId" ON "Posts" ("UserId");
2024-10-06 11:41:19.551 +02:00 [INF] Executed DbCommand (2ms) [Parameters=[@__normalizedName_0='?' (Size = 5)], CommandType='"Text"', CommandTimeout='30']
SELECT "a"."Id", "a"."ConcurrencyStamp", "a"."Name", "a"."NormalizedName"
FROM "AspNetRoles" AS "a"
WHERE "a"."NormalizedName" = @__normalizedName_0
LIMIT 1
2024-10-06 11:41:19.555 +02:00 [INF] Executed DbCommand (0ms) [Parameters=[@__normalizedName_0='?' (Size = 5)], CommandType='"Text"', CommandTimeout='30']
SELECT "a"."Id", "a"."ConcurrencyStamp", "a"."Name", "a"."NormalizedName"
FROM "AspNetRoles" AS "a"
WHERE "a"."NormalizedName" = @__normalizedName_0
LIMIT 1
2024-10-06 11:41:19.599 +02:00 [INF] Executed DbCommand (0ms) [Parameters=[@p0='?' (Size = 36), @p1='?', @p2='?' (Size = 5), @p3='?' (Size = 5)], CommandType='"Text"', CommandTimeout='30']
INSERT INTO "AspNetRoles" ("Id", "ConcurrencyStamp", "Name", "NormalizedName")
VALUES (@p0, @p1, @p2, @p3);
2024-10-06 11:41:19.601 +02:00 [INF] Executed DbCommand (0ms) [Parameters=[@__normalizedName_0='?' (Size = 4)], CommandType='"Text"', CommandTimeout='30']
SELECT "a"."Id", "a"."ConcurrencyStamp", "a"."Name", "a"."NormalizedName"
FROM "AspNetRoles" AS "a"
WHERE "a"."NormalizedName" = @__normalizedName_0
LIMIT 1
2024-10-06 11:41:19.602 +02:00 [INF] Executed DbCommand (0ms) [Parameters=[@__normalizedName_0='?' (Size = 4)], CommandType='"Text"', CommandTimeout='30']
SELECT "a"."Id", "a"."ConcurrencyStamp", "a"."Name", "a"."NormalizedName"
FROM "AspNetRoles" AS "a"
WHERE "a"."NormalizedName" = @__normalizedName_0
LIMIT 1
2024-10-06 11:41:19.603 +02:00 [INF] Executed DbCommand (0ms) [Parameters=[@p0='?' (Size = 36), @p1='?', @p2='?' (Size = 4), @p3='?' (Size = 4)], CommandType='"Text"', CommandTimeout='30']
INSERT INTO "AspNetRoles" ("Id", "ConcurrencyStamp", "Name", "NormalizedName")
VALUES (@p0, @p1, @p2, @p3);
2024-10-06 11:41:19.607 +02:00 [INF] Executed DbCommand (0ms) [Parameters=[], CommandType='"Text"', CommandTimeout='30']
SELECT EXISTS (
    SELECT 1
    FROM "AspNetUsers" AS "a")
2024-10-06 11:41:19.655 +02:00 [INF] Executed DbCommand (0ms) [Parameters=[@__normalizedUserName_0='?' (Size = 10)], CommandType='"Text"', CommandTimeout='30']
SELECT "a"."Id", "a"."AccessFailedCount", "a"."ConcurrencyStamp", "a"."Email", "a"."EmailConfirmed", "a"."FirstName", "a"."LastName", "a"."LockoutEnabled", "a"."LockoutEnd", "a"."NormalizedEmail", "a"."NormalizedUserName", "a"."PasswordHash", "a"."PhoneNumber", "a"."PhoneNumberConfirmed", "a"."ProfileImageUrl", "a"."SecurityStamp", "a"."TwoFactorEnabled", "a"."UserName"
FROM "AspNetUsers" AS "a"
WHERE "a"."NormalizedUserName" = @__normalizedUserName_0
LIMIT 1
2024-10-06 11:41:19.658 +02:00 [INF] Executed DbCommand (0ms) [Parameters=[@__normalizedEmail_0='?' (Size = 20)], CommandType='"Text"', CommandTimeout='30']
SELECT "a"."Id", "a"."AccessFailedCount", "a"."ConcurrencyStamp", "a"."Email", "a"."EmailConfirmed", "a"."FirstName", "a"."LastName", "a"."LockoutEnabled", "a"."LockoutEnd", "a"."NormalizedEmail", "a"."NormalizedUserName", "a"."PasswordHash", "a"."PhoneNumber", "a"."PhoneNumberConfirmed", "a"."ProfileImageUrl", "a"."SecurityStamp", "a"."TwoFactorEnabled", "a"."UserName"
FROM "AspNetUsers" AS "a"
WHERE "a"."NormalizedEmail" = @__normalizedEmail_0
LIMIT 2
2024-10-06 11:41:19.678 +02:00 [INF] Executed DbCommand (1ms) [Parameters=[@p0='?' (Size = 36), @p1='?' (DbType = Int32), @p2='?' (Size = 36), @p3='?' (Size = 20), @p4='?' (DbType = Boolean), @p5='?' (Size = 4), @p6='?' (Size = 5), @p7='?' (DbType = Boolean), @p8='?' (DbType = DateTimeOffset), @p9='?' (Size = 20), @p10='?' (Size = 10), @p11='?' (Size = 84), @p12='?', @p13='?' (DbType = Boolean), @p14='?' (Size = 26), @p15='?' (Size = 32), @p16='?' (DbType = Boolean), @p17='?' (Size = 10)], CommandType='"Text"', CommandTimeout='30']
INSERT INTO "AspNetUsers" ("Id", "AccessFailedCount", "ConcurrencyStamp", "Email", "EmailConfirmed", "FirstName", "LastName", "LockoutEnabled", "LockoutEnd", "NormalizedEmail", "NormalizedUserName", "PasswordHash", "PhoneNumber", "PhoneNumberConfirmed", "ProfileImageUrl", "SecurityStamp", "TwoFactorEnabled", "UserName")
VALUES (@p0, @p1, @p2, @p3, @p4, @p5, @p6, @p7, @p8, @p9, @p10, @p11, @p12, @p13, @p14, @p15, @p16, @p17);
2024-10-06 11:41:19.681 +02:00 [INF] Executed DbCommand (0ms) [Parameters=[@__normalizedRoleName_0='?' (Size = 4)], CommandType='"Text"', CommandTimeout='30']
SELECT "a"."Id", "a"."ConcurrencyStamp", "a"."Name", "a"."NormalizedName"
FROM "AspNetRoles" AS "a"
WHERE "a"."NormalizedName" = @__normalizedRoleName_0
LIMIT 2
2024-10-06 11:41:19.689 +02:00 [INF] Executed DbCommand (0ms) [Parameters=[@__p_0='?' (Size = 36), @__p_1='?' (Size = 36)], CommandType='"Text"', CommandTimeout='30']
SELECT "a"."UserId", "a"."RoleId"
FROM "AspNetUserRoles" AS "a"
WHERE "a"."UserId" = @__p_0 AND "a"."RoleId" = @__p_1
LIMIT 1
2024-10-06 11:41:19.690 +02:00 [INF] Executed DbCommand (0ms) [Parameters=[@__normalizedRoleName_0='?' (Size = 4)], CommandType='"Text"', CommandTimeout='30']
SELECT "a"."Id", "a"."ConcurrencyStamp", "a"."Name", "a"."NormalizedName"
FROM "AspNetRoles" AS "a"
WHERE "a"."NormalizedName" = @__normalizedRoleName_0
LIMIT 2
2024-10-06 11:41:19.694 +02:00 [INF] Executed DbCommand (0ms) [Parameters=[@__normalizedUserName_0='?' (Size = 10)], CommandType='"Text"', CommandTimeout='30']
SELECT "a"."Id", "a"."AccessFailedCount", "a"."ConcurrencyStamp", "a"."Email", "a"."EmailConfirmed", "a"."FirstName", "a"."LastName", "a"."LockoutEnabled", "a"."LockoutEnd", "a"."NormalizedEmail", "a"."NormalizedUserName", "a"."PasswordHash", "a"."PhoneNumber", "a"."PhoneNumberConfirmed", "a"."ProfileImageUrl", "a"."SecurityStamp", "a"."TwoFactorEnabled", "a"."UserName"
FROM "AspNetUsers" AS "a"
WHERE "a"."NormalizedUserName" = @__normalizedUserName_0
LIMIT 1
2024-10-06 11:41:19.694 +02:00 [INF] Executed DbCommand (0ms) [Parameters=[@__normalizedEmail_0='?' (Size = 20)], CommandType='"Text"', CommandTimeout='30']
SELECT "a"."Id", "a"."AccessFailedCount", "a"."ConcurrencyStamp", "a"."Email", "a"."EmailConfirmed", "a"."FirstName", "a"."LastName", "a"."LockoutEnabled", "a"."LockoutEnd", "a"."NormalizedEmail", "a"."NormalizedUserName", "a"."PasswordHash", "a"."PhoneNumber", "a"."PhoneNumberConfirmed", "a"."ProfileImageUrl", "a"."SecurityStamp", "a"."TwoFactorEnabled", "a"."UserName"
FROM "AspNetUsers" AS "a"
WHERE "a"."NormalizedEmail" = @__normalizedEmail_0
LIMIT 2
2024-10-06 11:41:19.698 +02:00 [INF] Executed DbCommand (0ms) [Parameters=[@p0='?' (Size = 36), @p1='?' (Size = 36)], CommandType='"Text"', CommandTimeout='30']
INSERT INTO "AspNetUserRoles" ("RoleId", "UserId")
VALUES (@p0, @p1);
2024-10-06 11:41:19.699 +02:00 [INF] Executed DbCommand (0ms) [Parameters=[@p17='?' (Size = 36), @p0='?' (DbType = Int32), @p1='?' (Size = 36), @p18='?' (Size = 36), @p2='?' (Size = 20), @p3='?' (DbType = Boolean), @p4='?' (Size = 4), @p5='?' (Size = 5), @p6='?' (DbType = Boolean), @p7='?' (DbType = DateTimeOffset), @p8='?' (Size = 20), @p9='?' (Size = 10), @p10='?' (Size = 84), @p11='?', @p12='?' (DbType = Boolean), @p13='?' (Size = 26), @p14='?' (Size = 32), @p15='?' (DbType = Boolean), @p16='?' (Size = 10)], CommandType='"Text"', CommandTimeout='30']
UPDATE "AspNetUsers" SET "AccessFailedCount" = @p0, "ConcurrencyStamp" = @p1, "Email" = @p2, "EmailConfirmed" = @p3, "FirstName" = @p4, "LastName" = @p5, "LockoutEnabled" = @p6, "LockoutEnd" = @p7, "NormalizedEmail" = @p8, "NormalizedUserName" = @p9, "PasswordHash" = @p10, "PhoneNumber" = @p11, "PhoneNumberConfirmed" = @p12, "ProfileImageUrl" = @p13, "SecurityStamp" = @p14, "TwoFactorEnabled" = @p15, "UserName" = @p16
WHERE "Id" = @p17 AND "ConcurrencyStamp" = @p18
RETURNING 1;
2024-10-06 11:41:19.741 +02:00 [INF] Executed DbCommand (0ms) [Parameters=[@__normalizedUserName_0='?' (Size = 6)], CommandType='"Text"', CommandTimeout='30']
SELECT "a"."Id", "a"."AccessFailedCount", "a"."ConcurrencyStamp", "a"."Email", "a"."EmailConfirmed", "a"."FirstName", "a"."LastName", "a"."LockoutEnabled", "a"."LockoutEnd", "a"."NormalizedEmail", "a"."NormalizedUserName", "a"."PasswordHash", "a"."PhoneNumber", "a"."PhoneNumberConfirmed", "a"."ProfileImageUrl", "a"."SecurityStamp", "a"."TwoFactorEnabled", "a"."UserName"
FROM "AspNetUsers" AS "a"
WHERE "a"."NormalizedUserName" = @__normalizedUserName_0
LIMIT 1
2024-10-06 11:41:19.741 +02:00 [INF] Executed DbCommand (0ms) [Parameters=[@__normalizedEmail_0='?' (Size = 16)], CommandType='"Text"', CommandTimeout='30']
SELECT "a"."Id", "a"."AccessFailedCount", "a"."ConcurrencyStamp", "a"."Email", "a"."EmailConfirmed", "a"."FirstName", "a"."LastName", "a"."LockoutEnabled", "a"."LockoutEnd", "a"."NormalizedEmail", "a"."NormalizedUserName", "a"."PasswordHash", "a"."PhoneNumber", "a"."PhoneNumberConfirmed", "a"."ProfileImageUrl", "a"."SecurityStamp", "a"."TwoFactorEnabled", "a"."UserName"
FROM "AspNetUsers" AS "a"
WHERE "a"."NormalizedEmail" = @__normalizedEmail_0
LIMIT 2
2024-10-06 11:41:19.743 +02:00 [INF] Executed DbCommand (0ms) [Parameters=[@p0='?' (Size = 36), @p1='?' (DbType = Int32), @p2='?' (Size = 36), @p3='?' (Size = 16), @p4='?' (DbType = Boolean), @p5='?' (Size = 10), @p6='?' (Size = 4), @p7='?' (DbType = Boolean), @p8='?' (DbType = DateTimeOffset), @p9='?' (Size = 16), @p10='?' (Size = 6), @p11='?' (Size = 84), @p12='?', @p13='?' (DbType = Boolean), @p14='?' (Size = 26), @p15='?' (Size = 32), @p16='?' (DbType = Boolean), @p17='?' (Size = 6)], CommandType='"Text"', CommandTimeout='30']
INSERT INTO "AspNetUsers" ("Id", "AccessFailedCount", "ConcurrencyStamp", "Email", "EmailConfirmed", "FirstName", "LastName", "LockoutEnabled", "LockoutEnd", "NormalizedEmail", "NormalizedUserName", "PasswordHash", "PhoneNumber", "PhoneNumberConfirmed", "ProfileImageUrl", "SecurityStamp", "TwoFactorEnabled", "UserName")
VALUES (@p0, @p1, @p2, @p3, @p4, @p5, @p6, @p7, @p8, @p9, @p10, @p11, @p12, @p13, @p14, @p15, @p16, @p17);
2024-10-06 11:41:19.743 +02:00 [INF] Executed DbCommand (0ms) [Parameters=[@__normalizedRoleName_0='?' (Size = 4)], CommandType='"Text"', CommandTimeout='30']
SELECT "a"."Id", "a"."ConcurrencyStamp", "a"."Name", "a"."NormalizedName"
FROM "AspNetRoles" AS "a"
WHERE "a"."NormalizedName" = @__normalizedRoleName_0
LIMIT 2
2024-10-06 11:41:19.743 +02:00 [INF] Executed DbCommand (0ms) [Parameters=[@__p_0='?' (Size = 36), @__p_1='?' (Size = 36)], CommandType='"Text"', CommandTimeout='30']
SELECT "a"."UserId", "a"."RoleId"
FROM "AspNetUserRoles" AS "a"
WHERE "a"."UserId" = @__p_0 AND "a"."RoleId" = @__p_1
LIMIT 1
2024-10-06 11:41:19.743 +02:00 [INF] Executed DbCommand (0ms) [Parameters=[@__normalizedRoleName_0='?' (Size = 4)], CommandType='"Text"', CommandTimeout='30']
SELECT "a"."Id", "a"."ConcurrencyStamp", "a"."Name", "a"."NormalizedName"
FROM "AspNetRoles" AS "a"
WHERE "a"."NormalizedName" = @__normalizedRoleName_0
LIMIT 2
2024-10-06 11:41:19.744 +02:00 [INF] Executed DbCommand (0ms) [Parameters=[@__normalizedUserName_0='?' (Size = 6)], CommandType='"Text"', CommandTimeout='30']
SELECT "a"."Id", "a"."AccessFailedCount", "a"."ConcurrencyStamp", "a"."Email", "a"."EmailConfirmed", "a"."FirstName", "a"."LastName", "a"."LockoutEnabled", "a"."LockoutEnd", "a"."NormalizedEmail", "a"."NormalizedUserName", "a"."PasswordHash", "a"."PhoneNumber", "a"."PhoneNumberConfirmed", "a"."ProfileImageUrl", "a"."SecurityStamp", "a"."TwoFactorEnabled", "a"."UserName"
FROM "AspNetUsers" AS "a"
WHERE "a"."NormalizedUserName" = @__normalizedUserName_0
LIMIT 1
2024-10-06 11:41:19.744 +02:00 [INF] Executed DbCommand (0ms) [Parameters=[@__normalizedEmail_0='?' (Size = 16)], CommandType='"Text"', CommandTimeout='30']
SELECT "a"."Id", "a"."AccessFailedCount", "a"."ConcurrencyStamp", "a"."Email", "a"."EmailConfirmed", "a"."FirstName", "a"."LastName", "a"."LockoutEnabled", "a"."LockoutEnd", "a"."NormalizedEmail", "a"."NormalizedUserName", "a"."PasswordHash", "a"."PhoneNumber", "a"."PhoneNumberConfirmed", "a"."ProfileImageUrl", "a"."SecurityStamp", "a"."TwoFactorEnabled", "a"."UserName"
FROM "AspNetUsers" AS "a"
WHERE "a"."NormalizedEmail" = @__normalizedEmail_0
LIMIT 2
2024-10-06 11:41:19.744 +02:00 [INF] Executed DbCommand (0ms) [Parameters=[@p0='?' (Size = 36), @p1='?' (Size = 36)], CommandType='"Text"', CommandTimeout='30']
INSERT INTO "AspNetUserRoles" ("RoleId", "UserId")
VALUES (@p0, @p1);
2024-10-06 11:41:19.744 +02:00 [INF] Executed DbCommand (0ms) [Parameters=[@p17='?' (Size = 36), @p0='?' (DbType = Int32), @p1='?' (Size = 36), @p18='?' (Size = 36), @p2='?' (Size = 16), @p3='?' (DbType = Boolean), @p4='?' (Size = 10), @p5='?' (Size = 4), @p6='?' (DbType = Boolean), @p7='?' (DbType = DateTimeOffset), @p8='?' (Size = 16), @p9='?' (Size = 6), @p10='?' (Size = 84), @p11='?', @p12='?' (DbType = Boolean), @p13='?' (Size = 26), @p14='?' (Size = 32), @p15='?' (DbType = Boolean), @p16='?' (Size = 6)], CommandType='"Text"', CommandTimeout='30']
UPDATE "AspNetUsers" SET "AccessFailedCount" = @p0, "ConcurrencyStamp" = @p1, "Email" = @p2, "EmailConfirmed" = @p3, "FirstName" = @p4, "LastName" = @p5, "LockoutEnabled" = @p6, "LockoutEnd" = @p7, "NormalizedEmail" = @p8, "NormalizedUserName" = @p9, "PasswordHash" = @p10, "PhoneNumber" = @p11, "PhoneNumberConfirmed" = @p12, "ProfileImageUrl" = @p13, "SecurityStamp" = @p14, "TwoFactorEnabled" = @p15, "UserName" = @p16
WHERE "Id" = @p17 AND "ConcurrencyStamp" = @p18
RETURNING 1;
2024-10-06 11:41:19.783 +02:00 [INF] Executed DbCommand (0ms) [Parameters=[@__normalizedUserName_0='?' (Size = 7)], CommandType='"Text"', CommandTimeout='30']
SELECT "a"."Id", "a"."AccessFailedCount", "a"."ConcurrencyStamp", "a"."Email", "a"."EmailConfirmed", "a"."FirstName", "a"."LastName", "a"."LockoutEnabled", "a"."LockoutEnd", "a"."NormalizedEmail", "a"."NormalizedUserName", "a"."PasswordHash", "a"."PhoneNumber", "a"."PhoneNumberConfirmed", "a"."ProfileImageUrl", "a"."SecurityStamp", "a"."TwoFactorEnabled", "a"."UserName"
FROM "AspNetUsers" AS "a"
WHERE "a"."NormalizedUserName" = @__normalizedUserName_0
LIMIT 1
2024-10-06 11:41:19.783 +02:00 [INF] Executed DbCommand (0ms) [Parameters=[@__normalizedEmail_0='?' (Size = 15)], CommandType='"Text"', CommandTimeout='30']
SELECT "a"."Id", "a"."AccessFailedCount", "a"."ConcurrencyStamp", "a"."Email", "a"."EmailConfirmed", "a"."FirstName", "a"."LastName", "a"."LockoutEnabled", "a"."LockoutEnd", "a"."NormalizedEmail", "a"."NormalizedUserName", "a"."PasswordHash", "a"."PhoneNumber", "a"."PhoneNumberConfirmed", "a"."ProfileImageUrl", "a"."SecurityStamp", "a"."TwoFactorEnabled", "a"."UserName"
FROM "AspNetUsers" AS "a"
WHERE "a"."NormalizedEmail" = @__normalizedEmail_0
LIMIT 2
2024-10-06 11:41:19.784 +02:00 [INF] Executed DbCommand (0ms) [Parameters=[@p0='?' (Size = 36), @p1='?' (DbType = Int32), @p2='?' (Size = 36), @p3='?' (Size = 15), @p4='?' (DbType = Boolean), @p5='?' (Size = 6), @p6='?' (Size = 8), @p7='?' (DbType = Boolean), @p8='?' (DbType = DateTimeOffset), @p9='?' (Size = 15), @p10='?' (Size = 7), @p11='?' (Size = 84), @p12='?', @p13='?' (DbType = Boolean), @p14='?' (Size = 26), @p15='?' (Size = 32), @p16='?' (DbType = Boolean), @p17='?' (Size = 7)], CommandType='"Text"', CommandTimeout='30']
INSERT INTO "AspNetUsers" ("Id", "AccessFailedCount", "ConcurrencyStamp", "Email", "EmailConfirmed", "FirstName", "LastName", "LockoutEnabled", "LockoutEnd", "NormalizedEmail", "NormalizedUserName", "PasswordHash", "PhoneNumber", "PhoneNumberConfirmed", "ProfileImageUrl", "SecurityStamp", "TwoFactorEnabled", "UserName")
VALUES (@p0, @p1, @p2, @p3, @p4, @p5, @p6, @p7, @p8, @p9, @p10, @p11, @p12, @p13, @p14, @p15, @p16, @p17);
2024-10-06 11:41:19.784 +02:00 [INF] Executed DbCommand (0ms) [Parameters=[@__normalizedRoleName_0='?' (Size = 4)], CommandType='"Text"', CommandTimeout='30']
SELECT "a"."Id", "a"."ConcurrencyStamp", "a"."Name", "a"."NormalizedName"
FROM "AspNetRoles" AS "a"
WHERE "a"."NormalizedName" = @__normalizedRoleName_0
LIMIT 2
2024-10-06 11:41:19.785 +02:00 [INF] Executed DbCommand (0ms) [Parameters=[@__p_0='?' (Size = 36), @__p_1='?' (Size = 36)], CommandType='"Text"', CommandTimeout='30']
SELECT "a"."UserId", "a"."RoleId"
FROM "AspNetUserRoles" AS "a"
WHERE "a"."UserId" = @__p_0 AND "a"."RoleId" = @__p_1
LIMIT 1
2024-10-06 11:41:19.785 +02:00 [INF] Executed DbCommand (0ms) [Parameters=[@__normalizedRoleName_0='?' (Size = 4)], CommandType='"Text"', CommandTimeout='30']
SELECT "a"."Id", "a"."ConcurrencyStamp", "a"."Name", "a"."NormalizedName"
FROM "AspNetRoles" AS "a"
WHERE "a"."NormalizedName" = @__normalizedRoleName_0
LIMIT 2
2024-10-06 11:41:19.785 +02:00 [INF] Executed DbCommand (0ms) [Parameters=[@__normalizedUserName_0='?' (Size = 7)], CommandType='"Text"', CommandTimeout='30']
SELECT "a"."Id", "a"."AccessFailedCount", "a"."ConcurrencyStamp", "a"."Email", "a"."EmailConfirmed", "a"."FirstName", "a"."LastName", "a"."LockoutEnabled", "a"."LockoutEnd", "a"."NormalizedEmail", "a"."NormalizedUserName", "a"."PasswordHash", "a"."PhoneNumber", "a"."PhoneNumberConfirmed", "a"."ProfileImageUrl", "a"."SecurityStamp", "a"."TwoFactorEnabled", "a"."UserName"
FROM "AspNetUsers" AS "a"
WHERE "a"."NormalizedUserName" = @__normalizedUserName_0
LIMIT 1
2024-10-06 11:41:19.785 +02:00 [INF] Executed DbCommand (0ms) [Parameters=[@__normalizedEmail_0='?' (Size = 15)], CommandType='"Text"', CommandTimeout='30']
SELECT "a"."Id", "a"."AccessFailedCount", "a"."ConcurrencyStamp", "a"."Email", "a"."EmailConfirmed", "a"."FirstName", "a"."LastName", "a"."LockoutEnabled", "a"."LockoutEnd", "a"."NormalizedEmail", "a"."NormalizedUserName", "a"."PasswordHash", "a"."PhoneNumber", "a"."PhoneNumberConfirmed", "a"."ProfileImageUrl", "a"."SecurityStamp", "a"."TwoFactorEnabled", "a"."UserName"
FROM "AspNetUsers" AS "a"
WHERE "a"."NormalizedEmail" = @__normalizedEmail_0
LIMIT 2
2024-10-06 11:41:19.785 +02:00 [INF] Executed DbCommand (0ms) [Parameters=[@p0='?' (Size = 36), @p1='?' (Size = 36)], CommandType='"Text"', CommandTimeout='30']
INSERT INTO "AspNetUserRoles" ("RoleId", "UserId")
VALUES (@p0, @p1);
2024-10-06 11:41:19.785 +02:00 [INF] Executed DbCommand (0ms) [Parameters=[@p17='?' (Size = 36), @p0='?' (DbType = Int32), @p1='?' (Size = 36), @p18='?' (Size = 36), @p2='?' (Size = 15), @p3='?' (DbType = Boolean), @p4='?' (Size = 6), @p5='?' (Size = 8), @p6='?' (DbType = Boolean), @p7='?' (DbType = DateTimeOffset), @p8='?' (Size = 15), @p9='?' (Size = 7), @p10='?' (Size = 84), @p11='?', @p12='?' (DbType = Boolean), @p13='?' (Size = 26), @p14='?' (Size = 32), @p15='?' (DbType = Boolean), @p16='?' (Size = 7)], CommandType='"Text"', CommandTimeout='30']
UPDATE "AspNetUsers" SET "AccessFailedCount" = @p0, "ConcurrencyStamp" = @p1, "Email" = @p2, "EmailConfirmed" = @p3, "FirstName" = @p4, "LastName" = @p5, "LockoutEnabled" = @p6, "LockoutEnd" = @p7, "NormalizedEmail" = @p8, "NormalizedUserName" = @p9, "PasswordHash" = @p10, "PhoneNumber" = @p11, "PhoneNumberConfirmed" = @p12, "ProfileImageUrl" = @p13, "SecurityStamp" = @p14, "TwoFactorEnabled" = @p15, "UserName" = @p16
WHERE "Id" = @p17 AND "ConcurrencyStamp" = @p18
RETURNING 1;
2024-10-06 11:41:19.786 +02:00 [INF] Executed DbCommand (0ms) [Parameters=[@__normalizedEmail_0='?' (Size = 20)], CommandType='"Text"', CommandTimeout='30']
SELECT "a"."Id", "a"."AccessFailedCount", "a"."ConcurrencyStamp", "a"."Email", "a"."EmailConfirmed", "a"."FirstName", "a"."LastName", "a"."LockoutEnabled", "a"."LockoutEnd", "a"."NormalizedEmail", "a"."NormalizedUserName", "a"."PasswordHash", "a"."PhoneNumber", "a"."PhoneNumberConfirmed", "a"."ProfileImageUrl", "a"."SecurityStamp", "a"."TwoFactorEnabled", "a"."UserName"
FROM "AspNetUsers" AS "a"
WHERE "a"."NormalizedEmail" = @__normalizedEmail_0
LIMIT 2
2024-10-06 11:41:19.786 +02:00 [INF] Executed DbCommand (0ms) [Parameters=[@__normalizedEmail_0='?' (Size = 16)], CommandType='"Text"', CommandTimeout='30']
SELECT "a"."Id", "a"."AccessFailedCount", "a"."ConcurrencyStamp", "a"."Email", "a"."EmailConfirmed", "a"."FirstName", "a"."LastName", "a"."LockoutEnabled", "a"."LockoutEnd", "a"."NormalizedEmail", "a"."NormalizedUserName", "a"."PasswordHash", "a"."PhoneNumber", "a"."PhoneNumberConfirmed", "a"."ProfileImageUrl", "a"."SecurityStamp", "a"."TwoFactorEnabled", "a"."UserName"
FROM "AspNetUsers" AS "a"
WHERE "a"."NormalizedEmail" = @__normalizedEmail_0
LIMIT 2
2024-10-06 11:41:19.787 +02:00 [INF] Executed DbCommand (0ms) [Parameters=[], CommandType='"Text"', CommandTimeout='30']
SELECT EXISTS (
    SELECT 1
    FROM "Posts" AS "p")
2024-10-06 11:41:19.803 +02:00 [INF] Executed DbCommand (0ms) [Parameters=[@p0='?' (Size = 21), @p1='?' (Size = 21), @p2='?' (Size = 22), @p3='?' (Size = 36)], CommandType='"Text"', CommandTimeout='30']
INSERT INTO "Posts" ("Caption", "PostDate", "PostImagePath", "UserId")
VALUES (@p0, @p1, @p2, @p3)
RETURNING "PostId";
2024-10-06 11:41:19.808 +02:00 [INF] Executed DbCommand (0ms) [Parameters=[@p0='?' (Size = 17), @p1='?' (Size = 21), @p2='?' (Size = 17), @p3='?' (Size = 36)], CommandType='"Text"', CommandTimeout='30']
INSERT INTO "Posts" ("Caption", "PostDate", "PostImagePath", "UserId")
VALUES (@p0, @p1, @p2, @p3)
RETURNING "PostId";
2024-10-06 11:41:19.808 +02:00 [INF] Executed DbCommand (0ms) [Parameters=[@p0='?' (Size = 42), @p1='?' (Size = 21), @p2='?' (Size = 18), @p3='?' (Size = 36)], CommandType='"Text"', CommandTimeout='30']
INSERT INTO "Posts" ("Caption", "PostDate", "PostImagePath", "UserId")
VALUES (@p0, @p1, @p2, @p3)
RETURNING "PostId";
2024-10-06 11:41:19.813 +02:00 [INF] Executed DbCommand (0ms) [Parameters=[], CommandType='"Text"', CommandTimeout='30']
SELECT "p"."PostId", "p"."Caption", "p"."PostDate", "p"."PostImagePath", "p"."UserId"
FROM "Posts" AS "p"
2024-10-06 11:41:19.814 +02:00 [INF] Executed DbCommand (0ms) [Parameters=[], CommandType='"Text"', CommandTimeout='30']
SELECT EXISTS (
    SELECT 1
    FROM "Comments" AS "c")
2024-10-06 11:41:19.819 +02:00 [INF] Executed DbCommand (0ms) [Parameters=[@p0='?' (Size = 21), @p1='?' (Size = 15), @p2='?' (DbType = Int32), @p3='?' (Size = 36)], CommandType='"Text"', CommandTimeout='30']
INSERT INTO "Comments" ("CommentDate", "CommentText", "PostId", "UserId")
VALUES (@p0, @p1, @p2, @p3)
RETURNING "CommentId";
2024-10-06 11:41:19.820 +02:00 [INF] Executed DbCommand (0ms) [Parameters=[@p0='?' (Size = 21), @p1='?' (Size = 6), @p2='?' (DbType = Int32), @p3='?' (Size = 36)], CommandType='"Text"', CommandTimeout='30']
INSERT INTO "Comments" ("CommentDate", "CommentText", "PostId", "UserId")
VALUES (@p0, @p1, @p2, @p3)
RETURNING "CommentId";
2024-10-06 11:41:19.820 +02:00 [INF] Executed DbCommand (0ms) [Parameters=[@p0='?' (Size = 21), @p1='?' (Size = 21), @p2='?' (DbType = Int32), @p3='?' (Size = 36)], CommandType='"Text"', CommandTimeout='30']
INSERT INTO "Comments" ("CommentDate", "CommentText", "PostId", "UserId")
VALUES (@p0, @p1, @p2, @p3)
RETURNING "CommentId";
2024-10-06 11:41:19.885 +02:00 [INF] Now listening on: http://localhost:5127
2024-10-06 11:41:19.886 +02:00 [INF] Application started. Press Ctrl+C to shut down.
2024-10-06 11:41:19.886 +02:00 [INF] Hosting environment: Development
2024-10-06 11:41:19.887 +02:00 [INF] Content root path: /Users/axel/Documents/Skole/friendly
2024-10-06 11:41:26.129 +02:00 [INF] Request starting HTTP/1.1 POST http://localhost:5127/Identity/Account/Logout?returnUrl=%2F - application/x-www-form-urlencoded 225
2024-10-06 11:41:26.155 +02:00 [INF] Executing endpoint '/Account/Logout'
2024-10-06 11:41:26.164 +02:00 [INF] Route matched with {page = "/Account/Logout", area = "Identity", action = "", controller = ""}. Executing page /Account/Logout
2024-10-06 11:41:26.176 +02:00 [INF] Executing handler method friendly.Areas.Identity.Pages.Account.LogoutModel.OnPost - ModelState is "Valid"
2024-10-06 11:41:26.179 +02:00 [INF] AuthenticationScheme: Identity.Application signed out.
2024-10-06 11:41:26.180 +02:00 [INF] AuthenticationScheme: Identity.External signed out.
2024-10-06 11:41:26.181 +02:00 [INF] AuthenticationScheme: Identity.TwoFactorUserId signed out.
2024-10-06 11:41:26.181 +02:00 [INF] User logged out.
2024-10-06 11:41:26.182 +02:00 [INF] Executed handler method OnPost, returned result Microsoft.AspNetCore.Mvc.LocalRedirectResult.
2024-10-06 11:41:26.183 +02:00 [INF] Executing LocalRedirectResult, redirecting to /.
2024-10-06 11:41:26.186 +02:00 [INF] Executed page /Account/Logout in 18.5592ms
2024-10-06 11:41:26.187 +02:00 [INF] Executed endpoint '/Account/Logout'
2024-10-06 11:41:26.188 +02:00 [INF] Request finished HTTP/1.1 POST http://localhost:5127/Identity/Account/Logout?returnUrl=%2F - 302 0 null 60.6431ms
2024-10-06 11:41:26.194 +02:00 [INF] Request starting HTTP/1.1 GET http://localhost:5127/ - null null
2024-10-06 11:41:26.194 +02:00 [INF] Executing endpoint 'friendly.Controllers.HomeController.Index (friendly)'
2024-10-06 11:41:26.197 +02:00 [INF] Route matched with {action = "Index", controller = "Home", page = "", area = ""}. Executing controller action with signature Microsoft.AspNetCore.Mvc.IActionResult Index() on controller friendly.Controllers.HomeController (friendly).
2024-10-06 11:41:26.199 +02:00 [INF] Executing ViewResult, running view Index.
2024-10-06 11:41:26.223 +02:00 [INF] Executed ViewResult - view Index executed in 25.3829ms.
2024-10-06 11:41:26.224 +02:00 [INF] Executed action friendly.Controllers.HomeController.Index (friendly) in 26.2228ms
2024-10-06 11:41:26.224 +02:00 [INF] Executed endpoint 'friendly.Controllers.HomeController.Index (friendly)'
2024-10-06 11:41:26.224 +02:00 [INF] Request finished HTTP/1.1 GET http://localhost:5127/ - 200 null text/html; charset=utf-8 30.6389ms
2024-10-06 11:41:26.285 +02:00 [INF] Request starting HTTP/1.1 GET http://localhost:5127/lib/jquery-validation-unobtrusive/jquery.validate.unobtrusive.js - null null
2024-10-06 11:41:26.288 +02:00 [INF] Request starting HTTP/1.1 GET http://localhost:5127/lib/jquery-validate/jquery.validate.js - null null
2024-10-06 11:41:26.289 +02:00 [INF] Request finished HTTP/1.1 GET http://localhost:5127/lib/jquery-validation-unobtrusive/jquery.validate.unobtrusive.js - 404 0 null 4.264ms
2024-10-06 11:41:26.289 +02:00 [INF] Request finished HTTP/1.1 GET http://localhost:5127/lib/jquery-validate/jquery.validate.js - 404 0 null 1.1537ms
2024-10-06 11:41:26.290 +02:00 [INF] Request reached the end of the middleware pipeline without being handled by application code. Request path: GET http://localhost:5127/lib/jquery-validate/jquery.validate.js, Response status code: 404
2024-10-06 11:41:26.290 +02:00 [INF] Request reached the end of the middleware pipeline without being handled by application code. Request path: GET http://localhost:5127/lib/jquery-validation-unobtrusive/jquery.validate.unobtrusive.js, Response status code: 404
2024-10-06 11:41:28.571 +02:00 [INF] Request starting HTTP/1.1 GET http://localhost:5127/Identity/Account/Register - null null
2024-10-06 11:41:28.575 +02:00 [INF] Executing endpoint '/Account/Register'
2024-10-06 11:41:28.584 +02:00 [INF] Route matched with {page = "/Account/Register", area = "Identity", action = "", controller = ""}. Executing page /Account/Register
2024-10-06 11:41:28.596 +02:00 [INF] Executing handler method friendly.Areas.Identity.Pages.Account.RegisterModel.OnGetAsync - ModelState is "Valid"
2024-10-06 11:41:28.598 +02:00 [INF] Executed handler method OnGetAsync, returned result .
2024-10-06 11:41:28.604 +02:00 [INF] Executing an implicit handler method - ModelState is "Valid"
2024-10-06 11:41:28.604 +02:00 [INF] Executed an implicit handler method, returned result Microsoft.AspNetCore.Mvc.RazorPages.PageResult.
2024-10-06 11:41:28.637 +02:00 [INF] Executed page /Account/Register in 53.4795ms
2024-10-06 11:41:28.637 +02:00 [INF] Executed endpoint '/Account/Register'
2024-10-06 11:41:28.638 +02:00 [INF] Request finished HTTP/1.1 GET http://localhost:5127/Identity/Account/Register - 200 null text/html; charset=utf-8 66.4025ms
2024-10-06 11:41:28.640 +02:00 [INF] Request starting HTTP/1.1 GET http://localhost:5127/lib/jquery-validation-unobtrusive/jquery.validate.unobtrusive.js - null null
2024-10-06 11:41:28.640 +02:00 [INF] Request starting HTTP/1.1 GET http://localhost:5127/lib/jquery-validation/dist/jquery.validate.min.js - null null
2024-10-06 11:41:28.640 +02:00 [INF] Request finished HTTP/1.1 GET http://localhost:5127/lib/jquery-validation/dist/jquery.validate.min.js - 404 0 null 0.4868ms
2024-10-06 11:41:28.640 +02:00 [INF] Request finished HTTP/1.1 GET http://localhost:5127/lib/jquery-validation-unobtrusive/jquery.validate.unobtrusive.js - 404 0 null 0.6819ms
2024-10-06 11:41:28.640 +02:00 [INF] Request reached the end of the middleware pipeline without being handled by application code. Request path: GET http://localhost:5127/lib/jquery-validation/dist/jquery.validate.min.js, Response status code: 404
2024-10-06 11:41:28.640 +02:00 [INF] Request reached the end of the middleware pipeline without being handled by application code. Request path: GET http://localhost:5127/lib/jquery-validation-unobtrusive/jquery.validate.unobtrusive.js, Response status code: 404
2024-10-06 11:41:28.642 +02:00 [INF] Request starting HTTP/1.1 GET http://localhost:5127/lib/jquery-validation-unobtrusive/jquery.validate.unobtrusive.min.js - null null
2024-10-06 11:41:28.642 +02:00 [INF] Request starting HTTP/1.1 GET http://localhost:5127/lib/jquery-validate/jquery.validate.js - null null
2024-10-06 11:41:28.642 +02:00 [INF] Request finished HTTP/1.1 GET http://localhost:5127/lib/jquery-validation-unobtrusive/jquery.validate.unobtrusive.min.js - 404 0 null 0.2468ms
2024-10-06 11:41:28.643 +02:00 [INF] Request reached the end of the middleware pipeline without being handled by application code. Request path: GET http://localhost:5127/lib/jquery-validation-unobtrusive/jquery.validate.unobtrusive.min.js, Response status code: 404
2024-10-06 11:41:28.643 +02:00 [INF] Request finished HTTP/1.1 GET http://localhost:5127/lib/jquery-validate/jquery.validate.js - 404 0 null 0.3033ms
2024-10-06 11:41:28.643 +02:00 [INF] Request reached the end of the middleware pipeline without being handled by application code. Request path: GET http://localhost:5127/lib/jquery-validate/jquery.validate.js, Response status code: 404
2024-10-06 11:41:45.983 +02:00 [INF] Request starting HTTP/1.1 POST http://localhost:5127/Identity/Account/Register - application/x-www-form-urlencoded 352
2024-10-06 11:41:45.988 +02:00 [INF] Executing endpoint '/Account/Register'
2024-10-06 11:41:45.989 +02:00 [INF] Route matched with {page = "/Account/Register", area = "Identity", action = "", controller = ""}. Executing page /Account/Register
2024-10-06 11:41:46.006 +02:00 [INF] Executing handler method friendly.Areas.Identity.Pages.Account.RegisterModel.OnPostAsync - ModelState is "Invalid"
2024-10-06 11:41:46.007 +02:00 [INF] Executed handler method OnPostAsync, returned result Microsoft.AspNetCore.Mvc.RazorPages.PageResult.
2024-10-06 11:41:46.024 +02:00 [INF] Executed page /Account/Register in 34.5574ms
2024-10-06 11:41:46.024 +02:00 [INF] Executed endpoint '/Account/Register'
2024-10-06 11:41:46.024 +02:00 [INF] Request finished HTTP/1.1 POST http://localhost:5127/Identity/Account/Register - 200 null text/html; charset=utf-8 41.4613ms
2024-10-06 11:41:46.049 +02:00 [INF] Request starting HTTP/1.1 GET http://localhost:5127/lib/jquery-validation-unobtrusive/jquery.validate.unobtrusive.js - null null
2024-10-06 11:41:46.049 +02:00 [INF] Request starting HTTP/1.1 GET http://localhost:5127/lib/jquery-validation/dist/jquery.validate.min.js - null null
2024-10-06 11:41:46.049 +02:00 [INF] Request starting HTTP/1.1 GET http://localhost:5127/lib/jquery-validate/jquery.validate.js - null null
2024-10-06 11:41:46.049 +02:00 [INF] Request starting HTTP/1.1 GET http://localhost:5127/lib/jquery-validation-unobtrusive/jquery.validate.unobtrusive.min.js - null null
2024-10-06 11:41:46.050 +02:00 [INF] Request finished HTTP/1.1 GET http://localhost:5127/lib/jquery-validate/jquery.validate.js - 404 0 null 0.6163ms
2024-10-06 11:41:46.050 +02:00 [INF] Request reached the end of the middleware pipeline without being handled by application code. Request path: GET http://localhost:5127/lib/jquery-validate/jquery.validate.js, Response status code: 404
2024-10-06 11:41:46.050 +02:00 [INF] Request finished HTTP/1.1 GET http://localhost:5127/lib/jquery-validation/dist/jquery.validate.min.js - 404 0 null 0.9502ms
2024-10-06 11:41:46.050 +02:00 [INF] Request reached the end of the middleware pipeline without being handled by application code. Request path: GET http://localhost:5127/lib/jquery-validation/dist/jquery.validate.min.js, Response status code: 404
2024-10-06 11:41:46.050 +02:00 [INF] Request finished HTTP/1.1 GET http://localhost:5127/lib/jquery-validation-unobtrusive/jquery.validate.unobtrusive.min.js - 404 0 null 0.6237ms
2024-10-06 11:41:46.050 +02:00 [INF] Request reached the end of the middleware pipeline without being handled by application code. Request path: GET http://localhost:5127/lib/jquery-validation-unobtrusive/jquery.validate.unobtrusive.min.js, Response status code: 404
2024-10-06 11:41:46.050 +02:00 [INF] Request finished HTTP/1.1 GET http://localhost:5127/lib/jquery-validation-unobtrusive/jquery.validate.unobtrusive.js - 404 0 null 1.1906ms
2024-10-06 11:41:46.050 +02:00 [INF] Request reached the end of the middleware pipeline without being handled by application code. Request path: GET http://localhost:5127/lib/jquery-validation-unobtrusive/jquery.validate.unobtrusive.js, Response status code: 404
2024-10-06 11:41:53.000 +02:00 [INF] Request starting HTTP/1.1 POST http://localhost:5127/Identity/Account/Register - application/x-www-form-urlencoded 352
2024-10-06 11:41:53.002 +02:00 [INF] Executing endpoint '/Account/Register'
2024-10-06 11:41:53.002 +02:00 [INF] Route matched with {page = "/Account/Register", area = "Identity", action = "", controller = ""}. Executing page /Account/Register
2024-10-06 11:41:53.005 +02:00 [INF] Executing handler method friendly.Areas.Identity.Pages.Account.RegisterModel.OnPostAsync - ModelState is "Invalid"
2024-10-06 11:41:53.006 +02:00 [INF] Executed handler method OnPostAsync, returned result Microsoft.AspNetCore.Mvc.RazorPages.PageResult.
2024-10-06 11:41:53.009 +02:00 [INF] Executed page /Account/Register in 7.1883ms
2024-10-06 11:41:53.010 +02:00 [INF] Executed endpoint '/Account/Register'
2024-10-06 11:41:53.010 +02:00 [INF] Request finished HTTP/1.1 POST http://localhost:5127/Identity/Account/Register - 200 null text/html; charset=utf-8 9.9325ms
2024-10-06 11:41:53.023 +02:00 [INF] Request starting HTTP/1.1 GET http://localhost:5127/lib/jquery-validation-unobtrusive/jquery.validate.unobtrusive.js - null null
2024-10-06 11:41:53.023 +02:00 [INF] Request starting HTTP/1.1 GET http://localhost:5127/lib/jquery-validation/dist/jquery.validate.min.js - null null
2024-10-06 11:41:53.023 +02:00 [INF] Request starting HTTP/1.1 GET http://localhost:5127/lib/jquery-validation-unobtrusive/jquery.validate.unobtrusive.min.js - null null
2024-10-06 11:41:53.024 +02:00 [INF] Request finished HTTP/1.1 GET http://localhost:5127/lib/jquery-validation/dist/jquery.validate.min.js - 404 0 null 0.5996ms
2024-10-06 11:41:53.024 +02:00 [INF] Request finished HTTP/1.1 GET http://localhost:5127/lib/jquery-validation-unobtrusive/jquery.validate.unobtrusive.min.js - 404 0 null 0.6135ms
2024-10-06 11:41:53.024 +02:00 [INF] Request reached the end of the middleware pipeline without being handled by application code. Request path: GET http://localhost:5127/lib/jquery-validation/dist/jquery.validate.min.js, Response status code: 404
2024-10-06 11:41:53.024 +02:00 [INF] Request reached the end of the middleware pipeline without being handled by application code. Request path: GET http://localhost:5127/lib/jquery-validation-unobtrusive/jquery.validate.unobtrusive.min.js, Response status code: 404
2024-10-06 11:41:53.024 +02:00 [INF] Request finished HTTP/1.1 GET http://localhost:5127/lib/jquery-validation-unobtrusive/jquery.validate.unobtrusive.js - 404 0 null 0.6083ms
2024-10-06 11:41:53.024 +02:00 [INF] Request reached the end of the middleware pipeline without being handled by application code. Request path: GET http://localhost:5127/lib/jquery-validation-unobtrusive/jquery.validate.unobtrusive.js, Response status code: 404
2024-10-06 11:41:53.024 +02:00 [INF] Request starting HTTP/1.1 GET http://localhost:5127/lib/jquery-validate/jquery.validate.js - null null
2024-10-06 11:41:53.024 +02:00 [INF] Request finished HTTP/1.1 GET http://localhost:5127/lib/jquery-validate/jquery.validate.js - 404 0 null 0.2788ms
2024-10-06 11:41:53.025 +02:00 [INF] Request reached the end of the middleware pipeline without being handled by application code. Request path: GET http://localhost:5127/lib/jquery-validate/jquery.validate.js, Response status code: 404
2024-10-06 11:42:00.458 +02:00 [INF] Request starting HTTP/1.1 POST http://localhost:5127/Identity/Account/Register - application/x-www-form-urlencoded 352
2024-10-06 11:42:00.459 +02:00 [INF] Executing endpoint '/Account/Register'
2024-10-06 11:42:00.459 +02:00 [INF] Route matched with {page = "/Account/Register", area = "Identity", action = "", controller = ""}. Executing page /Account/Register
2024-10-06 11:42:00.461 +02:00 [INF] Executing handler method friendly.Areas.Identity.Pages.Account.RegisterModel.OnPostAsync - ModelState is "Valid"
2024-10-06 11:42:00.538 +02:00 [INF] Executed DbCommand (0ms) [Parameters=[@__normalizedUserName_0='?' (Size = 9)], CommandType='"Text"', CommandTimeout='30']
SELECT "a"."Id", "a"."AccessFailedCount", "a"."ConcurrencyStamp", "a"."Email", "a"."EmailConfirmed", "a"."FirstName", "a"."LastName", "a"."LockoutEnabled", "a"."LockoutEnd", "a"."NormalizedEmail", "a"."NormalizedUserName", "a"."PasswordHash", "a"."PhoneNumber", "a"."PhoneNumberConfirmed", "a"."ProfileImageUrl", "a"."SecurityStamp", "a"."TwoFactorEnabled", "a"."UserName"
FROM "AspNetUsers" AS "a"
WHERE "a"."NormalizedUserName" = @__normalizedUserName_0
LIMIT 1
2024-10-06 11:42:00.538 +02:00 [INF] Executed DbCommand (0ms) [Parameters=[@__normalizedEmail_0='?' (Size = 20)], CommandType='"Text"', CommandTimeout='30']
SELECT "a"."Id", "a"."AccessFailedCount", "a"."ConcurrencyStamp", "a"."Email", "a"."EmailConfirmed", "a"."FirstName", "a"."LastName", "a"."LockoutEnabled", "a"."LockoutEnd", "a"."NormalizedEmail", "a"."NormalizedUserName", "a"."PasswordHash", "a"."PhoneNumber", "a"."PhoneNumberConfirmed", "a"."ProfileImageUrl", "a"."SecurityStamp", "a"."TwoFactorEnabled", "a"."UserName"
FROM "AspNetUsers" AS "a"
WHERE "a"."NormalizedEmail" = @__normalizedEmail_0
LIMIT 2
2024-10-06 11:42:00.540 +02:00 [INF] Executed DbCommand (0ms) [Parameters=[@p0='?' (Size = 36), @p1='?' (DbType = Int32), @p2='?' (Size = 36), @p3='?' (Size = 20), @p4='?' (DbType = Boolean), @p5='?', @p6='?', @p7='?' (DbType = Boolean), @p8='?' (DbType = DateTimeOffset), @p9='?' (Size = 20), @p10='?' (Size = 9), @p11='?' (Size = 84), @p12='?', @p13='?' (DbType = Boolean), @p14='?', @p15='?' (Size = 32), @p16='?' (DbType = Boolean), @p17='?' (Size = 9)], CommandType='"Text"', CommandTimeout='30']
INSERT INTO "AspNetUsers" ("Id", "AccessFailedCount", "ConcurrencyStamp", "Email", "EmailConfirmed", "FirstName", "LastName", "LockoutEnabled", "LockoutEnd", "NormalizedEmail", "NormalizedUserName", "PasswordHash", "PhoneNumber", "PhoneNumberConfirmed", "ProfileImageUrl", "SecurityStamp", "TwoFactorEnabled", "UserName")
VALUES (@p0, @p1, @p2, @p3, @p4, @p5, @p6, @p7, @p8, @p9, @p10, @p11, @p12, @p13, @p14, @p15, @p16, @p17);
2024-10-06 11:42:00.540 +02:00 [INF] User created a new account with password.
2024-10-06 11:42:00.556 +02:00 [INF] Executed DbCommand (0ms) [Parameters=[@__user_Id_0='?' (Size = 36)], CommandType='"Text"', CommandTimeout='30']
SELECT "a"."Id", "a"."ClaimType", "a"."ClaimValue", "a"."UserId"
FROM "AspNetUserClaims" AS "a"
WHERE "a"."UserId" = @__user_Id_0
2024-10-06 11:42:00.563 +02:00 [INF] Executed DbCommand (0ms) [Parameters=[@__userId_0='?' (Size = 36)], CommandType='"Text"', CommandTimeout='30']
SELECT "a0"."Name"
FROM "AspNetUserRoles" AS "a"
INNER JOIN "AspNetRoles" AS "a0" ON "a"."RoleId" = "a0"."Id"
WHERE "a"."UserId" = @__userId_0
2024-10-06 11:42:00.563 +02:00 [INF] AuthenticationScheme: Identity.Application signed in.
2024-10-06 11:42:00.563 +02:00 [INF] Executed handler method OnPostAsync, returned result Microsoft.AspNetCore.Mvc.LocalRedirectResult.
2024-10-06 11:42:00.563 +02:00 [INF] Executing LocalRedirectResult, redirecting to /.
2024-10-06 11:42:00.563 +02:00 [INF] Executed page /Account/Register in 104.2814ms
2024-10-06 11:42:00.564 +02:00 [INF] Executed endpoint '/Account/Register'
2024-10-06 11:42:00.565 +02:00 [INF] Request finished HTTP/1.1 POST http://localhost:5127/Identity/Account/Register - 302 0 null 107.1164ms
2024-10-06 11:42:00.568 +02:00 [INF] Request starting HTTP/1.1 GET http://localhost:5127/ - null null
2024-10-06 11:42:00.568 +02:00 [INF] Executing endpoint 'friendly.Controllers.HomeController.Index (friendly)'
2024-10-06 11:42:00.568 +02:00 [INF] Route matched with {action = "Index", controller = "Home", page = "", area = ""}. Executing controller action with signature Microsoft.AspNetCore.Mvc.IActionResult Index() on controller friendly.Controllers.HomeController (friendly).
2024-10-06 11:42:00.569 +02:00 [INF] Executing ViewResult, running view Index.
2024-10-06 11:42:00.570 +02:00 [INF] Executed ViewResult - view Index executed in 1.331ms.
2024-10-06 11:42:00.570 +02:00 [INF] Executed action friendly.Controllers.HomeController.Index (friendly) in 1.4998ms
2024-10-06 11:42:00.570 +02:00 [INF] Executed endpoint 'friendly.Controllers.HomeController.Index (friendly)'
2024-10-06 11:42:00.570 +02:00 [INF] Request finished HTTP/1.1 GET http://localhost:5127/ - 200 null text/html; charset=utf-8 2.3094ms
2024-10-06 11:42:00.580 +02:00 [INF] Request starting HTTP/1.1 GET http://localhost:5127/lib/jquery-validate/jquery.validate.js - null null
2024-10-06 11:42:00.580 +02:00 [INF] Request starting HTTP/1.1 GET http://localhost:5127/lib/jquery-validation-unobtrusive/jquery.validate.unobtrusive.js - null null
2024-10-06 11:42:00.581 +02:00 [INF] Request finished HTTP/1.1 GET http://localhost:5127/lib/jquery-validation-unobtrusive/jquery.validate.unobtrusive.js - 404 0 null 1.475ms
2024-10-06 11:42:00.581 +02:00 [INF] Request reached the end of the middleware pipeline without being handled by application code. Request path: GET http://localhost:5127/lib/jquery-validation-unobtrusive/jquery.validate.unobtrusive.js, Response status code: 404
2024-10-06 11:42:00.581 +02:00 [INF] Request finished HTTP/1.1 GET http://localhost:5127/lib/jquery-validate/jquery.validate.js - 404 0 null 1.475ms
2024-10-06 11:42:00.581 +02:00 [INF] Request reached the end of the middleware pipeline without being handled by application code. Request path: GET http://localhost:5127/lib/jquery-validate/jquery.validate.js, Response status code: 404
2024-10-06 11:42:02.622 +02:00 [INF] Request starting HTTP/1.1 GET http://localhost:5127/Identity/Account/Manage - null null
2024-10-06 11:42:02.625 +02:00 [INF] Executing endpoint '/Account/Manage/Index'
2024-10-06 11:42:02.635 +02:00 [INF] Route matched with {page = "/Account/Manage/Index", area = "Identity", action = "", controller = ""}. Executing page /Account/Manage/Index
2024-10-06 11:42:02.636 +02:00 [INF] Executing handler method friendly.Areas.Identity.Pages.Account.Manage.IndexModel.OnGetAsync - ModelState is "Valid"
2024-10-06 11:42:02.678 +02:00 [INF] Executed DbCommand (0ms) [Parameters=[@__p_0='?' (Size = 36)], CommandType='"Text"', CommandTimeout='30']
SELECT "a"."Id", "a"."AccessFailedCount", "a"."ConcurrencyStamp", "a"."Email", "a"."EmailConfirmed", "a"."FirstName", "a"."LastName", "a"."LockoutEnabled", "a"."LockoutEnd", "a"."NormalizedEmail", "a"."NormalizedUserName", "a"."PasswordHash", "a"."PhoneNumber", "a"."PhoneNumberConfirmed", "a"."ProfileImageUrl", "a"."SecurityStamp", "a"."TwoFactorEnabled", "a"."UserName"
FROM "AspNetUsers" AS "a"
WHERE "a"."Id" = @__p_0
LIMIT 1
2024-10-06 11:42:02.683 +02:00 [INF] Executed handler method OnGetAsync, returned result Microsoft.AspNetCore.Mvc.RazorPages.PageResult.
2024-10-06 11:42:02.698 +02:00 [INF] Executed page /Account/Manage/Index in 63.6665ms
2024-10-06 11:42:02.698 +02:00 [INF] Executed endpoint '/Account/Manage/Index'
2024-10-06 11:42:02.699 +02:00 [INF] Request finished HTTP/1.1 GET http://localhost:5127/Identity/Account/Manage - 200 null text/html; charset=utf-8 76.5816ms
2024-10-06 11:42:02.701 +02:00 [INF] Request starting HTTP/1.1 GET http://localhost:5127/lib/jquery-validation-unobtrusive/jquery.validate.unobtrusive.js - null null
2024-10-06 11:42:02.701 +02:00 [INF] Request starting HTTP/1.1 GET http://localhost:5127/lib/jquery-validate/jquery.validate.js - null null
2024-10-06 11:42:02.701 +02:00 [INF] Request finished HTTP/1.1 GET http://localhost:5127/lib/jquery-validation-unobtrusive/jquery.validate.unobtrusive.js - 404 0 null 0.3164ms
2024-10-06 11:42:02.701 +02:00 [INF] Request finished HTTP/1.1 GET http://localhost:5127/lib/jquery-validate/jquery.validate.js - 404 0 null 0.2611ms
2024-10-06 11:42:02.701 +02:00 [INF] Request reached the end of the middleware pipeline without being handled by application code. Request path: GET http://localhost:5127/lib/jquery-validate/jquery.validate.js, Response status code: 404
2024-10-06 11:42:02.701 +02:00 [INF] Request reached the end of the middleware pipeline without being handled by application code. Request path: GET http://localhost:5127/lib/jquery-validation-unobtrusive/jquery.validate.unobtrusive.js, Response status code: 404
2024-10-06 11:42:02.739 +02:00 [INF] Request starting HTTP/1.1 GET http://localhost:5127/lib/jquery-validation-unobtrusive/jquery.validate.unobtrusive.min.js - null null
2024-10-06 11:42:02.739 +02:00 [INF] Request starting HTTP/1.1 GET http://localhost:5127/lib/jquery-validation/dist/jquery.validate.min.js - null null
2024-10-06 11:42:02.740 +02:00 [INF] Request finished HTTP/1.1 GET http://localhost:5127/lib/jquery-validation-unobtrusive/jquery.validate.unobtrusive.min.js - 404 0 null 0.5931ms
2024-10-06 11:42:02.740 +02:00 [INF] Request reached the end of the middleware pipeline without being handled by application code. Request path: GET http://localhost:5127/lib/jquery-validation-unobtrusive/jquery.validate.unobtrusive.min.js, Response status code: 404
2024-10-06 11:42:02.740 +02:00 [INF] Request finished HTTP/1.1 GET http://localhost:5127/lib/jquery-validation/dist/jquery.validate.min.js - 404 0 null 0.7152ms
2024-10-06 11:42:02.740 +02:00 [INF] Request reached the end of the middleware pipeline without being handled by application code. Request path: GET http://localhost:5127/lib/jquery-validation/dist/jquery.validate.min.js, Response status code: 404
2024-10-06 11:42:12.982 +02:00 [INF] Request starting HTTP/1.1 POST http://localhost:5127/Identity/Account/Manage - application/x-www-form-urlencoded 299
2024-10-06 11:42:12.985 +02:00 [INF] Executing endpoint '/Account/Manage/Index'
2024-10-06 11:42:12.985 +02:00 [INF] Route matched with {page = "/Account/Manage/Index", area = "Identity", action = "", controller = ""}. Executing page /Account/Manage/Index
2024-10-06 11:42:12.989 +02:00 [INF] Executing handler method friendly.Areas.Identity.Pages.Account.Manage.IndexModel.OnPostAsync - ModelState is "Valid"
2024-10-06 11:42:12.996 +02:00 [INF] Executed DbCommand (0ms) [Parameters=[@__p_0='?' (Size = 36)], CommandType='"Text"', CommandTimeout='30']
SELECT "a"."Id", "a"."AccessFailedCount", "a"."ConcurrencyStamp", "a"."Email", "a"."EmailConfirmed", "a"."FirstName", "a"."LastName", "a"."LockoutEnabled", "a"."LockoutEnd", "a"."NormalizedEmail", "a"."NormalizedUserName", "a"."PasswordHash", "a"."PhoneNumber", "a"."PhoneNumberConfirmed", "a"."ProfileImageUrl", "a"."SecurityStamp", "a"."TwoFactorEnabled", "a"."UserName"
FROM "AspNetUsers" AS "a"
WHERE "a"."Id" = @__p_0
LIMIT 1
2024-10-06 11:42:13.001 +02:00 [INF] Executed DbCommand (0ms) [Parameters=[@__normalizedUserName_0='?' (Size = 9)], CommandType='"Text"', CommandTimeout='30']
SELECT "a"."Id", "a"."AccessFailedCount", "a"."ConcurrencyStamp", "a"."Email", "a"."EmailConfirmed", "a"."FirstName", "a"."LastName", "a"."LockoutEnabled", "a"."LockoutEnd", "a"."NormalizedEmail", "a"."NormalizedUserName", "a"."PasswordHash", "a"."PhoneNumber", "a"."PhoneNumberConfirmed", "a"."ProfileImageUrl", "a"."SecurityStamp", "a"."TwoFactorEnabled", "a"."UserName"
FROM "AspNetUsers" AS "a"
WHERE "a"."NormalizedUserName" = @__normalizedUserName_0
LIMIT 1
2024-10-06 11:42:13.001 +02:00 [INF] Executed DbCommand (0ms) [Parameters=[@__normalizedEmail_0='?' (Size = 20)], CommandType='"Text"', CommandTimeout='30']
SELECT "a"."Id", "a"."AccessFailedCount", "a"."ConcurrencyStamp", "a"."Email", "a"."EmailConfirmed", "a"."FirstName", "a"."LastName", "a"."LockoutEnabled", "a"."LockoutEnd", "a"."NormalizedEmail", "a"."NormalizedUserName", "a"."PasswordHash", "a"."PhoneNumber", "a"."PhoneNumberConfirmed", "a"."ProfileImageUrl", "a"."SecurityStamp", "a"."TwoFactorEnabled", "a"."UserName"
FROM "AspNetUsers" AS "a"
WHERE "a"."NormalizedEmail" = @__normalizedEmail_0
LIMIT 2
2024-10-06 11:42:13.004 +02:00 [INF] Executed DbCommand (0ms) [Parameters=[@p17='?' (Size = 36), @p0='?' (DbType = Int32), @p1='?' (Size = 36), @p18='?' (Size = 36), @p2='?' (Size = 20), @p3='?' (DbType = Boolean), @p4='?' (Size = 4), @p5='?' (Size = 5), @p6='?' (DbType = Boolean), @p7='?' (DbType = DateTimeOffset), @p8='?' (Size = 20), @p9='?' (Size = 9), @p10='?' (Size = 84), @p11='?' (Size = 8), @p12='?' (DbType = Boolean), @p13='?', @p14='?' (Size = 32), @p15='?' (DbType = Boolean), @p16='?' (Size = 9)], CommandType='"Text"', CommandTimeout='30']
UPDATE "AspNetUsers" SET "AccessFailedCount" = @p0, "ConcurrencyStamp" = @p1, "Email" = @p2, "EmailConfirmed" = @p3, "FirstName" = @p4, "LastName" = @p5, "LockoutEnabled" = @p6, "LockoutEnd" = @p7, "NormalizedEmail" = @p8, "NormalizedUserName" = @p9, "PasswordHash" = @p10, "PhoneNumber" = @p11, "PhoneNumberConfirmed" = @p12, "ProfileImageUrl" = @p13, "SecurityStamp" = @p14, "TwoFactorEnabled" = @p15, "UserName" = @p16
WHERE "Id" = @p17 AND "ConcurrencyStamp" = @p18
RETURNING 1;
2024-10-06 11:42:13.005 +02:00 [INF] Executed DbCommand (0ms) [Parameters=[@__normalizedUserName_0='?' (Size = 9)], CommandType='"Text"', CommandTimeout='30']
SELECT "a"."Id", "a"."AccessFailedCount", "a"."ConcurrencyStamp", "a"."Email", "a"."EmailConfirmed", "a"."FirstName", "a"."LastName", "a"."LockoutEnabled", "a"."LockoutEnd", "a"."NormalizedEmail", "a"."NormalizedUserName", "a"."PasswordHash", "a"."PhoneNumber", "a"."PhoneNumberConfirmed", "a"."ProfileImageUrl", "a"."SecurityStamp", "a"."TwoFactorEnabled", "a"."UserName"
FROM "AspNetUsers" AS "a"
WHERE "a"."NormalizedUserName" = @__normalizedUserName_0
LIMIT 1
2024-10-06 11:42:13.006 +02:00 [INF] Executed DbCommand (0ms) [Parameters=[@__normalizedEmail_0='?' (Size = 20)], CommandType='"Text"', CommandTimeout='30']
SELECT "a"."Id", "a"."AccessFailedCount", "a"."ConcurrencyStamp", "a"."Email", "a"."EmailConfirmed", "a"."FirstName", "a"."LastName", "a"."LockoutEnabled", "a"."LockoutEnd", "a"."NormalizedEmail", "a"."NormalizedUserName", "a"."PasswordHash", "a"."PhoneNumber", "a"."PhoneNumberConfirmed", "a"."ProfileImageUrl", "a"."SecurityStamp", "a"."TwoFactorEnabled", "a"."UserName"
FROM "AspNetUsers" AS "a"
WHERE "a"."NormalizedEmail" = @__normalizedEmail_0
LIMIT 2
2024-10-06 11:42:13.006 +02:00 [INF] Executed DbCommand (0ms) [Parameters=[@p17='?' (Size = 36), @p0='?' (DbType = Int32), @p1='?' (Size = 36), @p18='?' (Size = 36), @p2='?' (Size = 20), @p3='?' (DbType = Boolean), @p4='?' (Size = 4), @p5='?' (Size = 5), @p6='?' (DbType = Boolean), @p7='?' (DbType = DateTimeOffset), @p8='?' (Size = 20), @p9='?' (Size = 9), @p10='?' (Size = 84), @p11='?' (Size = 8), @p12='?' (DbType = Boolean), @p13='?', @p14='?' (Size = 32), @p15='?' (DbType = Boolean), @p16='?' (Size = 9)], CommandType='"Text"', CommandTimeout='30']
UPDATE "AspNetUsers" SET "AccessFailedCount" = @p0, "ConcurrencyStamp" = @p1, "Email" = @p2, "EmailConfirmed" = @p3, "FirstName" = @p4, "LastName" = @p5, "LockoutEnabled" = @p6, "LockoutEnd" = @p7, "NormalizedEmail" = @p8, "NormalizedUserName" = @p9, "PasswordHash" = @p10, "PhoneNumber" = @p11, "PhoneNumberConfirmed" = @p12, "ProfileImageUrl" = @p13, "SecurityStamp" = @p14, "TwoFactorEnabled" = @p15, "UserName" = @p16
WHERE "Id" = @p17 AND "ConcurrencyStamp" = @p18
RETURNING 1;
2024-10-06 11:42:13.008 +02:00 [INF] Executed DbCommand (0ms) [Parameters=[@__user_Id_0='?' (Size = 36)], CommandType='"Text"', CommandTimeout='30']
SELECT "a"."Id", "a"."ClaimType", "a"."ClaimValue", "a"."UserId"
FROM "AspNetUserClaims" AS "a"
WHERE "a"."UserId" = @__user_Id_0
2024-10-06 11:42:13.009 +02:00 [INF] Executed DbCommand (0ms) [Parameters=[@__userId_0='?' (Size = 36)], CommandType='"Text"', CommandTimeout='30']
SELECT "a0"."Name"
FROM "AspNetUserRoles" AS "a"
INNER JOIN "AspNetRoles" AS "a0" ON "a"."RoleId" = "a0"."Id"
WHERE "a"."UserId" = @__userId_0
2024-10-06 11:42:13.009 +02:00 [INF] AuthenticationScheme: Identity.Application signed in.
2024-10-06 11:42:13.010 +02:00 [INF] Executed handler method OnPostAsync, returned result Microsoft.AspNetCore.Mvc.RedirectToPageResult.
2024-10-06 11:42:13.010 +02:00 [INF] Executing RedirectToPageResult, redirecting to null.
2024-10-06 11:42:13.011 +02:00 [INF] Executed page /Account/Manage/Index in 25.9066ms
2024-10-06 11:42:13.011 +02:00 [INF] Executed endpoint '/Account/Manage/Index'
2024-10-06 11:42:13.012 +02:00 [INF] Request finished HTTP/1.1 POST http://localhost:5127/Identity/Account/Manage - 302 0 null 29.8104ms
2024-10-06 11:42:13.039 +02:00 [INF] Request starting HTTP/1.1 GET http://localhost:5127/Identity/Account/Manage - null null
2024-10-06 11:42:13.041 +02:00 [INF] Executing endpoint '/Account/Manage/Index'
2024-10-06 11:42:13.042 +02:00 [INF] Route matched with {page = "/Account/Manage/Index", area = "Identity", action = "", controller = ""}. Executing page /Account/Manage/Index
2024-10-06 11:42:13.043 +02:00 [INF] Executing handler method friendly.Areas.Identity.Pages.Account.Manage.IndexModel.OnGetAsync - ModelState is "Valid"
2024-10-06 11:42:13.044 +02:00 [INF] Executed DbCommand (0ms) [Parameters=[@__p_0='?' (Size = 36)], CommandType='"Text"', CommandTimeout='30']
SELECT "a"."Id", "a"."AccessFailedCount", "a"."ConcurrencyStamp", "a"."Email", "a"."EmailConfirmed", "a"."FirstName", "a"."LastName", "a"."LockoutEnabled", "a"."LockoutEnd", "a"."NormalizedEmail", "a"."NormalizedUserName", "a"."PasswordHash", "a"."PhoneNumber", "a"."PhoneNumberConfirmed", "a"."ProfileImageUrl", "a"."SecurityStamp", "a"."TwoFactorEnabled", "a"."UserName"
FROM "AspNetUsers" AS "a"
WHERE "a"."Id" = @__p_0
LIMIT 1
2024-10-06 11:42:13.045 +02:00 [INF] Executed handler method OnGetAsync, returned result Microsoft.AspNetCore.Mvc.RazorPages.PageResult.
2024-10-06 11:42:13.049 +02:00 [INF] Executed page /Account/Manage/Index in 7.0616ms
2024-10-06 11:42:13.049 +02:00 [INF] Executed endpoint '/Account/Manage/Index'
2024-10-06 11:42:13.050 +02:00 [INF] Request finished HTTP/1.1 GET http://localhost:5127/Identity/Account/Manage - 200 null text/html; charset=utf-8 10.291ms
2024-10-06 11:42:13.072 +02:00 [INF] Request starting HTTP/1.1 GET http://localhost:5127/lib/jquery-validation-unobtrusive/jquery.validate.unobtrusive.js - null null
2024-10-06 11:42:13.072 +02:00 [INF] Request starting HTTP/1.1 GET http://localhost:5127/lib/jquery-validation/dist/jquery.validate.min.js - null null
2024-10-06 11:42:13.072 +02:00 [INF] Request starting HTTP/1.1 GET http://localhost:5127/lib/jquery-validation-unobtrusive/jquery.validate.unobtrusive.min.js - null null
2024-10-06 11:42:13.074 +02:00 [INF] Request finished HTTP/1.1 GET http://localhost:5127/lib/jquery-validation-unobtrusive/jquery.validate.unobtrusive.js - 404 0 null 1.8124ms
2024-10-06 11:42:13.074 +02:00 [INF] Request finished HTTP/1.1 GET http://localhost:5127/lib/jquery-validation/dist/jquery.validate.min.js - 404 0 null 1.403ms
2024-10-06 11:42:13.074 +02:00 [INF] Request finished HTTP/1.1 GET http://localhost:5127/lib/jquery-validation-unobtrusive/jquery.validate.unobtrusive.min.js - 404 0 null 1.4744ms
2024-10-06 11:42:13.074 +02:00 [INF] Request reached the end of the middleware pipeline without being handled by application code. Request path: GET http://localhost:5127/lib/jquery-validation-unobtrusive/jquery.validate.unobtrusive.min.js, Response status code: 404
2024-10-06 11:42:13.074 +02:00 [INF] Request reached the end of the middleware pipeline without being handled by application code. Request path: GET http://localhost:5127/lib/jquery-validation-unobtrusive/jquery.validate.unobtrusive.js, Response status code: 404
2024-10-06 11:42:13.074 +02:00 [INF] Request reached the end of the middleware pipeline without being handled by application code. Request path: GET http://localhost:5127/lib/jquery-validation/dist/jquery.validate.min.js, Response status code: 404
2024-10-06 11:42:13.074 +02:00 [INF] Request starting HTTP/1.1 GET http://localhost:5127/lib/jquery-validate/jquery.validate.js - null null
2024-10-06 11:42:13.075 +02:00 [INF] Request finished HTTP/1.1 GET http://localhost:5127/lib/jquery-validate/jquery.validate.js - 404 0 null 0.9408ms
2024-10-06 11:42:13.075 +02:00 [INF] Request reached the end of the middleware pipeline without being handled by application code. Request path: GET http://localhost:5127/lib/jquery-validate/jquery.validate.js, Response status code: 404
2024-10-06 11:42:15.536 +02:00 [INF] Request starting HTTP/1.1 GET http://localhost:5127/Post/Table - null null
2024-10-06 11:42:15.537 +02:00 [INF] Executing endpoint 'friendly.Controllers.PostController.Table (friendly)'
2024-10-06 11:42:15.541 +02:00 [INF] Route matched with {action = "Table", controller = "Post", page = "", area = ""}. Executing controller action with signature System.Threading.Tasks.Task`1[Microsoft.AspNetCore.Mvc.IActionResult] Table() on controller friendly.Controllers.PostController (friendly).
2024-10-06 11:42:15.552 +02:00 [INF] Executed DbCommand (0ms) [Parameters=[], CommandType='"Text"', CommandTimeout='30']
SELECT "p"."PostId", "p"."Caption", "p"."PostDate", "p"."PostImagePath", "p"."UserId"
FROM "Posts" AS "p"
ORDER BY "p"."PostDate" DESC
2024-10-06 11:42:15.554 +02:00 [INF] Executing ViewResult, running view Table.
2024-10-06 11:42:15.604 +02:00 [INF] Executed DbCommand (0ms) [Parameters=[@__p_0='?' (Size = 36)], CommandType='"Text"', CommandTimeout='30']
SELECT "a"."Id", "a"."AccessFailedCount", "a"."ConcurrencyStamp", "a"."Email", "a"."EmailConfirmed", "a"."FirstName", "a"."LastName", "a"."LockoutEnabled", "a"."LockoutEnd", "a"."NormalizedEmail", "a"."NormalizedUserName", "a"."PasswordHash", "a"."PhoneNumber", "a"."PhoneNumberConfirmed", "a"."ProfileImageUrl", "a"."SecurityStamp", "a"."TwoFactorEnabled", "a"."UserName"
FROM "AspNetUsers" AS "a"
WHERE "a"."Id" = @__p_0
LIMIT 1
2024-10-06 11:42:15.615 +02:00 [INF] Executed DbCommand (0ms) [Parameters=[@__p_0='?' (DbType = Int32)], CommandType='"Text"', CommandTimeout='30']
SELECT "c"."CommentId", "c"."CommentDate", "c"."CommentText", "c"."PostId", "c"."UserId"
FROM "Comments" AS "c"
WHERE "c"."PostId" = @__p_0
2024-10-06 11:42:15.620 +02:00 [INF] Executed DbCommand (0ms) [Parameters=[@__p_0='?' (Size = 36)], CommandType='"Text"', CommandTimeout='30']
SELECT "a"."Id", "a"."AccessFailedCount", "a"."ConcurrencyStamp", "a"."Email", "a"."EmailConfirmed", "a"."FirstName", "a"."LastName", "a"."LockoutEnabled", "a"."LockoutEnd", "a"."NormalizedEmail", "a"."NormalizedUserName", "a"."PasswordHash", "a"."PhoneNumber", "a"."PhoneNumberConfirmed", "a"."ProfileImageUrl", "a"."SecurityStamp", "a"."TwoFactorEnabled", "a"."UserName"
FROM "AspNetUsers" AS "a"
WHERE "a"."Id" = @__p_0
LIMIT 1
2024-10-06 11:42:15.621 +02:00 [INF] Executed DbCommand (0ms) [Parameters=[@__p_0='?' (DbType = Int32)], CommandType='"Text"', CommandTimeout='30']
SELECT "c"."CommentId", "c"."CommentDate", "c"."CommentText", "c"."PostId", "c"."UserId"
FROM "Comments" AS "c"
WHERE "c"."PostId" = @__p_0
2024-10-06 11:42:15.622 +02:00 [INF] Executed DbCommand (0ms) [Parameters=[@__p_0='?' (DbType = Int32)], CommandType='"Text"', CommandTimeout='30']
SELECT "c"."CommentId", "c"."CommentDate", "c"."CommentText", "c"."PostId", "c"."UserId"
FROM "Comments" AS "c"
WHERE "c"."PostId" = @__p_0
2024-10-06 11:42:15.623 +02:00 [INF] Executed ViewResult - view Table executed in 69.5053ms.
2024-10-06 11:42:15.623 +02:00 [INF] Executed action friendly.Controllers.PostController.Table (friendly) in 81.4324ms
2024-10-06 11:42:15.623 +02:00 [INF] Executed endpoint 'friendly.Controllers.PostController.Table (friendly)'
2024-10-06 11:42:15.623 +02:00 [INF] Request finished HTTP/1.1 GET http://localhost:5127/Post/Table - 200 null text/html; charset=utf-8 86.5667ms
2024-10-06 11:42:15.624 +02:00 [INF] Request starting HTTP/1.1 GET http://localhost:5127/lib/jquery-validation-unobtrusive/jquery.validate.unobtrusive.js - null null
2024-10-06 11:42:15.625 +02:00 [INF] Request starting HTTP/1.1 GET http://localhost:5127/lib/jquery-validate/jquery.validate.js - null null
2024-10-06 11:42:15.625 +02:00 [INF] Request finished HTTP/1.1 GET http://localhost:5127/lib/jquery-validation-unobtrusive/jquery.validate.unobtrusive.js - 404 0 null 0.3877ms
2024-10-06 11:42:15.625 +02:00 [INF] Request finished HTTP/1.1 GET http://localhost:5127/lib/jquery-validate/jquery.validate.js - 404 0 null 0.1567ms
2024-10-06 11:42:15.625 +02:00 [INF] Request reached the end of the middleware pipeline without being handled by application code. Request path: GET http://localhost:5127/lib/jquery-validation-unobtrusive/jquery.validate.unobtrusive.js, Response status code: 404
2024-10-06 11:42:15.625 +02:00 [INF] Request reached the end of the middleware pipeline without being handled by application code. Request path: GET http://localhost:5127/lib/jquery-validate/jquery.validate.js, Response status code: 404
2024-10-06 11:42:16.610 +02:00 [INF] Request starting HTTP/1.1 GET http://localhost:5127/Identity/Account/Manage - null null
2024-10-06 11:42:16.611 +02:00 [INF] Executing endpoint '/Account/Manage/Index'
2024-10-06 11:42:16.611 +02:00 [INF] Route matched with {page = "/Account/Manage/Index", area = "Identity", action = "", controller = ""}. Executing page /Account/Manage/Index
2024-10-06 11:42:16.611 +02:00 [INF] Executing handler method friendly.Areas.Identity.Pages.Account.Manage.IndexModel.OnGetAsync - ModelState is "Valid"
2024-10-06 11:42:16.612 +02:00 [INF] Executed DbCommand (0ms) [Parameters=[@__p_0='?' (Size = 36)], CommandType='"Text"', CommandTimeout='30']
SELECT "a"."Id", "a"."AccessFailedCount", "a"."ConcurrencyStamp", "a"."Email", "a"."EmailConfirmed", "a"."FirstName", "a"."LastName", "a"."LockoutEnabled", "a"."LockoutEnd", "a"."NormalizedEmail", "a"."NormalizedUserName", "a"."PasswordHash", "a"."PhoneNumber", "a"."PhoneNumberConfirmed", "a"."ProfileImageUrl", "a"."SecurityStamp", "a"."TwoFactorEnabled", "a"."UserName"
FROM "AspNetUsers" AS "a"
WHERE "a"."Id" = @__p_0
LIMIT 1
2024-10-06 11:42:16.613 +02:00 [INF] Executed handler method OnGetAsync, returned result Microsoft.AspNetCore.Mvc.RazorPages.PageResult.
2024-10-06 11:42:16.616 +02:00 [INF] Executed page /Account/Manage/Index in 4.3833ms
2024-10-06 11:42:16.616 +02:00 [INF] Executed endpoint '/Account/Manage/Index'
2024-10-06 11:42:16.616 +02:00 [INF] Request finished HTTP/1.1 GET http://localhost:5127/Identity/Account/Manage - 200 null text/html; charset=utf-8 5.6012ms
2024-10-06 11:42:16.617 +02:00 [INF] Request starting HTTP/1.1 GET http://localhost:5127/lib/jquery-validation-unobtrusive/jquery.validate.unobtrusive.js - null null
2024-10-06 11:42:16.617 +02:00 [INF] Request finished HTTP/1.1 GET http://localhost:5127/lib/jquery-validation-unobtrusive/jquery.validate.unobtrusive.js - 404 0 null 0.3479ms
2024-10-06 11:42:16.617 +02:00 [INF] Request reached the end of the middleware pipeline without being handled by application code. Request path: GET http://localhost:5127/lib/jquery-validation-unobtrusive/jquery.validate.unobtrusive.js, Response status code: 404
2024-10-06 11:42:16.617 +02:00 [INF] Request starting HTTP/1.1 GET http://localhost:5127/lib/jquery-validation/dist/jquery.validate.min.js - null null
2024-10-06 11:42:16.617 +02:00 [INF] Request finished HTTP/1.1 GET http://localhost:5127/lib/jquery-validation/dist/jquery.validate.min.js - 404 0 null 0.1537ms
2024-10-06 11:42:16.617 +02:00 [INF] Request reached the end of the middleware pipeline without being handled by application code. Request path: GET http://localhost:5127/lib/jquery-validation/dist/jquery.validate.min.js, Response status code: 404
2024-10-06 11:42:16.618 +02:00 [INF] Request starting HTTP/1.1 GET http://localhost:5127/lib/jquery-validation-unobtrusive/jquery.validate.unobtrusive.min.js - null null
2024-10-06 11:42:16.618 +02:00 [INF] Request finished HTTP/1.1 GET http://localhost:5127/lib/jquery-validation-unobtrusive/jquery.validate.unobtrusive.min.js - 404 0 null 0.0969ms
2024-10-06 11:42:16.618 +02:00 [INF] Request reached the end of the middleware pipeline without being handled by application code. Request path: GET http://localhost:5127/lib/jquery-validation-unobtrusive/jquery.validate.unobtrusive.min.js, Response status code: 404
2024-10-06 11:42:16.620 +02:00 [INF] Request starting HTTP/1.1 GET http://localhost:5127/lib/jquery-validate/jquery.validate.js - null null
2024-10-06 11:42:16.620 +02:00 [INF] Request finished HTTP/1.1 GET http://localhost:5127/lib/jquery-validate/jquery.validate.js - 404 0 null 0.2321ms
2024-10-06 11:42:16.620 +02:00 [INF] Request reached the end of the middleware pipeline without being handled by application code. Request path: GET http://localhost:5127/lib/jquery-validate/jquery.validate.js, Response status code: 404
2024-10-06 11:42:54.026 +02:00 [INF] Application is shutting down...
