2024-10-09 15:18:43.250 +02:00 [INF] User profile is available. Using '/Users/adinaheia/.aspnet/DataProtection-Keys' as key repository; keys will not be encrypted at rest.
2024-10-09 15:18:43.626 +02:00 [INF] Executed DbCommand (5ms) [Parameters=[], CommandType='"Text"', CommandTimeout='30']
PRAGMA journal_mode = 'wal';
2024-10-09 15:18:43.678 +02:00 [INF] Executed DbCommand (0ms) [Parameters=[], CommandType='"Text"', CommandTimeout='30']
CREATE TABLE "AspNetRoles" (
    "Id" TEXT NOT NULL CONSTRAINT "PK_AspNetRoles" PRIMARY KEY,
    "Name" TEXT NULL,
    "NormalizedName" TEXT NULL,
    "ConcurrencyStamp" TEXT NULL
);
2024-10-09 15:18:43.678 +02:00 [INF] Executed DbCommand (0ms) [Parameters=[], CommandType='"Text"', CommandTimeout='30']
CREATE TABLE "AspNetUsers" (
    "Id" TEXT NOT NULL CONSTRAINT "PK_AspNetUsers" PRIMARY KEY,
    "FirstName" TEXT NULL,
    "LastName" TEXT NULL,
    "ProfileImageUrl" TEXT NULL,
    "UserName" TEXT NULL,
    "NormalizedUserName" TEXT NULL,
    "Email" TEXT NULL,
    "NormalizedEmail" TEXT NULL,
    "EmailConfirmed" INTEGER NOT NULL,
    "PasswordHash" TEXT NULL,
    "SecurityStamp" TEXT NULL,
    "ConcurrencyStamp" TEXT NULL,
    "PhoneNumber" TEXT NULL,
    "PhoneNumberConfirmed" INTEGER NOT NULL,
    "TwoFactorEnabled" INTEGER NOT NULL,
    "LockoutEnd" TEXT NULL,
    "LockoutEnabled" INTEGER NOT NULL,
    "AccessFailedCount" INTEGER NOT NULL
);
2024-10-09 15:18:43.678 +02:00 [INF] Executed DbCommand (0ms) [Parameters=[], CommandType='"Text"', CommandTimeout='30']
CREATE TABLE "AspNetRoleClaims" (
    "Id" INTEGER NOT NULL CONSTRAINT "PK_AspNetRoleClaims" PRIMARY KEY AUTOINCREMENT,
    "RoleId" TEXT NOT NULL,
    "ClaimType" TEXT NULL,
    "ClaimValue" TEXT NULL,
    CONSTRAINT "FK_AspNetRoleClaims_AspNetRoles_RoleId" FOREIGN KEY ("RoleId") REFERENCES "AspNetRoles" ("Id") ON DELETE CASCADE
);
2024-10-09 15:18:43.678 +02:00 [INF] Executed DbCommand (0ms) [Parameters=[], CommandType='"Text"', CommandTimeout='30']
CREATE TABLE "AspNetUserClaims" (
    "Id" INTEGER NOT NULL CONSTRAINT "PK_AspNetUserClaims" PRIMARY KEY AUTOINCREMENT,
    "UserId" TEXT NOT NULL,
    "ClaimType" TEXT NULL,
    "ClaimValue" TEXT NULL,
    CONSTRAINT "FK_AspNetUserClaims_AspNetUsers_UserId" FOREIGN KEY ("UserId") REFERENCES "AspNetUsers" ("Id") ON DELETE CASCADE
);
2024-10-09 15:18:43.678 +02:00 [INF] Executed DbCommand (0ms) [Parameters=[], CommandType='"Text"', CommandTimeout='30']
CREATE TABLE "AspNetUserLogins" (
    "LoginProvider" TEXT NOT NULL,
    "ProviderKey" TEXT NOT NULL,
    "ProviderDisplayName" TEXT NULL,
    "UserId" TEXT NOT NULL,
    CONSTRAINT "PK_AspNetUserLogins" PRIMARY KEY ("LoginProvider", "ProviderKey"),
    CONSTRAINT "FK_AspNetUserLogins_AspNetUsers_UserId" FOREIGN KEY ("UserId") REFERENCES "AspNetUsers" ("Id") ON DELETE CASCADE
);
2024-10-09 15:18:43.678 +02:00 [INF] Executed DbCommand (0ms) [Parameters=[], CommandType='"Text"', CommandTimeout='30']
CREATE TABLE "AspNetUserRoles" (
    "UserId" TEXT NOT NULL,
    "RoleId" TEXT NOT NULL,
    CONSTRAINT "PK_AspNetUserRoles" PRIMARY KEY ("UserId", "RoleId"),
    CONSTRAINT "FK_AspNetUserRoles_AspNetRoles_RoleId" FOREIGN KEY ("RoleId") REFERENCES "AspNetRoles" ("Id") ON DELETE CASCADE,
    CONSTRAINT "FK_AspNetUserRoles_AspNetUsers_UserId" FOREIGN KEY ("UserId") REFERENCES "AspNetUsers" ("Id") ON DELETE CASCADE
);
2024-10-09 15:18:43.678 +02:00 [INF] Executed DbCommand (0ms) [Parameters=[], CommandType='"Text"', CommandTimeout='30']
CREATE TABLE "AspNetUserTokens" (
    "UserId" TEXT NOT NULL,
    "LoginProvider" TEXT NOT NULL,
    "Name" TEXT NOT NULL,
    "Value" TEXT NULL,
    CONSTRAINT "PK_AspNetUserTokens" PRIMARY KEY ("UserId", "LoginProvider", "Name"),
    CONSTRAINT "FK_AspNetUserTokens_AspNetUsers_UserId" FOREIGN KEY ("UserId") REFERENCES "AspNetUsers" ("Id") ON DELETE CASCADE
);
2024-10-09 15:18:43.678 +02:00 [INF] Executed DbCommand (0ms) [Parameters=[], CommandType='"Text"', CommandTimeout='30']
CREATE TABLE "Posts" (
    "PostId" INTEGER NOT NULL CONSTRAINT "PK_Posts" PRIMARY KEY AUTOINCREMENT,
    "PostImagePath" TEXT NULL,
    "Caption" TEXT NULL,
    "PostDate" TEXT NULL,
    "UserId" TEXT NULL,
    CONSTRAINT "FK_Posts_AspNetUsers_UserId" FOREIGN KEY ("UserId") REFERENCES "AspNetUsers" ("Id")
);
2024-10-09 15:18:43.678 +02:00 [INF] Executed DbCommand (0ms) [Parameters=[], CommandType='"Text"', CommandTimeout='30']
CREATE TABLE "Comments" (
    "CommentId" INTEGER NOT NULL CONSTRAINT "PK_Comments" PRIMARY KEY AUTOINCREMENT,
    "CommentText" TEXT NULL,
    "CommentDate" TEXT NULL,
    "UserId" TEXT NULL,
    "PostId" INTEGER NOT NULL,
    CONSTRAINT "FK_Comments_AspNetUsers_UserId" FOREIGN KEY ("UserId") REFERENCES "AspNetUsers" ("Id"),
    CONSTRAINT "FK_Comments_Posts_PostId" FOREIGN KEY ("PostId") REFERENCES "Posts" ("PostId") ON DELETE CASCADE
);
2024-10-09 15:18:43.678 +02:00 [INF] Executed DbCommand (0ms) [Parameters=[], CommandType='"Text"', CommandTimeout='30']
CREATE INDEX "IX_AspNetRoleClaims_RoleId" ON "AspNetRoleClaims" ("RoleId");
2024-10-09 15:18:43.678 +02:00 [INF] Executed DbCommand (0ms) [Parameters=[], CommandType='"Text"', CommandTimeout='30']
CREATE UNIQUE INDEX "RoleNameIndex" ON "AspNetRoles" ("NormalizedName");
2024-10-09 15:18:43.678 +02:00 [INF] Executed DbCommand (0ms) [Parameters=[], CommandType='"Text"', CommandTimeout='30']
CREATE INDEX "IX_AspNetUserClaims_UserId" ON "AspNetUserClaims" ("UserId");
2024-10-09 15:18:43.678 +02:00 [INF] Executed DbCommand (0ms) [Parameters=[], CommandType='"Text"', CommandTimeout='30']
CREATE INDEX "IX_AspNetUserLogins_UserId" ON "AspNetUserLogins" ("UserId");
2024-10-09 15:18:43.678 +02:00 [INF] Executed DbCommand (0ms) [Parameters=[], CommandType='"Text"', CommandTimeout='30']
CREATE INDEX "IX_AspNetUserRoles_RoleId" ON "AspNetUserRoles" ("RoleId");
2024-10-09 15:18:43.678 +02:00 [INF] Executed DbCommand (0ms) [Parameters=[], CommandType='"Text"', CommandTimeout='30']
CREATE INDEX "EmailIndex" ON "AspNetUsers" ("NormalizedEmail");
2024-10-09 15:18:43.678 +02:00 [INF] Executed DbCommand (0ms) [Parameters=[], CommandType='"Text"', CommandTimeout='30']
CREATE UNIQUE INDEX "UserNameIndex" ON "AspNetUsers" ("NormalizedUserName");
2024-10-09 15:18:43.678 +02:00 [INF] Executed DbCommand (0ms) [Parameters=[], CommandType='"Text"', CommandTimeout='30']
CREATE INDEX "IX_Comments_PostId" ON "Comments" ("PostId");
2024-10-09 15:18:43.678 +02:00 [INF] Executed DbCommand (0ms) [Parameters=[], CommandType='"Text"', CommandTimeout='30']
CREATE INDEX "IX_Comments_UserId" ON "Comments" ("UserId");
2024-10-09 15:18:43.678 +02:00 [INF] Executed DbCommand (0ms) [Parameters=[], CommandType='"Text"', CommandTimeout='30']
CREATE INDEX "IX_Posts_UserId" ON "Posts" ("UserId");
2024-10-09 15:18:43.857 +02:00 [INF] Executed DbCommand (2ms) [Parameters=[@__normalizedName_0='?' (Size = 5)], CommandType='"Text"', CommandTimeout='30']
SELECT "a"."Id", "a"."ConcurrencyStamp", "a"."Name", "a"."NormalizedName"
FROM "AspNetRoles" AS "a"
WHERE "a"."NormalizedName" = @__normalizedName_0
LIMIT 1
2024-10-09 15:18:43.862 +02:00 [INF] Executed DbCommand (0ms) [Parameters=[@__normalizedName_0='?' (Size = 5)], CommandType='"Text"', CommandTimeout='30']
SELECT "a"."Id", "a"."ConcurrencyStamp", "a"."Name", "a"."NormalizedName"
FROM "AspNetRoles" AS "a"
WHERE "a"."NormalizedName" = @__normalizedName_0
LIMIT 1
2024-10-09 15:18:43.907 +02:00 [INF] Executed DbCommand (1ms) [Parameters=[@p0='?' (Size = 36), @p1='?', @p2='?' (Size = 5), @p3='?' (Size = 5)], CommandType='"Text"', CommandTimeout='30']
INSERT INTO "AspNetRoles" ("Id", "ConcurrencyStamp", "Name", "NormalizedName")
VALUES (@p0, @p1, @p2, @p3);
2024-10-09 15:18:43.910 +02:00 [INF] Executed DbCommand (0ms) [Parameters=[@__normalizedName_0='?' (Size = 4)], CommandType='"Text"', CommandTimeout='30']
SELECT "a"."Id", "a"."ConcurrencyStamp", "a"."Name", "a"."NormalizedName"
FROM "AspNetRoles" AS "a"
WHERE "a"."NormalizedName" = @__normalizedName_0
LIMIT 1
2024-10-09 15:18:43.910 +02:00 [INF] Executed DbCommand (0ms) [Parameters=[@__normalizedName_0='?' (Size = 4)], CommandType='"Text"', CommandTimeout='30']
SELECT "a"."Id", "a"."ConcurrencyStamp", "a"."Name", "a"."NormalizedName"
FROM "AspNetRoles" AS "a"
WHERE "a"."NormalizedName" = @__normalizedName_0
LIMIT 1
2024-10-09 15:18:43.911 +02:00 [INF] Executed DbCommand (0ms) [Parameters=[@p0='?' (Size = 36), @p1='?', @p2='?' (Size = 4), @p3='?' (Size = 4)], CommandType='"Text"', CommandTimeout='30']
INSERT INTO "AspNetRoles" ("Id", "ConcurrencyStamp", "Name", "NormalizedName")
VALUES (@p0, @p1, @p2, @p3);
2024-10-09 15:18:43.915 +02:00 [INF] Executed DbCommand (0ms) [Parameters=[], CommandType='"Text"', CommandTimeout='30']
SELECT EXISTS (
    SELECT 1
    FROM "AspNetUsers" AS "a")
2024-10-09 15:18:43.989 +02:00 [INF] Executed DbCommand (0ms) [Parameters=[@__normalizedUserName_0='?' (Size = 10)], CommandType='"Text"', CommandTimeout='30']
SELECT "a"."Id", "a"."AccessFailedCount", "a"."ConcurrencyStamp", "a"."Email", "a"."EmailConfirmed", "a"."FirstName", "a"."LastName", "a"."LockoutEnabled", "a"."LockoutEnd", "a"."NormalizedEmail", "a"."NormalizedUserName", "a"."PasswordHash", "a"."PhoneNumber", "a"."PhoneNumberConfirmed", "a"."ProfileImageUrl", "a"."SecurityStamp", "a"."TwoFactorEnabled", "a"."UserName"
FROM "AspNetUsers" AS "a"
WHERE "a"."NormalizedUserName" = @__normalizedUserName_0
LIMIT 1
2024-10-09 15:18:43.992 +02:00 [INF] Executed DbCommand (0ms) [Parameters=[@__normalizedEmail_0='?' (Size = 20)], CommandType='"Text"', CommandTimeout='30']
SELECT "a"."Id", "a"."AccessFailedCount", "a"."ConcurrencyStamp", "a"."Email", "a"."EmailConfirmed", "a"."FirstName", "a"."LastName", "a"."LockoutEnabled", "a"."LockoutEnd", "a"."NormalizedEmail", "a"."NormalizedUserName", "a"."PasswordHash", "a"."PhoneNumber", "a"."PhoneNumberConfirmed", "a"."ProfileImageUrl", "a"."SecurityStamp", "a"."TwoFactorEnabled", "a"."UserName"
FROM "AspNetUsers" AS "a"
WHERE "a"."NormalizedEmail" = @__normalizedEmail_0
LIMIT 2
2024-10-09 15:18:44.011 +02:00 [INF] Executed DbCommand (0ms) [Parameters=[@p0='?' (Size = 36), @p1='?' (DbType = Int32), @p2='?' (Size = 36), @p3='?' (Size = 20), @p4='?' (DbType = Boolean), @p5='?' (Size = 4), @p6='?' (Size = 5), @p7='?' (DbType = Boolean), @p8='?' (DbType = DateTimeOffset), @p9='?' (Size = 20), @p10='?' (Size = 10), @p11='?' (Size = 84), @p12='?', @p13='?' (DbType = Boolean), @p14='?' (Size = 41), @p15='?' (Size = 32), @p16='?' (DbType = Boolean), @p17='?' (Size = 10)], CommandType='"Text"', CommandTimeout='30']
INSERT INTO "AspNetUsers" ("Id", "AccessFailedCount", "ConcurrencyStamp", "Email", "EmailConfirmed", "FirstName", "LastName", "LockoutEnabled", "LockoutEnd", "NormalizedEmail", "NormalizedUserName", "PasswordHash", "PhoneNumber", "PhoneNumberConfirmed", "ProfileImageUrl", "SecurityStamp", "TwoFactorEnabled", "UserName")
VALUES (@p0, @p1, @p2, @p3, @p4, @p5, @p6, @p7, @p8, @p9, @p10, @p11, @p12, @p13, @p14, @p15, @p16, @p17);
2024-10-09 15:18:44.014 +02:00 [INF] Executed DbCommand (0ms) [Parameters=[@__normalizedRoleName_0='?' (Size = 4)], CommandType='"Text"', CommandTimeout='30']
SELECT "a"."Id", "a"."ConcurrencyStamp", "a"."Name", "a"."NormalizedName"
FROM "AspNetRoles" AS "a"
WHERE "a"."NormalizedName" = @__normalizedRoleName_0
LIMIT 2
2024-10-09 15:18:44.028 +02:00 [INF] Executed DbCommand (0ms) [Parameters=[@__p_0='?' (Size = 36), @__p_1='?' (Size = 36)], CommandType='"Text"', CommandTimeout='30']
SELECT "a"."UserId", "a"."RoleId"
FROM "AspNetUserRoles" AS "a"
WHERE "a"."UserId" = @__p_0 AND "a"."RoleId" = @__p_1
LIMIT 1
2024-10-09 15:18:44.029 +02:00 [INF] Executed DbCommand (0ms) [Parameters=[@__normalizedRoleName_0='?' (Size = 4)], CommandType='"Text"', CommandTimeout='30']
SELECT "a"."Id", "a"."ConcurrencyStamp", "a"."Name", "a"."NormalizedName"
FROM "AspNetRoles" AS "a"
WHERE "a"."NormalizedName" = @__normalizedRoleName_0
LIMIT 2
2024-10-09 15:18:44.033 +02:00 [INF] Executed DbCommand (0ms) [Parameters=[@__normalizedUserName_0='?' (Size = 10)], CommandType='"Text"', CommandTimeout='30']
SELECT "a"."Id", "a"."AccessFailedCount", "a"."ConcurrencyStamp", "a"."Email", "a"."EmailConfirmed", "a"."FirstName", "a"."LastName", "a"."LockoutEnabled", "a"."LockoutEnd", "a"."NormalizedEmail", "a"."NormalizedUserName", "a"."PasswordHash", "a"."PhoneNumber", "a"."PhoneNumberConfirmed", "a"."ProfileImageUrl", "a"."SecurityStamp", "a"."TwoFactorEnabled", "a"."UserName"
FROM "AspNetUsers" AS "a"
WHERE "a"."NormalizedUserName" = @__normalizedUserName_0
LIMIT 1
2024-10-09 15:18:44.033 +02:00 [INF] Executed DbCommand (0ms) [Parameters=[@__normalizedEmail_0='?' (Size = 20)], CommandType='"Text"', CommandTimeout='30']
SELECT "a"."Id", "a"."AccessFailedCount", "a"."ConcurrencyStamp", "a"."Email", "a"."EmailConfirmed", "a"."FirstName", "a"."LastName", "a"."LockoutEnabled", "a"."LockoutEnd", "a"."NormalizedEmail", "a"."NormalizedUserName", "a"."PasswordHash", "a"."PhoneNumber", "a"."PhoneNumberConfirmed", "a"."ProfileImageUrl", "a"."SecurityStamp", "a"."TwoFactorEnabled", "a"."UserName"
FROM "AspNetUsers" AS "a"
WHERE "a"."NormalizedEmail" = @__normalizedEmail_0
LIMIT 2
2024-10-09 15:18:44.037 +02:00 [INF] Executed DbCommand (0ms) [Parameters=[@p0='?' (Size = 36), @p1='?' (Size = 36)], CommandType='"Text"', CommandTimeout='30']
INSERT INTO "AspNetUserRoles" ("RoleId", "UserId")
VALUES (@p0, @p1);
2024-10-09 15:18:44.038 +02:00 [INF] Executed DbCommand (0ms) [Parameters=[@p17='?' (Size = 36), @p0='?' (DbType = Int32), @p1='?' (Size = 36), @p18='?' (Size = 36), @p2='?' (Size = 20), @p3='?' (DbType = Boolean), @p4='?' (Size = 4), @p5='?' (Size = 5), @p6='?' (DbType = Boolean), @p7='?' (DbType = DateTimeOffset), @p8='?' (Size = 20), @p9='?' (Size = 10), @p10='?' (Size = 84), @p11='?', @p12='?' (DbType = Boolean), @p13='?' (Size = 41), @p14='?' (Size = 32), @p15='?' (DbType = Boolean), @p16='?' (Size = 10)], CommandType='"Text"', CommandTimeout='30']
UPDATE "AspNetUsers" SET "AccessFailedCount" = @p0, "ConcurrencyStamp" = @p1, "Email" = @p2, "EmailConfirmed" = @p3, "FirstName" = @p4, "LastName" = @p5, "LockoutEnabled" = @p6, "LockoutEnd" = @p7, "NormalizedEmail" = @p8, "NormalizedUserName" = @p9, "PasswordHash" = @p10, "PhoneNumber" = @p11, "PhoneNumberConfirmed" = @p12, "ProfileImageUrl" = @p13, "SecurityStamp" = @p14, "TwoFactorEnabled" = @p15, "UserName" = @p16
WHERE "Id" = @p17 AND "ConcurrencyStamp" = @p18
RETURNING 1;
2024-10-09 15:18:44.079 +02:00 [INF] Executed DbCommand (0ms) [Parameters=[@__normalizedUserName_0='?' (Size = 6)], CommandType='"Text"', CommandTimeout='30']
SELECT "a"."Id", "a"."AccessFailedCount", "a"."ConcurrencyStamp", "a"."Email", "a"."EmailConfirmed", "a"."FirstName", "a"."LastName", "a"."LockoutEnabled", "a"."LockoutEnd", "a"."NormalizedEmail", "a"."NormalizedUserName", "a"."PasswordHash", "a"."PhoneNumber", "a"."PhoneNumberConfirmed", "a"."ProfileImageUrl", "a"."SecurityStamp", "a"."TwoFactorEnabled", "a"."UserName"
FROM "AspNetUsers" AS "a"
WHERE "a"."NormalizedUserName" = @__normalizedUserName_0
LIMIT 1
2024-10-09 15:18:44.079 +02:00 [INF] Executed DbCommand (0ms) [Parameters=[@__normalizedEmail_0='?' (Size = 16)], CommandType='"Text"', CommandTimeout='30']
SELECT "a"."Id", "a"."AccessFailedCount", "a"."ConcurrencyStamp", "a"."Email", "a"."EmailConfirmed", "a"."FirstName", "a"."LastName", "a"."LockoutEnabled", "a"."LockoutEnd", "a"."NormalizedEmail", "a"."NormalizedUserName", "a"."PasswordHash", "a"."PhoneNumber", "a"."PhoneNumberConfirmed", "a"."ProfileImageUrl", "a"."SecurityStamp", "a"."TwoFactorEnabled", "a"."UserName"
FROM "AspNetUsers" AS "a"
WHERE "a"."NormalizedEmail" = @__normalizedEmail_0
LIMIT 2
2024-10-09 15:18:44.080 +02:00 [INF] Executed DbCommand (0ms) [Parameters=[@p0='?' (Size = 36), @p1='?' (DbType = Int32), @p2='?' (Size = 36), @p3='?' (Size = 16), @p4='?' (DbType = Boolean), @p5='?' (Size = 10), @p6='?' (Size = 4), @p7='?' (DbType = Boolean), @p8='?' (DbType = DateTimeOffset), @p9='?' (Size = 16), @p10='?' (Size = 6), @p11='?' (Size = 84), @p12='?' (Size = 8), @p13='?' (DbType = Boolean), @p14='?' (Size = 41), @p15='?' (Size = 32), @p16='?' (DbType = Boolean), @p17='?' (Size = 6)], CommandType='"Text"', CommandTimeout='30']
INSERT INTO "AspNetUsers" ("Id", "AccessFailedCount", "ConcurrencyStamp", "Email", "EmailConfirmed", "FirstName", "LastName", "LockoutEnabled", "LockoutEnd", "NormalizedEmail", "NormalizedUserName", "PasswordHash", "PhoneNumber", "PhoneNumberConfirmed", "ProfileImageUrl", "SecurityStamp", "TwoFactorEnabled", "UserName")
VALUES (@p0, @p1, @p2, @p3, @p4, @p5, @p6, @p7, @p8, @p9, @p10, @p11, @p12, @p13, @p14, @p15, @p16, @p17);
2024-10-09 15:18:44.080 +02:00 [INF] Executed DbCommand (0ms) [Parameters=[@__normalizedRoleName_0='?' (Size = 4)], CommandType='"Text"', CommandTimeout='30']
SELECT "a"."Id", "a"."ConcurrencyStamp", "a"."Name", "a"."NormalizedName"
FROM "AspNetRoles" AS "a"
WHERE "a"."NormalizedName" = @__normalizedRoleName_0
LIMIT 2
2024-10-09 15:18:44.081 +02:00 [INF] Executed DbCommand (0ms) [Parameters=[@__p_0='?' (Size = 36), @__p_1='?' (Size = 36)], CommandType='"Text"', CommandTimeout='30']
SELECT "a"."UserId", "a"."RoleId"
FROM "AspNetUserRoles" AS "a"
WHERE "a"."UserId" = @__p_0 AND "a"."RoleId" = @__p_1
LIMIT 1
2024-10-09 15:18:44.081 +02:00 [INF] Executed DbCommand (0ms) [Parameters=[@__normalizedRoleName_0='?' (Size = 4)], CommandType='"Text"', CommandTimeout='30']
SELECT "a"."Id", "a"."ConcurrencyStamp", "a"."Name", "a"."NormalizedName"
FROM "AspNetRoles" AS "a"
WHERE "a"."NormalizedName" = @__normalizedRoleName_0
LIMIT 2
2024-10-09 15:18:44.081 +02:00 [INF] Executed DbCommand (0ms) [Parameters=[@__normalizedUserName_0='?' (Size = 6)], CommandType='"Text"', CommandTimeout='30']
SELECT "a"."Id", "a"."AccessFailedCount", "a"."ConcurrencyStamp", "a"."Email", "a"."EmailConfirmed", "a"."FirstName", "a"."LastName", "a"."LockoutEnabled", "a"."LockoutEnd", "a"."NormalizedEmail", "a"."NormalizedUserName", "a"."PasswordHash", "a"."PhoneNumber", "a"."PhoneNumberConfirmed", "a"."ProfileImageUrl", "a"."SecurityStamp", "a"."TwoFactorEnabled", "a"."UserName"
FROM "AspNetUsers" AS "a"
WHERE "a"."NormalizedUserName" = @__normalizedUserName_0
LIMIT 1
2024-10-09 15:18:44.081 +02:00 [INF] Executed DbCommand (0ms) [Parameters=[@__normalizedEmail_0='?' (Size = 16)], CommandType='"Text"', CommandTimeout='30']
SELECT "a"."Id", "a"."AccessFailedCount", "a"."ConcurrencyStamp", "a"."Email", "a"."EmailConfirmed", "a"."FirstName", "a"."LastName", "a"."LockoutEnabled", "a"."LockoutEnd", "a"."NormalizedEmail", "a"."NormalizedUserName", "a"."PasswordHash", "a"."PhoneNumber", "a"."PhoneNumberConfirmed", "a"."ProfileImageUrl", "a"."SecurityStamp", "a"."TwoFactorEnabled", "a"."UserName"
FROM "AspNetUsers" AS "a"
WHERE "a"."NormalizedEmail" = @__normalizedEmail_0
LIMIT 2
2024-10-09 15:18:44.081 +02:00 [INF] Executed DbCommand (0ms) [Parameters=[@p0='?' (Size = 36), @p1='?' (Size = 36)], CommandType='"Text"', CommandTimeout='30']
INSERT INTO "AspNetUserRoles" ("RoleId", "UserId")
VALUES (@p0, @p1);
2024-10-09 15:18:44.081 +02:00 [INF] Executed DbCommand (0ms) [Parameters=[@p17='?' (Size = 36), @p0='?' (DbType = Int32), @p1='?' (Size = 36), @p18='?' (Size = 36), @p2='?' (Size = 16), @p3='?' (DbType = Boolean), @p4='?' (Size = 10), @p5='?' (Size = 4), @p6='?' (DbType = Boolean), @p7='?' (DbType = DateTimeOffset), @p8='?' (Size = 16), @p9='?' (Size = 6), @p10='?' (Size = 84), @p11='?' (Size = 8), @p12='?' (DbType = Boolean), @p13='?' (Size = 41), @p14='?' (Size = 32), @p15='?' (DbType = Boolean), @p16='?' (Size = 6)], CommandType='"Text"', CommandTimeout='30']
UPDATE "AspNetUsers" SET "AccessFailedCount" = @p0, "ConcurrencyStamp" = @p1, "Email" = @p2, "EmailConfirmed" = @p3, "FirstName" = @p4, "LastName" = @p5, "LockoutEnabled" = @p6, "LockoutEnd" = @p7, "NormalizedEmail" = @p8, "NormalizedUserName" = @p9, "PasswordHash" = @p10, "PhoneNumber" = @p11, "PhoneNumberConfirmed" = @p12, "ProfileImageUrl" = @p13, "SecurityStamp" = @p14, "TwoFactorEnabled" = @p15, "UserName" = @p16
WHERE "Id" = @p17 AND "ConcurrencyStamp" = @p18
RETURNING 1;
2024-10-09 15:18:44.121 +02:00 [INF] Executed DbCommand (0ms) [Parameters=[@__normalizedUserName_0='?' (Size = 7)], CommandType='"Text"', CommandTimeout='30']
SELECT "a"."Id", "a"."AccessFailedCount", "a"."ConcurrencyStamp", "a"."Email", "a"."EmailConfirmed", "a"."FirstName", "a"."LastName", "a"."LockoutEnabled", "a"."LockoutEnd", "a"."NormalizedEmail", "a"."NormalizedUserName", "a"."PasswordHash", "a"."PhoneNumber", "a"."PhoneNumberConfirmed", "a"."ProfileImageUrl", "a"."SecurityStamp", "a"."TwoFactorEnabled", "a"."UserName"
FROM "AspNetUsers" AS "a"
WHERE "a"."NormalizedUserName" = @__normalizedUserName_0
LIMIT 1
2024-10-09 15:18:44.121 +02:00 [INF] Executed DbCommand (0ms) [Parameters=[@__normalizedEmail_0='?' (Size = 17)], CommandType='"Text"', CommandTimeout='30']
SELECT "a"."Id", "a"."AccessFailedCount", "a"."ConcurrencyStamp", "a"."Email", "a"."EmailConfirmed", "a"."FirstName", "a"."LastName", "a"."LockoutEnabled", "a"."LockoutEnd", "a"."NormalizedEmail", "a"."NormalizedUserName", "a"."PasswordHash", "a"."PhoneNumber", "a"."PhoneNumberConfirmed", "a"."ProfileImageUrl", "a"."SecurityStamp", "a"."TwoFactorEnabled", "a"."UserName"
FROM "AspNetUsers" AS "a"
WHERE "a"."NormalizedEmail" = @__normalizedEmail_0
LIMIT 2
2024-10-09 15:18:44.122 +02:00 [INF] Executed DbCommand (1ms) [Parameters=[@p0='?' (Size = 36), @p1='?' (DbType = Int32), @p2='?' (Size = 36), @p3='?' (Size = 17), @p4='?' (DbType = Boolean), @p5='?' (Size = 6), @p6='?' (Size = 8), @p7='?' (DbType = Boolean), @p8='?' (DbType = DateTimeOffset), @p9='?' (Size = 17), @p10='?' (Size = 7), @p11='?' (Size = 84), @p12='?', @p13='?' (DbType = Boolean), @p14='?' (Size = 41), @p15='?' (Size = 32), @p16='?' (DbType = Boolean), @p17='?' (Size = 7)], CommandType='"Text"', CommandTimeout='30']
INSERT INTO "AspNetUsers" ("Id", "AccessFailedCount", "ConcurrencyStamp", "Email", "EmailConfirmed", "FirstName", "LastName", "LockoutEnabled", "LockoutEnd", "NormalizedEmail", "NormalizedUserName", "PasswordHash", "PhoneNumber", "PhoneNumberConfirmed", "ProfileImageUrl", "SecurityStamp", "TwoFactorEnabled", "UserName")
VALUES (@p0, @p1, @p2, @p3, @p4, @p5, @p6, @p7, @p8, @p9, @p10, @p11, @p12, @p13, @p14, @p15, @p16, @p17);
2024-10-09 15:18:44.122 +02:00 [INF] Executed DbCommand (0ms) [Parameters=[@__normalizedRoleName_0='?' (Size = 4)], CommandType='"Text"', CommandTimeout='30']
SELECT "a"."Id", "a"."ConcurrencyStamp", "a"."Name", "a"."NormalizedName"
FROM "AspNetRoles" AS "a"
WHERE "a"."NormalizedName" = @__normalizedRoleName_0
LIMIT 2
2024-10-09 15:18:44.122 +02:00 [INF] Executed DbCommand (0ms) [Parameters=[@__p_0='?' (Size = 36), @__p_1='?' (Size = 36)], CommandType='"Text"', CommandTimeout='30']
SELECT "a"."UserId", "a"."RoleId"
FROM "AspNetUserRoles" AS "a"
WHERE "a"."UserId" = @__p_0 AND "a"."RoleId" = @__p_1
LIMIT 1
2024-10-09 15:18:44.123 +02:00 [INF] Executed DbCommand (0ms) [Parameters=[@__normalizedRoleName_0='?' (Size = 4)], CommandType='"Text"', CommandTimeout='30']
SELECT "a"."Id", "a"."ConcurrencyStamp", "a"."Name", "a"."NormalizedName"
FROM "AspNetRoles" AS "a"
WHERE "a"."NormalizedName" = @__normalizedRoleName_0
LIMIT 2
2024-10-09 15:18:44.123 +02:00 [INF] Executed DbCommand (0ms) [Parameters=[@__normalizedUserName_0='?' (Size = 7)], CommandType='"Text"', CommandTimeout='30']
SELECT "a"."Id", "a"."AccessFailedCount", "a"."ConcurrencyStamp", "a"."Email", "a"."EmailConfirmed", "a"."FirstName", "a"."LastName", "a"."LockoutEnabled", "a"."LockoutEnd", "a"."NormalizedEmail", "a"."NormalizedUserName", "a"."PasswordHash", "a"."PhoneNumber", "a"."PhoneNumberConfirmed", "a"."ProfileImageUrl", "a"."SecurityStamp", "a"."TwoFactorEnabled", "a"."UserName"
FROM "AspNetUsers" AS "a"
WHERE "a"."NormalizedUserName" = @__normalizedUserName_0
LIMIT 1
2024-10-09 15:18:44.123 +02:00 [INF] Executed DbCommand (0ms) [Parameters=[@__normalizedEmail_0='?' (Size = 17)], CommandType='"Text"', CommandTimeout='30']
SELECT "a"."Id", "a"."AccessFailedCount", "a"."ConcurrencyStamp", "a"."Email", "a"."EmailConfirmed", "a"."FirstName", "a"."LastName", "a"."LockoutEnabled", "a"."LockoutEnd", "a"."NormalizedEmail", "a"."NormalizedUserName", "a"."PasswordHash", "a"."PhoneNumber", "a"."PhoneNumberConfirmed", "a"."ProfileImageUrl", "a"."SecurityStamp", "a"."TwoFactorEnabled", "a"."UserName"
FROM "AspNetUsers" AS "a"
WHERE "a"."NormalizedEmail" = @__normalizedEmail_0
LIMIT 2
2024-10-09 15:18:44.123 +02:00 [INF] Executed DbCommand (0ms) [Parameters=[@p0='?' (Size = 36), @p1='?' (Size = 36)], CommandType='"Text"', CommandTimeout='30']
INSERT INTO "AspNetUserRoles" ("RoleId", "UserId")
VALUES (@p0, @p1);
2024-10-09 15:18:44.123 +02:00 [INF] Executed DbCommand (0ms) [Parameters=[@p17='?' (Size = 36), @p0='?' (DbType = Int32), @p1='?' (Size = 36), @p18='?' (Size = 36), @p2='?' (Size = 17), @p3='?' (DbType = Boolean), @p4='?' (Size = 6), @p5='?' (Size = 8), @p6='?' (DbType = Boolean), @p7='?' (DbType = DateTimeOffset), @p8='?' (Size = 17), @p9='?' (Size = 7), @p10='?' (Size = 84), @p11='?', @p12='?' (DbType = Boolean), @p13='?' (Size = 41), @p14='?' (Size = 32), @p15='?' (DbType = Boolean), @p16='?' (Size = 7)], CommandType='"Text"', CommandTimeout='30']
UPDATE "AspNetUsers" SET "AccessFailedCount" = @p0, "ConcurrencyStamp" = @p1, "Email" = @p2, "EmailConfirmed" = @p3, "FirstName" = @p4, "LastName" = @p5, "LockoutEnabled" = @p6, "LockoutEnd" = @p7, "NormalizedEmail" = @p8, "NormalizedUserName" = @p9, "PasswordHash" = @p10, "PhoneNumber" = @p11, "PhoneNumberConfirmed" = @p12, "ProfileImageUrl" = @p13, "SecurityStamp" = @p14, "TwoFactorEnabled" = @p15, "UserName" = @p16
WHERE "Id" = @p17 AND "ConcurrencyStamp" = @p18
RETURNING 1;
2024-10-09 15:18:44.123 +02:00 [INF] Executed DbCommand (0ms) [Parameters=[@__normalizedEmail_0='?' (Size = 20)], CommandType='"Text"', CommandTimeout='30']
SELECT "a"."Id", "a"."AccessFailedCount", "a"."ConcurrencyStamp", "a"."Email", "a"."EmailConfirmed", "a"."FirstName", "a"."LastName", "a"."LockoutEnabled", "a"."LockoutEnd", "a"."NormalizedEmail", "a"."NormalizedUserName", "a"."PasswordHash", "a"."PhoneNumber", "a"."PhoneNumberConfirmed", "a"."ProfileImageUrl", "a"."SecurityStamp", "a"."TwoFactorEnabled", "a"."UserName"
FROM "AspNetUsers" AS "a"
WHERE "a"."NormalizedEmail" = @__normalizedEmail_0
LIMIT 2
2024-10-09 15:18:44.124 +02:00 [INF] Executed DbCommand (0ms) [Parameters=[@__normalizedEmail_0='?' (Size = 16)], CommandType='"Text"', CommandTimeout='30']
SELECT "a"."Id", "a"."AccessFailedCount", "a"."ConcurrencyStamp", "a"."Email", "a"."EmailConfirmed", "a"."FirstName", "a"."LastName", "a"."LockoutEnabled", "a"."LockoutEnd", "a"."NormalizedEmail", "a"."NormalizedUserName", "a"."PasswordHash", "a"."PhoneNumber", "a"."PhoneNumberConfirmed", "a"."ProfileImageUrl", "a"."SecurityStamp", "a"."TwoFactorEnabled", "a"."UserName"
FROM "AspNetUsers" AS "a"
WHERE "a"."NormalizedEmail" = @__normalizedEmail_0
LIMIT 2
2024-10-09 15:18:44.125 +02:00 [INF] Executed DbCommand (0ms) [Parameters=[], CommandType='"Text"', CommandTimeout='30']
SELECT EXISTS (
    SELECT 1
    FROM "Posts" AS "p")
2024-10-09 15:18:44.140 +02:00 [INF] Executed DbCommand (0ms) [Parameters=[@p0='?' (Size = 21), @p1='?' (Size = 19), @p2='?' (Size = 22), @p3='?' (Size = 36)], CommandType='"Text"', CommandTimeout='30']
INSERT INTO "Posts" ("Caption", "PostDate", "PostImagePath", "UserId")
VALUES (@p0, @p1, @p2, @p3)
RETURNING "PostId";
2024-10-09 15:18:44.145 +02:00 [INF] Executed DbCommand (0ms) [Parameters=[@p0='?' (Size = 17), @p1='?' (Size = 19), @p2='?' (Size = 17), @p3='?' (Size = 36)], CommandType='"Text"', CommandTimeout='30']
INSERT INTO "Posts" ("Caption", "PostDate", "PostImagePath", "UserId")
VALUES (@p0, @p1, @p2, @p3)
RETURNING "PostId";
2024-10-09 15:18:44.145 +02:00 [INF] Executed DbCommand (0ms) [Parameters=[@p0='?' (Size = 42), @p1='?' (Size = 19), @p2='?' (Size = 18), @p3='?' (Size = 36)], CommandType='"Text"', CommandTimeout='30']
INSERT INTO "Posts" ("Caption", "PostDate", "PostImagePath", "UserId")
VALUES (@p0, @p1, @p2, @p3)
RETURNING "PostId";
2024-10-09 15:18:44.154 +02:00 [INF] Executed DbCommand (0ms) [Parameters=[], CommandType='"Text"', CommandTimeout='30']
SELECT "p"."PostId", "p"."Caption", "p"."PostDate", "p"."PostImagePath", "p"."UserId"
FROM "Posts" AS "p"
2024-10-09 15:18:44.155 +02:00 [INF] Executed DbCommand (0ms) [Parameters=[], CommandType='"Text"', CommandTimeout='30']
SELECT EXISTS (
    SELECT 1
    FROM "Comments" AS "c")
2024-10-09 15:18:44.160 +02:00 [INF] Executed DbCommand (0ms) [Parameters=[@p0='?' (Size = 19), @p1='?' (Size = 15), @p2='?' (DbType = Int32), @p3='?' (Size = 36)], CommandType='"Text"', CommandTimeout='30']
INSERT INTO "Comments" ("CommentDate", "CommentText", "PostId", "UserId")
VALUES (@p0, @p1, @p2, @p3)
RETURNING "CommentId";
2024-10-09 15:18:44.161 +02:00 [INF] Executed DbCommand (0ms) [Parameters=[@p0='?' (Size = 19), @p1='?' (Size = 6), @p2='?' (DbType = Int32), @p3='?' (Size = 36)], CommandType='"Text"', CommandTimeout='30']
INSERT INTO "Comments" ("CommentDate", "CommentText", "PostId", "UserId")
VALUES (@p0, @p1, @p2, @p3)
RETURNING "CommentId";
2024-10-09 15:18:44.161 +02:00 [INF] Executed DbCommand (0ms) [Parameters=[@p0='?' (Size = 19), @p1='?' (Size = 21), @p2='?' (DbType = Int32), @p3='?' (Size = 36)], CommandType='"Text"', CommandTimeout='30']
INSERT INTO "Comments" ("CommentDate", "CommentText", "PostId", "UserId")
VALUES (@p0, @p1, @p2, @p3)
RETURNING "CommentId";
2024-10-09 15:18:44.439 +02:00 [WRN] The ASP.NET Core developer certificate is not trusted. For information about trusting the ASP.NET Core developer certificate, see https://aka.ms/aspnet/https-trust-dev-cert.
2024-10-09 15:18:44.454 +02:00 [INF] Now listening on: https://localhost:7241
2024-10-09 15:18:44.455 +02:00 [INF] Now listening on: http://localhost:5127
2024-10-09 15:18:44.459 +02:00 [INF] Application started. Press Ctrl+C to shut down.
2024-10-09 15:18:44.460 +02:00 [INF] Hosting environment: Development
2024-10-09 15:18:44.460 +02:00 [INF] Content root path: /Users/adinaheia/Documents/GitHub/friendly
2024-10-09 15:18:45.054 +02:00 [INF] Request starting HTTP/1.1 GET http://localhost:5127/ - null null
2024-10-09 15:18:45.068 +02:00 [INF] Executing endpoint 'friendly.Controllers.HomeController.Index (friendly)'
2024-10-09 15:18:45.074 +02:00 [INF] Route matched with {action = "Index", controller = "Home", page = "", area = ""}. Executing controller action with signature Microsoft.AspNetCore.Mvc.IActionResult Index() on controller friendly.Controllers.HomeController (friendly).
2024-10-09 15:18:45.078 +02:00 [INF] Executing ViewResult, running view Index.
2024-10-09 15:18:45.118 +02:00 [INF] Executed ViewResult - view Index executed in 37.5005ms.
2024-10-09 15:18:45.119 +02:00 [INF] Executed action friendly.Controllers.HomeController.Index (friendly) in 44.2798ms
2024-10-09 15:18:45.120 +02:00 [INF] Executed endpoint 'friendly.Controllers.HomeController.Index (friendly)'
2024-10-09 15:18:45.123 +02:00 [INF] Request finished HTTP/1.1 GET http://localhost:5127/ - 200 null text/html; charset=utf-8 70.4076ms
2024-10-09 15:18:45.127 +02:00 [INF] Request starting HTTP/1.1 GET http://localhost:5127/lib/jquery-validate/jquery.validate.js - null null
2024-10-09 15:18:45.209 +02:00 [INF] Request starting HTTP/1.1 GET http://localhost:5127/lib/jquery-validation-unobtrusive/jquery.validate.unobtrusive.js - null null
2024-10-09 15:18:45.209 +02:00 [INF] Request starting HTTP/1.1 GET http://localhost:5127/js/jquery.min.js - null null
2024-10-09 15:18:45.209 +02:00 [INF] Request starting HTTP/1.1 GET http://localhost:5127/images/mountains.jpg - null null
2024-10-09 15:18:45.209 +02:00 [INF] Request starting HTTP/1.1 GET http://localhost:5127/js/bootstrap.js - null null
2024-10-09 15:18:45.262 +02:00 [INF] Request starting HTTP/1.1 GET http://localhost:5127/images/fall.jpg - null null
2024-10-09 15:18:45.266 +02:00 [INF] Request finished HTTP/1.1 GET http://localhost:5127/lib/jquery-validate/jquery.validate.js - 404 0 null 138.3915ms
2024-10-09 15:18:45.267 +02:00 [INF] Request finished HTTP/1.1 GET http://localhost:5127/lib/jquery-validation-unobtrusive/jquery.validate.unobtrusive.js - 404 0 null 83.8938ms
2024-10-09 15:18:45.269 +02:00 [INF] Request reached the end of the middleware pipeline without being handled by application code. Request path: GET http://localhost:5127/lib/jquery-validate/jquery.validate.js, Response status code: 404
2024-10-09 15:18:45.269 +02:00 [INF] Request reached the end of the middleware pipeline without being handled by application code. Request path: GET http://localhost:5127/lib/jquery-validation-unobtrusive/jquery.validate.unobtrusive.js, Response status code: 404
2024-10-09 15:18:45.270 +02:00 [INF] Request starting HTTP/1.1 GET http://localhost:5127/images/beach.jpg - null null
2024-10-09 15:18:45.272 +02:00 [INF] The file /images/mountains.jpg was not modified
2024-10-09 15:18:45.272 +02:00 [INF] The file /images/beach.jpg was not modified
2024-10-09 15:18:45.297 +02:00 [INF] The file /js/jquery.min.js was not modified
2024-10-09 15:18:45.297 +02:00 [INF] The file /images/fall.jpg was not modified
2024-10-09 15:18:45.297 +02:00 [INF] The file /js/bootstrap.js was not modified
2024-10-09 15:18:45.299 +02:00 [INF] Request finished HTTP/1.1 GET http://localhost:5127/js/bootstrap.js - 304 null text/javascript 117.39ms
2024-10-09 15:18:45.301 +02:00 [INF] Request finished HTTP/1.1 GET http://localhost:5127/images/mountains.jpg - 304 null image/jpeg 90.47ms
2024-10-09 15:18:45.301 +02:00 [INF] Request finished HTTP/1.1 GET http://localhost:5127/js/jquery.min.js - 304 null text/javascript 117.4232ms
2024-10-09 15:18:45.329 +02:00 [INF] Request finished HTTP/1.1 GET http://localhost:5127/images/beach.jpg - 304 null image/jpeg 29.4457ms
2024-10-09 15:18:45.329 +02:00 [INF] Request finished HTTP/1.1 GET http://localhost:5127/images/fall.jpg - 304 null image/jpeg 62.613ms
2024-10-09 15:18:46.711 +02:00 [INF] Request starting HTTP/1.1 GET http://localhost:5127/Post/Table - null null
2024-10-09 15:18:46.717 +02:00 [INF] Executing endpoint 'friendly.Controllers.PostController.Table (friendly)'
2024-10-09 15:18:46.724 +02:00 [INF] Route matched with {action = "Table", controller = "Post", page = "", area = ""}. Executing controller action with signature System.Threading.Tasks.Task`1[Microsoft.AspNetCore.Mvc.IActionResult] Table() on controller friendly.Controllers.PostController (friendly).
2024-10-09 15:18:46.754 +02:00 [INF] Executed DbCommand (0ms) [Parameters=[], CommandType='"Text"', CommandTimeout='30']
SELECT "p"."PostId", "p"."Caption", "p"."PostDate", "p"."PostImagePath", "p"."UserId"
FROM "Posts" AS "p"
ORDER BY "p"."PostDate" DESC
2024-10-09 15:18:46.759 +02:00 [INF] Executing ViewResult, running view Table.
2024-10-09 15:18:46.802 +02:00 [INF] Executed DbCommand (0ms) [Parameters=[@__p_0='?' (Size = 36)], CommandType='"Text"', CommandTimeout='30']
SELECT "a"."Id", "a"."AccessFailedCount", "a"."ConcurrencyStamp", "a"."Email", "a"."EmailConfirmed", "a"."FirstName", "a"."LastName", "a"."LockoutEnabled", "a"."LockoutEnd", "a"."NormalizedEmail", "a"."NormalizedUserName", "a"."PasswordHash", "a"."PhoneNumber", "a"."PhoneNumberConfirmed", "a"."ProfileImageUrl", "a"."SecurityStamp", "a"."TwoFactorEnabled", "a"."UserName"
FROM "AspNetUsers" AS "a"
WHERE "a"."Id" = @__p_0
LIMIT 1
2024-10-09 15:18:46.819 +02:00 [INF] Executed DbCommand (0ms) [Parameters=[@__p_0='?' (DbType = Int32)], CommandType='"Text"', CommandTimeout='30']
SELECT "c"."CommentId", "c"."CommentDate", "c"."CommentText", "c"."PostId", "c"."UserId"
FROM "Comments" AS "c"
WHERE "c"."PostId" = @__p_0
2024-10-09 15:18:46.823 +02:00 [INF] Executed DbCommand (0ms) [Parameters=[@__p_0='?' (Size = 36)], CommandType='"Text"', CommandTimeout='30']
SELECT "a"."Id", "a"."AccessFailedCount", "a"."ConcurrencyStamp", "a"."Email", "a"."EmailConfirmed", "a"."FirstName", "a"."LastName", "a"."LockoutEnabled", "a"."LockoutEnd", "a"."NormalizedEmail", "a"."NormalizedUserName", "a"."PasswordHash", "a"."PhoneNumber", "a"."PhoneNumberConfirmed", "a"."ProfileImageUrl", "a"."SecurityStamp", "a"."TwoFactorEnabled", "a"."UserName"
FROM "AspNetUsers" AS "a"
WHERE "a"."Id" = @__p_0
LIMIT 1
2024-10-09 15:18:46.827 +02:00 [INF] Executed DbCommand (0ms) [Parameters=[@__p_0='?' (DbType = Int32)], CommandType='"Text"', CommandTimeout='30']
SELECT "c"."CommentId", "c"."CommentDate", "c"."CommentText", "c"."PostId", "c"."UserId"
FROM "Comments" AS "c"
WHERE "c"."PostId" = @__p_0
2024-10-09 15:18:46.827 +02:00 [INF] Executed DbCommand (0ms) [Parameters=[@__p_0='?' (DbType = Int32)], CommandType='"Text"', CommandTimeout='30']
SELECT "c"."CommentId", "c"."CommentDate", "c"."CommentText", "c"."PostId", "c"."UserId"
FROM "Comments" AS "c"
WHERE "c"."PostId" = @__p_0
2024-10-09 15:18:46.829 +02:00 [INF] Executed ViewResult - view Table executed in 70.9267ms.
2024-10-09 15:18:46.855 +02:00 [INF] Executed action friendly.Controllers.PostController.Table (friendly) in 105.3852ms
2024-10-09 15:18:46.855 +02:00 [INF] Executed endpoint 'friendly.Controllers.PostController.Table (friendly)'
2024-10-09 15:18:46.857 +02:00 [INF] Request finished HTTP/1.1 GET http://localhost:5127/Post/Table - 200 null text/html; charset=utf-8 146.3528ms
2024-10-09 15:18:46.878 +02:00 [INF] Request starting HTTP/1.1 GET http://localhost:5127/uploads/mountains.jpg - null null
2024-10-09 15:18:46.878 +02:00 [INF] Request starting HTTP/1.1 GET http://localhost:5127/lib/jquery-validate/jquery.validate.js - null null
2024-10-09 15:18:46.900 +02:00 [INF] Request starting HTTP/1.1 GET http://localhost:5127/lib/jquery-validation-unobtrusive/jquery.validate.unobtrusive.js - null null
2024-10-09 15:18:46.926 +02:00 [INF] Request starting HTTP/1.1 GET http://localhost:5127/uploads/profile-images/profileimage1.jpg - null null
2024-10-09 15:18:46.926 +02:00 [INF] Request starting HTTP/1.1 GET http://localhost:5127/images/dots.png - null null
2024-10-09 15:18:46.928 +02:00 [INF] The file /uploads/profile-images/profileimage1.jpg was not modified
2024-10-09 15:18:46.927 +02:00 [INF] The file /uploads/mountains.jpg was not modified
2024-10-09 15:18:46.953 +02:00 [INF] The file /images/dots.png was not modified
2024-10-09 15:18:46.980 +02:00 [INF] Request finished HTTP/1.1 GET http://localhost:5127/lib/jquery-validate/jquery.validate.js - 404 0 null 102.0932ms
2024-10-09 15:18:46.979 +02:00 [INF] Request finished HTTP/1.1 GET http://localhost:5127/lib/jquery-validation-unobtrusive/jquery.validate.unobtrusive.js - 404 0 null 75.9985ms
2024-10-09 15:18:46.981 +02:00 [INF] Request finished HTTP/1.1 GET http://localhost:5127/uploads/mountains.jpg - 304 null image/jpeg 75.9861ms
2024-10-09 15:18:46.981 +02:00 [INF] Request finished HTTP/1.1 GET http://localhost:5127/uploads/profile-images/profileimage1.jpg - 304 null image/jpeg 27.3368ms
2024-10-09 15:18:46.984 +02:00 [INF] Request reached the end of the middleware pipeline without being handled by application code. Request path: GET http://localhost:5127/lib/jquery-validation-unobtrusive/jquery.validate.unobtrusive.js, Response status code: 404
2024-10-09 15:18:46.984 +02:00 [INF] Request finished HTTP/1.1 GET http://localhost:5127/images/dots.png - 304 null image/png 79.2397ms
2024-10-09 15:18:46.984 +02:00 [INF] Request reached the end of the middleware pipeline without being handled by application code. Request path: GET http://localhost:5127/lib/jquery-validate/jquery.validate.js, Response status code: 404
2024-10-09 15:18:46.986 +02:00 [INF] Request starting HTTP/1.1 GET http://localhost:5127/uploads/beach.jpg - null null
2024-10-09 15:18:46.986 +02:00 [INF] Request starting HTTP/1.1 GET http://localhost:5127/uploads/profile-images/profileimage2.jpg - null null
2024-10-09 15:18:46.987 +02:00 [INF] Request starting HTTP/1.1 GET http://localhost:5127/uploads/fall.jpg - null null
2024-10-09 15:18:46.988 +02:00 [INF] The file /uploads/beach.jpg was not modified
2024-10-09 15:18:46.989 +02:00 [INF] The file /uploads/fall.jpg was not modified
2024-10-09 15:18:46.990 +02:00 [INF] The file /uploads/profile-images/profileimage2.jpg was not modified
2024-10-09 15:18:46.991 +02:00 [INF] Request finished HTTP/1.1 GET http://localhost:5127/uploads/beach.jpg - 304 null image/jpeg 4.5474ms
2024-10-09 15:18:46.992 +02:00 [INF] Request finished HTTP/1.1 GET http://localhost:5127/uploads/fall.jpg - 304 null image/jpeg 3.6352ms
2024-10-09 15:18:46.992 +02:00 [INF] Request finished HTTP/1.1 GET http://localhost:5127/uploads/profile-images/profileimage2.jpg - 304 null image/jpeg 5.4004ms
