2024-10-07 15:11:29.760 +02:00 [INF] User profile is available. Using '/Users/axel/.aspnet/DataProtection-Keys' as key repository; keys will not be encrypted at rest.
2024-10-07 15:11:30.145 +02:00 [INF] Executed DbCommand (13ms) [Parameters=[], CommandType='"Text"', CommandTimeout='30']
PRAGMA journal_mode = 'wal';
2024-10-07 15:11:30.232 +02:00 [INF] Executed DbCommand (0ms) [Parameters=[], CommandType='"Text"', CommandTimeout='30']
CREATE TABLE "AspNetRoles" (
    "Id" TEXT NOT NULL CONSTRAINT "PK_AspNetRoles" PRIMARY KEY,
    "Name" TEXT NULL,
    "NormalizedName" TEXT NULL,
    "ConcurrencyStamp" TEXT NULL
);
2024-10-07 15:11:30.233 +02:00 [INF] Executed DbCommand (0ms) [Parameters=[], CommandType='"Text"', CommandTimeout='30']
CREATE TABLE "AspNetUsers" (
    "Id" TEXT NOT NULL CONSTRAINT "PK_AspNetUsers" PRIMARY KEY,
    "FirstName" TEXT NULL,
    "LastName" TEXT NULL,
    "ProfileImageUrl" TEXT NULL,
    "UserName" TEXT NULL,
    "NormalizedUserName" TEXT NULL,
    "Email" TEXT NULL,
    "NormalizedEmail" TEXT NULL,
    "EmailConfirmed" INTEGER NOT NULL,
    "PasswordHash" TEXT NULL,
    "SecurityStamp" TEXT NULL,
    "ConcurrencyStamp" TEXT NULL,
    "PhoneNumber" TEXT NULL,
    "PhoneNumberConfirmed" INTEGER NOT NULL,
    "TwoFactorEnabled" INTEGER NOT NULL,
    "LockoutEnd" TEXT NULL,
    "LockoutEnabled" INTEGER NOT NULL,
    "AccessFailedCount" INTEGER NOT NULL
);
2024-10-07 15:11:30.233 +02:00 [INF] Executed DbCommand (0ms) [Parameters=[], CommandType='"Text"', CommandTimeout='30']
CREATE TABLE "AspNetRoleClaims" (
    "Id" INTEGER NOT NULL CONSTRAINT "PK_AspNetRoleClaims" PRIMARY KEY AUTOINCREMENT,
    "RoleId" TEXT NOT NULL,
    "ClaimType" TEXT NULL,
    "ClaimValue" TEXT NULL,
    CONSTRAINT "FK_AspNetRoleClaims_AspNetRoles_RoleId" FOREIGN KEY ("RoleId") REFERENCES "AspNetRoles" ("Id") ON DELETE CASCADE
);
2024-10-07 15:11:30.233 +02:00 [INF] Executed DbCommand (0ms) [Parameters=[], CommandType='"Text"', CommandTimeout='30']
CREATE TABLE "AspNetUserClaims" (
    "Id" INTEGER NOT NULL CONSTRAINT "PK_AspNetUserClaims" PRIMARY KEY AUTOINCREMENT,
    "UserId" TEXT NOT NULL,
    "ClaimType" TEXT NULL,
    "ClaimValue" TEXT NULL,
    CONSTRAINT "FK_AspNetUserClaims_AspNetUsers_UserId" FOREIGN KEY ("UserId") REFERENCES "AspNetUsers" ("Id") ON DELETE CASCADE
);
2024-10-07 15:11:30.233 +02:00 [INF] Executed DbCommand (0ms) [Parameters=[], CommandType='"Text"', CommandTimeout='30']
CREATE TABLE "AspNetUserLogins" (
    "LoginProvider" TEXT NOT NULL,
    "ProviderKey" TEXT NOT NULL,
    "ProviderDisplayName" TEXT NULL,
    "UserId" TEXT NOT NULL,
    CONSTRAINT "PK_AspNetUserLogins" PRIMARY KEY ("LoginProvider", "ProviderKey"),
    CONSTRAINT "FK_AspNetUserLogins_AspNetUsers_UserId" FOREIGN KEY ("UserId") REFERENCES "AspNetUsers" ("Id") ON DELETE CASCADE
);
2024-10-07 15:11:30.233 +02:00 [INF] Executed DbCommand (0ms) [Parameters=[], CommandType='"Text"', CommandTimeout='30']
CREATE TABLE "AspNetUserRoles" (
    "UserId" TEXT NOT NULL,
    "RoleId" TEXT NOT NULL,
    CONSTRAINT "PK_AspNetUserRoles" PRIMARY KEY ("UserId", "RoleId"),
    CONSTRAINT "FK_AspNetUserRoles_AspNetRoles_RoleId" FOREIGN KEY ("RoleId") REFERENCES "AspNetRoles" ("Id") ON DELETE CASCADE,
    CONSTRAINT "FK_AspNetUserRoles_AspNetUsers_UserId" FOREIGN KEY ("UserId") REFERENCES "AspNetUsers" ("Id") ON DELETE CASCADE
);
2024-10-07 15:11:30.233 +02:00 [INF] Executed DbCommand (0ms) [Parameters=[], CommandType='"Text"', CommandTimeout='30']
CREATE TABLE "AspNetUserTokens" (
    "UserId" TEXT NOT NULL,
    "LoginProvider" TEXT NOT NULL,
    "Name" TEXT NOT NULL,
    "Value" TEXT NULL,
    CONSTRAINT "PK_AspNetUserTokens" PRIMARY KEY ("UserId", "LoginProvider", "Name"),
    CONSTRAINT "FK_AspNetUserTokens_AspNetUsers_UserId" FOREIGN KEY ("UserId") REFERENCES "AspNetUsers" ("Id") ON DELETE CASCADE
);
2024-10-07 15:11:30.233 +02:00 [INF] Executed DbCommand (0ms) [Parameters=[], CommandType='"Text"', CommandTimeout='30']
CREATE TABLE "Posts" (
    "PostId" INTEGER NOT NULL CONSTRAINT "PK_Posts" PRIMARY KEY AUTOINCREMENT,
    "PostImagePath" TEXT NULL,
    "Caption" TEXT NULL,
    "PostDate" TEXT NULL,
    "UserId" TEXT NULL,
    CONSTRAINT "FK_Posts_AspNetUsers_UserId" FOREIGN KEY ("UserId") REFERENCES "AspNetUsers" ("Id")
);
2024-10-07 15:11:30.233 +02:00 [INF] Executed DbCommand (0ms) [Parameters=[], CommandType='"Text"', CommandTimeout='30']
CREATE TABLE "Comments" (
    "CommentId" INTEGER NOT NULL CONSTRAINT "PK_Comments" PRIMARY KEY AUTOINCREMENT,
    "CommentText" TEXT NULL,
    "CommentDate" TEXT NULL,
    "UserId" TEXT NULL,
    "PostId" INTEGER NOT NULL,
    CONSTRAINT "FK_Comments_AspNetUsers_UserId" FOREIGN KEY ("UserId") REFERENCES "AspNetUsers" ("Id"),
    CONSTRAINT "FK_Comments_Posts_PostId" FOREIGN KEY ("PostId") REFERENCES "Posts" ("PostId") ON DELETE CASCADE
);
2024-10-07 15:11:30.233 +02:00 [INF] Executed DbCommand (0ms) [Parameters=[], CommandType='"Text"', CommandTimeout='30']
CREATE INDEX "IX_AspNetRoleClaims_RoleId" ON "AspNetRoleClaims" ("RoleId");
2024-10-07 15:11:30.233 +02:00 [INF] Executed DbCommand (0ms) [Parameters=[], CommandType='"Text"', CommandTimeout='30']
CREATE UNIQUE INDEX "RoleNameIndex" ON "AspNetRoles" ("NormalizedName");
2024-10-07 15:11:30.233 +02:00 [INF] Executed DbCommand (0ms) [Parameters=[], CommandType='"Text"', CommandTimeout='30']
CREATE INDEX "IX_AspNetUserClaims_UserId" ON "AspNetUserClaims" ("UserId");
2024-10-07 15:11:30.233 +02:00 [INF] Executed DbCommand (0ms) [Parameters=[], CommandType='"Text"', CommandTimeout='30']
CREATE INDEX "IX_AspNetUserLogins_UserId" ON "AspNetUserLogins" ("UserId");
2024-10-07 15:11:30.233 +02:00 [INF] Executed DbCommand (0ms) [Parameters=[], CommandType='"Text"', CommandTimeout='30']
CREATE INDEX "IX_AspNetUserRoles_RoleId" ON "AspNetUserRoles" ("RoleId");
2024-10-07 15:11:30.233 +02:00 [INF] Executed DbCommand (0ms) [Parameters=[], CommandType='"Text"', CommandTimeout='30']
CREATE INDEX "EmailIndex" ON "AspNetUsers" ("NormalizedEmail");
2024-10-07 15:11:30.233 +02:00 [INF] Executed DbCommand (0ms) [Parameters=[], CommandType='"Text"', CommandTimeout='30']
CREATE UNIQUE INDEX "UserNameIndex" ON "AspNetUsers" ("NormalizedUserName");
2024-10-07 15:11:30.233 +02:00 [INF] Executed DbCommand (0ms) [Parameters=[], CommandType='"Text"', CommandTimeout='30']
CREATE INDEX "IX_Comments_PostId" ON "Comments" ("PostId");
2024-10-07 15:11:30.234 +02:00 [INF] Executed DbCommand (0ms) [Parameters=[], CommandType='"Text"', CommandTimeout='30']
CREATE INDEX "IX_Comments_UserId" ON "Comments" ("UserId");
2024-10-07 15:11:30.234 +02:00 [INF] Executed DbCommand (0ms) [Parameters=[], CommandType='"Text"', CommandTimeout='30']
CREATE INDEX "IX_Posts_UserId" ON "Posts" ("UserId");
2024-10-07 15:11:30.445 +02:00 [INF] Executed DbCommand (2ms) [Parameters=[@__normalizedName_0='?' (Size = 5)], CommandType='"Text"', CommandTimeout='30']
SELECT "a"."Id", "a"."ConcurrencyStamp", "a"."Name", "a"."NormalizedName"
FROM "AspNetRoles" AS "a"
WHERE "a"."NormalizedName" = @__normalizedName_0
LIMIT 1
2024-10-07 15:11:30.450 +02:00 [INF] Executed DbCommand (0ms) [Parameters=[@__normalizedName_0='?' (Size = 5)], CommandType='"Text"', CommandTimeout='30']
SELECT "a"."Id", "a"."ConcurrencyStamp", "a"."Name", "a"."NormalizedName"
FROM "AspNetRoles" AS "a"
WHERE "a"."NormalizedName" = @__normalizedName_0
LIMIT 1
2024-10-07 15:11:30.515 +02:00 [INF] Executed DbCommand (0ms) [Parameters=[@p0='?' (Size = 36), @p1='?', @p2='?' (Size = 5), @p3='?' (Size = 5)], CommandType='"Text"', CommandTimeout='30']
INSERT INTO "AspNetRoles" ("Id", "ConcurrencyStamp", "Name", "NormalizedName")
VALUES (@p0, @p1, @p2, @p3);
2024-10-07 15:11:30.518 +02:00 [INF] Executed DbCommand (0ms) [Parameters=[@__normalizedName_0='?' (Size = 4)], CommandType='"Text"', CommandTimeout='30']
SELECT "a"."Id", "a"."ConcurrencyStamp", "a"."Name", "a"."NormalizedName"
FROM "AspNetRoles" AS "a"
WHERE "a"."NormalizedName" = @__normalizedName_0
LIMIT 1
2024-10-07 15:11:30.519 +02:00 [INF] Executed DbCommand (0ms) [Parameters=[@__normalizedName_0='?' (Size = 4)], CommandType='"Text"', CommandTimeout='30']
SELECT "a"."Id", "a"."ConcurrencyStamp", "a"."Name", "a"."NormalizedName"
FROM "AspNetRoles" AS "a"
WHERE "a"."NormalizedName" = @__normalizedName_0
LIMIT 1
2024-10-07 15:11:30.520 +02:00 [INF] Executed DbCommand (0ms) [Parameters=[@p0='?' (Size = 36), @p1='?', @p2='?' (Size = 4), @p3='?' (Size = 4)], CommandType='"Text"', CommandTimeout='30']
INSERT INTO "AspNetRoles" ("Id", "ConcurrencyStamp", "Name", "NormalizedName")
VALUES (@p0, @p1, @p2, @p3);
2024-10-07 15:11:30.525 +02:00 [INF] Executed DbCommand (0ms) [Parameters=[], CommandType='"Text"', CommandTimeout='30']
SELECT EXISTS (
    SELECT 1
    FROM "AspNetUsers" AS "a")
2024-10-07 15:11:30.579 +02:00 [INF] Executed DbCommand (0ms) [Parameters=[@__normalizedUserName_0='?' (Size = 10)], CommandType='"Text"', CommandTimeout='30']
SELECT "a"."Id", "a"."AccessFailedCount", "a"."ConcurrencyStamp", "a"."Email", "a"."EmailConfirmed", "a"."FirstName", "a"."LastName", "a"."LockoutEnabled", "a"."LockoutEnd", "a"."NormalizedEmail", "a"."NormalizedUserName", "a"."PasswordHash", "a"."PhoneNumber", "a"."PhoneNumberConfirmed", "a"."ProfileImageUrl", "a"."SecurityStamp", "a"."TwoFactorEnabled", "a"."UserName"
FROM "AspNetUsers" AS "a"
WHERE "a"."NormalizedUserName" = @__normalizedUserName_0
LIMIT 1
2024-10-07 15:11:30.585 +02:00 [INF] Executed DbCommand (0ms) [Parameters=[@__normalizedEmail_0='?' (Size = 20)], CommandType='"Text"', CommandTimeout='30']
SELECT "a"."Id", "a"."AccessFailedCount", "a"."ConcurrencyStamp", "a"."Email", "a"."EmailConfirmed", "a"."FirstName", "a"."LastName", "a"."LockoutEnabled", "a"."LockoutEnd", "a"."NormalizedEmail", "a"."NormalizedUserName", "a"."PasswordHash", "a"."PhoneNumber", "a"."PhoneNumberConfirmed", "a"."ProfileImageUrl", "a"."SecurityStamp", "a"."TwoFactorEnabled", "a"."UserName"
FROM "AspNetUsers" AS "a"
WHERE "a"."NormalizedEmail" = @__normalizedEmail_0
LIMIT 2
2024-10-07 15:11:30.625 +02:00 [INF] Executed DbCommand (0ms) [Parameters=[@p0='?' (Size = 36), @p1='?' (DbType = Int32), @p2='?' (Size = 36), @p3='?' (Size = 20), @p4='?' (DbType = Boolean), @p5='?' (Size = 4), @p6='?' (Size = 5), @p7='?' (DbType = Boolean), @p8='?' (DbType = DateTimeOffset), @p9='?' (Size = 20), @p10='?' (Size = 10), @p11='?' (Size = 84), @p12='?', @p13='?' (DbType = Boolean), @p14='?' (Size = 25), @p15='?' (Size = 32), @p16='?' (DbType = Boolean), @p17='?' (Size = 10)], CommandType='"Text"', CommandTimeout='30']
INSERT INTO "AspNetUsers" ("Id", "AccessFailedCount", "ConcurrencyStamp", "Email", "EmailConfirmed", "FirstName", "LastName", "LockoutEnabled", "LockoutEnd", "NormalizedEmail", "NormalizedUserName", "PasswordHash", "PhoneNumber", "PhoneNumberConfirmed", "ProfileImageUrl", "SecurityStamp", "TwoFactorEnabled", "UserName")
VALUES (@p0, @p1, @p2, @p3, @p4, @p5, @p6, @p7, @p8, @p9, @p10, @p11, @p12, @p13, @p14, @p15, @p16, @p17);
2024-10-07 15:11:30.629 +02:00 [INF] Executed DbCommand (0ms) [Parameters=[@__normalizedRoleName_0='?' (Size = 4)], CommandType='"Text"', CommandTimeout='30']
SELECT "a"."Id", "a"."ConcurrencyStamp", "a"."Name", "a"."NormalizedName"
FROM "AspNetRoles" AS "a"
WHERE "a"."NormalizedName" = @__normalizedRoleName_0
LIMIT 2
2024-10-07 15:11:30.645 +02:00 [INF] Executed DbCommand (0ms) [Parameters=[@__p_0='?' (Size = 36), @__p_1='?' (Size = 36)], CommandType='"Text"', CommandTimeout='30']
SELECT "a"."UserId", "a"."RoleId"
FROM "AspNetUserRoles" AS "a"
WHERE "a"."UserId" = @__p_0 AND "a"."RoleId" = @__p_1
LIMIT 1
2024-10-07 15:11:30.646 +02:00 [INF] Executed DbCommand (0ms) [Parameters=[@__normalizedRoleName_0='?' (Size = 4)], CommandType='"Text"', CommandTimeout='30']
SELECT "a"."Id", "a"."ConcurrencyStamp", "a"."Name", "a"."NormalizedName"
FROM "AspNetRoles" AS "a"
WHERE "a"."NormalizedName" = @__normalizedRoleName_0
LIMIT 2
2024-10-07 15:11:30.650 +02:00 [INF] Executed DbCommand (0ms) [Parameters=[@__normalizedUserName_0='?' (Size = 10)], CommandType='"Text"', CommandTimeout='30']
SELECT "a"."Id", "a"."AccessFailedCount", "a"."ConcurrencyStamp", "a"."Email", "a"."EmailConfirmed", "a"."FirstName", "a"."LastName", "a"."LockoutEnabled", "a"."LockoutEnd", "a"."NormalizedEmail", "a"."NormalizedUserName", "a"."PasswordHash", "a"."PhoneNumber", "a"."PhoneNumberConfirmed", "a"."ProfileImageUrl", "a"."SecurityStamp", "a"."TwoFactorEnabled", "a"."UserName"
FROM "AspNetUsers" AS "a"
WHERE "a"."NormalizedUserName" = @__normalizedUserName_0
LIMIT 1
2024-10-07 15:11:30.650 +02:00 [INF] Executed DbCommand (0ms) [Parameters=[@__normalizedEmail_0='?' (Size = 20)], CommandType='"Text"', CommandTimeout='30']
SELECT "a"."Id", "a"."AccessFailedCount", "a"."ConcurrencyStamp", "a"."Email", "a"."EmailConfirmed", "a"."FirstName", "a"."LastName", "a"."LockoutEnabled", "a"."LockoutEnd", "a"."NormalizedEmail", "a"."NormalizedUserName", "a"."PasswordHash", "a"."PhoneNumber", "a"."PhoneNumberConfirmed", "a"."ProfileImageUrl", "a"."SecurityStamp", "a"."TwoFactorEnabled", "a"."UserName"
FROM "AspNetUsers" AS "a"
WHERE "a"."NormalizedEmail" = @__normalizedEmail_0
LIMIT 2
2024-10-07 15:11:30.655 +02:00 [INF] Executed DbCommand (0ms) [Parameters=[@p0='?' (Size = 36), @p1='?' (Size = 36)], CommandType='"Text"', CommandTimeout='30']
INSERT INTO "AspNetUserRoles" ("RoleId", "UserId")
VALUES (@p0, @p1);
2024-10-07 15:11:30.656 +02:00 [INF] Executed DbCommand (0ms) [Parameters=[@p17='?' (Size = 36), @p0='?' (DbType = Int32), @p1='?' (Size = 36), @p18='?' (Size = 36), @p2='?' (Size = 20), @p3='?' (DbType = Boolean), @p4='?' (Size = 4), @p5='?' (Size = 5), @p6='?' (DbType = Boolean), @p7='?' (DbType = DateTimeOffset), @p8='?' (Size = 20), @p9='?' (Size = 10), @p10='?' (Size = 84), @p11='?', @p12='?' (DbType = Boolean), @p13='?' (Size = 25), @p14='?' (Size = 32), @p15='?' (DbType = Boolean), @p16='?' (Size = 10)], CommandType='"Text"', CommandTimeout='30']
UPDATE "AspNetUsers" SET "AccessFailedCount" = @p0, "ConcurrencyStamp" = @p1, "Email" = @p2, "EmailConfirmed" = @p3, "FirstName" = @p4, "LastName" = @p5, "LockoutEnabled" = @p6, "LockoutEnd" = @p7, "NormalizedEmail" = @p8, "NormalizedUserName" = @p9, "PasswordHash" = @p10, "PhoneNumber" = @p11, "PhoneNumberConfirmed" = @p12, "ProfileImageUrl" = @p13, "SecurityStamp" = @p14, "TwoFactorEnabled" = @p15, "UserName" = @p16
WHERE "Id" = @p17 AND "ConcurrencyStamp" = @p18
RETURNING 1;
2024-10-07 15:11:30.705 +02:00 [INF] Executed DbCommand (0ms) [Parameters=[@__normalizedUserName_0='?' (Size = 6)], CommandType='"Text"', CommandTimeout='30']
SELECT "a"."Id", "a"."AccessFailedCount", "a"."ConcurrencyStamp", "a"."Email", "a"."EmailConfirmed", "a"."FirstName", "a"."LastName", "a"."LockoutEnabled", "a"."LockoutEnd", "a"."NormalizedEmail", "a"."NormalizedUserName", "a"."PasswordHash", "a"."PhoneNumber", "a"."PhoneNumberConfirmed", "a"."ProfileImageUrl", "a"."SecurityStamp", "a"."TwoFactorEnabled", "a"."UserName"
FROM "AspNetUsers" AS "a"
WHERE "a"."NormalizedUserName" = @__normalizedUserName_0
LIMIT 1
2024-10-07 15:11:30.706 +02:00 [INF] Executed DbCommand (0ms) [Parameters=[@__normalizedEmail_0='?' (Size = 16)], CommandType='"Text"', CommandTimeout='30']
SELECT "a"."Id", "a"."AccessFailedCount", "a"."ConcurrencyStamp", "a"."Email", "a"."EmailConfirmed", "a"."FirstName", "a"."LastName", "a"."LockoutEnabled", "a"."LockoutEnd", "a"."NormalizedEmail", "a"."NormalizedUserName", "a"."PasswordHash", "a"."PhoneNumber", "a"."PhoneNumberConfirmed", "a"."ProfileImageUrl", "a"."SecurityStamp", "a"."TwoFactorEnabled", "a"."UserName"
FROM "AspNetUsers" AS "a"
WHERE "a"."NormalizedEmail" = @__normalizedEmail_0
LIMIT 2
2024-10-07 15:11:30.707 +02:00 [INF] Executed DbCommand (0ms) [Parameters=[@p0='?' (Size = 36), @p1='?' (DbType = Int32), @p2='?' (Size = 36), @p3='?' (Size = 16), @p4='?' (DbType = Boolean), @p5='?' (Size = 10), @p6='?' (Size = 4), @p7='?' (DbType = Boolean), @p8='?' (DbType = DateTimeOffset), @p9='?' (Size = 16), @p10='?' (Size = 6), @p11='?' (Size = 84), @p12='?', @p13='?' (DbType = Boolean), @p14='?' (Size = 25), @p15='?' (Size = 32), @p16='?' (DbType = Boolean), @p17='?' (Size = 6)], CommandType='"Text"', CommandTimeout='30']
INSERT INTO "AspNetUsers" ("Id", "AccessFailedCount", "ConcurrencyStamp", "Email", "EmailConfirmed", "FirstName", "LastName", "LockoutEnabled", "LockoutEnd", "NormalizedEmail", "NormalizedUserName", "PasswordHash", "PhoneNumber", "PhoneNumberConfirmed", "ProfileImageUrl", "SecurityStamp", "TwoFactorEnabled", "UserName")
VALUES (@p0, @p1, @p2, @p3, @p4, @p5, @p6, @p7, @p8, @p9, @p10, @p11, @p12, @p13, @p14, @p15, @p16, @p17);
2024-10-07 15:11:30.708 +02:00 [INF] Executed DbCommand (0ms) [Parameters=[@__normalizedRoleName_0='?' (Size = 4)], CommandType='"Text"', CommandTimeout='30']
SELECT "a"."Id", "a"."ConcurrencyStamp", "a"."Name", "a"."NormalizedName"
FROM "AspNetRoles" AS "a"
WHERE "a"."NormalizedName" = @__normalizedRoleName_0
LIMIT 2
2024-10-07 15:11:30.708 +02:00 [INF] Executed DbCommand (0ms) [Parameters=[@__p_0='?' (Size = 36), @__p_1='?' (Size = 36)], CommandType='"Text"', CommandTimeout='30']
SELECT "a"."UserId", "a"."RoleId"
FROM "AspNetUserRoles" AS "a"
WHERE "a"."UserId" = @__p_0 AND "a"."RoleId" = @__p_1
LIMIT 1
2024-10-07 15:11:30.708 +02:00 [INF] Executed DbCommand (0ms) [Parameters=[@__normalizedRoleName_0='?' (Size = 4)], CommandType='"Text"', CommandTimeout='30']
SELECT "a"."Id", "a"."ConcurrencyStamp", "a"."Name", "a"."NormalizedName"
FROM "AspNetRoles" AS "a"
WHERE "a"."NormalizedName" = @__normalizedRoleName_0
LIMIT 2
2024-10-07 15:11:30.708 +02:00 [INF] Executed DbCommand (0ms) [Parameters=[@__normalizedUserName_0='?' (Size = 6)], CommandType='"Text"', CommandTimeout='30']
SELECT "a"."Id", "a"."AccessFailedCount", "a"."ConcurrencyStamp", "a"."Email", "a"."EmailConfirmed", "a"."FirstName", "a"."LastName", "a"."LockoutEnabled", "a"."LockoutEnd", "a"."NormalizedEmail", "a"."NormalizedUserName", "a"."PasswordHash", "a"."PhoneNumber", "a"."PhoneNumberConfirmed", "a"."ProfileImageUrl", "a"."SecurityStamp", "a"."TwoFactorEnabled", "a"."UserName"
FROM "AspNetUsers" AS "a"
WHERE "a"."NormalizedUserName" = @__normalizedUserName_0
LIMIT 1
2024-10-07 15:11:30.709 +02:00 [INF] Executed DbCommand (0ms) [Parameters=[@__normalizedEmail_0='?' (Size = 16)], CommandType='"Text"', CommandTimeout='30']
SELECT "a"."Id", "a"."AccessFailedCount", "a"."ConcurrencyStamp", "a"."Email", "a"."EmailConfirmed", "a"."FirstName", "a"."LastName", "a"."LockoutEnabled", "a"."LockoutEnd", "a"."NormalizedEmail", "a"."NormalizedUserName", "a"."PasswordHash", "a"."PhoneNumber", "a"."PhoneNumberConfirmed", "a"."ProfileImageUrl", "a"."SecurityStamp", "a"."TwoFactorEnabled", "a"."UserName"
FROM "AspNetUsers" AS "a"
WHERE "a"."NormalizedEmail" = @__normalizedEmail_0
LIMIT 2
2024-10-07 15:11:30.709 +02:00 [INF] Executed DbCommand (0ms) [Parameters=[@p0='?' (Size = 36), @p1='?' (Size = 36)], CommandType='"Text"', CommandTimeout='30']
INSERT INTO "AspNetUserRoles" ("RoleId", "UserId")
VALUES (@p0, @p1);
2024-10-07 15:11:30.709 +02:00 [INF] Executed DbCommand (0ms) [Parameters=[@p17='?' (Size = 36), @p0='?' (DbType = Int32), @p1='?' (Size = 36), @p18='?' (Size = 36), @p2='?' (Size = 16), @p3='?' (DbType = Boolean), @p4='?' (Size = 10), @p5='?' (Size = 4), @p6='?' (DbType = Boolean), @p7='?' (DbType = DateTimeOffset), @p8='?' (Size = 16), @p9='?' (Size = 6), @p10='?' (Size = 84), @p11='?', @p12='?' (DbType = Boolean), @p13='?' (Size = 25), @p14='?' (Size = 32), @p15='?' (DbType = Boolean), @p16='?' (Size = 6)], CommandType='"Text"', CommandTimeout='30']
UPDATE "AspNetUsers" SET "AccessFailedCount" = @p0, "ConcurrencyStamp" = @p1, "Email" = @p2, "EmailConfirmed" = @p3, "FirstName" = @p4, "LastName" = @p5, "LockoutEnabled" = @p6, "LockoutEnd" = @p7, "NormalizedEmail" = @p8, "NormalizedUserName" = @p9, "PasswordHash" = @p10, "PhoneNumber" = @p11, "PhoneNumberConfirmed" = @p12, "ProfileImageUrl" = @p13, "SecurityStamp" = @p14, "TwoFactorEnabled" = @p15, "UserName" = @p16
WHERE "Id" = @p17 AND "ConcurrencyStamp" = @p18
RETURNING 1;
2024-10-07 15:11:30.750 +02:00 [INF] Executed DbCommand (0ms) [Parameters=[@__normalizedUserName_0='?' (Size = 7)], CommandType='"Text"', CommandTimeout='30']
SELECT "a"."Id", "a"."AccessFailedCount", "a"."ConcurrencyStamp", "a"."Email", "a"."EmailConfirmed", "a"."FirstName", "a"."LastName", "a"."LockoutEnabled", "a"."LockoutEnd", "a"."NormalizedEmail", "a"."NormalizedUserName", "a"."PasswordHash", "a"."PhoneNumber", "a"."PhoneNumberConfirmed", "a"."ProfileImageUrl", "a"."SecurityStamp", "a"."TwoFactorEnabled", "a"."UserName"
FROM "AspNetUsers" AS "a"
WHERE "a"."NormalizedUserName" = @__normalizedUserName_0
LIMIT 1
2024-10-07 15:11:30.750 +02:00 [INF] Executed DbCommand (0ms) [Parameters=[@__normalizedEmail_0='?' (Size = 15)], CommandType='"Text"', CommandTimeout='30']
SELECT "a"."Id", "a"."AccessFailedCount", "a"."ConcurrencyStamp", "a"."Email", "a"."EmailConfirmed", "a"."FirstName", "a"."LastName", "a"."LockoutEnabled", "a"."LockoutEnd", "a"."NormalizedEmail", "a"."NormalizedUserName", "a"."PasswordHash", "a"."PhoneNumber", "a"."PhoneNumberConfirmed", "a"."ProfileImageUrl", "a"."SecurityStamp", "a"."TwoFactorEnabled", "a"."UserName"
FROM "AspNetUsers" AS "a"
WHERE "a"."NormalizedEmail" = @__normalizedEmail_0
LIMIT 2
2024-10-07 15:11:30.751 +02:00 [INF] Executed DbCommand (0ms) [Parameters=[@p0='?' (Size = 36), @p1='?' (DbType = Int32), @p2='?' (Size = 36), @p3='?' (Size = 15), @p4='?' (DbType = Boolean), @p5='?' (Size = 6), @p6='?' (Size = 8), @p7='?' (DbType = Boolean), @p8='?' (DbType = DateTimeOffset), @p9='?' (Size = 15), @p10='?' (Size = 7), @p11='?' (Size = 84), @p12='?', @p13='?' (DbType = Boolean), @p14='?' (Size = 25), @p15='?' (Size = 32), @p16='?' (DbType = Boolean), @p17='?' (Size = 7)], CommandType='"Text"', CommandTimeout='30']
INSERT INTO "AspNetUsers" ("Id", "AccessFailedCount", "ConcurrencyStamp", "Email", "EmailConfirmed", "FirstName", "LastName", "LockoutEnabled", "LockoutEnd", "NormalizedEmail", "NormalizedUserName", "PasswordHash", "PhoneNumber", "PhoneNumberConfirmed", "ProfileImageUrl", "SecurityStamp", "TwoFactorEnabled", "UserName")
VALUES (@p0, @p1, @p2, @p3, @p4, @p5, @p6, @p7, @p8, @p9, @p10, @p11, @p12, @p13, @p14, @p15, @p16, @p17);
2024-10-07 15:11:30.751 +02:00 [INF] Executed DbCommand (0ms) [Parameters=[@__normalizedRoleName_0='?' (Size = 4)], CommandType='"Text"', CommandTimeout='30']
SELECT "a"."Id", "a"."ConcurrencyStamp", "a"."Name", "a"."NormalizedName"
FROM "AspNetRoles" AS "a"
WHERE "a"."NormalizedName" = @__normalizedRoleName_0
LIMIT 2
2024-10-07 15:11:30.751 +02:00 [INF] Executed DbCommand (0ms) [Parameters=[@__p_0='?' (Size = 36), @__p_1='?' (Size = 36)], CommandType='"Text"', CommandTimeout='30']
SELECT "a"."UserId", "a"."RoleId"
FROM "AspNetUserRoles" AS "a"
WHERE "a"."UserId" = @__p_0 AND "a"."RoleId" = @__p_1
LIMIT 1
2024-10-07 15:11:30.752 +02:00 [INF] Executed DbCommand (0ms) [Parameters=[@__normalizedRoleName_0='?' (Size = 4)], CommandType='"Text"', CommandTimeout='30']
SELECT "a"."Id", "a"."ConcurrencyStamp", "a"."Name", "a"."NormalizedName"
FROM "AspNetRoles" AS "a"
WHERE "a"."NormalizedName" = @__normalizedRoleName_0
LIMIT 2
2024-10-07 15:11:30.752 +02:00 [INF] Executed DbCommand (0ms) [Parameters=[@__normalizedUserName_0='?' (Size = 7)], CommandType='"Text"', CommandTimeout='30']
SELECT "a"."Id", "a"."AccessFailedCount", "a"."ConcurrencyStamp", "a"."Email", "a"."EmailConfirmed", "a"."FirstName", "a"."LastName", "a"."LockoutEnabled", "a"."LockoutEnd", "a"."NormalizedEmail", "a"."NormalizedUserName", "a"."PasswordHash", "a"."PhoneNumber", "a"."PhoneNumberConfirmed", "a"."ProfileImageUrl", "a"."SecurityStamp", "a"."TwoFactorEnabled", "a"."UserName"
FROM "AspNetUsers" AS "a"
WHERE "a"."NormalizedUserName" = @__normalizedUserName_0
LIMIT 1
2024-10-07 15:11:30.752 +02:00 [INF] Executed DbCommand (0ms) [Parameters=[@__normalizedEmail_0='?' (Size = 15)], CommandType='"Text"', CommandTimeout='30']
SELECT "a"."Id", "a"."AccessFailedCount", "a"."ConcurrencyStamp", "a"."Email", "a"."EmailConfirmed", "a"."FirstName", "a"."LastName", "a"."LockoutEnabled", "a"."LockoutEnd", "a"."NormalizedEmail", "a"."NormalizedUserName", "a"."PasswordHash", "a"."PhoneNumber", "a"."PhoneNumberConfirmed", "a"."ProfileImageUrl", "a"."SecurityStamp", "a"."TwoFactorEnabled", "a"."UserName"
FROM "AspNetUsers" AS "a"
WHERE "a"."NormalizedEmail" = @__normalizedEmail_0
LIMIT 2
2024-10-07 15:11:30.752 +02:00 [INF] Executed DbCommand (0ms) [Parameters=[@p0='?' (Size = 36), @p1='?' (Size = 36)], CommandType='"Text"', CommandTimeout='30']
INSERT INTO "AspNetUserRoles" ("RoleId", "UserId")
VALUES (@p0, @p1);
2024-10-07 15:11:30.752 +02:00 [INF] Executed DbCommand (0ms) [Parameters=[@p17='?' (Size = 36), @p0='?' (DbType = Int32), @p1='?' (Size = 36), @p18='?' (Size = 36), @p2='?' (Size = 15), @p3='?' (DbType = Boolean), @p4='?' (Size = 6), @p5='?' (Size = 8), @p6='?' (DbType = Boolean), @p7='?' (DbType = DateTimeOffset), @p8='?' (Size = 15), @p9='?' (Size = 7), @p10='?' (Size = 84), @p11='?', @p12='?' (DbType = Boolean), @p13='?' (Size = 25), @p14='?' (Size = 32), @p15='?' (DbType = Boolean), @p16='?' (Size = 7)], CommandType='"Text"', CommandTimeout='30']
UPDATE "AspNetUsers" SET "AccessFailedCount" = @p0, "ConcurrencyStamp" = @p1, "Email" = @p2, "EmailConfirmed" = @p3, "FirstName" = @p4, "LastName" = @p5, "LockoutEnabled" = @p6, "LockoutEnd" = @p7, "NormalizedEmail" = @p8, "NormalizedUserName" = @p9, "PasswordHash" = @p10, "PhoneNumber" = @p11, "PhoneNumberConfirmed" = @p12, "ProfileImageUrl" = @p13, "SecurityStamp" = @p14, "TwoFactorEnabled" = @p15, "UserName" = @p16
WHERE "Id" = @p17 AND "ConcurrencyStamp" = @p18
RETURNING 1;
2024-10-07 15:11:30.753 +02:00 [INF] Executed DbCommand (0ms) [Parameters=[@__normalizedEmail_0='?' (Size = 20)], CommandType='"Text"', CommandTimeout='30']
SELECT "a"."Id", "a"."AccessFailedCount", "a"."ConcurrencyStamp", "a"."Email", "a"."EmailConfirmed", "a"."FirstName", "a"."LastName", "a"."LockoutEnabled", "a"."LockoutEnd", "a"."NormalizedEmail", "a"."NormalizedUserName", "a"."PasswordHash", "a"."PhoneNumber", "a"."PhoneNumberConfirmed", "a"."ProfileImageUrl", "a"."SecurityStamp", "a"."TwoFactorEnabled", "a"."UserName"
FROM "AspNetUsers" AS "a"
WHERE "a"."NormalizedEmail" = @__normalizedEmail_0
LIMIT 2
2024-10-07 15:11:30.753 +02:00 [INF] Executed DbCommand (0ms) [Parameters=[@__normalizedEmail_0='?' (Size = 16)], CommandType='"Text"', CommandTimeout='30']
SELECT "a"."Id", "a"."AccessFailedCount", "a"."ConcurrencyStamp", "a"."Email", "a"."EmailConfirmed", "a"."FirstName", "a"."LastName", "a"."LockoutEnabled", "a"."LockoutEnd", "a"."NormalizedEmail", "a"."NormalizedUserName", "a"."PasswordHash", "a"."PhoneNumber", "a"."PhoneNumberConfirmed", "a"."ProfileImageUrl", "a"."SecurityStamp", "a"."TwoFactorEnabled", "a"."UserName"
FROM "AspNetUsers" AS "a"
WHERE "a"."NormalizedEmail" = @__normalizedEmail_0
LIMIT 2
2024-10-07 15:11:30.754 +02:00 [INF] Executed DbCommand (0ms) [Parameters=[], CommandType='"Text"', CommandTimeout='30']
SELECT EXISTS (
    SELECT 1
    FROM "Posts" AS "p")
2024-10-07 15:11:30.770 +02:00 [INF] Executed DbCommand (0ms) [Parameters=[@p0='?' (Size = 21), @p1='?' (Size = 20), @p2='?' (Size = 22), @p3='?' (Size = 36)], CommandType='"Text"', CommandTimeout='30']
INSERT INTO "Posts" ("Caption", "PostDate", "PostImagePath", "UserId")
VALUES (@p0, @p1, @p2, @p3)
RETURNING "PostId";
2024-10-07 15:11:30.774 +02:00 [INF] Executed DbCommand (0ms) [Parameters=[@p0='?' (Size = 17), @p1='?' (Size = 20), @p2='?' (Size = 17), @p3='?' (Size = 36)], CommandType='"Text"', CommandTimeout='30']
INSERT INTO "Posts" ("Caption", "PostDate", "PostImagePath", "UserId")
VALUES (@p0, @p1, @p2, @p3)
RETURNING "PostId";
2024-10-07 15:11:30.774 +02:00 [INF] Executed DbCommand (0ms) [Parameters=[@p0='?' (Size = 42), @p1='?' (Size = 20), @p2='?' (Size = 18), @p3='?' (Size = 36)], CommandType='"Text"', CommandTimeout='30']
INSERT INTO "Posts" ("Caption", "PostDate", "PostImagePath", "UserId")
VALUES (@p0, @p1, @p2, @p3)
RETURNING "PostId";
2024-10-07 15:11:30.779 +02:00 [INF] Executed DbCommand (0ms) [Parameters=[], CommandType='"Text"', CommandTimeout='30']
SELECT "p"."PostId", "p"."Caption", "p"."PostDate", "p"."PostImagePath", "p"."UserId"
FROM "Posts" AS "p"
2024-10-07 15:11:30.780 +02:00 [INF] Executed DbCommand (0ms) [Parameters=[], CommandType='"Text"', CommandTimeout='30']
SELECT EXISTS (
    SELECT 1
    FROM "Comments" AS "c")
2024-10-07 15:11:30.785 +02:00 [INF] Executed DbCommand (0ms) [Parameters=[@p0='?' (Size = 20), @p1='?' (Size = 15), @p2='?' (DbType = Int32), @p3='?' (Size = 36)], CommandType='"Text"', CommandTimeout='30']
INSERT INTO "Comments" ("CommentDate", "CommentText", "PostId", "UserId")
VALUES (@p0, @p1, @p2, @p3)
RETURNING "CommentId";
2024-10-07 15:11:30.786 +02:00 [INF] Executed DbCommand (0ms) [Parameters=[@p0='?' (Size = 20), @p1='?' (Size = 6), @p2='?' (DbType = Int32), @p3='?' (Size = 36)], CommandType='"Text"', CommandTimeout='30']
INSERT INTO "Comments" ("CommentDate", "CommentText", "PostId", "UserId")
VALUES (@p0, @p1, @p2, @p3)
RETURNING "CommentId";
2024-10-07 15:11:30.786 +02:00 [INF] Executed DbCommand (0ms) [Parameters=[@p0='?' (Size = 20), @p1='?' (Size = 21), @p2='?' (DbType = Int32), @p3='?' (Size = 36)], CommandType='"Text"', CommandTimeout='30']
INSERT INTO "Comments" ("CommentDate", "CommentText", "PostId", "UserId")
VALUES (@p0, @p1, @p2, @p3)
RETURNING "CommentId";
2024-10-07 15:11:30.875 +02:00 [INF] Now listening on: http://localhost:5127
2024-10-07 15:11:30.876 +02:00 [INF] Application started. Press Ctrl+C to shut down.
2024-10-07 15:11:30.877 +02:00 [INF] Hosting environment: Development
2024-10-07 15:11:30.877 +02:00 [INF] Content root path: /Users/axel/Documents/Skole/friendly
2024-10-07 15:14:47.106 +02:00 [INF] Application is shutting down...
