2024-10-02 16:51:38.818 +02:00 [INF] Executed DbCommand (8ms) [Parameters=[], CommandType='"Text"', CommandTimeout='30']
PRAGMA journal_mode = 'wal';
2024-10-02 16:51:38.884 +02:00 [INF] Executed DbCommand (0ms) [Parameters=[], CommandType='"Text"', CommandTimeout='30']
CREATE TABLE "Users" (
    "UserId" INTEGER NOT NULL CONSTRAINT "PK_Users" PRIMARY KEY AUTOINCREMENT,
    "Name" TEXT NOT NULL,
    "Username" TEXT NOT NULL,
    "Email" TEXT NOT NULL,
    "ProfileImageUrl" TEXT NULL
);
2024-10-02 16:51:38.885 +02:00 [INF] Executed DbCommand (0ms) [Parameters=[], CommandType='"Text"', CommandTimeout='30']
CREATE TABLE "Posts" (
    "PostId" INTEGER NOT NULL CONSTRAINT "PK_Posts" PRIMARY KEY AUTOINCREMENT,
    "PostImagePath" TEXT NOT NULL,
    "Caption" TEXT NOT NULL,
    "PostDate" TEXT NOT NULL,
    "UserId" INTEGER NOT NULL,
    CONSTRAINT "FK_Posts_Users_UserId" FOREIGN KEY ("UserId") REFERENCES "Users" ("UserId") ON DELETE CASCADE
);
2024-10-02 16:51:38.885 +02:00 [INF] Executed DbCommand (0ms) [Parameters=[], CommandType='"Text"', CommandTimeout='30']
CREATE TABLE "Comments" (
    "CommentId" INTEGER NOT NULL CONSTRAINT "PK_Comments" PRIMARY KEY AUTOINCREMENT,
    "CommentText" TEXT NOT NULL,
    "CommentDate" TEXT NOT NULL,
    "UserId" INTEGER NOT NULL,
    "PostId" INTEGER NOT NULL,
    CONSTRAINT "FK_Comments_Posts_PostId" FOREIGN KEY ("PostId") REFERENCES "Posts" ("PostId") ON DELETE CASCADE,
    CONSTRAINT "FK_Comments_Users_UserId" FOREIGN KEY ("UserId") REFERENCES "Users" ("UserId") ON DELETE CASCADE
);
2024-10-02 16:51:38.885 +02:00 [INF] Executed DbCommand (0ms) [Parameters=[], CommandType='"Text"', CommandTimeout='30']
CREATE INDEX "IX_Comments_PostId" ON "Comments" ("PostId");
2024-10-02 16:51:38.885 +02:00 [INF] Executed DbCommand (0ms) [Parameters=[], CommandType='"Text"', CommandTimeout='30']
CREATE INDEX "IX_Comments_UserId" ON "Comments" ("UserId");
2024-10-02 16:51:38.886 +02:00 [INF] Executed DbCommand (0ms) [Parameters=[], CommandType='"Text"', CommandTimeout='30']
CREATE INDEX "IX_Posts_UserId" ON "Posts" ("UserId");
2024-10-02 16:51:39.016 +02:00 [INF] Executed DbCommand (0ms) [Parameters=[], CommandType='"Text"', CommandTimeout='30']
SELECT EXISTS (
    SELECT 1
    FROM "Users" AS "u")
2024-10-02 16:51:39.154 +02:00 [INF] Executed DbCommand (1ms) [Parameters=[@p0='?' (Size = 20), @p1='?' (Size = 10), @p2='?' (Size = 107), @p3='?' (Size = 10)], CommandType='"Text"', CommandTimeout='30']
INSERT INTO "Users" ("Email", "Name", "ProfileImageUrl", "Username")
VALUES (@p0, @p1, @p2, @p3)
RETURNING "UserId";
2024-10-02 16:51:39.163 +02:00 [INF] Executed DbCommand (0ms) [Parameters=[@p0='?' (Size = 16), @p1='?' (Size = 15), @p2='?' (Size = 92), @p3='?' (Size = 6)], CommandType='"Text"', CommandTimeout='30']
INSERT INTO "Users" ("Email", "Name", "ProfileImageUrl", "Username")
VALUES (@p0, @p1, @p2, @p3)
RETURNING "UserId";
2024-10-02 16:51:39.164 +02:00 [INF] Executed DbCommand (0ms) [Parameters=[@p0='?' (Size = 15), @p1='?' (Size = 15), @p2='?' (Size = 3), @p3='?' (Size = 7)], CommandType='"Text"', CommandTimeout='30']
INSERT INTO "Users" ("Email", "Name", "ProfileImageUrl", "Username")
VALUES (@p0, @p1, @p2, @p3)
RETURNING "UserId";
2024-10-02 16:51:39.168 +02:00 [INF] Executed DbCommand (0ms) [Parameters=[], CommandType='"Text"', CommandTimeout='30']
SELECT EXISTS (
    SELECT 1
    FROM "Posts" AS "p")
2024-10-02 16:51:39.186 +02:00 [INF] Executed DbCommand (0ms) [Parameters=[@p0='?' (Size = 21), @p1='?' (Size = 20), @p2='?' (Size = 22), @p3='?' (DbType = Int32)], CommandType='"Text"', CommandTimeout='30']
INSERT INTO "Posts" ("Caption", "PostDate", "PostImagePath", "UserId")
VALUES (@p0, @p1, @p2, @p3)
RETURNING "PostId";
2024-10-02 16:51:39.187 +02:00 [INF] Executed DbCommand (0ms) [Parameters=[@p0='?' (Size = 17), @p1='?' (Size = 20), @p2='?' (Size = 17), @p3='?' (DbType = Int32)], CommandType='"Text"', CommandTimeout='30']
INSERT INTO "Posts" ("Caption", "PostDate", "PostImagePath", "UserId")
VALUES (@p0, @p1, @p2, @p3)
RETURNING "PostId";
2024-10-02 16:51:39.187 +02:00 [INF] Executed DbCommand (0ms) [Parameters=[@p0='?' (Size = 42), @p1='?' (Size = 20), @p2='?' (Size = 18), @p3='?' (DbType = Int32)], CommandType='"Text"', CommandTimeout='30']
INSERT INTO "Posts" ("Caption", "PostDate", "PostImagePath", "UserId")
VALUES (@p0, @p1, @p2, @p3)
RETURNING "PostId";
2024-10-02 16:51:39.189 +02:00 [INF] Executed DbCommand (0ms) [Parameters=[], CommandType='"Text"', CommandTimeout='30']
SELECT EXISTS (
    SELECT 1
    FROM "Comments" AS "c")
2024-10-02 16:51:39.196 +02:00 [INF] Executed DbCommand (0ms) [Parameters=[@p0='?' (Size = 20), @p1='?' (Size = 15), @p2='?' (DbType = Int32), @p3='?' (DbType = Int32)], CommandType='"Text"', CommandTimeout='30']
INSERT INTO "Comments" ("CommentDate", "CommentText", "PostId", "UserId")
VALUES (@p0, @p1, @p2, @p3)
RETURNING "CommentId";
2024-10-02 16:51:39.197 +02:00 [INF] Executed DbCommand (0ms) [Parameters=[@p0='?' (Size = 20), @p1='?' (Size = 6), @p2='?' (DbType = Int32), @p3='?' (DbType = Int32)], CommandType='"Text"', CommandTimeout='30']
INSERT INTO "Comments" ("CommentDate", "CommentText", "PostId", "UserId")
VALUES (@p0, @p1, @p2, @p3)
RETURNING "CommentId";
2024-10-02 16:51:39.197 +02:00 [INF] Executed DbCommand (0ms) [Parameters=[@p0='?' (Size = 20), @p1='?' (Size = 21), @p2='?' (DbType = Int32), @p3='?' (DbType = Int32)], CommandType='"Text"', CommandTimeout='30']
INSERT INTO "Comments" ("CommentDate", "CommentText", "PostId", "UserId")
VALUES (@p0, @p1, @p2, @p3)
RETURNING "CommentId";
2024-10-02 16:51:39.276 +02:00 [INF] User profile is available. Using '/Users/axel/.aspnet/DataProtection-Keys' as key repository; keys will not be encrypted at rest.
2024-10-02 16:51:39.302 +02:00 [INF] Now listening on: http://localhost:5127
2024-10-02 16:51:39.304 +02:00 [INF] Application started. Press Ctrl+C to shut down.
2024-10-02 16:51:39.304 +02:00 [INF] Hosting environment: Development
2024-10-02 16:51:39.304 +02:00 [INF] Content root path: /Users/axel/Documents/Skole/friendly
2024-10-02 16:51:42.039 +02:00 [INF] Request starting HTTP/1.1 GET http://localhost:5127/Post/Table - null null
2024-10-02 16:51:42.051 +02:00 [INF] Executing endpoint 'friendly.Controllers.PostController.Table (friendly)'
2024-10-02 16:51:42.057 +02:00 [INF] Route matched with {action = "Table", controller = "Post"}. Executing controller action with signature System.Threading.Tasks.Task`1[Microsoft.AspNetCore.Mvc.IActionResult] Table() on controller friendly.Controllers.PostController (friendly).
2024-10-02 16:51:42.120 +02:00 [INF] Executed DbCommand (2ms) [Parameters=[], CommandType='"Text"', CommandTimeout='30']
SELECT "p"."PostId", "p"."Caption", "p"."PostDate", "p"."PostImagePath", "p"."UserId"
FROM "Posts" AS "p"
2024-10-02 16:51:42.132 +02:00 [INF] Executing ViewResult, running view Table.
2024-10-02 16:51:42.179 +02:00 [INF] Executed DbCommand (0ms) [Parameters=[@__p_0='?' (DbType = Int32)], CommandType='"Text"', CommandTimeout='30']
SELECT "u"."UserId", "u"."Email", "u"."Name", "u"."ProfileImageUrl", "u"."Username"
FROM "Users" AS "u"
WHERE "u"."UserId" = @__p_0
LIMIT 1
2024-10-02 16:51:42.185 +02:00 [INF] Executed DbCommand (0ms) [Parameters=[@__p_0='?' (DbType = Int32)], CommandType='"Text"', CommandTimeout='30']
SELECT "c"."CommentId", "c"."CommentDate", "c"."CommentText", "c"."PostId", "c"."UserId"
FROM "Comments" AS "c"
WHERE "c"."PostId" = @__p_0
2024-10-02 16:51:42.187 +02:00 [INF] Executed DbCommand (0ms) [Parameters=[@__p_0='?' (DbType = Int32)], CommandType='"Text"', CommandTimeout='30']
SELECT "u"."UserId", "u"."Email", "u"."Name", "u"."ProfileImageUrl", "u"."Username"
FROM "Users" AS "u"
WHERE "u"."UserId" = @__p_0
LIMIT 1
2024-10-02 16:51:42.193 +02:00 [INF] Executed DbCommand (0ms) [Parameters=[@__p_0='?' (DbType = Int32)], CommandType='"Text"', CommandTimeout='30']
SELECT "c"."CommentId", "c"."CommentDate", "c"."CommentText", "c"."PostId", "c"."UserId"
FROM "Comments" AS "c"
WHERE "c"."PostId" = @__p_0
2024-10-02 16:51:42.194 +02:00 [INF] Executed DbCommand (0ms) [Parameters=[@__p_0='?' (DbType = Int32)], CommandType='"Text"', CommandTimeout='30']
SELECT "c"."CommentId", "c"."CommentDate", "c"."CommentText", "c"."PostId", "c"."UserId"
FROM "Comments" AS "c"
WHERE "c"."PostId" = @__p_0
2024-10-02 16:51:42.201 +02:00 [INF] Executed ViewResult - view Table executed in 69.3858ms.
2024-10-02 16:51:42.202 +02:00 [INF] Executed action friendly.Controllers.PostController.Table (friendly) in 145.2462ms
2024-10-02 16:51:42.202 +02:00 [INF] Executed endpoint 'friendly.Controllers.PostController.Table (friendly)'
2024-10-02 16:51:42.205 +02:00 [INF] Request finished HTTP/1.1 GET http://localhost:5127/Post/Table - 200 null text/html; charset=utf-8 167.0534ms
2024-10-02 16:51:44.720 +02:00 [INF] Request starting HTTP/1.1 POST http://localhost:5127/Comment/Create - application/x-www-form-urlencoded 207
2024-10-02 16:51:44.723 +02:00 [INF] Executing endpoint 'friendly.Controllers.CommentController.Create (friendly)'
2024-10-02 16:51:44.734 +02:00 [INF] Route matched with {action = "Create", controller = "Comment"}. Executing controller action with signature System.Threading.Tasks.Task`1[Microsoft.AspNetCore.Mvc.IActionResult] Create(friendly.Models.Comment) on controller friendly.Controllers.CommentController (friendly).
2024-10-02 16:51:44.743 +02:00 [INF] Create action called with Comment data: {"CommentId":0,"CommentText":"hei","CommentDate":null,"User":null,"UserId":0,"Post":null,"PostId":1,"$type":"Comment"}
2024-10-02 16:51:44.743 +02:00 [WRN] Validation error on field CommentDate: The CommentDate field is required.
2024-10-02 16:51:44.744 +02:00 [INF] Executing ViewResult, running view Create.
2024-10-02 16:51:44.745 +02:00 [ERR] The view 'Create' was not found. Searched locations: ["/Views/Comment/Create.cshtml","/Views/Shared/Create.cshtml"]
2024-10-02 16:51:44.746 +02:00 [INF] Executed action friendly.Controllers.CommentController.Create (friendly) in 12.4181ms
2024-10-02 16:51:44.746 +02:00 [INF] Executed endpoint 'friendly.Controllers.CommentController.Create (friendly)'
2024-10-02 16:51:44.754 +02:00 [ERR] An unhandled exception has occurred while executing the request.
System.InvalidOperationException: The view 'Create' was not found. The following locations were searched:
/Views/Comment/Create.cshtml
/Views/Shared/Create.cshtml
   at Microsoft.AspNetCore.Mvc.ViewEngines.ViewEngineResult.EnsureSuccessful(IEnumerable`1 originalLocations)
   at Microsoft.AspNetCore.Mvc.ViewFeatures.ViewResultExecutor.ExecuteAsync(ActionContext context, ViewResult result)
   at Microsoft.AspNetCore.Mvc.ViewResult.ExecuteResultAsync(ActionContext context)
   at Microsoft.AspNetCore.Mvc.Infrastructure.ResourceInvoker.<InvokeNextResultFilterAsync>g__Awaited|30_0[TFilter,TFilterAsync](ResourceInvoker invoker, Task lastTask, State next, Scope scope, Object state, Boolean isCompleted)
   at Microsoft.AspNetCore.Mvc.Infrastructure.ResourceInvoker.Rethrow(ResultExecutedContextSealed context)
   at Microsoft.AspNetCore.Mvc.Infrastructure.ResourceInvoker.ResultNext[TFilter,TFilterAsync](State& next, Scope& scope, Object& state, Boolean& isCompleted)
   at Microsoft.AspNetCore.Mvc.Infrastructure.ResourceInvoker.InvokeResultFilters()
--- End of stack trace from previous location ---
   at Microsoft.AspNetCore.Mvc.Infrastructure.ResourceInvoker.<InvokeNextResourceFilter>g__Awaited|25_0(ResourceInvoker invoker, Task lastTask, State next, Scope scope, Object state, Boolean isCompleted)
   at Microsoft.AspNetCore.Mvc.Infrastructure.ResourceInvoker.Rethrow(ResourceExecutedContextSealed context)
   at Microsoft.AspNetCore.Mvc.Infrastructure.ResourceInvoker.Next(State& next, Scope& scope, Object& state, Boolean& isCompleted)
   at Microsoft.AspNetCore.Mvc.Infrastructure.ResourceInvoker.InvokeFilterPipelineAsync()
--- End of stack trace from previous location ---
   at Microsoft.AspNetCore.Mvc.Infrastructure.ResourceInvoker.<InvokeAsync>g__Logged|17_1(ResourceInvoker invoker)
   at Microsoft.AspNetCore.Mvc.Infrastructure.ResourceInvoker.<InvokeAsync>g__Logged|17_1(ResourceInvoker invoker)
   at Microsoft.AspNetCore.Routing.EndpointMiddleware.<Invoke>g__AwaitRequestTask|7_0(Endpoint endpoint, Task requestTask, ILogger logger)
   at Microsoft.AspNetCore.Diagnostics.DeveloperExceptionPageMiddlewareImpl.Invoke(HttpContext context)
2024-10-02 16:51:44.764 +02:00 [INF] Request finished HTTP/1.1 POST http://localhost:5127/Comment/Create - 500 null text/html; charset=utf-8 44.7636ms
