2024-10-05 21:06:27.430 +02:00 [INF] User profile is available. Using '/Users/axel/.aspnet/DataProtection-Keys' as key repository; keys will not be encrypted at rest.
2024-10-05 21:06:27.486 +02:00 [INF] Now listening on: http://localhost:5127
2024-10-05 21:06:27.488 +02:00 [INF] Application started. Press Ctrl+C to shut down.
2024-10-05 21:06:27.488 +02:00 [INF] Hosting environment: Development
2024-10-05 21:06:27.488 +02:00 [INF] Content root path: /Users/axel/Documents/Skole/friendly
2024-10-05 21:06:32.851 +02:00 [INF] Request starting HTTP/1.1 GET http://localhost:5127/ - null null
2024-10-05 21:06:32.878 +02:00 [INF] Identity.Application was not authenticated. Failure message: Unprotect ticket failed
2024-10-05 21:06:32.879 +02:00 [INF] Executing endpoint 'friendly.Controllers.HomeController.Index (friendly)'
2024-10-05 21:06:32.885 +02:00 [INF] Route matched with {action = "Index", controller = "Home", page = "", area = ""}. Executing controller action with signature Microsoft.AspNetCore.Mvc.IActionResult Index() on controller friendly.Controllers.HomeController (friendly).
2024-10-05 21:06:32.888 +02:00 [INF] Executing ViewResult, running view Index.
2024-10-05 21:06:32.917 +02:00 [INF] Executed ViewResult - view Index executed in 29.8277ms.
2024-10-05 21:06:32.919 +02:00 [INF] Executed action friendly.Controllers.HomeController.Index (friendly) in 33.3975ms
2024-10-05 21:06:32.919 +02:00 [INF] Executed endpoint 'friendly.Controllers.HomeController.Index (friendly)'
2024-10-05 21:06:32.920 +02:00 [INF] Request finished HTTP/1.1 GET http://localhost:5127/ - 200 null text/html; charset=utf-8 71.5098ms
2024-10-05 21:06:32.932 +02:00 [INF] Request starting HTTP/1.1 GET http://localhost:5127/lib/jquery-validation-unobtrusive/jquery.validate.unobtrusive.js - null null
2024-10-05 21:06:32.934 +02:00 [INF] Request starting HTTP/1.1 GET http://localhost:5127/lib/jquery-validate/jquery.validate.js - null null
2024-10-05 21:06:32.936 +02:00 [INF] Identity.Application was not authenticated. Failure message: Unprotect ticket failed
2024-10-05 21:06:32.936 +02:00 [INF] Identity.Application was not authenticated. Failure message: Unprotect ticket failed
2024-10-05 21:06:32.937 +02:00 [INF] Request finished HTTP/1.1 GET http://localhost:5127/lib/jquery-validation-unobtrusive/jquery.validate.unobtrusive.js - 404 0 null 4.2793ms
2024-10-05 21:06:32.937 +02:00 [INF] Request finished HTTP/1.1 GET http://localhost:5127/lib/jquery-validate/jquery.validate.js - 404 0 null 2.5342ms
2024-10-05 21:06:32.937 +02:00 [INF] Request reached the end of the middleware pipeline without being handled by application code. Request path: GET http://localhost:5127/lib/jquery-validation-unobtrusive/jquery.validate.unobtrusive.js, Response status code: 404
2024-10-05 21:06:32.937 +02:00 [INF] Request starting HTTP/1.1 GET http://localhost:5127/js/jquery.min.js - null null
2024-10-05 21:06:32.937 +02:00 [INF] Request reached the end of the middleware pipeline without being handled by application code. Request path: GET http://localhost:5127/lib/jquery-validate/jquery.validate.js, Response status code: 404
2024-10-05 21:06:32.938 +02:00 [INF] Request starting HTTP/1.1 GET http://localhost:5127/js/bootstrap.js - null null
2024-10-05 21:06:32.939 +02:00 [INF] The file /js/jquery.min.js was not modified
2024-10-05 21:06:32.939 +02:00 [INF] The file /js/bootstrap.js was not modified
2024-10-05 21:06:32.939 +02:00 [INF] Request finished HTTP/1.1 GET http://localhost:5127/js/bootstrap.js - 304 null text/javascript 1.4937ms
2024-10-05 21:06:32.939 +02:00 [INF] Request finished HTTP/1.1 GET http://localhost:5127/js/jquery.min.js - 304 null text/javascript 1.9653ms
2024-10-05 21:06:34.281 +02:00 [INF] Request starting HTTP/1.1 GET http://localhost:5127/Post/Table - null null
2024-10-05 21:06:34.287 +02:00 [INF] Identity.Application was not authenticated. Failure message: Unprotect ticket failed
2024-10-05 21:06:34.287 +02:00 [INF] Executing endpoint 'friendly.Controllers.PostController.Table (friendly)'
2024-10-05 21:06:34.294 +02:00 [INF] Route matched with {action = "Table", controller = "Post", page = "", area = ""}. Executing controller action with signature System.Threading.Tasks.Task`1[Microsoft.AspNetCore.Mvc.IActionResult] Table() on controller friendly.Controllers.PostController (friendly).
2024-10-05 21:06:34.917 +02:00 [INF] Executed DbCommand (4ms) [Parameters=[], CommandType='"Text"', CommandTimeout='30']
SELECT "p"."PostId", "p"."Caption", "p"."PostDate", "p"."PostImagePath", "p"."UserId"
FROM "Posts" AS "p"
ORDER BY "p"."PostDate" DESC
2024-10-05 21:06:34.940 +02:00 [INF] Executing ViewResult, running view Table.
2024-10-05 21:06:34.999 +02:00 [INF] Executed DbCommand (2ms) [Parameters=[@__p_0='?' (Size = 36)], CommandType='"Text"', CommandTimeout='30']
SELECT "a"."Id", "a"."AccessFailedCount", "a"."ConcurrencyStamp", "a"."Discriminator", "a"."Email", "a"."EmailConfirmed", "a"."LockoutEnabled", "a"."LockoutEnd", "a"."NormalizedEmail", "a"."NormalizedUserName", "a"."PasswordHash", "a"."PhoneNumber", "a"."PhoneNumberConfirmed", "a"."SecurityStamp", "a"."TwoFactorEnabled", "a"."UserName", "a"."FirstName", "a"."LastName", "a"."ProfileImageUrl"
FROM "AspNetUsers" AS "a"
WHERE "a"."Discriminator" = 'User' AND "a"."Id" = @__p_0
LIMIT 1
2024-10-05 21:06:35.001 +02:00 [INF] Executed action friendly.Controllers.PostController.Table (friendly) in 706.4818ms
2024-10-05 21:06:35.001 +02:00 [INF] Executed endpoint 'friendly.Controllers.PostController.Table (friendly)'
2024-10-05 21:06:35.010 +02:00 [ERR] An unhandled exception has occurred while executing the request.
Microsoft.CSharp.RuntimeBinder.RuntimeBinderException: Cannot perform runtime binding on a null reference
   at CallSite.Target(Closure, CallSite, Object)
   at System.Dynamic.UpdateDelegates.UpdateAndExecute1[T0,TRet](CallSite site, T0 arg0)
   at AspNetCoreGeneratedDocument.Views_Shared__PostTable.<>c__DisplayClass25_0.<<ExecuteAsync>b__1>d.MoveNext()
--- End of stack trace from previous location ---
   at Microsoft.AspNetCore.Razor.Runtime.TagHelpers.TagHelperExecutionContext.SetOutputContentAsync()
   at AspNetCoreGeneratedDocument.Views_Shared__PostTable.ExecuteAsync() in /Users/axel/Documents/Skole/friendly/Views/Shared/_PostTable.cshtml:line 9
   at Microsoft.AspNetCore.Mvc.Razor.RazorView.RenderPageCoreAsync(IRazorPage page, ViewContext context)
   at Microsoft.AspNetCore.Mvc.Razor.RazorView.RenderPageAsync(IRazorPage page, ViewContext context, Boolean invokeViewStarts)
   at Microsoft.AspNetCore.Mvc.Razor.RazorView.RenderAsync(ViewContext context)
   at Microsoft.AspNetCore.Mvc.TagHelpers.PartialTagHelper.RenderPartialViewAsync(TextWriter writer, Object model, IView view)
   at Microsoft.AspNetCore.Mvc.TagHelpers.PartialTagHelper.ProcessAsync(TagHelperContext context, TagHelperOutput output)
   at Microsoft.AspNetCore.Razor.Runtime.TagHelpers.TagHelperRunner.<RunAsync>g__Awaited|0_0(Task task, TagHelperExecutionContext executionContext, Int32 i, Int32 count)
   at AspNetCoreGeneratedDocument.Views_Post_Table.ExecuteAsync()
   at Microsoft.AspNetCore.Mvc.Razor.RazorView.RenderPageCoreAsync(IRazorPage page, ViewContext context)
   at Microsoft.AspNetCore.Mvc.Razor.RazorView.RenderPageAsync(IRazorPage page, ViewContext context, Boolean invokeViewStarts)
   at Microsoft.AspNetCore.Mvc.Razor.RazorView.RenderAsync(ViewContext context)
   at Microsoft.AspNetCore.Mvc.ViewFeatures.ViewExecutor.ExecuteAsync(ViewContext viewContext, String contentType, Nullable`1 statusCode)
   at Microsoft.AspNetCore.Mvc.ViewFeatures.ViewExecutor.ExecuteAsync(ViewContext viewContext, String contentType, Nullable`1 statusCode)
   at Microsoft.AspNetCore.Mvc.ViewFeatures.ViewExecutor.ExecuteAsync(ActionContext actionContext, IView view, ViewDataDictionary viewData, ITempDataDictionary tempData, String contentType, Nullable`1 statusCode)
   at Microsoft.AspNetCore.Mvc.ViewFeatures.ViewResultExecutor.ExecuteAsync(ActionContext context, ViewResult result)
   at Microsoft.AspNetCore.Mvc.ViewResult.ExecuteResultAsync(ActionContext context)
   at Microsoft.AspNetCore.Mvc.Infrastructure.ResourceInvoker.<InvokeNextResultFilterAsync>g__Awaited|30_0[TFilter,TFilterAsync](ResourceInvoker invoker, Task lastTask, State next, Scope scope, Object state, Boolean isCompleted)
   at Microsoft.AspNetCore.Mvc.Infrastructure.ResourceInvoker.Rethrow(ResultExecutedContextSealed context)
   at Microsoft.AspNetCore.Mvc.Infrastructure.ResourceInvoker.ResultNext[TFilter,TFilterAsync](State& next, Scope& scope, Object& state, Boolean& isCompleted)
   at Microsoft.AspNetCore.Mvc.Infrastructure.ResourceInvoker.InvokeResultFilters()
--- End of stack trace from previous location ---
   at Microsoft.AspNetCore.Mvc.Infrastructure.ResourceInvoker.<InvokeNextResourceFilter>g__Awaited|25_0(ResourceInvoker invoker, Task lastTask, State next, Scope scope, Object state, Boolean isCompleted)
   at Microsoft.AspNetCore.Mvc.Infrastructure.ResourceInvoker.Rethrow(ResourceExecutedContextSealed context)
   at Microsoft.AspNetCore.Mvc.Infrastructure.ResourceInvoker.Next(State& next, Scope& scope, Object& state, Boolean& isCompleted)
   at Microsoft.AspNetCore.Mvc.Infrastructure.ResourceInvoker.InvokeFilterPipelineAsync()
--- End of stack trace from previous location ---
   at Microsoft.AspNetCore.Mvc.Infrastructure.ResourceInvoker.<InvokeAsync>g__Logged|17_1(ResourceInvoker invoker)
   at Microsoft.AspNetCore.Mvc.Infrastructure.ResourceInvoker.<InvokeAsync>g__Logged|17_1(ResourceInvoker invoker)
   at Microsoft.AspNetCore.Routing.EndpointMiddleware.<Invoke>g__AwaitRequestTask|7_0(Endpoint endpoint, Task requestTask, ILogger logger)
   at Microsoft.AspNetCore.Authorization.AuthorizationMiddleware.Invoke(HttpContext context)
   at Microsoft.AspNetCore.Authentication.AuthenticationMiddleware.Invoke(HttpContext context)
   at Microsoft.AspNetCore.Session.SessionMiddleware.Invoke(HttpContext context)
   at Microsoft.AspNetCore.Session.SessionMiddleware.Invoke(HttpContext context)
   at Microsoft.AspNetCore.Diagnostics.DeveloperExceptionPageMiddlewareImpl.Invoke(HttpContext context)
2024-10-05 21:06:35.017 +02:00 [INF] Request finished HTTP/1.1 GET http://localhost:5127/Post/Table - 500 null text/html; charset=utf-8 736.637ms
2024-10-05 21:06:42.193 +02:00 [INF] Request starting HTTP/1.1 GET http://localhost:5127/MyProflile/Table - null null
2024-10-05 21:06:42.195 +02:00 [INF] Identity.Application was not authenticated. Failure message: Unprotect ticket failed
2024-10-05 21:06:42.196 +02:00 [INF] Request finished HTTP/1.1 GET http://localhost:5127/MyProflile/Table - 404 0 null 2.4362ms
2024-10-05 21:06:42.196 +02:00 [INF] Request reached the end of the middleware pipeline without being handled by application code. Request path: GET http://localhost:5127/MyProflile/Table, Response status code: 404
2024-10-05 21:06:43.563 +02:00 [INF] Request starting HTTP/1.1 GET http://localhost:5127/User/Table - null null
2024-10-05 21:06:43.565 +02:00 [INF] Identity.Application was not authenticated. Failure message: Unprotect ticket failed
2024-10-05 21:06:43.565 +02:00 [INF] Request finished HTTP/1.1 GET http://localhost:5127/User/Table - 404 0 null 1.3525ms
2024-10-05 21:06:43.565 +02:00 [INF] Request reached the end of the middleware pipeline without being handled by application code. Request path: GET http://localhost:5127/User/Table, Response status code: 404
2024-10-05 21:06:45.551 +02:00 [INF] Request starting HTTP/1.1 GET http://localhost:5127/Identity/Account/Login - null null
2024-10-05 21:06:45.552 +02:00 [INF] Identity.Application was not authenticated. Failure message: Unprotect ticket failed
2024-10-05 21:06:45.552 +02:00 [INF] Executing endpoint '/Account/Login'
2024-10-05 21:06:45.569 +02:00 [INF] Route matched with {page = "/Account/Login", area = "Identity", action = "", controller = ""}. Executing page /Account/Login
2024-10-05 21:06:45.583 +02:00 [INF] Executing handler method friendly.Areas.Identity.Pages.Account.LoginModel.OnGetAsync - ModelState is "Valid"
2024-10-05 21:06:45.587 +02:00 [INF] AuthenticationScheme: Identity.External signed out.
2024-10-05 21:06:45.587 +02:00 [INF] Executed handler method OnGetAsync, returned result .
2024-10-05 21:06:45.589 +02:00 [INF] Executing an implicit handler method - ModelState is "Valid"
2024-10-05 21:06:45.589 +02:00 [INF] Executed an implicit handler method, returned result Microsoft.AspNetCore.Mvc.RazorPages.PageResult.
2024-10-05 21:06:45.618 +02:00 [INF] Executed page /Account/Login in 49.2473ms
2024-10-05 21:06:45.618 +02:00 [INF] Executed endpoint '/Account/Login'
2024-10-05 21:06:45.618 +02:00 [INF] Request finished HTTP/1.1 GET http://localhost:5127/Identity/Account/Login - 200 null text/html; charset=utf-8 67.6527ms
2024-10-05 21:06:45.631 +02:00 [INF] Request starting HTTP/1.1 GET http://localhost:5127/lib/jquery-validation-unobtrusive/jquery.validate.unobtrusive.js - null null
2024-10-05 21:06:45.632 +02:00 [INF] Request starting HTTP/1.1 GET http://localhost:5127/lib/jquery-validate/jquery.validate.js - null null
2024-10-05 21:06:45.631 +02:00 [INF] Request starting HTTP/1.1 GET http://localhost:5127/lib/jquery-validation/dist/jquery.validate.min.js - null null
2024-10-05 21:06:45.632 +02:00 [INF] Request starting HTTP/1.1 GET http://localhost:5127/lib/jquery-validation-unobtrusive/jquery.validate.unobtrusive.min.js - null null
2024-10-05 21:06:45.632 +02:00 [INF] Identity.Application was not authenticated. Failure message: Unprotect ticket failed
2024-10-05 21:06:45.632 +02:00 [INF] Identity.Application was not authenticated. Failure message: Unprotect ticket failed
2024-10-05 21:06:45.632 +02:00 [INF] Identity.Application was not authenticated. Failure message: Unprotect ticket failed
2024-10-05 21:06:45.632 +02:00 [INF] Request finished HTTP/1.1 GET http://localhost:5127/lib/jquery-validation-unobtrusive/jquery.validate.unobtrusive.js - 404 0 null 0.8342ms
2024-10-05 21:06:45.632 +02:00 [INF] Request finished HTTP/1.1 GET http://localhost:5127/lib/jquery-validation-unobtrusive/jquery.validate.unobtrusive.min.js - 404 0 null 0.7602ms
2024-10-05 21:06:45.632 +02:00 [INF] Request finished HTTP/1.1 GET http://localhost:5127/lib/jquery-validation/dist/jquery.validate.min.js - 404 0 null 0.8658ms
2024-10-05 21:06:45.632 +02:00 [INF] Request reached the end of the middleware pipeline without being handled by application code. Request path: GET http://localhost:5127/lib/jquery-validation/dist/jquery.validate.min.js, Response status code: 404
2024-10-05 21:06:45.632 +02:00 [INF] Identity.Application was not authenticated. Failure message: Unprotect ticket failed
2024-10-05 21:06:45.633 +02:00 [INF] Request finished HTTP/1.1 GET http://localhost:5127/lib/jquery-validate/jquery.validate.js - 404 0 null 1.0457ms
2024-10-05 21:06:45.633 +02:00 [INF] Request reached the end of the middleware pipeline without being handled by application code. Request path: GET http://localhost:5127/lib/jquery-validate/jquery.validate.js, Response status code: 404
2024-10-05 21:06:45.632 +02:00 [INF] Request reached the end of the middleware pipeline without being handled by application code. Request path: GET http://localhost:5127/lib/jquery-validation-unobtrusive/jquery.validate.unobtrusive.js, Response status code: 404
2024-10-05 21:06:45.632 +02:00 [INF] Request reached the end of the middleware pipeline without being handled by application code. Request path: GET http://localhost:5127/lib/jquery-validation-unobtrusive/jquery.validate.unobtrusive.min.js, Response status code: 404
2024-10-05 21:06:51.606 +02:00 [INF] Request starting HTTP/1.1 GET http://localhost:5127/Identity/Account/Register?returnUrl=%2F - null null
2024-10-05 21:06:51.614 +02:00 [INF] Identity.Application was not authenticated. Failure message: Unprotect ticket failed
2024-10-05 21:06:51.614 +02:00 [INF] Executing endpoint '/Account/Register'
2024-10-05 21:06:51.621 +02:00 [INF] Route matched with {page = "/Account/Register", area = "Identity", action = "", controller = ""}. Executing page /Account/Register
2024-10-05 21:06:51.632 +02:00 [INF] Executed page /Account/Register in 10.7847ms
2024-10-05 21:06:51.632 +02:00 [INF] Executed endpoint '/Account/Register'
2024-10-05 21:06:51.634 +02:00 [ERR] An unhandled exception has occurred while executing the request.
System.InvalidOperationException: Unable to resolve service for type 'Microsoft.AspNetCore.Identity.UI.Services.IEmailSender' while attempting to activate 'friendly.Areas.Identity.Pages.Account.RegisterModel'.
   at Microsoft.Extensions.DependencyInjection.ActivatorUtilities.ThrowHelperUnableToResolveService(Type type, Type requiredBy)
   at lambda_method167(Closure, IServiceProvider, Object[])
   at Microsoft.AspNetCore.Mvc.RazorPages.Infrastructure.DefaultPageModelFactoryProvider.<>c__DisplayClass3_0.<CreateModelFactory>b__0(PageContext pageContext)
   at Microsoft.AspNetCore.Mvc.RazorPages.Infrastructure.PageActionInvoker.CreateInstance()
   at Microsoft.AspNetCore.Mvc.RazorPages.Infrastructure.PageActionInvoker.Next(State& next, Scope& scope, Object& state, Boolean& isCompleted)
   at Microsoft.AspNetCore.Mvc.RazorPages.Infrastructure.PageActionInvoker.InvokeInnerFilterAsync()
   at Microsoft.AspNetCore.Mvc.Infrastructure.ResourceInvoker.<InvokeNextResourceFilter>g__Awaited|25_0(ResourceInvoker invoker, Task lastTask, State next, Scope scope, Object state, Boolean isCompleted)
   at Microsoft.AspNetCore.Mvc.Infrastructure.ResourceInvoker.Rethrow(ResourceExecutedContextSealed context)
   at Microsoft.AspNetCore.Mvc.Infrastructure.ResourceInvoker.Next(State& next, Scope& scope, Object& state, Boolean& isCompleted)
   at Microsoft.AspNetCore.Mvc.Infrastructure.ResourceInvoker.InvokeFilterPipelineAsync()
--- End of stack trace from previous location ---
   at Microsoft.AspNetCore.Mvc.Infrastructure.ResourceInvoker.<InvokeAsync>g__Logged|17_1(ResourceInvoker invoker)
   at Microsoft.AspNetCore.Mvc.Infrastructure.ResourceInvoker.<InvokeAsync>g__Logged|17_1(ResourceInvoker invoker)
   at Microsoft.AspNetCore.Routing.EndpointMiddleware.<Invoke>g__AwaitRequestTask|7_0(Endpoint endpoint, Task requestTask, ILogger logger)
   at Microsoft.AspNetCore.Authorization.AuthorizationMiddleware.Invoke(HttpContext context)
   at Microsoft.AspNetCore.Authentication.AuthenticationMiddleware.Invoke(HttpContext context)
   at Microsoft.AspNetCore.Session.SessionMiddleware.Invoke(HttpContext context)
   at Microsoft.AspNetCore.Session.SessionMiddleware.Invoke(HttpContext context)
   at Microsoft.AspNetCore.Diagnostics.DeveloperExceptionPageMiddlewareImpl.Invoke(HttpContext context)
2024-10-05 21:06:51.640 +02:00 [INF] Request finished HTTP/1.1 GET http://localhost:5127/Identity/Account/Register?returnUrl=%2F - 500 null text/html; charset=utf-8 34.9577ms
2024-10-05 23:46:29.327 +02:00 [INF] Request starting HTTP/1.1 GET http://localhost:5127/Identity/Account/Login - null null
2024-10-05 23:46:29.335 +02:00 [INF] Identity.Application was not authenticated. Failure message: Unprotect ticket failed
2024-10-05 23:46:29.335 +02:00 [INF] Executing endpoint '/Account/Login'
2024-10-05 23:46:29.342 +02:00 [INF] Route matched with {page = "/Account/Login", area = "Identity", action = "", controller = ""}. Executing page /Account/Login
2024-10-05 23:46:29.352 +02:00 [INF] Executing handler method friendly.Areas.Identity.Pages.Account.LoginModel.OnGetAsync - ModelState is "Valid"
2024-10-05 23:46:29.356 +02:00 [INF] AuthenticationScheme: Identity.External signed out.
2024-10-05 23:46:29.358 +02:00 [INF] Executed handler method OnGetAsync, returned result .
2024-10-05 23:46:29.358 +02:00 [INF] Executing an implicit handler method - ModelState is "Valid"
2024-10-05 23:46:29.358 +02:00 [INF] Executed an implicit handler method, returned result Microsoft.AspNetCore.Mvc.RazorPages.PageResult.
2024-10-05 23:46:29.393 +02:00 [INF] Executed page /Account/Login in 49.8647ms
2024-10-05 23:46:29.393 +02:00 [INF] Executed endpoint '/Account/Login'
2024-10-05 23:46:29.393 +02:00 [INF] Request finished HTTP/1.1 GET http://localhost:5127/Identity/Account/Login - 200 null text/html; charset=utf-8 66.6143ms
2024-10-05 23:46:32.431 +02:00 [INF] Request starting HTTP/1.1 GET http://localhost:5127/Identity/Account/Register?returnUrl=%2F - null null
2024-10-05 23:46:32.432 +02:00 [INF] Identity.Application was not authenticated. Failure message: Unprotect ticket failed
2024-10-05 23:46:32.432 +02:00 [INF] Executing endpoint '/Account/Register'
2024-10-05 23:46:32.432 +02:00 [INF] Route matched with {page = "/Account/Register", area = "Identity", action = "", controller = ""}. Executing page /Account/Register
2024-10-05 23:46:32.434 +02:00 [INF] Executed page /Account/Register in 1.3237ms
2024-10-05 23:46:32.434 +02:00 [INF] Executed endpoint '/Account/Register'
2024-10-05 23:46:32.440 +02:00 [ERR] An unhandled exception has occurred while executing the request.
System.InvalidOperationException: Unable to resolve service for type 'Microsoft.AspNetCore.Identity.UI.Services.IEmailSender' while attempting to activate 'friendly.Areas.Identity.Pages.Account.RegisterModel'.
   at Microsoft.Extensions.DependencyInjection.ActivatorUtilities.ThrowHelperUnableToResolveService(Type type, Type requiredBy)
   at lambda_method167(Closure, IServiceProvider, Object[])
   at Microsoft.AspNetCore.Mvc.RazorPages.Infrastructure.DefaultPageModelFactoryProvider.<>c__DisplayClass3_0.<CreateModelFactory>b__0(PageContext pageContext)
   at Microsoft.AspNetCore.Mvc.RazorPages.Infrastructure.PageActionInvoker.CreateInstance()
   at Microsoft.AspNetCore.Mvc.RazorPages.Infrastructure.PageActionInvoker.Next(State& next, Scope& scope, Object& state, Boolean& isCompleted)
   at Microsoft.AspNetCore.Mvc.RazorPages.Infrastructure.PageActionInvoker.InvokeInnerFilterAsync()
   at Microsoft.AspNetCore.Mvc.Infrastructure.ResourceInvoker.<InvokeNextResourceFilter>g__Awaited|25_0(ResourceInvoker invoker, Task lastTask, State next, Scope scope, Object state, Boolean isCompleted)
   at Microsoft.AspNetCore.Mvc.Infrastructure.ResourceInvoker.Rethrow(ResourceExecutedContextSealed context)
   at Microsoft.AspNetCore.Mvc.Infrastructure.ResourceInvoker.Next(State& next, Scope& scope, Object& state, Boolean& isCompleted)
   at Microsoft.AspNetCore.Mvc.Infrastructure.ResourceInvoker.InvokeFilterPipelineAsync()
--- End of stack trace from previous location ---
   at Microsoft.AspNetCore.Mvc.Infrastructure.ResourceInvoker.<InvokeAsync>g__Logged|17_1(ResourceInvoker invoker)
   at Microsoft.AspNetCore.Mvc.Infrastructure.ResourceInvoker.<InvokeAsync>g__Logged|17_1(ResourceInvoker invoker)
   at Microsoft.AspNetCore.Routing.EndpointMiddleware.<Invoke>g__AwaitRequestTask|7_0(Endpoint endpoint, Task requestTask, ILogger logger)
   at Microsoft.AspNetCore.Authorization.AuthorizationMiddleware.Invoke(HttpContext context)
   at Microsoft.AspNetCore.Authentication.AuthenticationMiddleware.Invoke(HttpContext context)
   at Microsoft.AspNetCore.Session.SessionMiddleware.Invoke(HttpContext context)
   at Microsoft.AspNetCore.Session.SessionMiddleware.Invoke(HttpContext context)
   at Microsoft.AspNetCore.Diagnostics.DeveloperExceptionPageMiddlewareImpl.Invoke(HttpContext context)
2024-10-05 23:46:32.444 +02:00 [INF] Request finished HTTP/1.1 GET http://localhost:5127/Identity/Account/Register?returnUrl=%2F - 500 null text/html; charset=utf-8 13.574ms
2024-10-05 23:51:09.934 +02:00 [INF] Request starting HTTP/1.1 GET http://localhost:5127/Identity/Account/ResendEmailConfirmation - null null
2024-10-05 23:51:09.940 +02:00 [INF] Identity.Application was not authenticated. Failure message: Unprotect ticket failed
2024-10-05 23:51:09.941 +02:00 [INF] Executing endpoint '/Account/ResendEmailConfirmation'
2024-10-05 23:51:09.971 +02:00 [INF] Route matched with {page = "/Account/ResendEmailConfirmation", area = "Identity", action = "", controller = ""}. Executing page /Account/ResendEmailConfirmation
2024-10-05 23:51:09.973 +02:00 [INF] Executed page /Account/ResendEmailConfirmation in 2.074ms
2024-10-05 23:51:09.974 +02:00 [INF] Executed endpoint '/Account/ResendEmailConfirmation'
2024-10-05 23:51:09.982 +02:00 [ERR] An unhandled exception has occurred while executing the request.
System.InvalidOperationException: Unable to resolve service for type 'Microsoft.AspNetCore.Identity.UI.Services.IEmailSender' while attempting to activate 'friendly.Areas.Identity.Pages.Account.ResendEmailConfirmationModel'.
   at Microsoft.Extensions.DependencyInjection.ActivatorUtilities.ThrowHelperUnableToResolveService(Type type, Type requiredBy)
   at lambda_method178(Closure, IServiceProvider, Object[])
   at Microsoft.AspNetCore.Mvc.RazorPages.Infrastructure.DefaultPageModelFactoryProvider.<>c__DisplayClass3_0.<CreateModelFactory>b__0(PageContext pageContext)
   at Microsoft.AspNetCore.Mvc.RazorPages.Infrastructure.PageActionInvoker.CreateInstance()
   at Microsoft.AspNetCore.Mvc.RazorPages.Infrastructure.PageActionInvoker.Next(State& next, Scope& scope, Object& state, Boolean& isCompleted)
   at Microsoft.AspNetCore.Mvc.RazorPages.Infrastructure.PageActionInvoker.InvokeInnerFilterAsync()
   at Microsoft.AspNetCore.Mvc.Infrastructure.ResourceInvoker.<InvokeNextResourceFilter>g__Awaited|25_0(ResourceInvoker invoker, Task lastTask, State next, Scope scope, Object state, Boolean isCompleted)
   at Microsoft.AspNetCore.Mvc.Infrastructure.ResourceInvoker.Rethrow(ResourceExecutedContextSealed context)
   at Microsoft.AspNetCore.Mvc.Infrastructure.ResourceInvoker.Next(State& next, Scope& scope, Object& state, Boolean& isCompleted)
   at Microsoft.AspNetCore.Mvc.Infrastructure.ResourceInvoker.InvokeFilterPipelineAsync()
--- End of stack trace from previous location ---
   at Microsoft.AspNetCore.Mvc.Infrastructure.ResourceInvoker.<InvokeAsync>g__Logged|17_1(ResourceInvoker invoker)
   at Microsoft.AspNetCore.Mvc.Infrastructure.ResourceInvoker.<InvokeAsync>g__Logged|17_1(ResourceInvoker invoker)
   at Microsoft.AspNetCore.Routing.EndpointMiddleware.<Invoke>g__AwaitRequestTask|7_0(Endpoint endpoint, Task requestTask, ILogger logger)
   at Microsoft.AspNetCore.Authorization.AuthorizationMiddleware.Invoke(HttpContext context)
   at Microsoft.AspNetCore.Authentication.AuthenticationMiddleware.Invoke(HttpContext context)
   at Microsoft.AspNetCore.Session.SessionMiddleware.Invoke(HttpContext context)
   at Microsoft.AspNetCore.Session.SessionMiddleware.Invoke(HttpContext context)
   at Microsoft.AspNetCore.Diagnostics.DeveloperExceptionPageMiddlewareImpl.Invoke(HttpContext context)
2024-10-05 23:51:09.985 +02:00 [INF] Request finished HTTP/1.1 GET http://localhost:5127/Identity/Account/ResendEmailConfirmation - 500 null text/html; charset=utf-8 51.1179ms
2024-10-05 23:51:34.639 +02:00 [INF] Application is shutting down...
