2024-11-26 12:12:02.042 +01:00 [INF] User profile is available. Using 'C:\Users\Bruker\AppData\Local\ASP.NET\DataProtection-Keys' as key repository and Windows DPAPI to encrypt keys at rest.
2024-11-26 12:12:02.713 +01:00 [INF] Executed DbCommand (11ms) [Parameters=[], CommandType='"Text"', CommandTimeout='30']
PRAGMA journal_mode = 'wal';
2024-11-26 12:12:02.816 +01:00 [INF] Executed DbCommand (0ms) [Parameters=[], CommandType='"Text"', CommandTimeout='30']
CREATE TABLE "AspNetRoles" (
    "Id" TEXT NOT NULL CONSTRAINT "PK_AspNetRoles" PRIMARY KEY,
    "Name" TEXT NULL,
    "NormalizedName" TEXT NULL,
    "ConcurrencyStamp" TEXT NULL
);
2024-11-26 12:12:02.818 +01:00 [INF] Executed DbCommand (0ms) [Parameters=[], CommandType='"Text"', CommandTimeout='30']
CREATE TABLE "AspNetUsers" (
    "Id" TEXT NOT NULL CONSTRAINT "PK_AspNetUsers" PRIMARY KEY,
    "FirstName" TEXT NULL,
    "LastName" TEXT NULL,
    "ProfileImageUrl" TEXT NULL,
    "UserName" TEXT NULL,
    "NormalizedUserName" TEXT NULL,
    "Email" TEXT NULL,
    "NormalizedEmail" TEXT NULL,
    "EmailConfirmed" INTEGER NOT NULL,
    "PasswordHash" TEXT NULL,
    "SecurityStamp" TEXT NULL,
    "ConcurrencyStamp" TEXT NULL,
    "PhoneNumber" TEXT NULL,
    "PhoneNumberConfirmed" INTEGER NOT NULL,
    "TwoFactorEnabled" INTEGER NOT NULL,
    "LockoutEnd" TEXT NULL,
    "LockoutEnabled" INTEGER NOT NULL,
    "AccessFailedCount" INTEGER NOT NULL
);
2024-11-26 12:12:02.818 +01:00 [INF] Executed DbCommand (0ms) [Parameters=[], CommandType='"Text"', CommandTimeout='30']
CREATE TABLE "AspNetRoleClaims" (
    "Id" INTEGER NOT NULL CONSTRAINT "PK_AspNetRoleClaims" PRIMARY KEY AUTOINCREMENT,
    "RoleId" TEXT NOT NULL,
    "ClaimType" TEXT NULL,
    "ClaimValue" TEXT NULL,
    CONSTRAINT "FK_AspNetRoleClaims_AspNetRoles_RoleId" FOREIGN KEY ("RoleId") REFERENCES "AspNetRoles" ("Id") ON DELETE CASCADE
);
2024-11-26 12:12:02.818 +01:00 [INF] Executed DbCommand (0ms) [Parameters=[], CommandType='"Text"', CommandTimeout='30']
CREATE TABLE "AspNetUserClaims" (
    "Id" INTEGER NOT NULL CONSTRAINT "PK_AspNetUserClaims" PRIMARY KEY AUTOINCREMENT,
    "UserId" TEXT NOT NULL,
    "ClaimType" TEXT NULL,
    "ClaimValue" TEXT NULL,
    CONSTRAINT "FK_AspNetUserClaims_AspNetUsers_UserId" FOREIGN KEY ("UserId") REFERENCES "AspNetUsers" ("Id") ON DELETE CASCADE
);
2024-11-26 12:12:02.818 +01:00 [INF] Executed DbCommand (0ms) [Parameters=[], CommandType='"Text"', CommandTimeout='30']
CREATE TABLE "AspNetUserLogins" (
    "LoginProvider" TEXT NOT NULL,
    "ProviderKey" TEXT NOT NULL,
    "ProviderDisplayName" TEXT NULL,
    "UserId" TEXT NOT NULL,
    CONSTRAINT "PK_AspNetUserLogins" PRIMARY KEY ("LoginProvider", "ProviderKey"),
    CONSTRAINT "FK_AspNetUserLogins_AspNetUsers_UserId" FOREIGN KEY ("UserId") REFERENCES "AspNetUsers" ("Id") ON DELETE CASCADE
);
2024-11-26 12:12:02.818 +01:00 [INF] Executed DbCommand (0ms) [Parameters=[], CommandType='"Text"', CommandTimeout='30']
CREATE TABLE "AspNetUserRoles" (
    "UserId" TEXT NOT NULL,
    "RoleId" TEXT NOT NULL,
    CONSTRAINT "PK_AspNetUserRoles" PRIMARY KEY ("UserId", "RoleId"),
    CONSTRAINT "FK_AspNetUserRoles_AspNetRoles_RoleId" FOREIGN KEY ("RoleId") REFERENCES "AspNetRoles" ("Id") ON DELETE CASCADE,
    CONSTRAINT "FK_AspNetUserRoles_AspNetUsers_UserId" FOREIGN KEY ("UserId") REFERENCES "AspNetUsers" ("Id") ON DELETE CASCADE
);
2024-11-26 12:12:02.819 +01:00 [INF] Executed DbCommand (0ms) [Parameters=[], CommandType='"Text"', CommandTimeout='30']
CREATE TABLE "AspNetUserTokens" (
    "UserId" TEXT NOT NULL,
    "LoginProvider" TEXT NOT NULL,
    "Name" TEXT NOT NULL,
    "Value" TEXT NULL,
    CONSTRAINT "PK_AspNetUserTokens" PRIMARY KEY ("UserId", "LoginProvider", "Name"),
    CONSTRAINT "FK_AspNetUserTokens_AspNetUsers_UserId" FOREIGN KEY ("UserId") REFERENCES "AspNetUsers" ("Id") ON DELETE CASCADE
);
2024-11-26 12:12:02.819 +01:00 [INF] Executed DbCommand (0ms) [Parameters=[], CommandType='"Text"', CommandTimeout='30']
CREATE TABLE "Posts" (
    "PostId" INTEGER NOT NULL CONSTRAINT "PK_Posts" PRIMARY KEY AUTOINCREMENT,
    "PostImagePath" TEXT NULL,
    "Caption" TEXT NOT NULL,
    "PostDate" TEXT NULL,
    "UserId" TEXT NULL,
    CONSTRAINT "FK_Posts_AspNetUsers_UserId" FOREIGN KEY ("UserId") REFERENCES "AspNetUsers" ("Id")
);
2024-11-26 12:12:02.819 +01:00 [INF] Executed DbCommand (0ms) [Parameters=[], CommandType='"Text"', CommandTimeout='30']
CREATE TABLE "Comments" (
    "CommentId" INTEGER NOT NULL CONSTRAINT "PK_Comments" PRIMARY KEY AUTOINCREMENT,
    "CommentText" TEXT NOT NULL,
    "CommentDate" TEXT NULL,
    "UserId" TEXT NULL,
    "PostId" INTEGER NOT NULL,
    CONSTRAINT "FK_Comments_AspNetUsers_UserId" FOREIGN KEY ("UserId") REFERENCES "AspNetUsers" ("Id"),
    CONSTRAINT "FK_Comments_Posts_PostId" FOREIGN KEY ("PostId") REFERENCES "Posts" ("PostId") ON DELETE CASCADE
);
2024-11-26 12:12:02.819 +01:00 [INF] Executed DbCommand (0ms) [Parameters=[], CommandType='"Text"', CommandTimeout='30']
CREATE TABLE "Likes" (
    "LikeId" INTEGER NOT NULL CONSTRAINT "PK_Likes" PRIMARY KEY AUTOINCREMENT,
    "PostId" INTEGER NOT NULL,
    "UserId" TEXT NOT NULL,
    CONSTRAINT "FK_Likes_Posts_PostId" FOREIGN KEY ("PostId") REFERENCES "Posts" ("PostId") ON DELETE CASCADE
);
2024-11-26 12:12:02.819 +01:00 [INF] Executed DbCommand (0ms) [Parameters=[], CommandType='"Text"', CommandTimeout='30']
CREATE INDEX "IX_AspNetRoleClaims_RoleId" ON "AspNetRoleClaims" ("RoleId");
2024-11-26 12:12:02.819 +01:00 [INF] Executed DbCommand (0ms) [Parameters=[], CommandType='"Text"', CommandTimeout='30']
CREATE UNIQUE INDEX "RoleNameIndex" ON "AspNetRoles" ("NormalizedName");
2024-11-26 12:12:02.819 +01:00 [INF] Executed DbCommand (0ms) [Parameters=[], CommandType='"Text"', CommandTimeout='30']
CREATE INDEX "IX_AspNetUserClaims_UserId" ON "AspNetUserClaims" ("UserId");
2024-11-26 12:12:02.820 +01:00 [INF] Executed DbCommand (0ms) [Parameters=[], CommandType='"Text"', CommandTimeout='30']
CREATE INDEX "IX_AspNetUserLogins_UserId" ON "AspNetUserLogins" ("UserId");
2024-11-26 12:12:02.820 +01:00 [INF] Executed DbCommand (0ms) [Parameters=[], CommandType='"Text"', CommandTimeout='30']
CREATE INDEX "IX_AspNetUserRoles_RoleId" ON "AspNetUserRoles" ("RoleId");
2024-11-26 12:12:02.820 +01:00 [INF] Executed DbCommand (0ms) [Parameters=[], CommandType='"Text"', CommandTimeout='30']
CREATE INDEX "EmailIndex" ON "AspNetUsers" ("NormalizedEmail");
2024-11-26 12:12:02.820 +01:00 [INF] Executed DbCommand (0ms) [Parameters=[], CommandType='"Text"', CommandTimeout='30']
CREATE UNIQUE INDEX "UserNameIndex" ON "AspNetUsers" ("NormalizedUserName");
2024-11-26 12:12:02.820 +01:00 [INF] Executed DbCommand (0ms) [Parameters=[], CommandType='"Text"', CommandTimeout='30']
CREATE INDEX "IX_Comments_PostId" ON "Comments" ("PostId");
2024-11-26 12:12:02.820 +01:00 [INF] Executed DbCommand (0ms) [Parameters=[], CommandType='"Text"', CommandTimeout='30']
CREATE INDEX "IX_Comments_UserId" ON "Comments" ("UserId");
2024-11-26 12:12:02.820 +01:00 [INF] Executed DbCommand (0ms) [Parameters=[], CommandType='"Text"', CommandTimeout='30']
CREATE UNIQUE INDEX "IX_Likes_PostId_UserId" ON "Likes" ("PostId", "UserId");
2024-11-26 12:12:02.820 +01:00 [INF] Executed DbCommand (0ms) [Parameters=[], CommandType='"Text"', CommandTimeout='30']
CREATE INDEX "IX_Posts_UserId" ON "Posts" ("UserId");
2024-11-26 12:12:03.094 +01:00 [INF] Executed DbCommand (4ms) [Parameters=[@__normalizedName_0='?' (Size = 5)], CommandType='"Text"', CommandTimeout='30']
SELECT "a"."Id", "a"."ConcurrencyStamp", "a"."Name", "a"."NormalizedName"
FROM "AspNetRoles" AS "a"
WHERE "a"."NormalizedName" = @__normalizedName_0
LIMIT 1
2024-11-26 12:12:03.105 +01:00 [INF] Executed DbCommand (0ms) [Parameters=[@__normalizedName_0='?' (Size = 5)], CommandType='"Text"', CommandTimeout='30']
SELECT "a"."Id", "a"."ConcurrencyStamp", "a"."Name", "a"."NormalizedName"
FROM "AspNetRoles" AS "a"
WHERE "a"."NormalizedName" = @__normalizedName_0
LIMIT 1
2024-11-26 12:12:03.242 +01:00 [INF] Executed DbCommand (2ms) [Parameters=[@p0='?' (Size = 36), @p1='?', @p2='?' (Size = 5), @p3='?' (Size = 5)], CommandType='"Text"', CommandTimeout='30']
INSERT INTO "AspNetRoles" ("Id", "ConcurrencyStamp", "Name", "NormalizedName")
VALUES (@p0, @p1, @p2, @p3);
2024-11-26 12:12:03.251 +01:00 [INF] Executed DbCommand (0ms) [Parameters=[@__normalizedName_0='?' (Size = 4)], CommandType='"Text"', CommandTimeout='30']
SELECT "a"."Id", "a"."ConcurrencyStamp", "a"."Name", "a"."NormalizedName"
FROM "AspNetRoles" AS "a"
WHERE "a"."NormalizedName" = @__normalizedName_0
LIMIT 1
2024-11-26 12:12:03.251 +01:00 [INF] Executed DbCommand (0ms) [Parameters=[@__normalizedName_0='?' (Size = 4)], CommandType='"Text"', CommandTimeout='30']
SELECT "a"."Id", "a"."ConcurrencyStamp", "a"."Name", "a"."NormalizedName"
FROM "AspNetRoles" AS "a"
WHERE "a"."NormalizedName" = @__normalizedName_0
LIMIT 1
2024-11-26 12:12:03.258 +01:00 [INF] Executed DbCommand (1ms) [Parameters=[@p0='?' (Size = 36), @p1='?', @p2='?' (Size = 4), @p3='?' (Size = 4)], CommandType='"Text"', CommandTimeout='30']
INSERT INTO "AspNetRoles" ("Id", "ConcurrencyStamp", "Name", "NormalizedName")
VALUES (@p0, @p1, @p2, @p3);
2024-11-26 12:12:03.271 +01:00 [INF] Executed DbCommand (0ms) [Parameters=[], CommandType='"Text"', CommandTimeout='30']
SELECT EXISTS (
    SELECT 1
    FROM "AspNetUsers" AS "a")
2024-11-26 12:12:03.425 +01:00 [INF] Executed DbCommand (0ms) [Parameters=[@__normalizedUserName_0='?' (Size = 10)], CommandType='"Text"', CommandTimeout='30']
SELECT "a"."Id", "a"."AccessFailedCount", "a"."ConcurrencyStamp", "a"."Email", "a"."EmailConfirmed", "a"."FirstName", "a"."LastName", "a"."LockoutEnabled", "a"."LockoutEnd", "a"."NormalizedEmail", "a"."NormalizedUserName", "a"."PasswordHash", "a"."PhoneNumber", "a"."PhoneNumberConfirmed", "a"."ProfileImageUrl", "a"."SecurityStamp", "a"."TwoFactorEnabled", "a"."UserName"
FROM "AspNetUsers" AS "a"
WHERE "a"."NormalizedUserName" = @__normalizedUserName_0
LIMIT 1
2024-11-26 12:12:03.436 +01:00 [INF] Executed DbCommand (0ms) [Parameters=[@__normalizedEmail_0='?' (Size = 20)], CommandType='"Text"', CommandTimeout='30']
SELECT "a"."Id", "a"."AccessFailedCount", "a"."ConcurrencyStamp", "a"."Email", "a"."EmailConfirmed", "a"."FirstName", "a"."LastName", "a"."LockoutEnabled", "a"."LockoutEnd", "a"."NormalizedEmail", "a"."NormalizedUserName", "a"."PasswordHash", "a"."PhoneNumber", "a"."PhoneNumberConfirmed", "a"."ProfileImageUrl", "a"."SecurityStamp", "a"."TwoFactorEnabled", "a"."UserName"
FROM "AspNetUsers" AS "a"
WHERE "a"."NormalizedEmail" = @__normalizedEmail_0
LIMIT 2
2024-11-26 12:12:03.499 +01:00 [INF] Executed DbCommand (2ms) [Parameters=[@p0='?' (Size = 36), @p1='?' (DbType = Int32), @p2='?' (Size = 36), @p3='?' (Size = 20), @p4='?' (DbType = Boolean), @p5='?' (Size = 4), @p6='?' (Size = 5), @p7='?' (DbType = Boolean), @p8='?' (DbType = DateTimeOffset), @p9='?' (Size = 20), @p10='?' (Size = 10), @p11='?' (Size = 84), @p12='?' (Size = 12), @p13='?' (DbType = Boolean), @p14='?' (Size = 41), @p15='?' (Size = 32), @p16='?' (DbType = Boolean), @p17='?' (Size = 10)], CommandType='"Text"', CommandTimeout='30']
INSERT INTO "AspNetUsers" ("Id", "AccessFailedCount", "ConcurrencyStamp", "Email", "EmailConfirmed", "FirstName", "LastName", "LockoutEnabled", "LockoutEnd", "NormalizedEmail", "NormalizedUserName", "PasswordHash", "PhoneNumber", "PhoneNumberConfirmed", "ProfileImageUrl", "SecurityStamp", "TwoFactorEnabled", "UserName")
VALUES (@p0, @p1, @p2, @p3, @p4, @p5, @p6, @p7, @p8, @p9, @p10, @p11, @p12, @p13, @p14, @p15, @p16, @p17);
2024-11-26 12:12:03.506 +01:00 [INF] Executed DbCommand (0ms) [Parameters=[@__normalizedRoleName_0='?' (Size = 4)], CommandType='"Text"', CommandTimeout='30']
SELECT "a"."Id", "a"."ConcurrencyStamp", "a"."Name", "a"."NormalizedName"
FROM "AspNetRoles" AS "a"
WHERE "a"."NormalizedName" = @__normalizedRoleName_0
LIMIT 2
2024-11-26 12:12:03.527 +01:00 [INF] Executed DbCommand (0ms) [Parameters=[@__p_0='?' (Size = 36), @__p_1='?' (Size = 36)], CommandType='"Text"', CommandTimeout='30']
SELECT "a"."UserId", "a"."RoleId"
FROM "AspNetUserRoles" AS "a"
WHERE "a"."UserId" = @__p_0 AND "a"."RoleId" = @__p_1
LIMIT 1
2024-11-26 12:12:03.530 +01:00 [INF] Executed DbCommand (0ms) [Parameters=[@__normalizedRoleName_0='?' (Size = 4)], CommandType='"Text"', CommandTimeout='30']
SELECT "a"."Id", "a"."ConcurrencyStamp", "a"."Name", "a"."NormalizedName"
FROM "AspNetRoles" AS "a"
WHERE "a"."NormalizedName" = @__normalizedRoleName_0
LIMIT 2
2024-11-26 12:12:03.544 +01:00 [INF] Executed DbCommand (0ms) [Parameters=[@__normalizedUserName_0='?' (Size = 10)], CommandType='"Text"', CommandTimeout='30']
SELECT "a"."Id", "a"."AccessFailedCount", "a"."ConcurrencyStamp", "a"."Email", "a"."EmailConfirmed", "a"."FirstName", "a"."LastName", "a"."LockoutEnabled", "a"."LockoutEnd", "a"."NormalizedEmail", "a"."NormalizedUserName", "a"."PasswordHash", "a"."PhoneNumber", "a"."PhoneNumberConfirmed", "a"."ProfileImageUrl", "a"."SecurityStamp", "a"."TwoFactorEnabled", "a"."UserName"
FROM "AspNetUsers" AS "a"
WHERE "a"."NormalizedUserName" = @__normalizedUserName_0
LIMIT 1
2024-11-26 12:12:03.546 +01:00 [INF] Executed DbCommand (0ms) [Parameters=[@__normalizedEmail_0='?' (Size = 20)], CommandType='"Text"', CommandTimeout='30']
SELECT "a"."Id", "a"."AccessFailedCount", "a"."ConcurrencyStamp", "a"."Email", "a"."EmailConfirmed", "a"."FirstName", "a"."LastName", "a"."LockoutEnabled", "a"."LockoutEnd", "a"."NormalizedEmail", "a"."NormalizedUserName", "a"."PasswordHash", "a"."PhoneNumber", "a"."PhoneNumberConfirmed", "a"."ProfileImageUrl", "a"."SecurityStamp", "a"."TwoFactorEnabled", "a"."UserName"
FROM "AspNetUsers" AS "a"
WHERE "a"."NormalizedEmail" = @__normalizedEmail_0
LIMIT 2
2024-11-26 12:12:03.560 +01:00 [INF] Executed DbCommand (0ms) [Parameters=[@p0='?' (Size = 36), @p1='?' (Size = 36)], CommandType='"Text"', CommandTimeout='30']
INSERT INTO "AspNetUserRoles" ("RoleId", "UserId")
VALUES (@p0, @p1);
2024-11-26 12:12:03.562 +01:00 [INF] Executed DbCommand (0ms) [Parameters=[@p17='?' (Size = 36), @p0='?' (DbType = Int32), @p1='?' (Size = 36), @p18='?' (Size = 36), @p2='?' (Size = 20), @p3='?' (DbType = Boolean), @p4='?' (Size = 4), @p5='?' (Size = 5), @p6='?' (DbType = Boolean), @p7='?' (DbType = DateTimeOffset), @p8='?' (Size = 20), @p9='?' (Size = 10), @p10='?' (Size = 84), @p11='?' (Size = 12), @p12='?' (DbType = Boolean), @p13='?' (Size = 41), @p14='?' (Size = 32), @p15='?' (DbType = Boolean), @p16='?' (Size = 10)], CommandType='"Text"', CommandTimeout='30']
UPDATE "AspNetUsers" SET "AccessFailedCount" = @p0, "ConcurrencyStamp" = @p1, "Email" = @p2, "EmailConfirmed" = @p3, "FirstName" = @p4, "LastName" = @p5, "LockoutEnabled" = @p6, "LockoutEnd" = @p7, "NormalizedEmail" = @p8, "NormalizedUserName" = @p9, "PasswordHash" = @p10, "PhoneNumber" = @p11, "PhoneNumberConfirmed" = @p12, "ProfileImageUrl" = @p13, "SecurityStamp" = @p14, "TwoFactorEnabled" = @p15, "UserName" = @p16
WHERE "Id" = @p17 AND "ConcurrencyStamp" = @p18
RETURNING 1;
2024-11-26 12:12:03.654 +01:00 [INF] Executed DbCommand (0ms) [Parameters=[@__normalizedUserName_0='?' (Size = 6)], CommandType='"Text"', CommandTimeout='30']
SELECT "a"."Id", "a"."AccessFailedCount", "a"."ConcurrencyStamp", "a"."Email", "a"."EmailConfirmed", "a"."FirstName", "a"."LastName", "a"."LockoutEnabled", "a"."LockoutEnd", "a"."NormalizedEmail", "a"."NormalizedUserName", "a"."PasswordHash", "a"."PhoneNumber", "a"."PhoneNumberConfirmed", "a"."ProfileImageUrl", "a"."SecurityStamp", "a"."TwoFactorEnabled", "a"."UserName"
FROM "AspNetUsers" AS "a"
WHERE "a"."NormalizedUserName" = @__normalizedUserName_0
LIMIT 1
2024-11-26 12:12:03.654 +01:00 [INF] Executed DbCommand (0ms) [Parameters=[@__normalizedEmail_0='?' (Size = 16)], CommandType='"Text"', CommandTimeout='30']
SELECT "a"."Id", "a"."AccessFailedCount", "a"."ConcurrencyStamp", "a"."Email", "a"."EmailConfirmed", "a"."FirstName", "a"."LastName", "a"."LockoutEnabled", "a"."LockoutEnd", "a"."NormalizedEmail", "a"."NormalizedUserName", "a"."PasswordHash", "a"."PhoneNumber", "a"."PhoneNumberConfirmed", "a"."ProfileImageUrl", "a"."SecurityStamp", "a"."TwoFactorEnabled", "a"."UserName"
FROM "AspNetUsers" AS "a"
WHERE "a"."NormalizedEmail" = @__normalizedEmail_0
LIMIT 2
2024-11-26 12:12:03.658 +01:00 [INF] Executed DbCommand (1ms) [Parameters=[@p0='?' (Size = 36), @p1='?' (DbType = Int32), @p2='?' (Size = 36), @p3='?' (Size = 16), @p4='?' (DbType = Boolean), @p5='?' (Size = 10), @p6='?' (Size = 4), @p7='?' (DbType = Boolean), @p8='?' (DbType = DateTimeOffset), @p9='?' (Size = 16), @p10='?' (Size = 6), @p11='?' (Size = 84), @p12='?' (Size = 12), @p13='?' (DbType = Boolean), @p14='?' (Size = 41), @p15='?' (Size = 32), @p16='?' (DbType = Boolean), @p17='?' (Size = 6)], CommandType='"Text"', CommandTimeout='30']
INSERT INTO "AspNetUsers" ("Id", "AccessFailedCount", "ConcurrencyStamp", "Email", "EmailConfirmed", "FirstName", "LastName", "LockoutEnabled", "LockoutEnd", "NormalizedEmail", "NormalizedUserName", "PasswordHash", "PhoneNumber", "PhoneNumberConfirmed", "ProfileImageUrl", "SecurityStamp", "TwoFactorEnabled", "UserName")
VALUES (@p0, @p1, @p2, @p3, @p4, @p5, @p6, @p7, @p8, @p9, @p10, @p11, @p12, @p13, @p14, @p15, @p16, @p17);
2024-11-26 12:12:03.658 +01:00 [INF] Executed DbCommand (0ms) [Parameters=[@__normalizedRoleName_0='?' (Size = 4)], CommandType='"Text"', CommandTimeout='30']
SELECT "a"."Id", "a"."ConcurrencyStamp", "a"."Name", "a"."NormalizedName"
FROM "AspNetRoles" AS "a"
WHERE "a"."NormalizedName" = @__normalizedRoleName_0
LIMIT 2
2024-11-26 12:12:03.659 +01:00 [INF] Executed DbCommand (0ms) [Parameters=[@__p_0='?' (Size = 36), @__p_1='?' (Size = 36)], CommandType='"Text"', CommandTimeout='30']
SELECT "a"."UserId", "a"."RoleId"
FROM "AspNetUserRoles" AS "a"
WHERE "a"."UserId" = @__p_0 AND "a"."RoleId" = @__p_1
LIMIT 1
2024-11-26 12:12:03.660 +01:00 [INF] Executed DbCommand (0ms) [Parameters=[@__normalizedRoleName_0='?' (Size = 4)], CommandType='"Text"', CommandTimeout='30']
SELECT "a"."Id", "a"."ConcurrencyStamp", "a"."Name", "a"."NormalizedName"
FROM "AspNetRoles" AS "a"
WHERE "a"."NormalizedName" = @__normalizedRoleName_0
LIMIT 2
2024-11-26 12:12:03.660 +01:00 [INF] Executed DbCommand (0ms) [Parameters=[@__normalizedUserName_0='?' (Size = 6)], CommandType='"Text"', CommandTimeout='30']
SELECT "a"."Id", "a"."AccessFailedCount", "a"."ConcurrencyStamp", "a"."Email", "a"."EmailConfirmed", "a"."FirstName", "a"."LastName", "a"."LockoutEnabled", "a"."LockoutEnd", "a"."NormalizedEmail", "a"."NormalizedUserName", "a"."PasswordHash", "a"."PhoneNumber", "a"."PhoneNumberConfirmed", "a"."ProfileImageUrl", "a"."SecurityStamp", "a"."TwoFactorEnabled", "a"."UserName"
FROM "AspNetUsers" AS "a"
WHERE "a"."NormalizedUserName" = @__normalizedUserName_0
LIMIT 1
2024-11-26 12:12:03.661 +01:00 [INF] Executed DbCommand (0ms) [Parameters=[@__normalizedEmail_0='?' (Size = 16)], CommandType='"Text"', CommandTimeout='30']
SELECT "a"."Id", "a"."AccessFailedCount", "a"."ConcurrencyStamp", "a"."Email", "a"."EmailConfirmed", "a"."FirstName", "a"."LastName", "a"."LockoutEnabled", "a"."LockoutEnd", "a"."NormalizedEmail", "a"."NormalizedUserName", "a"."PasswordHash", "a"."PhoneNumber", "a"."PhoneNumberConfirmed", "a"."ProfileImageUrl", "a"."SecurityStamp", "a"."TwoFactorEnabled", "a"."UserName"
FROM "AspNetUsers" AS "a"
WHERE "a"."NormalizedEmail" = @__normalizedEmail_0
LIMIT 2
2024-11-26 12:12:03.661 +01:00 [INF] Executed DbCommand (0ms) [Parameters=[@p0='?' (Size = 36), @p1='?' (Size = 36)], CommandType='"Text"', CommandTimeout='30']
INSERT INTO "AspNetUserRoles" ("RoleId", "UserId")
VALUES (@p0, @p1);
2024-11-26 12:12:03.662 +01:00 [INF] Executed DbCommand (0ms) [Parameters=[@p17='?' (Size = 36), @p0='?' (DbType = Int32), @p1='?' (Size = 36), @p18='?' (Size = 36), @p2='?' (Size = 16), @p3='?' (DbType = Boolean), @p4='?' (Size = 10), @p5='?' (Size = 4), @p6='?' (DbType = Boolean), @p7='?' (DbType = DateTimeOffset), @p8='?' (Size = 16), @p9='?' (Size = 6), @p10='?' (Size = 84), @p11='?' (Size = 12), @p12='?' (DbType = Boolean), @p13='?' (Size = 41), @p14='?' (Size = 32), @p15='?' (DbType = Boolean), @p16='?' (Size = 6)], CommandType='"Text"', CommandTimeout='30']
UPDATE "AspNetUsers" SET "AccessFailedCount" = @p0, "ConcurrencyStamp" = @p1, "Email" = @p2, "EmailConfirmed" = @p3, "FirstName" = @p4, "LastName" = @p5, "LockoutEnabled" = @p6, "LockoutEnd" = @p7, "NormalizedEmail" = @p8, "NormalizedUserName" = @p9, "PasswordHash" = @p10, "PhoneNumber" = @p11, "PhoneNumberConfirmed" = @p12, "ProfileImageUrl" = @p13, "SecurityStamp" = @p14, "TwoFactorEnabled" = @p15, "UserName" = @p16
WHERE "Id" = @p17 AND "ConcurrencyStamp" = @p18
RETURNING 1;
2024-11-26 12:12:03.744 +01:00 [INF] Executed DbCommand (0ms) [Parameters=[@__normalizedUserName_0='?' (Size = 6)], CommandType='"Text"', CommandTimeout='30']
SELECT "a"."Id", "a"."AccessFailedCount", "a"."ConcurrencyStamp", "a"."Email", "a"."EmailConfirmed", "a"."FirstName", "a"."LastName", "a"."LockoutEnabled", "a"."LockoutEnd", "a"."NormalizedEmail", "a"."NormalizedUserName", "a"."PasswordHash", "a"."PhoneNumber", "a"."PhoneNumberConfirmed", "a"."ProfileImageUrl", "a"."SecurityStamp", "a"."TwoFactorEnabled", "a"."UserName"
FROM "AspNetUsers" AS "a"
WHERE "a"."NormalizedUserName" = @__normalizedUserName_0
LIMIT 1
2024-11-26 12:12:03.746 +01:00 [INF] Executed DbCommand (0ms) [Parameters=[@__normalizedEmail_0='?' (Size = 22)], CommandType='"Text"', CommandTimeout='30']
SELECT "a"."Id", "a"."AccessFailedCount", "a"."ConcurrencyStamp", "a"."Email", "a"."EmailConfirmed", "a"."FirstName", "a"."LastName", "a"."LockoutEnabled", "a"."LockoutEnd", "a"."NormalizedEmail", "a"."NormalizedUserName", "a"."PasswordHash", "a"."PhoneNumber", "a"."PhoneNumberConfirmed", "a"."ProfileImageUrl", "a"."SecurityStamp", "a"."TwoFactorEnabled", "a"."UserName"
FROM "AspNetUsers" AS "a"
WHERE "a"."NormalizedEmail" = @__normalizedEmail_0
LIMIT 2
2024-11-26 12:12:03.748 +01:00 [INF] Executed DbCommand (1ms) [Parameters=[@p0='?' (Size = 36), @p1='?' (DbType = Int32), @p2='?' (Size = 36), @p3='?' (Size = 22), @p4='?' (DbType = Boolean), @p5='?' (Size = 5), @p6='?' (Size = 5), @p7='?' (DbType = Boolean), @p8='?' (DbType = DateTimeOffset), @p9='?' (Size = 22), @p10='?' (Size = 6), @p11='?' (Size = 84), @p12='?', @p13='?' (DbType = Boolean), @p14='?' (Size = 41), @p15='?' (Size = 32), @p16='?' (DbType = Boolean), @p17='?' (Size = 6)], CommandType='"Text"', CommandTimeout='30']
INSERT INTO "AspNetUsers" ("Id", "AccessFailedCount", "ConcurrencyStamp", "Email", "EmailConfirmed", "FirstName", "LastName", "LockoutEnabled", "LockoutEnd", "NormalizedEmail", "NormalizedUserName", "PasswordHash", "PhoneNumber", "PhoneNumberConfirmed", "ProfileImageUrl", "SecurityStamp", "TwoFactorEnabled", "UserName")
VALUES (@p0, @p1, @p2, @p3, @p4, @p5, @p6, @p7, @p8, @p9, @p10, @p11, @p12, @p13, @p14, @p15, @p16, @p17);
2024-11-26 12:12:03.748 +01:00 [INF] Executed DbCommand (0ms) [Parameters=[@__normalizedRoleName_0='?' (Size = 4)], CommandType='"Text"', CommandTimeout='30']
SELECT "a"."Id", "a"."ConcurrencyStamp", "a"."Name", "a"."NormalizedName"
FROM "AspNetRoles" AS "a"
WHERE "a"."NormalizedName" = @__normalizedRoleName_0
LIMIT 2
2024-11-26 12:12:03.749 +01:00 [INF] Executed DbCommand (0ms) [Parameters=[@__p_0='?' (Size = 36), @__p_1='?' (Size = 36)], CommandType='"Text"', CommandTimeout='30']
SELECT "a"."UserId", "a"."RoleId"
FROM "AspNetUserRoles" AS "a"
WHERE "a"."UserId" = @__p_0 AND "a"."RoleId" = @__p_1
LIMIT 1
2024-11-26 12:12:03.749 +01:00 [INF] Executed DbCommand (0ms) [Parameters=[@__normalizedRoleName_0='?' (Size = 4)], CommandType='"Text"', CommandTimeout='30']
SELECT "a"."Id", "a"."ConcurrencyStamp", "a"."Name", "a"."NormalizedName"
FROM "AspNetRoles" AS "a"
WHERE "a"."NormalizedName" = @__normalizedRoleName_0
LIMIT 2
2024-11-26 12:12:03.750 +01:00 [INF] Executed DbCommand (0ms) [Parameters=[@__normalizedUserName_0='?' (Size = 6)], CommandType='"Text"', CommandTimeout='30']
SELECT "a"."Id", "a"."AccessFailedCount", "a"."ConcurrencyStamp", "a"."Email", "a"."EmailConfirmed", "a"."FirstName", "a"."LastName", "a"."LockoutEnabled", "a"."LockoutEnd", "a"."NormalizedEmail", "a"."NormalizedUserName", "a"."PasswordHash", "a"."PhoneNumber", "a"."PhoneNumberConfirmed", "a"."ProfileImageUrl", "a"."SecurityStamp", "a"."TwoFactorEnabled", "a"."UserName"
FROM "AspNetUsers" AS "a"
WHERE "a"."NormalizedUserName" = @__normalizedUserName_0
LIMIT 1
2024-11-26 12:12:03.750 +01:00 [INF] Executed DbCommand (0ms) [Parameters=[@__normalizedEmail_0='?' (Size = 22)], CommandType='"Text"', CommandTimeout='30']
SELECT "a"."Id", "a"."AccessFailedCount", "a"."ConcurrencyStamp", "a"."Email", "a"."EmailConfirmed", "a"."FirstName", "a"."LastName", "a"."LockoutEnabled", "a"."LockoutEnd", "a"."NormalizedEmail", "a"."NormalizedUserName", "a"."PasswordHash", "a"."PhoneNumber", "a"."PhoneNumberConfirmed", "a"."ProfileImageUrl", "a"."SecurityStamp", "a"."TwoFactorEnabled", "a"."UserName"
FROM "AspNetUsers" AS "a"
WHERE "a"."NormalizedEmail" = @__normalizedEmail_0
LIMIT 2
2024-11-26 12:12:03.751 +01:00 [INF] Executed DbCommand (0ms) [Parameters=[@p0='?' (Size = 36), @p1='?' (Size = 36)], CommandType='"Text"', CommandTimeout='30']
INSERT INTO "AspNetUserRoles" ("RoleId", "UserId")
VALUES (@p0, @p1);
2024-11-26 12:12:03.751 +01:00 [INF] Executed DbCommand (0ms) [Parameters=[@p17='?' (Size = 36), @p0='?' (DbType = Int32), @p1='?' (Size = 36), @p18='?' (Size = 36), @p2='?' (Size = 22), @p3='?' (DbType = Boolean), @p4='?' (Size = 5), @p5='?' (Size = 5), @p6='?' (DbType = Boolean), @p7='?' (DbType = DateTimeOffset), @p8='?' (Size = 22), @p9='?' (Size = 6), @p10='?' (Size = 84), @p11='?', @p12='?' (DbType = Boolean), @p13='?' (Size = 41), @p14='?' (Size = 32), @p15='?' (DbType = Boolean), @p16='?' (Size = 6)], CommandType='"Text"', CommandTimeout='30']
UPDATE "AspNetUsers" SET "AccessFailedCount" = @p0, "ConcurrencyStamp" = @p1, "Email" = @p2, "EmailConfirmed" = @p3, "FirstName" = @p4, "LastName" = @p5, "LockoutEnabled" = @p6, "LockoutEnd" = @p7, "NormalizedEmail" = @p8, "NormalizedUserName" = @p9, "PasswordHash" = @p10, "PhoneNumber" = @p11, "PhoneNumberConfirmed" = @p12, "ProfileImageUrl" = @p13, "SecurityStamp" = @p14, "TwoFactorEnabled" = @p15, "UserName" = @p16
WHERE "Id" = @p17 AND "ConcurrencyStamp" = @p18
RETURNING 1;
2024-11-26 12:12:03.847 +01:00 [INF] Executed DbCommand (0ms) [Parameters=[@__normalizedUserName_0='?' (Size = 6)], CommandType='"Text"', CommandTimeout='30']
SELECT "a"."Id", "a"."AccessFailedCount", "a"."ConcurrencyStamp", "a"."Email", "a"."EmailConfirmed", "a"."FirstName", "a"."LastName", "a"."LockoutEnabled", "a"."LockoutEnd", "a"."NormalizedEmail", "a"."NormalizedUserName", "a"."PasswordHash", "a"."PhoneNumber", "a"."PhoneNumberConfirmed", "a"."ProfileImageUrl", "a"."SecurityStamp", "a"."TwoFactorEnabled", "a"."UserName"
FROM "AspNetUsers" AS "a"
WHERE "a"."NormalizedUserName" = @__normalizedUserName_0
LIMIT 1
2024-11-26 12:12:03.847 +01:00 [INF] Executed DbCommand (0ms) [Parameters=[@__normalizedEmail_0='?' (Size = 17)], CommandType='"Text"', CommandTimeout='30']
SELECT "a"."Id", "a"."AccessFailedCount", "a"."ConcurrencyStamp", "a"."Email", "a"."EmailConfirmed", "a"."FirstName", "a"."LastName", "a"."LockoutEnabled", "a"."LockoutEnd", "a"."NormalizedEmail", "a"."NormalizedUserName", "a"."PasswordHash", "a"."PhoneNumber", "a"."PhoneNumberConfirmed", "a"."ProfileImageUrl", "a"."SecurityStamp", "a"."TwoFactorEnabled", "a"."UserName"
FROM "AspNetUsers" AS "a"
WHERE "a"."NormalizedEmail" = @__normalizedEmail_0
LIMIT 2
2024-11-26 12:12:03.849 +01:00 [INF] Executed DbCommand (1ms) [Parameters=[@p0='?' (Size = 36), @p1='?' (DbType = Int32), @p2='?' (Size = 36), @p3='?' (Size = 17), @p4='?' (DbType = Boolean), @p5='?' (Size = 5), @p6='?' (Size = 4), @p7='?' (DbType = Boolean), @p8='?' (DbType = DateTimeOffset), @p9='?' (Size = 17), @p10='?' (Size = 6), @p11='?' (Size = 84), @p12='?', @p13='?' (DbType = Boolean), @p14='?' (Size = 41), @p15='?' (Size = 32), @p16='?' (DbType = Boolean), @p17='?' (Size = 6)], CommandType='"Text"', CommandTimeout='30']
INSERT INTO "AspNetUsers" ("Id", "AccessFailedCount", "ConcurrencyStamp", "Email", "EmailConfirmed", "FirstName", "LastName", "LockoutEnabled", "LockoutEnd", "NormalizedEmail", "NormalizedUserName", "PasswordHash", "PhoneNumber", "PhoneNumberConfirmed", "ProfileImageUrl", "SecurityStamp", "TwoFactorEnabled", "UserName")
VALUES (@p0, @p1, @p2, @p3, @p4, @p5, @p6, @p7, @p8, @p9, @p10, @p11, @p12, @p13, @p14, @p15, @p16, @p17);
2024-11-26 12:12:03.849 +01:00 [INF] Executed DbCommand (0ms) [Parameters=[@__normalizedRoleName_0='?' (Size = 4)], CommandType='"Text"', CommandTimeout='30']
SELECT "a"."Id", "a"."ConcurrencyStamp", "a"."Name", "a"."NormalizedName"
FROM "AspNetRoles" AS "a"
WHERE "a"."NormalizedName" = @__normalizedRoleName_0
LIMIT 2
2024-11-26 12:12:03.850 +01:00 [INF] Executed DbCommand (0ms) [Parameters=[@__p_0='?' (Size = 36), @__p_1='?' (Size = 36)], CommandType='"Text"', CommandTimeout='30']
SELECT "a"."UserId", "a"."RoleId"
FROM "AspNetUserRoles" AS "a"
WHERE "a"."UserId" = @__p_0 AND "a"."RoleId" = @__p_1
LIMIT 1
2024-11-26 12:12:03.850 +01:00 [INF] Executed DbCommand (0ms) [Parameters=[@__normalizedRoleName_0='?' (Size = 4)], CommandType='"Text"', CommandTimeout='30']
SELECT "a"."Id", "a"."ConcurrencyStamp", "a"."Name", "a"."NormalizedName"
FROM "AspNetRoles" AS "a"
WHERE "a"."NormalizedName" = @__normalizedRoleName_0
LIMIT 2
2024-11-26 12:12:03.850 +01:00 [INF] Executed DbCommand (0ms) [Parameters=[@__normalizedUserName_0='?' (Size = 6)], CommandType='"Text"', CommandTimeout='30']
SELECT "a"."Id", "a"."AccessFailedCount", "a"."ConcurrencyStamp", "a"."Email", "a"."EmailConfirmed", "a"."FirstName", "a"."LastName", "a"."LockoutEnabled", "a"."LockoutEnd", "a"."NormalizedEmail", "a"."NormalizedUserName", "a"."PasswordHash", "a"."PhoneNumber", "a"."PhoneNumberConfirmed", "a"."ProfileImageUrl", "a"."SecurityStamp", "a"."TwoFactorEnabled", "a"."UserName"
FROM "AspNetUsers" AS "a"
WHERE "a"."NormalizedUserName" = @__normalizedUserName_0
LIMIT 1
2024-11-26 12:12:03.851 +01:00 [INF] Executed DbCommand (0ms) [Parameters=[@__normalizedEmail_0='?' (Size = 17)], CommandType='"Text"', CommandTimeout='30']
SELECT "a"."Id", "a"."AccessFailedCount", "a"."ConcurrencyStamp", "a"."Email", "a"."EmailConfirmed", "a"."FirstName", "a"."LastName", "a"."LockoutEnabled", "a"."LockoutEnd", "a"."NormalizedEmail", "a"."NormalizedUserName", "a"."PasswordHash", "a"."PhoneNumber", "a"."PhoneNumberConfirmed", "a"."ProfileImageUrl", "a"."SecurityStamp", "a"."TwoFactorEnabled", "a"."UserName"
FROM "AspNetUsers" AS "a"
WHERE "a"."NormalizedEmail" = @__normalizedEmail_0
LIMIT 2
2024-11-26 12:12:03.851 +01:00 [INF] Executed DbCommand (0ms) [Parameters=[@p0='?' (Size = 36), @p1='?' (Size = 36)], CommandType='"Text"', CommandTimeout='30']
INSERT INTO "AspNetUserRoles" ("RoleId", "UserId")
VALUES (@p0, @p1);
2024-11-26 12:12:03.852 +01:00 [INF] Executed DbCommand (0ms) [Parameters=[@p17='?' (Size = 36), @p0='?' (DbType = Int32), @p1='?' (Size = 36), @p18='?' (Size = 36), @p2='?' (Size = 17), @p3='?' (DbType = Boolean), @p4='?' (Size = 5), @p5='?' (Size = 4), @p6='?' (DbType = Boolean), @p7='?' (DbType = DateTimeOffset), @p8='?' (Size = 17), @p9='?' (Size = 6), @p10='?' (Size = 84), @p11='?', @p12='?' (DbType = Boolean), @p13='?' (Size = 41), @p14='?' (Size = 32), @p15='?' (DbType = Boolean), @p16='?' (Size = 6)], CommandType='"Text"', CommandTimeout='30']
UPDATE "AspNetUsers" SET "AccessFailedCount" = @p0, "ConcurrencyStamp" = @p1, "Email" = @p2, "EmailConfirmed" = @p3, "FirstName" = @p4, "LastName" = @p5, "LockoutEnabled" = @p6, "LockoutEnd" = @p7, "NormalizedEmail" = @p8, "NormalizedUserName" = @p9, "PasswordHash" = @p10, "PhoneNumber" = @p11, "PhoneNumberConfirmed" = @p12, "ProfileImageUrl" = @p13, "SecurityStamp" = @p14, "TwoFactorEnabled" = @p15, "UserName" = @p16
WHERE "Id" = @p17 AND "ConcurrencyStamp" = @p18
RETURNING 1;
2024-11-26 12:12:03.853 +01:00 [INF] Executed DbCommand (0ms) [Parameters=[@__normalizedEmail_0='?' (Size = 20)], CommandType='"Text"', CommandTimeout='30']
SELECT "a"."Id", "a"."AccessFailedCount", "a"."ConcurrencyStamp", "a"."Email", "a"."EmailConfirmed", "a"."FirstName", "a"."LastName", "a"."LockoutEnabled", "a"."LockoutEnd", "a"."NormalizedEmail", "a"."NormalizedUserName", "a"."PasswordHash", "a"."PhoneNumber", "a"."PhoneNumberConfirmed", "a"."ProfileImageUrl", "a"."SecurityStamp", "a"."TwoFactorEnabled", "a"."UserName"
FROM "AspNetUsers" AS "a"
WHERE "a"."NormalizedEmail" = @__normalizedEmail_0
LIMIT 2
2024-11-26 12:12:03.853 +01:00 [INF] Executed DbCommand (0ms) [Parameters=[@__normalizedEmail_0='?' (Size = 16)], CommandType='"Text"', CommandTimeout='30']
SELECT "a"."Id", "a"."AccessFailedCount", "a"."ConcurrencyStamp", "a"."Email", "a"."EmailConfirmed", "a"."FirstName", "a"."LastName", "a"."LockoutEnabled", "a"."LockoutEnd", "a"."NormalizedEmail", "a"."NormalizedUserName", "a"."PasswordHash", "a"."PhoneNumber", "a"."PhoneNumberConfirmed", "a"."ProfileImageUrl", "a"."SecurityStamp", "a"."TwoFactorEnabled", "a"."UserName"
FROM "AspNetUsers" AS "a"
WHERE "a"."NormalizedEmail" = @__normalizedEmail_0
LIMIT 2
2024-11-26 12:12:03.854 +01:00 [INF] Executed DbCommand (0ms) [Parameters=[@__normalizedEmail_0='?' (Size = 22)], CommandType='"Text"', CommandTimeout='30']
SELECT "a"."Id", "a"."AccessFailedCount", "a"."ConcurrencyStamp", "a"."Email", "a"."EmailConfirmed", "a"."FirstName", "a"."LastName", "a"."LockoutEnabled", "a"."LockoutEnd", "a"."NormalizedEmail", "a"."NormalizedUserName", "a"."PasswordHash", "a"."PhoneNumber", "a"."PhoneNumberConfirmed", "a"."ProfileImageUrl", "a"."SecurityStamp", "a"."TwoFactorEnabled", "a"."UserName"
FROM "AspNetUsers" AS "a"
WHERE "a"."NormalizedEmail" = @__normalizedEmail_0
LIMIT 2
2024-11-26 12:12:03.854 +01:00 [INF] Executed DbCommand (0ms) [Parameters=[@__normalizedEmail_0='?' (Size = 17)], CommandType='"Text"', CommandTimeout='30']
SELECT "a"."Id", "a"."AccessFailedCount", "a"."ConcurrencyStamp", "a"."Email", "a"."EmailConfirmed", "a"."FirstName", "a"."LastName", "a"."LockoutEnabled", "a"."LockoutEnd", "a"."NormalizedEmail", "a"."NormalizedUserName", "a"."PasswordHash", "a"."PhoneNumber", "a"."PhoneNumberConfirmed", "a"."ProfileImageUrl", "a"."SecurityStamp", "a"."TwoFactorEnabled", "a"."UserName"
FROM "AspNetUsers" AS "a"
WHERE "a"."NormalizedEmail" = @__normalizedEmail_0
LIMIT 2
2024-11-26 12:12:03.856 +01:00 [INF] Executed DbCommand (0ms) [Parameters=[], CommandType='"Text"', CommandTimeout='30']
SELECT EXISTS (
    SELECT 1
    FROM "Posts" AS "p")
2024-11-26 12:12:03.895 +01:00 [INF] Executed DbCommand (0ms) [Parameters=[@p0='?' (Size = 22), @p1='?' (Size = 19), @p2='?' (Size = 22), @p3='?' (Size = 36)], CommandType='"Text"', CommandTimeout='30']
INSERT INTO "Posts" ("Caption", "PostDate", "PostImagePath", "UserId")
VALUES (@p0, @p1, @p2, @p3)
RETURNING "PostId";
2024-11-26 12:12:03.907 +01:00 [INF] Executed DbCommand (0ms) [Parameters=[@p0='?' (Size = 19), @p1='?' (Size = 19), @p2='?' (Size = 17), @p3='?' (Size = 36)], CommandType='"Text"', CommandTimeout='30']
INSERT INTO "Posts" ("Caption", "PostDate", "PostImagePath", "UserId")
VALUES (@p0, @p1, @p2, @p3)
RETURNING "PostId";
2024-11-26 12:12:03.908 +01:00 [INF] Executed DbCommand (0ms) [Parameters=[@p0='?' (Size = 17), @p1='?' (Size = 19), @p2='?' (Size = 18), @p3='?' (Size = 36)], CommandType='"Text"', CommandTimeout='30']
INSERT INTO "Posts" ("Caption", "PostDate", "PostImagePath", "UserId")
VALUES (@p0, @p1, @p2, @p3)
RETURNING "PostId";
2024-11-26 12:12:03.920 +01:00 [INF] Executed DbCommand (0ms) [Parameters=[], CommandType='"Text"', CommandTimeout='30']
SELECT "p"."PostId", "p"."Caption", "p"."PostDate", "p"."PostImagePath", "p"."UserId"
FROM "Posts" AS "p"
2024-11-26 12:12:03.923 +01:00 [INF] Executed DbCommand (0ms) [Parameters=[], CommandType='"Text"', CommandTimeout='30']
SELECT EXISTS (
    SELECT 1
    FROM "Comments" AS "c")
2024-11-26 12:12:03.940 +01:00 [INF] Executed DbCommand (0ms) [Parameters=[@p0='?' (Size = 19), @p1='?' (Size = 8), @p2='?' (DbType = Int32), @p3='?' (Size = 36)], CommandType='"Text"', CommandTimeout='30']
INSERT INTO "Comments" ("CommentDate", "CommentText", "PostId", "UserId")
VALUES (@p0, @p1, @p2, @p3)
RETURNING "CommentId";
2024-11-26 12:12:03.942 +01:00 [INF] Executed DbCommand (0ms) [Parameters=[@p0='?' (Size = 19), @p1='?' (Size = 15), @p2='?' (DbType = Int32), @p3='?' (Size = 36)], CommandType='"Text"', CommandTimeout='30']
INSERT INTO "Comments" ("CommentDate", "CommentText", "PostId", "UserId")
VALUES (@p0, @p1, @p2, @p3)
RETURNING "CommentId";
2024-11-26 12:12:03.942 +01:00 [INF] Executed DbCommand (0ms) [Parameters=[@p0='?' (Size = 19), @p1='?' (Size = 33), @p2='?' (DbType = Int32), @p3='?' (Size = 36)], CommandType='"Text"', CommandTimeout='30']
INSERT INTO "Comments" ("CommentDate", "CommentText", "PostId", "UserId")
VALUES (@p0, @p1, @p2, @p3)
RETURNING "CommentId";
2024-11-26 12:12:04.091 +01:00 [INF] Now listening on: http://localhost:5127
2024-11-26 12:12:04.094 +01:00 [INF] Application started. Press Ctrl+C to shut down.
2024-11-26 12:12:04.094 +01:00 [INF] Hosting environment: Development
2024-11-26 12:12:04.094 +01:00 [INF] Content root path: C:\Users\Bruker\Documents\Informasjonsteknologi\Webapplikasjoner\friendly\friendlyProd
2024-11-26 12:12:06.491 +01:00 [INF] Request starting HTTP/1.1 GET http://localhost:5127/ - null null
2024-11-26 12:12:06.522 +01:00 [INF] Identity.Application was not authenticated. Failure message: Unprotect ticket failed
2024-11-26 12:12:06.527 +01:00 [INF] Executing endpoint 'friendly.Controllers.HomeController.Index (friendly)'
2024-11-26 12:12:06.540 +01:00 [INF] Route matched with {action = "Index", controller = "Home", page = "", area = ""}. Executing controller action with signature Microsoft.AspNetCore.Mvc.IActionResult Index() on controller friendly.Controllers.HomeController (friendly).
2024-11-26 12:12:06.550 +01:00 [INF] Executing ViewResult, running view Index.
2024-11-26 12:12:06.646 +01:00 [INF] Executed ViewResult - view Index executed in 94.1466ms.
2024-11-26 12:12:06.647 +01:00 [INF] Executed action friendly.Controllers.HomeController.Index (friendly) in 106.8149ms
2024-11-26 12:12:06.647 +01:00 [INF] Executed endpoint 'friendly.Controllers.HomeController.Index (friendly)'
2024-11-26 12:12:06.655 +01:00 [INF] Request finished HTTP/1.1 GET http://localhost:5127/ - 200 null text/html; charset=utf-8 165.4954ms
2024-11-26 12:12:06.668 +01:00 [INF] Request starting HTTP/1.1 GET http://localhost:5127/Views/Shared/_Layout.cshtml.css - null null
2024-11-26 12:12:06.675 +01:00 [INF] Request starting HTTP/1.1 GET http://localhost:5127/lib/jquery-validate/jquery.validate.js - null null
2024-11-26 12:12:06.676 +01:00 [INF] Request starting HTTP/1.1 GET http://localhost:5127/lib/jquery-validation-unobtrusive/jquery.validate.unobtrusive.js - null null
2024-11-26 12:12:06.681 +01:00 [INF] Identity.Application was not authenticated. Failure message: Unprotect ticket failed
2024-11-26 12:12:06.681 +01:00 [INF] Identity.Application was not authenticated. Failure message: Unprotect ticket failed
2024-11-26 12:12:06.681 +01:00 [INF] Identity.Application was not authenticated. Failure message: Unprotect ticket failed
2024-11-26 12:12:06.682 +01:00 [INF] Request finished HTTP/1.1 GET http://localhost:5127/lib/jquery-validate/jquery.validate.js - 404 0 null 7.0186ms
2024-11-26 12:12:06.682 +01:00 [INF] Request finished HTTP/1.1 GET http://localhost:5127/lib/jquery-validation-unobtrusive/jquery.validate.unobtrusive.js - 404 0 null 7.4315ms
2024-11-26 12:12:06.682 +01:00 [INF] Request finished HTTP/1.1 GET http://localhost:5127/Views/Shared/_Layout.cshtml.css - 404 0 null 14.326ms
2024-11-26 12:12:06.685 +01:00 [INF] Request reached the end of the middleware pipeline without being handled by application code. Request path: GET http://localhost:5127/lib/jquery-validate/jquery.validate.js, Response status code: 404
2024-11-26 12:12:06.685 +01:00 [INF] Request reached the end of the middleware pipeline without being handled by application code. Request path: GET http://localhost:5127/lib/jquery-validation-unobtrusive/jquery.validate.unobtrusive.js, Response status code: 404
2024-11-26 12:12:06.685 +01:00 [INF] Request reached the end of the middleware pipeline without being handled by application code. Request path: GET http://localhost:5127/Views/Shared/_Layout.cshtml.css, Response status code: 404
2024-11-26 12:12:08.029 +01:00 [INF] Request starting HTTP/1.1 GET http://localhost:5127/ - null null
2024-11-26 12:12:08.035 +01:00 [INF] Identity.Application was not authenticated. Failure message: Unprotect ticket failed
2024-11-26 12:12:08.035 +01:00 [INF] Executing endpoint 'friendly.Controllers.HomeController.Index (friendly)'
2024-11-26 12:12:08.035 +01:00 [INF] Route matched with {action = "Index", controller = "Home", page = "", area = ""}. Executing controller action with signature Microsoft.AspNetCore.Mvc.IActionResult Index() on controller friendly.Controllers.HomeController (friendly).
2024-11-26 12:12:08.037 +01:00 [INF] Executing ViewResult, running view Index.
2024-11-26 12:12:08.053 +01:00 [INF] Executed ViewResult - view Index executed in 15.1259ms.
2024-11-26 12:12:08.054 +01:00 [INF] Executed action friendly.Controllers.HomeController.Index (friendly) in 18.5208ms
2024-11-26 12:12:08.057 +01:00 [INF] Executed endpoint 'friendly.Controllers.HomeController.Index (friendly)'
2024-11-26 12:12:08.058 +01:00 [INF] Request finished HTTP/1.1 GET http://localhost:5127/ - 200 null text/html; charset=utf-8 28.13ms
2024-11-26 12:12:08.098 +01:00 [INF] Request starting HTTP/1.1 GET http://localhost:5127/Views/Shared/_Layout.cshtml.css - null null
2024-11-26 12:12:08.100 +01:00 [INF] Request starting HTTP/1.1 GET http://localhost:5127/lib/jquery-validate/jquery.validate.js - null null
2024-11-26 12:12:08.101 +01:00 [INF] Identity.Application was not authenticated. Failure message: Unprotect ticket failed
2024-11-26 12:12:08.101 +01:00 [INF] Identity.Application was not authenticated. Failure message: Unprotect ticket failed
2024-11-26 12:12:08.101 +01:00 [INF] Request finished HTTP/1.1 GET http://localhost:5127/lib/jquery-validate/jquery.validate.js - 404 0 null 1.339ms
2024-11-26 12:12:08.101 +01:00 [INF] Request finished HTTP/1.1 GET http://localhost:5127/Views/Shared/_Layout.cshtml.css - 404 0 null 3.2244ms
2024-11-26 12:12:08.102 +01:00 [INF] Request reached the end of the middleware pipeline without being handled by application code. Request path: GET http://localhost:5127/lib/jquery-validate/jquery.validate.js, Response status code: 404
2024-11-26 12:12:08.102 +01:00 [INF] Request reached the end of the middleware pipeline without being handled by application code. Request path: GET http://localhost:5127/Views/Shared/_Layout.cshtml.css, Response status code: 404
2024-11-26 12:12:08.103 +01:00 [INF] Request starting HTTP/1.1 GET http://localhost:5127/lib/jquery-validation-unobtrusive/jquery.validate.unobtrusive.js - null null
2024-11-26 12:12:08.104 +01:00 [INF] Identity.Application was not authenticated. Failure message: Unprotect ticket failed
2024-11-26 12:12:08.105 +01:00 [INF] Request finished HTTP/1.1 GET http://localhost:5127/lib/jquery-validation-unobtrusive/jquery.validate.unobtrusive.js - 404 0 null 1.448ms
2024-11-26 12:12:08.105 +01:00 [INF] Request reached the end of the middleware pipeline without being handled by application code. Request path: GET http://localhost:5127/lib/jquery-validation-unobtrusive/jquery.validate.unobtrusive.js, Response status code: 404
2024-11-26 12:12:08.360 +01:00 [INF] Request starting HTTP/1.1 GET http://localhost:5127/Post/Table - null null
2024-11-26 12:12:08.361 +01:00 [INF] Identity.Application was not authenticated. Failure message: Unprotect ticket failed
2024-11-26 12:12:08.361 +01:00 [INF] Executing endpoint 'friendly.Controllers.PostController.Table (friendly)'
2024-11-26 12:12:08.367 +01:00 [INF] Route matched with {action = "Table", controller = "Post", page = "", area = ""}. Executing controller action with signature System.Threading.Tasks.Task`1[Microsoft.AspNetCore.Mvc.IActionResult] Table() on controller friendly.Controllers.PostController (friendly).
2024-11-26 12:12:08.404 +01:00 [INF] Executed DbCommand (0ms) [Parameters=[], CommandType='"Text"', CommandTimeout='30']
SELECT "p"."PostId", "p"."Caption", "p"."PostDate", "p"."PostImagePath", "p"."UserId"
FROM "Posts" AS "p"
ORDER BY "p"."PostDate" DESC
2024-11-26 12:12:08.409 +01:00 [INF] Executing ViewResult, running view Table.
2024-11-26 12:12:08.489 +01:00 [INF] Executed DbCommand (0ms) [Parameters=[@__p_0='?' (DbType = Int32)], CommandType='"Text"', CommandTimeout='30']
SELECT "l"."LikeId", "l"."PostId", "l"."UserId"
FROM "Likes" AS "l"
WHERE "l"."PostId" = @__p_0
2024-11-26 12:12:08.528 +01:00 [INF] Executed DbCommand (0ms) [Parameters=[@__p_0='?' (Size = 36)], CommandType='"Text"', CommandTimeout='30']
SELECT "a"."Id", "a"."AccessFailedCount", "a"."ConcurrencyStamp", "a"."Email", "a"."EmailConfirmed", "a"."FirstName", "a"."LastName", "a"."LockoutEnabled", "a"."LockoutEnd", "a"."NormalizedEmail", "a"."NormalizedUserName", "a"."PasswordHash", "a"."PhoneNumber", "a"."PhoneNumberConfirmed", "a"."ProfileImageUrl", "a"."SecurityStamp", "a"."TwoFactorEnabled", "a"."UserName"
FROM "AspNetUsers" AS "a"
WHERE "a"."Id" = @__p_0
LIMIT 1
2024-11-26 12:12:08.558 +01:00 [INF] Executed DbCommand (0ms) [Parameters=[@__p_0='?' (DbType = Int32)], CommandType='"Text"', CommandTimeout='30']
SELECT "c"."CommentId", "c"."CommentDate", "c"."CommentText", "c"."PostId", "c"."UserId"
FROM "Comments" AS "c"
WHERE "c"."PostId" = @__p_0
2024-11-26 12:12:08.568 +01:00 [INF] Executed DbCommand (0ms) [Parameters=[@__p_0='?' (Size = 36)], CommandType='"Text"', CommandTimeout='30']
SELECT "a"."Id", "a"."AccessFailedCount", "a"."ConcurrencyStamp", "a"."Email", "a"."EmailConfirmed", "a"."FirstName", "a"."LastName", "a"."LockoutEnabled", "a"."LockoutEnd", "a"."NormalizedEmail", "a"."NormalizedUserName", "a"."PasswordHash", "a"."PhoneNumber", "a"."PhoneNumberConfirmed", "a"."ProfileImageUrl", "a"."SecurityStamp", "a"."TwoFactorEnabled", "a"."UserName"
FROM "AspNetUsers" AS "a"
WHERE "a"."Id" = @__p_0
LIMIT 1
2024-11-26 12:12:08.576 +01:00 [INF] Executed DbCommand (0ms) [Parameters=[@__p_0='?' (DbType = Int32)], CommandType='"Text"', CommandTimeout='30']
SELECT "l"."LikeId", "l"."PostId", "l"."UserId"
FROM "Likes" AS "l"
WHERE "l"."PostId" = @__p_0
2024-11-26 12:12:08.577 +01:00 [INF] Executed DbCommand (0ms) [Parameters=[@__p_0='?' (DbType = Int32)], CommandType='"Text"', CommandTimeout='30']
SELECT "c"."CommentId", "c"."CommentDate", "c"."CommentText", "c"."PostId", "c"."UserId"
FROM "Comments" AS "c"
WHERE "c"."PostId" = @__p_0
2024-11-26 12:12:08.578 +01:00 [INF] Executed DbCommand (0ms) [Parameters=[@__p_0='?' (Size = 36)], CommandType='"Text"', CommandTimeout='30']
SELECT "a"."Id", "a"."AccessFailedCount", "a"."ConcurrencyStamp", "a"."Email", "a"."EmailConfirmed", "a"."FirstName", "a"."LastName", "a"."LockoutEnabled", "a"."LockoutEnd", "a"."NormalizedEmail", "a"."NormalizedUserName", "a"."PasswordHash", "a"."PhoneNumber", "a"."PhoneNumberConfirmed", "a"."ProfileImageUrl", "a"."SecurityStamp", "a"."TwoFactorEnabled", "a"."UserName"
FROM "AspNetUsers" AS "a"
WHERE "a"."Id" = @__p_0
LIMIT 1
2024-11-26 12:12:08.580 +01:00 [INF] Executed DbCommand (0ms) [Parameters=[@__p_0='?' (DbType = Int32)], CommandType='"Text"', CommandTimeout='30']
SELECT "l"."LikeId", "l"."PostId", "l"."UserId"
FROM "Likes" AS "l"
WHERE "l"."PostId" = @__p_0
2024-11-26 12:12:08.581 +01:00 [INF] Executed DbCommand (0ms) [Parameters=[@__p_0='?' (DbType = Int32)], CommandType='"Text"', CommandTimeout='30']
SELECT "c"."CommentId", "c"."CommentDate", "c"."CommentText", "c"."PostId", "c"."UserId"
FROM "Comments" AS "c"
WHERE "c"."PostId" = @__p_0
2024-11-26 12:12:08.588 +01:00 [INF] Executed ViewResult - view Table executed in 179.9776ms.
2024-11-26 12:12:08.589 +01:00 [INF] Executed action friendly.Controllers.PostController.Table (friendly) in 221.8326ms
2024-11-26 12:12:08.589 +01:00 [INF] Executed endpoint 'friendly.Controllers.PostController.Table (friendly)'
2024-11-26 12:12:08.592 +01:00 [INF] Request finished HTTP/1.1 GET http://localhost:5127/Post/Table - 200 null text/html; charset=utf-8 231.4567ms
2024-11-26 12:12:08.625 +01:00 [INF] Request starting HTTP/1.1 GET http://localhost:5127/Views/Shared/_Layout.cshtml.css - null null
2024-11-26 12:12:08.626 +01:00 [INF] Identity.Application was not authenticated. Failure message: Unprotect ticket failed
2024-11-26 12:12:08.626 +01:00 [INF] Request starting HTTP/1.1 GET http://localhost:5127/lib/jquery-validate/jquery.validate.js - null null
2024-11-26 12:12:08.626 +01:00 [INF] Request starting HTTP/1.1 GET http://localhost:5127/lib/jquery-validation-unobtrusive/jquery.validate.unobtrusive.js - null null
2024-11-26 12:12:08.626 +01:00 [INF] Request finished HTTP/1.1 GET http://localhost:5127/Views/Shared/_Layout.cshtml.css - 404 0 null 1.1565ms
2024-11-26 12:12:08.626 +01:00 [INF] Request reached the end of the middleware pipeline without being handled by application code. Request path: GET http://localhost:5127/Views/Shared/_Layout.cshtml.css, Response status code: 404
2024-11-26 12:12:08.629 +01:00 [INF] Identity.Application was not authenticated. Failure message: Unprotect ticket failed
2024-11-26 12:12:08.630 +01:00 [INF] Identity.Application was not authenticated. Failure message: Unprotect ticket failed
2024-11-26 12:12:08.630 +01:00 [INF] Request finished HTTP/1.1 GET http://localhost:5127/lib/jquery-validation-unobtrusive/jquery.validate.unobtrusive.js - 404 0 null 3.7335ms
2024-11-26 12:12:08.632 +01:00 [INF] Request reached the end of the middleware pipeline without being handled by application code. Request path: GET http://localhost:5127/lib/jquery-validation-unobtrusive/jquery.validate.unobtrusive.js, Response status code: 404
2024-11-26 12:12:08.632 +01:00 [INF] Request finished HTTP/1.1 GET http://localhost:5127/lib/jquery-validate/jquery.validate.js - 404 0 null 5.4471ms
2024-11-26 12:12:08.632 +01:00 [INF] Request reached the end of the middleware pipeline without being handled by application code. Request path: GET http://localhost:5127/lib/jquery-validate/jquery.validate.js, Response status code: 404
2024-11-26 12:12:08.764 +01:00 [INF] Request starting HTTP/1.1 GET http://localhost:5127/Like/GetLikesCount?postId=1 - null null
2024-11-26 12:12:08.765 +01:00 [INF] Identity.Application was not authenticated. Failure message: Unprotect ticket failed
2024-11-26 12:12:08.765 +01:00 [INF] Request starting HTTP/1.1 GET http://localhost:5127/Like/GetLikesCount?postId=2 - null null
2024-11-26 12:12:08.765 +01:00 [INF] Request starting HTTP/1.1 GET http://localhost:5127/Like/GetLikesCount?postId=3 - null null
2024-11-26 12:12:08.769 +01:00 [INF] Identity.Application was not authenticated. Failure message: Unprotect ticket failed
2024-11-26 12:12:08.769 +01:00 [INF] Identity.Application was not authenticated. Failure message: Unprotect ticket failed
2024-11-26 12:12:08.775 +01:00 [INF] Authorization failed. These requirements were not met:
DenyAnonymousAuthorizationRequirement: Requires an authenticated user.
2024-11-26 12:12:08.775 +01:00 [INF] Authorization failed. These requirements were not met:
DenyAnonymousAuthorizationRequirement: Requires an authenticated user.
2024-11-26 12:12:08.775 +01:00 [INF] Authorization failed. These requirements were not met:
DenyAnonymousAuthorizationRequirement: Requires an authenticated user.
2024-11-26 12:12:08.789 +01:00 [INF] AuthenticationScheme: Identity.Application was challenged.
2024-11-26 12:12:08.789 +01:00 [INF] AuthenticationScheme: Identity.Application was challenged.
2024-11-26 12:12:08.789 +01:00 [INF] AuthenticationScheme: Identity.Application was challenged.
2024-11-26 12:12:08.790 +01:00 [INF] Request finished HTTP/1.1 GET http://localhost:5127/Like/GetLikesCount?postId=3 - 401 0 null 24.9539ms
2024-11-26 12:12:08.790 +01:00 [INF] Request finished HTTP/1.1 GET http://localhost:5127/Like/GetLikesCount?postId=2 - 401 0 null 25.0704ms
2024-11-26 12:12:08.790 +01:00 [INF] Request finished HTTP/1.1 GET http://localhost:5127/Like/GetLikesCount?postId=1 - 401 0 null 26.7539ms
2024-11-26 12:12:09.369 +01:00 [INF] Request starting HTTP/1.1 GET http://localhost:5127/Post/Table - null null
2024-11-26 12:12:09.372 +01:00 [INF] Identity.Application was not authenticated. Failure message: Unprotect ticket failed
2024-11-26 12:12:09.372 +01:00 [INF] Executing endpoint 'friendly.Controllers.PostController.Table (friendly)'
2024-11-26 12:12:09.372 +01:00 [INF] Route matched with {action = "Table", controller = "Post", page = "", area = ""}. Executing controller action with signature System.Threading.Tasks.Task`1[Microsoft.AspNetCore.Mvc.IActionResult] Table() on controller friendly.Controllers.PostController (friendly).
2024-11-26 12:12:09.423 +01:00 [INF] Executed DbCommand (0ms) [Parameters=[], CommandType='"Text"', CommandTimeout='30']
SELECT "p"."PostId", "p"."Caption", "p"."PostDate", "p"."PostImagePath", "p"."UserId"
FROM "Posts" AS "p"
ORDER BY "p"."PostDate" DESC
2024-11-26 12:12:09.424 +01:00 [INF] Executing ViewResult, running view Table.
2024-11-26 12:12:09.426 +01:00 [INF] Executed DbCommand (0ms) [Parameters=[@__p_0='?' (DbType = Int32)], CommandType='"Text"', CommandTimeout='30']
SELECT "l"."LikeId", "l"."PostId", "l"."UserId"
FROM "Likes" AS "l"
WHERE "l"."PostId" = @__p_0
2024-11-26 12:12:09.427 +01:00 [INF] Executed DbCommand (0ms) [Parameters=[@__p_0='?' (Size = 36)], CommandType='"Text"', CommandTimeout='30']
SELECT "a"."Id", "a"."AccessFailedCount", "a"."ConcurrencyStamp", "a"."Email", "a"."EmailConfirmed", "a"."FirstName", "a"."LastName", "a"."LockoutEnabled", "a"."LockoutEnd", "a"."NormalizedEmail", "a"."NormalizedUserName", "a"."PasswordHash", "a"."PhoneNumber", "a"."PhoneNumberConfirmed", "a"."ProfileImageUrl", "a"."SecurityStamp", "a"."TwoFactorEnabled", "a"."UserName"
FROM "AspNetUsers" AS "a"
WHERE "a"."Id" = @__p_0
LIMIT 1
2024-11-26 12:12:09.429 +01:00 [INF] Executed DbCommand (0ms) [Parameters=[@__p_0='?' (DbType = Int32)], CommandType='"Text"', CommandTimeout='30']
SELECT "c"."CommentId", "c"."CommentDate", "c"."CommentText", "c"."PostId", "c"."UserId"
FROM "Comments" AS "c"
WHERE "c"."PostId" = @__p_0
2024-11-26 12:12:09.430 +01:00 [INF] Executed DbCommand (0ms) [Parameters=[@__p_0='?' (Size = 36)], CommandType='"Text"', CommandTimeout='30']
SELECT "a"."Id", "a"."AccessFailedCount", "a"."ConcurrencyStamp", "a"."Email", "a"."EmailConfirmed", "a"."FirstName", "a"."LastName", "a"."LockoutEnabled", "a"."LockoutEnd", "a"."NormalizedEmail", "a"."NormalizedUserName", "a"."PasswordHash", "a"."PhoneNumber", "a"."PhoneNumberConfirmed", "a"."ProfileImageUrl", "a"."SecurityStamp", "a"."TwoFactorEnabled", "a"."UserName"
FROM "AspNetUsers" AS "a"
WHERE "a"."Id" = @__p_0
LIMIT 1
2024-11-26 12:12:09.431 +01:00 [INF] Executed DbCommand (0ms) [Parameters=[@__p_0='?' (DbType = Int32)], CommandType='"Text"', CommandTimeout='30']
SELECT "l"."LikeId", "l"."PostId", "l"."UserId"
FROM "Likes" AS "l"
WHERE "l"."PostId" = @__p_0
2024-11-26 12:12:09.431 +01:00 [INF] Executed DbCommand (0ms) [Parameters=[@__p_0='?' (DbType = Int32)], CommandType='"Text"', CommandTimeout='30']
SELECT "c"."CommentId", "c"."CommentDate", "c"."CommentText", "c"."PostId", "c"."UserId"
FROM "Comments" AS "c"
WHERE "c"."PostId" = @__p_0
2024-11-26 12:12:09.432 +01:00 [INF] Executed DbCommand (0ms) [Parameters=[@__p_0='?' (Size = 36)], CommandType='"Text"', CommandTimeout='30']
SELECT "a"."Id", "a"."AccessFailedCount", "a"."ConcurrencyStamp", "a"."Email", "a"."EmailConfirmed", "a"."FirstName", "a"."LastName", "a"."LockoutEnabled", "a"."LockoutEnd", "a"."NormalizedEmail", "a"."NormalizedUserName", "a"."PasswordHash", "a"."PhoneNumber", "a"."PhoneNumberConfirmed", "a"."ProfileImageUrl", "a"."SecurityStamp", "a"."TwoFactorEnabled", "a"."UserName"
FROM "AspNetUsers" AS "a"
WHERE "a"."Id" = @__p_0
LIMIT 1
2024-11-26 12:12:09.433 +01:00 [INF] Executed DbCommand (0ms) [Parameters=[@__p_0='?' (DbType = Int32)], CommandType='"Text"', CommandTimeout='30']
SELECT "l"."LikeId", "l"."PostId", "l"."UserId"
FROM "Likes" AS "l"
WHERE "l"."PostId" = @__p_0
2024-11-26 12:12:09.433 +01:00 [INF] Executed DbCommand (0ms) [Parameters=[@__p_0='?' (DbType = Int32)], CommandType='"Text"', CommandTimeout='30']
SELECT "c"."CommentId", "c"."CommentDate", "c"."CommentText", "c"."PostId", "c"."UserId"
FROM "Comments" AS "c"
WHERE "c"."PostId" = @__p_0
2024-11-26 12:12:09.434 +01:00 [INF] Executed ViewResult - view Table executed in 10.0427ms.
2024-11-26 12:12:09.434 +01:00 [INF] Executed action friendly.Controllers.PostController.Table (friendly) in 62.0628ms
2024-11-26 12:12:09.434 +01:00 [INF] Executed endpoint 'friendly.Controllers.PostController.Table (friendly)'
2024-11-26 12:12:09.435 +01:00 [INF] Request finished HTTP/1.1 GET http://localhost:5127/Post/Table - 200 null text/html; charset=utf-8 65.5246ms
2024-11-26 12:12:09.452 +01:00 [INF] Request starting HTTP/1.1 GET http://localhost:5127/lib/jquery-validate/jquery.validate.js - null null
2024-11-26 12:12:09.452 +01:00 [INF] Request starting HTTP/1.1 GET http://localhost:5127/Views/Shared/_Layout.cshtml.css - null null
2024-11-26 12:12:09.452 +01:00 [INF] Request starting HTTP/1.1 GET http://localhost:5127/lib/jquery-validation-unobtrusive/jquery.validate.unobtrusive.js - null null
2024-11-26 12:12:09.453 +01:00 [INF] Identity.Application was not authenticated. Failure message: Unprotect ticket failed
2024-11-26 12:12:09.453 +01:00 [INF] Identity.Application was not authenticated. Failure message: Unprotect ticket failed
2024-11-26 12:12:09.453 +01:00 [INF] Identity.Application was not authenticated. Failure message: Unprotect ticket failed
2024-11-26 12:12:09.453 +01:00 [INF] Request finished HTTP/1.1 GET http://localhost:5127/lib/jquery-validation-unobtrusive/jquery.validate.unobtrusive.js - 404 0 null 0.8619ms
2024-11-26 12:12:09.453 +01:00 [INF] Request finished HTTP/1.1 GET http://localhost:5127/lib/jquery-validate/jquery.validate.js - 404 0 null 1.0649ms
2024-11-26 12:12:09.453 +01:00 [INF] Request reached the end of the middleware pipeline without being handled by application code. Request path: GET http://localhost:5127/lib/jquery-validation-unobtrusive/jquery.validate.unobtrusive.js, Response status code: 404
2024-11-26 12:12:09.453 +01:00 [INF] Request reached the end of the middleware pipeline without being handled by application code. Request path: GET http://localhost:5127/lib/jquery-validate/jquery.validate.js, Response status code: 404
2024-11-26 12:12:09.454 +01:00 [INF] Request finished HTTP/1.1 GET http://localhost:5127/Views/Shared/_Layout.cshtml.css - 404 0 null 1.2693ms
2024-11-26 12:12:09.454 +01:00 [INF] Request reached the end of the middleware pipeline without being handled by application code. Request path: GET http://localhost:5127/Views/Shared/_Layout.cshtml.css, Response status code: 404
2024-11-26 12:12:09.484 +01:00 [INF] Request starting HTTP/1.1 GET http://localhost:5127/Like/GetLikesCount?postId=2 - null null
2024-11-26 12:12:09.485 +01:00 [INF] Request starting HTTP/1.1 GET http://localhost:5127/Like/GetLikesCount?postId=1 - null null
2024-11-26 12:12:09.485 +01:00 [INF] Request starting HTTP/1.1 GET http://localhost:5127/Like/GetLikesCount?postId=3 - null null
2024-11-26 12:12:09.486 +01:00 [INF] Identity.Application was not authenticated. Failure message: Unprotect ticket failed
2024-11-26 12:12:09.487 +01:00 [INF] Identity.Application was not authenticated. Failure message: Unprotect ticket failed
2024-11-26 12:12:09.487 +01:00 [INF] Identity.Application was not authenticated. Failure message: Unprotect ticket failed
2024-11-26 12:12:09.489 +01:00 [INF] Authorization failed. These requirements were not met:
DenyAnonymousAuthorizationRequirement: Requires an authenticated user.
2024-11-26 12:12:09.489 +01:00 [INF] Authorization failed. These requirements were not met:
DenyAnonymousAuthorizationRequirement: Requires an authenticated user.
2024-11-26 12:12:09.489 +01:00 [INF] Authorization failed. These requirements were not met:
DenyAnonymousAuthorizationRequirement: Requires an authenticated user.
2024-11-26 12:12:09.490 +01:00 [INF] AuthenticationScheme: Identity.Application was challenged.
2024-11-26 12:12:09.490 +01:00 [INF] AuthenticationScheme: Identity.Application was challenged.
2024-11-26 12:12:09.490 +01:00 [INF] AuthenticationScheme: Identity.Application was challenged.
2024-11-26 12:12:09.490 +01:00 [INF] Request finished HTTP/1.1 GET http://localhost:5127/Like/GetLikesCount?postId=3 - 401 0 null 4.8814ms
2024-11-26 12:12:09.490 +01:00 [INF] Request finished HTTP/1.1 GET http://localhost:5127/Like/GetLikesCount?postId=2 - 401 0 null 6.35ms
2024-11-26 12:12:09.490 +01:00 [INF] Request finished HTTP/1.1 GET http://localhost:5127/Like/GetLikesCount?postId=1 - 401 0 null 7.0852ms
2024-11-26 12:12:09.728 +01:00 [INF] Request starting HTTP/1.1 GET http://localhost:5127/User/Table - null null
2024-11-26 12:12:09.729 +01:00 [INF] Identity.Application was not authenticated. Failure message: Unprotect ticket failed
2024-11-26 12:12:09.729 +01:00 [INF] Executing endpoint 'friendly.Controllers.UserController.Table (friendly)'
2024-11-26 12:12:09.737 +01:00 [INF] Route matched with {action = "Table", controller = "User", page = "", area = ""}. Executing controller action with signature System.Threading.Tasks.Task`1[Microsoft.AspNetCore.Mvc.IActionResult] Table() on controller friendly.Controllers.UserController (friendly).
2024-11-26 12:12:09.745 +01:00 [INF] Executed DbCommand (0ms) [Parameters=[], CommandType='"Text"', CommandTimeout='30']
SELECT "a"."Id", "a"."AccessFailedCount", "a"."ConcurrencyStamp", "a"."Email", "a"."EmailConfirmed", "a"."FirstName", "a"."LastName", "a"."LockoutEnabled", "a"."LockoutEnd", "a"."NormalizedEmail", "a"."NormalizedUserName", "a"."PasswordHash", "a"."PhoneNumber", "a"."PhoneNumberConfirmed", "a"."ProfileImageUrl", "a"."SecurityStamp", "a"."TwoFactorEnabled", "a"."UserName"
FROM "AspNetUsers" AS "a"
2024-11-26 12:12:09.747 +01:00 [INF] Executing ViewResult, running view Table.
2024-11-26 12:12:09.759 +01:00 [INF] Executed ViewResult - view Table executed in 12.2359ms.
2024-11-26 12:12:09.759 +01:00 [INF] Executed action friendly.Controllers.UserController.Table (friendly) in 22.0101ms
2024-11-26 12:12:09.759 +01:00 [INF] Executed endpoint 'friendly.Controllers.UserController.Table (friendly)'
2024-11-26 12:12:09.759 +01:00 [INF] Request finished HTTP/1.1 GET http://localhost:5127/User/Table - 200 null text/html; charset=utf-8 31.0981ms
2024-11-26 12:12:09.776 +01:00 [INF] Request starting HTTP/1.1 GET http://localhost:5127/Views/Shared/_Layout.cshtml.css - null null
2024-11-26 12:12:09.776 +01:00 [INF] Request starting HTTP/1.1 GET http://localhost:5127/lib/jquery-validate/jquery.validate.js - null null
2024-11-26 12:12:09.777 +01:00 [INF] Identity.Application was not authenticated. Failure message: Unprotect ticket failed
2024-11-26 12:12:09.777 +01:00 [INF] Identity.Application was not authenticated. Failure message: Unprotect ticket failed
2024-11-26 12:12:09.778 +01:00 [INF] Request finished HTTP/1.1 GET http://localhost:5127/Views/Shared/_Layout.cshtml.css - 404 0 null 1.7945ms
2024-11-26 12:12:09.778 +01:00 [INF] Request finished HTTP/1.1 GET http://localhost:5127/lib/jquery-validate/jquery.validate.js - 404 0 null 1.7947ms
2024-11-26 12:12:09.778 +01:00 [INF] Request reached the end of the middleware pipeline without being handled by application code. Request path: GET http://localhost:5127/Views/Shared/_Layout.cshtml.css, Response status code: 404
2024-11-26 12:12:09.778 +01:00 [INF] Request reached the end of the middleware pipeline without being handled by application code. Request path: GET http://localhost:5127/lib/jquery-validate/jquery.validate.js, Response status code: 404
2024-11-26 12:12:09.783 +01:00 [INF] Request starting HTTP/1.1 GET http://localhost:5127/lib/jquery-validation-unobtrusive/jquery.validate.unobtrusive.js - null null
2024-11-26 12:12:09.786 +01:00 [INF] Identity.Application was not authenticated. Failure message: Unprotect ticket failed
2024-11-26 12:12:09.786 +01:00 [INF] Request finished HTTP/1.1 GET http://localhost:5127/lib/jquery-validation-unobtrusive/jquery.validate.unobtrusive.js - 404 0 null 2.8933ms
2024-11-26 12:12:09.787 +01:00 [INF] Request reached the end of the middleware pipeline without being handled by application code. Request path: GET http://localhost:5127/lib/jquery-validation-unobtrusive/jquery.validate.unobtrusive.js, Response status code: 404
2024-11-26 12:12:10.195 +01:00 [INF] Request starting HTTP/1.1 GET http://localhost:5127/Post/Table - null null
2024-11-26 12:12:10.196 +01:00 [INF] Identity.Application was not authenticated. Failure message: Unprotect ticket failed
2024-11-26 12:12:10.196 +01:00 [INF] Executing endpoint 'friendly.Controllers.PostController.Table (friendly)'
2024-11-26 12:12:10.196 +01:00 [INF] Route matched with {action = "Table", controller = "Post", page = "", area = ""}. Executing controller action with signature System.Threading.Tasks.Task`1[Microsoft.AspNetCore.Mvc.IActionResult] Table() on controller friendly.Controllers.PostController (friendly).
2024-11-26 12:12:10.200 +01:00 [INF] Executed DbCommand (0ms) [Parameters=[], CommandType='"Text"', CommandTimeout='30']
SELECT "p"."PostId", "p"."Caption", "p"."PostDate", "p"."PostImagePath", "p"."UserId"
FROM "Posts" AS "p"
ORDER BY "p"."PostDate" DESC
2024-11-26 12:12:10.201 +01:00 [INF] Executing ViewResult, running view Table.
2024-11-26 12:12:10.203 +01:00 [INF] Executed DbCommand (0ms) [Parameters=[@__p_0='?' (DbType = Int32)], CommandType='"Text"', CommandTimeout='30']
SELECT "l"."LikeId", "l"."PostId", "l"."UserId"
FROM "Likes" AS "l"
WHERE "l"."PostId" = @__p_0
2024-11-26 12:12:10.205 +01:00 [INF] Executed DbCommand (0ms) [Parameters=[@__p_0='?' (Size = 36)], CommandType='"Text"', CommandTimeout='30']
SELECT "a"."Id", "a"."AccessFailedCount", "a"."ConcurrencyStamp", "a"."Email", "a"."EmailConfirmed", "a"."FirstName", "a"."LastName", "a"."LockoutEnabled", "a"."LockoutEnd", "a"."NormalizedEmail", "a"."NormalizedUserName", "a"."PasswordHash", "a"."PhoneNumber", "a"."PhoneNumberConfirmed", "a"."ProfileImageUrl", "a"."SecurityStamp", "a"."TwoFactorEnabled", "a"."UserName"
FROM "AspNetUsers" AS "a"
WHERE "a"."Id" = @__p_0
LIMIT 1
2024-11-26 12:12:10.207 +01:00 [INF] Executed DbCommand (0ms) [Parameters=[@__p_0='?' (DbType = Int32)], CommandType='"Text"', CommandTimeout='30']
SELECT "c"."CommentId", "c"."CommentDate", "c"."CommentText", "c"."PostId", "c"."UserId"
FROM "Comments" AS "c"
WHERE "c"."PostId" = @__p_0
2024-11-26 12:12:10.209 +01:00 [INF] Executed DbCommand (0ms) [Parameters=[@__p_0='?' (Size = 36)], CommandType='"Text"', CommandTimeout='30']
SELECT "a"."Id", "a"."AccessFailedCount", "a"."ConcurrencyStamp", "a"."Email", "a"."EmailConfirmed", "a"."FirstName", "a"."LastName", "a"."LockoutEnabled", "a"."LockoutEnd", "a"."NormalizedEmail", "a"."NormalizedUserName", "a"."PasswordHash", "a"."PhoneNumber", "a"."PhoneNumberConfirmed", "a"."ProfileImageUrl", "a"."SecurityStamp", "a"."TwoFactorEnabled", "a"."UserName"
FROM "AspNetUsers" AS "a"
WHERE "a"."Id" = @__p_0
LIMIT 1
2024-11-26 12:12:10.210 +01:00 [INF] Executed DbCommand (0ms) [Parameters=[@__p_0='?' (DbType = Int32)], CommandType='"Text"', CommandTimeout='30']
SELECT "l"."LikeId", "l"."PostId", "l"."UserId"
FROM "Likes" AS "l"
WHERE "l"."PostId" = @__p_0
2024-11-26 12:12:10.212 +01:00 [INF] Executed DbCommand (0ms) [Parameters=[@__p_0='?' (DbType = Int32)], CommandType='"Text"', CommandTimeout='30']
SELECT "c"."CommentId", "c"."CommentDate", "c"."CommentText", "c"."PostId", "c"."UserId"
FROM "Comments" AS "c"
WHERE "c"."PostId" = @__p_0
2024-11-26 12:12:10.216 +01:00 [INF] Executed DbCommand (0ms) [Parameters=[@__p_0='?' (Size = 36)], CommandType='"Text"', CommandTimeout='30']
SELECT "a"."Id", "a"."AccessFailedCount", "a"."ConcurrencyStamp", "a"."Email", "a"."EmailConfirmed", "a"."FirstName", "a"."LastName", "a"."LockoutEnabled", "a"."LockoutEnd", "a"."NormalizedEmail", "a"."NormalizedUserName", "a"."PasswordHash", "a"."PhoneNumber", "a"."PhoneNumberConfirmed", "a"."ProfileImageUrl", "a"."SecurityStamp", "a"."TwoFactorEnabled", "a"."UserName"
FROM "AspNetUsers" AS "a"
WHERE "a"."Id" = @__p_0
LIMIT 1
2024-11-26 12:12:10.217 +01:00 [INF] Executed DbCommand (0ms) [Parameters=[@__p_0='?' (DbType = Int32)], CommandType='"Text"', CommandTimeout='30']
SELECT "l"."LikeId", "l"."PostId", "l"."UserId"
FROM "Likes" AS "l"
WHERE "l"."PostId" = @__p_0
2024-11-26 12:12:10.218 +01:00 [INF] Executed DbCommand (0ms) [Parameters=[@__p_0='?' (DbType = Int32)], CommandType='"Text"', CommandTimeout='30']
SELECT "c"."CommentId", "c"."CommentDate", "c"."CommentText", "c"."PostId", "c"."UserId"
FROM "Comments" AS "c"
WHERE "c"."PostId" = @__p_0
2024-11-26 12:12:10.219 +01:00 [INF] Executed ViewResult - view Table executed in 17.9494ms.
2024-11-26 12:12:10.219 +01:00 [INF] Executed action friendly.Controllers.PostController.Table (friendly) in 22.2686ms
2024-11-26 12:12:10.219 +01:00 [INF] Executed endpoint 'friendly.Controllers.PostController.Table (friendly)'
2024-11-26 12:12:10.219 +01:00 [INF] Request finished HTTP/1.1 GET http://localhost:5127/Post/Table - 200 null text/html; charset=utf-8 24.3875ms
2024-11-26 12:12:10.257 +01:00 [INF] Request starting HTTP/1.1 GET http://localhost:5127/Views/Shared/_Layout.cshtml.css - null null
2024-11-26 12:12:10.257 +01:00 [INF] Request starting HTTP/1.1 GET http://localhost:5127/lib/jquery-validate/jquery.validate.js - null null
2024-11-26 12:12:10.258 +01:00 [INF] Request starting HTTP/1.1 GET http://localhost:5127/lib/jquery-validation-unobtrusive/jquery.validate.unobtrusive.js - null null
2024-11-26 12:12:10.259 +01:00 [INF] Identity.Application was not authenticated. Failure message: Unprotect ticket failed
2024-11-26 12:12:10.259 +01:00 [INF] Request finished HTTP/1.1 GET http://localhost:5127/lib/jquery-validate/jquery.validate.js - 404 0 null 1.6673ms
2024-11-26 12:12:10.259 +01:00 [INF] Request reached the end of the middleware pipeline without being handled by application code. Request path: GET http://localhost:5127/lib/jquery-validate/jquery.validate.js, Response status code: 404
2024-11-26 12:12:10.259 +01:00 [INF] Identity.Application was not authenticated. Failure message: Unprotect ticket failed
2024-11-26 12:12:10.260 +01:00 [INF] Identity.Application was not authenticated. Failure message: Unprotect ticket failed
2024-11-26 12:12:10.260 +01:00 [INF] Request finished HTTP/1.1 GET http://localhost:5127/Views/Shared/_Layout.cshtml.css - 404 0 null 3.013ms
2024-11-26 12:12:10.260 +01:00 [INF] Request finished HTTP/1.1 GET http://localhost:5127/lib/jquery-validation-unobtrusive/jquery.validate.unobtrusive.js - 404 0 null 1.7785ms
2024-11-26 12:12:10.260 +01:00 [INF] Request reached the end of the middleware pipeline without being handled by application code. Request path: GET http://localhost:5127/Views/Shared/_Layout.cshtml.css, Response status code: 404
2024-11-26 12:12:10.260 +01:00 [INF] Request reached the end of the middleware pipeline without being handled by application code. Request path: GET http://localhost:5127/lib/jquery-validation-unobtrusive/jquery.validate.unobtrusive.js, Response status code: 404
2024-11-26 12:12:10.297 +01:00 [INF] Request starting HTTP/1.1 GET http://localhost:5127/Like/GetLikesCount?postId=1 - null null
2024-11-26 12:12:10.298 +01:00 [INF] Request starting HTTP/1.1 GET http://localhost:5127/Like/GetLikesCount?postId=3 - null null
2024-11-26 12:12:10.298 +01:00 [INF] Identity.Application was not authenticated. Failure message: Unprotect ticket failed
2024-11-26 12:12:10.299 +01:00 [INF] Request starting HTTP/1.1 GET http://localhost:5127/Like/GetLikesCount?postId=2 - null null
2024-11-26 12:12:10.299 +01:00 [INF] Authorization failed. These requirements were not met:
DenyAnonymousAuthorizationRequirement: Requires an authenticated user.
2024-11-26 12:12:10.300 +01:00 [INF] AuthenticationScheme: Identity.Application was challenged.
2024-11-26 12:12:10.301 +01:00 [INF] Request finished HTTP/1.1 GET http://localhost:5127/Like/GetLikesCount?postId=1 - 401 0 null 3.6442ms
2024-11-26 12:12:10.302 +01:00 [INF] Identity.Application was not authenticated. Failure message: Unprotect ticket failed
2024-11-26 12:12:10.302 +01:00 [INF] Authorization failed. These requirements were not met:
DenyAnonymousAuthorizationRequirement: Requires an authenticated user.
2024-11-26 12:12:10.302 +01:00 [INF] Identity.Application was not authenticated. Failure message: Unprotect ticket failed
2024-11-26 12:12:10.302 +01:00 [INF] Authorization failed. These requirements were not met:
DenyAnonymousAuthorizationRequirement: Requires an authenticated user.
2024-11-26 12:12:10.303 +01:00 [INF] AuthenticationScheme: Identity.Application was challenged.
2024-11-26 12:12:10.303 +01:00 [INF] AuthenticationScheme: Identity.Application was challenged.
2024-11-26 12:12:10.303 +01:00 [INF] Request finished HTTP/1.1 GET http://localhost:5127/Like/GetLikesCount?postId=2 - 401 0 null 5.0449ms
2024-11-26 12:12:10.305 +01:00 [INF] Request finished HTTP/1.1 GET http://localhost:5127/Like/GetLikesCount?postId=3 - 401 0 null 5.7872ms
2024-11-26 12:14:39.006 +01:00 [INF] Application is shutting down...
