2024-10-04 15:50:17.461 +02:00 [INF] Executed DbCommand (4ms) [Parameters=[], CommandType='"Text"', CommandTimeout='30']
SELECT COUNT(*) FROM "sqlite_master" WHERE "name" = '__EFMigrationsHistory' AND "type" = 'table';
2024-10-04 15:50:17.494 +02:00 [INF] Executed DbCommand (2ms) [Parameters=[], CommandType='"Text"', CommandTimeout='30']
CREATE TABLE "__EFMigrationsHistory" (
    "MigrationId" TEXT NOT NULL CONSTRAINT "PK___EFMigrationsHistory" PRIMARY KEY,
    "ProductVersion" TEXT NOT NULL
);
2024-10-04 15:50:17.495 +02:00 [INF] Executed DbCommand (0ms) [Parameters=[], CommandType='"Text"', CommandTimeout='30']
SELECT COUNT(*) FROM "sqlite_master" WHERE "name" = '__EFMigrationsHistory' AND "type" = 'table';
2024-10-04 15:50:17.496 +02:00 [INF] Executed DbCommand (0ms) [Parameters=[], CommandType='"Text"', CommandTimeout='30']
SELECT "MigrationId", "ProductVersion"
FROM "__EFMigrationsHistory"
ORDER BY "MigrationId";
2024-10-04 15:50:17.502 +02:00 [INF] Applying migration '20241004135004_IdentityAdded'.
2024-10-04 15:50:17.524 +02:00 [INF] Executed DbCommand (0ms) [Parameters=[], CommandType='"Text"', CommandTimeout='30']
CREATE TABLE "AspNetRoles" (
    "Id" TEXT NOT NULL CONSTRAINT "PK_AspNetRoles" PRIMARY KEY,
    "Name" TEXT NULL,
    "NormalizedName" TEXT NULL,
    "ConcurrencyStamp" TEXT NULL
);
2024-10-04 15:50:17.524 +02:00 [INF] Executed DbCommand (0ms) [Parameters=[], CommandType='"Text"', CommandTimeout='30']
CREATE TABLE "AspNetUsers" (
    "Id" TEXT NOT NULL CONSTRAINT "PK_AspNetUsers" PRIMARY KEY,
    "UserName" TEXT NULL,
    "NormalizedUserName" TEXT NULL,
    "Email" TEXT NULL,
    "NormalizedEmail" TEXT NULL,
    "EmailConfirmed" INTEGER NOT NULL,
    "PasswordHash" TEXT NULL,
    "SecurityStamp" TEXT NULL,
    "ConcurrencyStamp" TEXT NULL,
    "PhoneNumber" TEXT NULL,
    "PhoneNumberConfirmed" INTEGER NOT NULL,
    "TwoFactorEnabled" INTEGER NOT NULL,
    "LockoutEnd" TEXT NULL,
    "LockoutEnabled" INTEGER NOT NULL,
    "AccessFailedCount" INTEGER NOT NULL
);
2024-10-04 15:50:17.525 +02:00 [ERR] Failed executing DbCommand (1ms) [Parameters=[], CommandType='"Text"', CommandTimeout='30']
CREATE TABLE "Users" (
    "UserId" INTEGER NOT NULL CONSTRAINT "PK_Users" PRIMARY KEY AUTOINCREMENT,
    "Name" TEXT NOT NULL,
    "Username" TEXT NOT NULL,
    "Email" TEXT NOT NULL,
    "ProfileImageUrl" TEXT NULL
);
